TpTrace Verbose: 0 : 26464, 1, 2022/12/06, 03:23:36.547, 7453312039069, vstest.console.dll, Version: 17.2.0-release-20220408-11 Current process architecture: X64
TpTrace Information: 0 : 26464, 1, 2022/12/06, 03:23:36.566, 7453312231743, vstest.console.dll, FilePatternParser: The given file C:\Users\Dell\OneDrive\Рабочий стол\Studying\.NET\Lab3\Accounting_of_goods\TestProject1\bin\Debug\net6.0\fine-code-coverage\build-output\TestProject1.dll is a full path.
TpTrace Verbose: 0 : 26464, 1, 2022/12/06, 03:23:36.580, 7453312370892, vstest.console.dll, TestPluginCache.DiscoverTestExtensions: finding test extensions in assemblies ends with: RuntimeProvider.dll TPluginInfo: Microsoft.VisualStudio.TestPlatform.Common.ExtensionFramework.Utilities.TestRuntimePluginInformation TExtension: Microsoft.VisualStudio.TestPlatform.ObjectModel.Host.ITestRuntimeProvider
TpTrace Verbose: 0 : 26464, 1, 2022/12/06, 03:23:36.581, 7453312378045, vstest.console.dll, TestPluginCache.GetExtensionPaths: Filtered extension paths: 
TpTrace Verbose: 0 : 26464, 1, 2022/12/06, 03:23:36.581, 7453312380053, vstest.console.dll, TestPluginCache.GetExtensionPaths: Added default extension paths: C:\Program Files\dotnet\sdk\6.0.302\Extensions\DumpMinitool.exe
C:\Program Files\dotnet\sdk\6.0.302\Extensions\DumpMinitool.x86.exe
C:\Program Files\dotnet\sdk\6.0.302\Extensions\Microsoft.Diagnostics.NETCore.Client.dll
C:\Program Files\dotnet\sdk\6.0.302\Extensions\Microsoft.TestPlatform.Extensions.BlameDataCollector.dll
C:\Program Files\dotnet\sdk\6.0.302\Extensions\Microsoft.TestPlatform.Extensions.EventLogCollector.dll
C:\Program Files\dotnet\sdk\6.0.302\Extensions\Microsoft.TestPlatform.TestHostRuntimeProvider.dll
C:\Program Files\dotnet\sdk\6.0.302\Extensions\Microsoft.VisualStudio.TestPlatform.Extensions.Html.TestLogger.dll
C:\Program Files\dotnet\sdk\6.0.302\Extensions\Microsoft.VisualStudio.TestPlatform.Extensions.Trx.TestLogger.dll
TpTrace Verbose: 0 : 26464, 1, 2022/12/06, 03:23:36.581, 7453312381122, vstest.console.dll, TestPluginCache.GetExtensionPaths: Added unfilterableExtensionPaths: 
TpTrace Information: 0 : 26464, 1, 2022/12/06, 03:23:36.582, 7453312393300, vstest.console.dll, AssemblyResolver.ctor: Creating AssemblyResolver with searchDirectories C:\Program Files\dotnet\sdk\6.0.302\Extensions,C:\Program Files\dotnet\sdk\6.0.302
TpTrace Verbose: 0 : 26464, 1, 2022/12/06, 03:23:36.584, 7453312406723, vstest.console.dll, TestPluginCache.DiscoverTestExtensions: Discovering the extensions using extension path.
TpTrace Verbose: 0 : 26464, 1, 2022/12/06, 03:23:36.584, 7453312409538, vstest.console.dll, TestPluginCache.GetExtensionPaths: Filtered extension paths: 
TpTrace Verbose: 0 : 26464, 1, 2022/12/06, 03:23:36.584, 7453312410896, vstest.console.dll, TestPluginCache.GetExtensionPaths: Added default extension paths: C:\Program Files\dotnet\sdk\6.0.302\Extensions\DumpMinitool.exe
C:\Program Files\dotnet\sdk\6.0.302\Extensions\DumpMinitool.x86.exe
C:\Program Files\dotnet\sdk\6.0.302\Extensions\Microsoft.Diagnostics.NETCore.Client.dll
C:\Program Files\dotnet\sdk\6.0.302\Extensions\Microsoft.TestPlatform.Extensions.BlameDataCollector.dll
C:\Program Files\dotnet\sdk\6.0.302\Extensions\Microsoft.TestPlatform.Extensions.EventLogCollector.dll
C:\Program Files\dotnet\sdk\6.0.302\Extensions\Microsoft.TestPlatform.TestHostRuntimeProvider.dll
C:\Program Files\dotnet\sdk\6.0.302\Extensions\Microsoft.VisualStudio.TestPlatform.Extensions.Html.TestLogger.dll
C:\Program Files\dotnet\sdk\6.0.302\Extensions\Microsoft.VisualStudio.TestPlatform.Extensions.Trx.TestLogger.dll
TpTrace Verbose: 0 : 26464, 1, 2022/12/06, 03:23:36.584, 7453312411746, vstest.console.dll, TestPluginCache.GetExtensionPaths: Added unfilterableExtensionPaths: 
TpTrace Verbose: 0 : 26464, 1, 2022/12/06, 03:23:36.584, 7453312413302, vstest.console.dll, TestPluginCache.DiscoverTestExtensions: Discovering the extensions using allExtensionPaths: C:\Program Files\dotnet\sdk\6.0.302\Extensions\DumpMinitool.exe
C:\Program Files\dotnet\sdk\6.0.302\Extensions\DumpMinitool.x86.exe
C:\Program Files\dotnet\sdk\6.0.302\Extensions\Microsoft.Diagnostics.NETCore.Client.dll
C:\Program Files\dotnet\sdk\6.0.302\Extensions\Microsoft.TestPlatform.Extensions.BlameDataCollector.dll
C:\Program Files\dotnet\sdk\6.0.302\Extensions\Microsoft.TestPlatform.Extensions.EventLogCollector.dll
C:\Program Files\dotnet\sdk\6.0.302\Extensions\Microsoft.TestPlatform.TestHostRuntimeProvider.dll
C:\Program Files\dotnet\sdk\6.0.302\Extensions\Microsoft.VisualStudio.TestPlatform.Extensions.Html.TestLogger.dll
C:\Program Files\dotnet\sdk\6.0.302\Extensions\Microsoft.VisualStudio.TestPlatform.Extensions.Trx.TestLogger.dll
TpTrace Information: 0 : 26464, 1, 2022/12/06, 03:23:36.585, 7453312416511, vstest.console.dll, AssemblyResolver.AddSearchDirectories: Adding more searchDirectories C:\Program Files\dotnet\sdk\6.0.302\Extensions,C:\Program Files\dotnet\sdk\6.0.302
TpTrace Information: 0 : 26464, 1, 2022/12/06, 03:23:36.585, 7453312417761, vstest.console.dll, AssemblyResolver.AddSearchDirectories: Adding more searchDirectories C:\Program Files\dotnet\sdk\6.0.302\Extensions,C:\Program Files\dotnet\sdk\6.0.302
TpTrace Information: 0 : 26464, 1, 2022/12/06, 03:23:36.585, 7453312418642, vstest.console.dll, AssemblyResolver.AddSearchDirectories: Adding more searchDirectories C:\Program Files\dotnet\sdk\6.0.302\Extensions,C:\Program Files\dotnet\sdk\6.0.302
TpTrace Information: 0 : 26464, 1, 2022/12/06, 03:23:36.585, 7453312419431, vstest.console.dll, AssemblyResolver.AddSearchDirectories: Adding more searchDirectories C:\Program Files\dotnet\sdk\6.0.302\Extensions,C:\Program Files\dotnet\sdk\6.0.302
TpTrace Information: 0 : 26464, 1, 2022/12/06, 03:23:36.585, 7453312420286, vstest.console.dll, AssemblyResolver.AddSearchDirectories: Adding more searchDirectories C:\Program Files\dotnet\sdk\6.0.302\Extensions,C:\Program Files\dotnet\sdk\6.0.302
TpTrace Information: 0 : 26464, 1, 2022/12/06, 03:23:36.585, 7453312421088, vstest.console.dll, AssemblyResolver.AddSearchDirectories: Adding more searchDirectories C:\Program Files\dotnet\sdk\6.0.302\Extensions,C:\Program Files\dotnet\sdk\6.0.302
TpTrace Information: 0 : 26464, 1, 2022/12/06, 03:23:36.585, 7453312421888, vstest.console.dll, AssemblyResolver.AddSearchDirectories: Adding more searchDirectories C:\Program Files\dotnet\sdk\6.0.302\Extensions,C:\Program Files\dotnet\sdk\6.0.302
TpTrace Information: 0 : 26464, 1, 2022/12/06, 03:23:36.585, 7453312422627, vstest.console.dll, AssemblyResolver.AddSearchDirectories: Adding more searchDirectories C:\Program Files\dotnet\sdk\6.0.302\Extensions,C:\Program Files\dotnet\sdk\6.0.302
TpTrace Information: 0 : 26464, 1, 2022/12/06, 03:23:36.586, 7453312429309, vstest.console.dll, AssemblyResolver.OnResolve: DumpMinitool: Resolving assembly.
TpTrace Information: 0 : 26464, 1, 2022/12/06, 03:23:36.586, 7453312430859, vstest.console.dll, AssemblyResolver.OnResolve: DumpMinitool: Searching in: 'C:\Program Files\dotnet\sdk\6.0.302\Extensions'.
TpTrace Information: 0 : 26464, 1, 2022/12/06, 03:23:36.586, 7453312432995, vstest.console.dll, AssemblyResolver.OnResolve: DumpMinitool: Assembly path does not exist: 'C:\Program Files\dotnet\sdk\6.0.302\Extensions\DumpMinitool.dll', returning.
TpTrace Information: 0 : 26464, 1, 2022/12/06, 03:23:36.587, 7453312442874, vstest.console.dll, AssemblyResolver.OnResolve: DumpMinitool: Loading assembly 'C:\Program Files\dotnet\sdk\6.0.302\Extensions\DumpMinitool.exe'.
TpTrace Information: 0 : 26464, 1, 2022/12/06, 03:23:36.588, 7453312452334, vstest.console.dll, AssemblyResolver.OnResolve: Resolved assembly: DumpMinitool, from path: C:\Program Files\dotnet\sdk\6.0.302\Extensions\DumpMinitool.exe
TpTrace Verbose: 0 : 26464, 1, 2022/12/06, 03:23:36.600, 7453312572628, vstest.console.dll, MetadataReaderExtensionsHelper: Discovering extensions inside assembly 'DumpMinitool, Version=15.0.0.0, Culture=neutral, PublicKeyToken=b03f5f7f11d50a3a' file path 'C:\Program Files\dotnet\sdk\6.0.302\Extensions\DumpMinitool.exe'
TpTrace Information: 0 : 26464, 1, 2022/12/06, 03:23:36.614, 7453312708697, vstest.console.dll, AssemblyResolver.OnResolve: DumpMinitool.x86: Resolving assembly.
TpTrace Information: 0 : 26464, 1, 2022/12/06, 03:23:36.614, 7453312711082, vstest.console.dll, AssemblyResolver.OnResolve: DumpMinitool.x86: Searching in: 'C:\Program Files\dotnet\sdk\6.0.302\Extensions'.
TpTrace Information: 0 : 26464, 1, 2022/12/06, 03:23:36.614, 7453312712736, vstest.console.dll, AssemblyResolver.OnResolve: DumpMinitool.x86: Assembly path does not exist: 'C:\Program Files\dotnet\sdk\6.0.302\Extensions\DumpMinitool.x86.dll', returning.
TpTrace Information: 0 : 26464, 1, 2022/12/06, 03:23:36.615, 7453312723180, vstest.console.dll, AssemblyResolver.OnResolve: DumpMinitool.x86: Loading assembly 'C:\Program Files\dotnet\sdk\6.0.302\Extensions\DumpMinitool.x86.exe'.
TpTrace Information: 0 : 26464, 1, 2022/12/06, 03:23:36.616, 7453312732656, vstest.console.dll, AssemblyResolver.OnResolve: Resolved assembly: DumpMinitool.x86, from path: C:\Program Files\dotnet\sdk\6.0.302\Extensions\DumpMinitool.x86.exe
TpTrace Verbose: 0 : 26464, 1, 2022/12/06, 03:23:36.616, 7453312734164, vstest.console.dll, MetadataReaderExtensionsHelper: Discovering extensions inside assembly 'DumpMinitool.x86, Version=15.0.0.0, Culture=neutral, PublicKeyToken=b03f5f7f11d50a3a' file path 'C:\Program Files\dotnet\sdk\6.0.302\Extensions\DumpMinitool.x86.exe'
TpTrace Information: 0 : 26464, 1, 2022/12/06, 03:23:36.618, 7453312748663, vstest.console.dll, AssemblyResolver.OnResolve: Microsoft.Diagnostics.NETCore.Client: Resolving assembly.
TpTrace Information: 0 : 26464, 1, 2022/12/06, 03:23:36.618, 7453312750030, vstest.console.dll, AssemblyResolver.OnResolve: Microsoft.Diagnostics.NETCore.Client: Searching in: 'C:\Program Files\dotnet\sdk\6.0.302\Extensions'.
TpTrace Information: 0 : 26464, 1, 2022/12/06, 03:23:36.619, 7453312761123, vstest.console.dll, AssemblyResolver.OnResolve: Microsoft.Diagnostics.NETCore.Client: Loading assembly 'C:\Program Files\dotnet\sdk\6.0.302\Extensions\Microsoft.Diagnostics.NETCore.Client.dll'.
TpTrace Information: 0 : 26464, 1, 2022/12/06, 03:23:36.620, 7453312771836, vstest.console.dll, AssemblyResolver.OnResolve: Resolved assembly: Microsoft.Diagnostics.NETCore.Client, from path: C:\Program Files\dotnet\sdk\6.0.302\Extensions\Microsoft.Diagnostics.NETCore.Client.dll
TpTrace Verbose: 0 : 26464, 1, 2022/12/06, 03:23:36.620, 7453312773396, vstest.console.dll, MetadataReaderExtensionsHelper: Discovering extensions inside assembly 'Microsoft.Diagnostics.NETCore.Client, Version=0.2.5.801, Culture=neutral, PublicKeyToken=31bf3856ad364e35' file path 'C:\Program Files\dotnet\sdk\6.0.302\Extensions\Microsoft.Diagnostics.NETCore.Client.dll'
TpTrace Information: 0 : 26464, 1, 2022/12/06, 03:23:36.633, 7453312896019, vstest.console.dll, AssemblyResolver.OnResolve: Microsoft.Bcl.AsyncInterfaces: Resolving assembly.
TpTrace Information: 0 : 26464, 1, 2022/12/06, 03:23:36.633, 7453312898179, vstest.console.dll, AssemblyResolver.OnResolve: Microsoft.Bcl.AsyncInterfaces: Searching in: 'C:\Program Files\dotnet\sdk\6.0.302\Extensions'.
TpTrace Information: 0 : 26464, 1, 2022/12/06, 03:23:36.633, 7453312899845, vstest.console.dll, AssemblyResolver.OnResolve: Microsoft.Bcl.AsyncInterfaces: Assembly path does not exist: 'C:\Program Files\dotnet\sdk\6.0.302\Extensions\Microsoft.Bcl.AsyncInterfaces.dll', returning.
TpTrace Information: 0 : 26464, 1, 2022/12/06, 03:23:36.633, 7453312901336, vstest.console.dll, AssemblyResolver.OnResolve: Microsoft.Bcl.AsyncInterfaces: Assembly path does not exist: 'C:\Program Files\dotnet\sdk\6.0.302\Extensions\Microsoft.Bcl.AsyncInterfaces.exe', returning.
TpTrace Information: 0 : 26464, 1, 2022/12/06, 03:23:36.633, 7453312902082, vstest.console.dll, AssemblyResolver.OnResolve: Microsoft.Bcl.AsyncInterfaces: Searching in: 'C:\Program Files\dotnet\sdk\6.0.302'.
TpTrace Information: 0 : 26464, 1, 2022/12/06, 03:23:36.633, 7453312903317, vstest.console.dll, AssemblyResolver.OnResolve: Microsoft.Bcl.AsyncInterfaces: Assembly path does not exist: 'C:\Program Files\dotnet\sdk\6.0.302\Microsoft.Bcl.AsyncInterfaces.dll', returning.
TpTrace Information: 0 : 26464, 1, 2022/12/06, 03:23:36.633, 7453312904690, vstest.console.dll, AssemblyResolver.OnResolve: Microsoft.Bcl.AsyncInterfaces: Assembly path does not exist: 'C:\Program Files\dotnet\sdk\6.0.302\Microsoft.Bcl.AsyncInterfaces.exe', returning.
TpTrace Information: 0 : 26464, 1, 2022/12/06, 03:23:36.633, 7453312905401, vstest.console.dll, AssemblyResolver.OnResolve: Microsoft.Bcl.AsyncInterfaces: Failed to load assembly.
TpTrace Verbose: 0 : 26464, 1, 2022/12/06, 03:23:36.634, 7453312906338, vstest.console.dll, CurrentDomainAssemblyResolve: Resolving assembly 'Microsoft.Bcl.AsyncInterfaces'.
TpTrace Information: 0 : 26464, 1, 2022/12/06, 03:23:36.634, 7453312907700, vstest.console.dll, AssemblyResolver.OnResolve: Microsoft.Bcl.AsyncInterfaces: Resolving assembly.
TpTrace Information: 0 : 26464, 1, 2022/12/06, 03:23:36.634, 7453312908692, vstest.console.dll, AssemblyResolver.OnResolve: Microsoft.Bcl.AsyncInterfaces: Resolved from cache.
TpTrace Verbose: 0 : 26464, 1, 2022/12/06, 03:23:36.634, 7453312909383, vstest.console.dll, CurrentDomainAssemblyResolve: Resolving assembly 'Microsoft.Bcl.AsyncInterfaces'.
TpTrace Verbose: 0 : 26464, 1, 2022/12/06, 03:23:36.634, 7453312910353, vstest.console.dll, CurrentDomainAssemblyResolve: Failed to resolve assembly 'Microsoft.Bcl.AsyncInterfaces'.
TpTrace Verbose: 0 : 26464, 1, 2022/12/06, 03:23:36.635, 7453312922022, vstest.console.dll, CurrentDomainAssemblyResolve: Failed to resolve assembly 'Microsoft.Bcl.AsyncInterfaces'.
TpTrace Warning: 0 : 26464, 1, 2022/12/06, 03:23:36.656, 7453313129915, vstest.console.dll, TestPluginDiscoverer: Failed to get types from assembly 'Microsoft.Diagnostics.NETCore.Client, Version=0.2.5.801, Culture=neutral, PublicKeyToken=31bf3856ad364e35'. Error: System.Reflection.ReflectionTypeLoadException: Unable to load one or more of the requested types.
Could not load file or assembly 'Microsoft.Bcl.AsyncInterfaces, Version=1.0.0.0, Culture=neutral, PublicKeyToken=cc7b13ffcd2ddd51'. The system cannot find the file specified.
   at System.Reflection.RuntimeModule.GetTypes(RuntimeModule module)
   at System.Reflection.Assembly.GetTypes()
   at Microsoft.VisualStudio.TestPlatform.Common.ExtensionFramework.TestPluginDiscoverer.GetTestExtensionsFromAssembly[TPluginInfo,TExtension](Assembly assembly, Dictionary`2 pluginInfos, String filePath)
System.IO.FileNotFoundException: Could not load file or assembly 'Microsoft.Bcl.AsyncInterfaces, Version=1.0.0.0, Culture=neutral, PublicKeyToken=cc7b13ffcd2ddd51'. The system cannot find the file specified.
File name: 'Microsoft.Bcl.AsyncInterfaces, Version=1.0.0.0, Culture=neutral, PublicKeyToken=cc7b13ffcd2ddd51'
 ---> System.IO.FileNotFoundException: Could not load file or assembly 'Microsoft.Bcl.AsyncInterfaces, Culture=neutral, PublicKeyToken=null'. The system cannot find the file specified.
File name: 'Microsoft.Bcl.AsyncInterfaces, Culture=neutral, PublicKeyToken=null'
   at System.Reflection.RuntimeAssembly.InternalLoad(ObjectHandleOnStack assemblyName, ObjectHandleOnStack requestingAssembly, StackCrawlMarkHandle stackMark, Boolean throwOnFileNotFound, ObjectHandleOnStack assemblyLoadContext, ObjectHandleOnStack retAssembly)
   at System.Reflection.RuntimeAssembly.InternalLoad(AssemblyName assemblyName, RuntimeAssembly requestingAssembly, StackCrawlMark& stackMark, Boolean throwOnFileNotFound, AssemblyLoadContext assemblyLoadContext)
   at System.Reflection.Assembly.Load(AssemblyName assemblyRef)
   at Microsoft.VisualStudio.TestPlatform.Common.ExtensionFramework.TestPluginCache.CurrentDomainAssemblyResolve(Object sender, AssemblyResolveEventArgs args)
   at Microsoft.VisualStudio.TestPlatform.PlatformAbstractions.PlatformAssemblyResolver.AssemblyResolverEvent(Object sender, Object eventArgs)
   at System.Runtime.Loader.AssemblyLoadContext.GetFirstResolvedAssemblyFromResolvingEvent(AssemblyName assemblyName)
   at System.Runtime.Loader.AssemblyLoadContext.ResolveUsingEvent(AssemblyName assemblyName)
   at System.Runtime.Loader.AssemblyLoadContext.ResolveUsingResolvingEvent(IntPtr gchManagedAssemblyLoadContext, AssemblyName assemblyName)
TpTrace Warning: 0 : 26464, 1, 2022/12/06, 03:23:36.659, 7453313157229, vstest.console.dll, LoaderExceptions: System.IO.FileNotFoundException: Could not load file or assembly 'Microsoft.Bcl.AsyncInterfaces, Version=1.0.0.0, Culture=neutral, PublicKeyToken=cc7b13ffcd2ddd51'. The system cannot find the file specified.
File name: 'Microsoft.Bcl.AsyncInterfaces, Version=1.0.0.0, Culture=neutral, PublicKeyToken=cc7b13ffcd2ddd51'
 ---> System.IO.FileNotFoundException: Could not load file or assembly 'Microsoft.Bcl.AsyncInterfaces, Culture=neutral, PublicKeyToken=null'. The system cannot find the file specified.
File name: 'Microsoft.Bcl.AsyncInterfaces, Culture=neutral, PublicKeyToken=null'
   at System.Reflection.RuntimeAssembly.InternalLoad(ObjectHandleOnStack assemblyName, ObjectHandleOnStack requestingAssembly, StackCrawlMarkHandle stackMark, Boolean throwOnFileNotFound, ObjectHandleOnStack assemblyLoadContext, ObjectHandleOnStack retAssembly)
   at System.Reflection.RuntimeAssembly.InternalLoad(AssemblyName assemblyName, RuntimeAssembly requestingAssembly, StackCrawlMark& stackMark, Boolean throwOnFileNotFound, AssemblyLoadContext assemblyLoadContext)
   at System.Reflection.Assembly.Load(AssemblyName assemblyRef)
   at Microsoft.VisualStudio.TestPlatform.Common.ExtensionFramework.TestPluginCache.CurrentDomainAssemblyResolve(Object sender, AssemblyResolveEventArgs args)
   at Microsoft.VisualStudio.TestPlatform.PlatformAbstractions.PlatformAssemblyResolver.AssemblyResolverEvent(Object sender, Object eventArgs)
   at System.Runtime.Loader.AssemblyLoadContext.GetFirstResolvedAssemblyFromResolvingEvent(AssemblyName assemblyName)
   at System.Runtime.Loader.AssemblyLoadContext.ResolveUsingEvent(AssemblyName assemblyName)
   at System.Runtime.Loader.AssemblyLoadContext.ResolveUsingResolvingEvent(IntPtr gchManagedAssemblyLoadContext, AssemblyName assemblyName)
TpTrace Information: 0 : 26464, 1, 2022/12/06, 03:23:36.659, 7453313160229, vstest.console.dll, AssemblyResolver.OnResolve: Microsoft.TestPlatform.Extensions.BlameDataCollector: Resolving assembly.
TpTrace Information: 0 : 26464, 1, 2022/12/06, 03:23:36.659, 7453313161093, vstest.console.dll, AssemblyResolver.OnResolve: Microsoft.TestPlatform.Extensions.BlameDataCollector: Searching in: 'C:\Program Files\dotnet\sdk\6.0.302\Extensions'.
TpTrace Information: 0 : 26464, 1, 2022/12/06, 03:23:36.660, 7453313171755, vstest.console.dll, AssemblyResolver.OnResolve: Microsoft.TestPlatform.Extensions.BlameDataCollector: Loading assembly 'C:\Program Files\dotnet\sdk\6.0.302\Extensions\Microsoft.TestPlatform.Extensions.BlameDataCollector.dll'.
TpTrace Information: 0 : 26464, 1, 2022/12/06, 03:23:36.661, 7453313181391, vstest.console.dll, AssemblyResolver.OnResolve: Resolved assembly: Microsoft.TestPlatform.Extensions.BlameDataCollector, from path: C:\Program Files\dotnet\sdk\6.0.302\Extensions\Microsoft.TestPlatform.Extensions.BlameDataCollector.dll
TpTrace Verbose: 0 : 26464, 1, 2022/12/06, 03:23:36.661, 7453313182839, vstest.console.dll, MetadataReaderExtensionsHelper: Discovering extensions inside assembly 'Microsoft.TestPlatform.Extensions.BlameDataCollector, Version=15.0.0.0, Culture=neutral, PublicKeyToken=b03f5f7f11d50a3a' file path 'C:\Program Files\dotnet\sdk\6.0.302\Extensions\Microsoft.TestPlatform.Extensions.BlameDataCollector.dll'
TpTrace Information: 0 : 26464, 1, 2022/12/06, 03:23:36.667, 7453313238982, vstest.console.dll, AssemblyResolver.OnResolve: Microsoft.TestPlatform.Extensions.EventLogCollector: Resolving assembly.
TpTrace Information: 0 : 26464, 1, 2022/12/06, 03:23:36.667, 7453313240548, vstest.console.dll, AssemblyResolver.OnResolve: Microsoft.TestPlatform.Extensions.EventLogCollector: Searching in: 'C:\Program Files\dotnet\sdk\6.0.302\Extensions'.
TpTrace Information: 0 : 26464, 1, 2022/12/06, 03:23:36.668, 7453313248085, vstest.console.dll, AssemblyResolver.OnResolve: Microsoft.TestPlatform.Extensions.EventLogCollector: Loading assembly 'C:\Program Files\dotnet\sdk\6.0.302\Extensions\Microsoft.TestPlatform.Extensions.EventLogCollector.dll'.
TpTrace Information: 0 : 26464, 1, 2022/12/06, 03:23:36.669, 7453313257467, vstest.console.dll, AssemblyResolver.OnResolve: Resolved assembly: Microsoft.TestPlatform.Extensions.EventLogCollector, from path: C:\Program Files\dotnet\sdk\6.0.302\Extensions\Microsoft.TestPlatform.Extensions.EventLogCollector.dll
TpTrace Verbose: 0 : 26464, 1, 2022/12/06, 03:23:36.669, 7453313259212, vstest.console.dll, MetadataReaderExtensionsHelper: Discovering extensions inside assembly 'Microsoft.TestPlatform.Extensions.EventLogCollector, Version=15.0.0.0, Culture=neutral, PublicKeyToken=b03f5f7f11d50a3a' file path 'C:\Program Files\dotnet\sdk\6.0.302\Extensions\Microsoft.TestPlatform.Extensions.EventLogCollector.dll'
TpTrace Information: 0 : 26464, 1, 2022/12/06, 03:23:36.671, 7453313281619, vstest.console.dll, AssemblyResolver.OnResolve: Microsoft.TestPlatform.TestHostRuntimeProvider: Resolving assembly.
TpTrace Information: 0 : 26464, 1, 2022/12/06, 03:23:36.671, 7453313283069, vstest.console.dll, AssemblyResolver.OnResolve: Microsoft.TestPlatform.TestHostRuntimeProvider: Searching in: 'C:\Program Files\dotnet\sdk\6.0.302\Extensions'.
TpTrace Information: 0 : 26464, 1, 2022/12/06, 03:23:36.672, 7453313290883, vstest.console.dll, AssemblyResolver.OnResolve: Microsoft.TestPlatform.TestHostRuntimeProvider: Loading assembly 'C:\Program Files\dotnet\sdk\6.0.302\Extensions\Microsoft.TestPlatform.TestHostRuntimeProvider.dll'.
TpTrace Information: 0 : 26464, 1, 2022/12/06, 03:23:36.673, 7453313303992, vstest.console.dll, AssemblyResolver.OnResolve: Resolved assembly: Microsoft.TestPlatform.TestHostRuntimeProvider, from path: C:\Program Files\dotnet\sdk\6.0.302\Extensions\Microsoft.TestPlatform.TestHostRuntimeProvider.dll
TpTrace Verbose: 0 : 26464, 1, 2022/12/06, 03:23:36.673, 7453313305843, vstest.console.dll, MetadataReaderExtensionsHelper: Discovering extensions inside assembly 'Microsoft.TestPlatform.TestHostRuntimeProvider, Version=15.0.0.0, Culture=neutral, PublicKeyToken=b03f5f7f11d50a3a' file path 'C:\Program Files\dotnet\sdk\6.0.302\Extensions\Microsoft.TestPlatform.TestHostRuntimeProvider.dll'
TpTrace Information: 0 : 26464, 1, 2022/12/06, 03:23:36.678, 7453313348847, vstest.console.dll, GetTestExtensionFromType: Register extension with identifier data 'HostProvider://DefaultTestHost' and type 'Microsoft.VisualStudio.TestPlatform.CrossPlatEngine.Hosting.DefaultTestHostManager, Microsoft.TestPlatform.TestHostRuntimeProvider, Version=15.0.0.0, Culture=neutral, PublicKeyToken=b03f5f7f11d50a3a' inside file 'C:\Program Files\dotnet\sdk\6.0.302\Extensions\Microsoft.TestPlatform.TestHostRuntimeProvider.dll'
TpTrace Information: 0 : 26464, 1, 2022/12/06, 03:23:36.678, 7453313351325, vstest.console.dll, GetTestExtensionFromType: Register extension with identifier data 'HostProvider://DotnetTestHost' and type 'Microsoft.VisualStudio.TestPlatform.CrossPlatEngine.Hosting.DotnetTestHostManager, Microsoft.TestPlatform.TestHostRuntimeProvider, Version=15.0.0.0, Culture=neutral, PublicKeyToken=b03f5f7f11d50a3a' inside file 'C:\Program Files\dotnet\sdk\6.0.302\Extensions\Microsoft.TestPlatform.TestHostRuntimeProvider.dll'
TpTrace Information: 0 : 26464, 1, 2022/12/06, 03:23:36.678, 7453313353140, vstest.console.dll, AssemblyResolver.OnResolve: Microsoft.VisualStudio.TestPlatform.Extensions.Html.TestLogger: Resolving assembly.
TpTrace Information: 0 : 26464, 1, 2022/12/06, 03:23:36.678, 7453313354101, vstest.console.dll, AssemblyResolver.OnResolve: Microsoft.VisualStudio.TestPlatform.Extensions.Html.TestLogger: Searching in: 'C:\Program Files\dotnet\sdk\6.0.302\Extensions'.
TpTrace Information: 0 : 26464, 1, 2022/12/06, 03:23:36.679, 7453313362187, vstest.console.dll, AssemblyResolver.OnResolve: Microsoft.VisualStudio.TestPlatform.Extensions.Html.TestLogger: Loading assembly 'C:\Program Files\dotnet\sdk\6.0.302\Extensions\Microsoft.VisualStudio.TestPlatform.Extensions.Html.TestLogger.dll'.
TpTrace Information: 0 : 26464, 1, 2022/12/06, 03:23:36.680, 7453313372191, vstest.console.dll, AssemblyResolver.OnResolve: Resolved assembly: Microsoft.VisualStudio.TestPlatform.Extensions.Html.TestLogger, from path: C:\Program Files\dotnet\sdk\6.0.302\Extensions\Microsoft.VisualStudio.TestPlatform.Extensions.Html.TestLogger.dll
TpTrace Verbose: 0 : 26464, 1, 2022/12/06, 03:23:36.680, 7453313373940, vstest.console.dll, MetadataReaderExtensionsHelper: Discovering extensions inside assembly 'Microsoft.VisualStudio.TestPlatform.Extensions.Html.TestLogger, Version=15.0.0.0, Culture=neutral, PublicKeyToken=b03f5f7f11d50a3a' file path 'C:\Program Files\dotnet\sdk\6.0.302\Extensions\Microsoft.VisualStudio.TestPlatform.Extensions.Html.TestLogger.dll'
TpTrace Information: 0 : 26464, 1, 2022/12/06, 03:23:36.682, 7453313387573, vstest.console.dll, AssemblyResolver.OnResolve: Microsoft.VisualStudio.TestPlatform.Extensions.Trx.TestLogger: Resolving assembly.
TpTrace Information: 0 : 26464, 1, 2022/12/06, 03:23:36.682, 7453313388824, vstest.console.dll, AssemblyResolver.OnResolve: Microsoft.VisualStudio.TestPlatform.Extensions.Trx.TestLogger: Searching in: 'C:\Program Files\dotnet\sdk\6.0.302\Extensions'.
TpTrace Information: 0 : 26464, 1, 2022/12/06, 03:23:36.683, 7453313396007, vstest.console.dll, AssemblyResolver.OnResolve: Microsoft.VisualStudio.TestPlatform.Extensions.Trx.TestLogger: Loading assembly 'C:\Program Files\dotnet\sdk\6.0.302\Extensions\Microsoft.VisualStudio.TestPlatform.Extensions.Trx.TestLogger.dll'.
TpTrace Information: 0 : 26464, 1, 2022/12/06, 03:23:36.684, 7453313407892, vstest.console.dll, AssemblyResolver.OnResolve: Resolved assembly: Microsoft.VisualStudio.TestPlatform.Extensions.Trx.TestLogger, from path: C:\Program Files\dotnet\sdk\6.0.302\Extensions\Microsoft.VisualStudio.TestPlatform.Extensions.Trx.TestLogger.dll
TpTrace Verbose: 0 : 26464, 1, 2022/12/06, 03:23:36.684, 7453313409713, vstest.console.dll, MetadataReaderExtensionsHelper: Discovering extensions inside assembly 'Microsoft.VisualStudio.TestPlatform.Extensions.Trx.TestLogger, Version=15.0.0.0, Culture=neutral, PublicKeyToken=b03f5f7f11d50a3a' file path 'C:\Program Files\dotnet\sdk\6.0.302\Extensions\Microsoft.VisualStudio.TestPlatform.Extensions.Trx.TestLogger.dll'
TpTrace Verbose: 0 : 26464, 1, 2022/12/06, 03:23:36.687, 7453313441385, vstest.console.dll, TestPluginCache: Discovered the extensions using extension path ''.
TpTrace Verbose: 0 : 26464, 1, 2022/12/06, 03:23:36.687, 7453313442941, vstest.console.dll, TestPluginCache: Discoverers are ''.
TpTrace Verbose: 0 : 26464, 1, 2022/12/06, 03:23:36.687, 7453313445668, vstest.console.dll, TestPluginCache: Executors are ''.
TpTrace Verbose: 0 : 26464, 1, 2022/12/06, 03:23:36.688, 7453313446344, vstest.console.dll, TestPluginCache: Executors2 are ''.
TpTrace Verbose: 0 : 26464, 1, 2022/12/06, 03:23:36.688, 7453313447063, vstest.console.dll, TestPluginCache: Setting providers are ''.
TpTrace Verbose: 0 : 26464, 1, 2022/12/06, 03:23:36.688, 7453313447637, vstest.console.dll, TestPluginCache: Loggers are ''.
TpTrace Verbose: 0 : 26464, 1, 2022/12/06, 03:23:36.688, 7453313449264, vstest.console.dll, TestPluginCache: TestHosts are 'HostProvider://DefaultTestHost,HostProvider://DotnetTestHost'.
TpTrace Verbose: 0 : 26464, 1, 2022/12/06, 03:23:36.688, 7453313449964, vstest.console.dll, TestPluginCache: DataCollectors are ''.
TpTrace Information: 0 : 26464, 1, 2022/12/06, 03:23:36.717, 7453313739802, vstest.console.dll, RunTestsArgumentProcessor:Execute: Test run is starting.
TpTrace Verbose: 0 : 26464, 1, 2022/12/06, 03:23:36.717, 7453313741498, vstest.console.dll, RunTestsArgumentProcessor:Execute: Queuing Test run.
TpTrace Information: 0 : 26464, 1, 2022/12/06, 03:23:36.717, 7453313744833, vstest.console.dll, TestRequestManager.RunTests: run tests started.
TpTrace Information: 0 : 26464, 1, 2022/12/06, 03:23:36.721, 7453313776695, vstest.console.dll, AssemblyMetadataProvider.GetFrameWork: Determined framework:'.NETCoreApp,Version=v6.0' for source: 'C:\Users\Dell\OneDrive\Рабочий стол\Studying\.NET\Lab3\Accounting_of_goods\TestProject1\bin\Debug\net6.0\fine-code-coverage\build-output\TestProject1.dll'
TpTrace Information: 0 : 26464, 1, 2022/12/06, 03:23:36.721, 7453313779186, vstest.console.dll, Determined framework for all sources: .NETCoreApp,Version=v6.0
TpTrace Verbose: 0 : 26464, 1, 2022/12/06, 03:23:36.721, 7453313785590, vstest.console.dll, TestRequestManager.UpdateRunSettingsIfRequired: Default architecture: X64 IsDefaultTargetArchitecture: True, Current process architecture: X64 OperatingSystem: Windows.
TpTrace Information: 0 : 26464, 1, 2022/12/06, 03:23:36.722, 7453313790389, vstest.console.dll, AssemblyMetadataProvider.GetArchitecture: Determined architecture:AnyCPU info for assembly: C:\Users\Dell\OneDrive\Рабочий стол\Studying\.NET\Lab3\Accounting_of_goods\TestProject1\bin\Debug\net6.0\fine-code-coverage\build-output\TestProject1.dll
TpTrace Information: 0 : 26464, 1, 2022/12/06, 03:23:36.722, 7453313791423, vstest.console.dll, Determined platform for source 'C:\Users\Dell\OneDrive\Рабочий стол\Studying\.NET\Lab3\Accounting_of_goods\TestProject1\bin\Debug\net6.0\fine-code-coverage\build-output\TestProject1.dll' is 'AnyCPU'
TpTrace Information: 0 : 26464, 1, 2022/12/06, 03:23:36.727, 7453313843287, vstest.console.dll, Determined platform for all sources: X64
TpTrace Information: 0 : 26464, 1, 2022/12/06, 03:23:36.727, 7453313844783, vstest.console.dll, Infered platform 'X64'.
TpTrace Information: 0 : 26464, 1, 2022/12/06, 03:23:36.727, 7453313845686, vstest.console.dll, Platform update to 'X64' required.
TpTrace Information: 0 : 26464, 1, 2022/12/06, 03:23:36.735, 7453313925078, vstest.console.dll, Compatible sources list: 
TpTrace Information: 0 : 26464, 1, 2022/12/06, 03:23:36.736, 7453313926594, vstest.console.dll, C:\Users\Dell\OneDrive\Рабочий стол\Studying\.NET\Lab3\Accounting_of_goods\TestProject1\bin\Debug\net6.0\fine-code-coverage\build-output\TestProject1.dll
TpTrace Information: 0 : 26464, 1, 2022/12/06, 03:23:36.744, 7453314012489, vstest.console.dll, InferRunSettingsHelper.IsTestSettingsEnabled: Unable to navigate to RunSettings/MSTest. Current node: RunSettings
TpTrace Information: 0 : 26464, 1, 2022/12/06, 03:23:36.746, 7453314027321, vstest.console.dll, AssemblyResolver.OnResolve: Microsoft.VisualStudio.TestPlatform.Fakes: Resolving assembly.
TpTrace Information: 0 : 26464, 1, 2022/12/06, 03:23:36.746, 7453314028818, vstest.console.dll, AssemblyResolver.OnResolve: Microsoft.VisualStudio.TestPlatform.Fakes: Searching in: 'C:\Program Files\dotnet\sdk\6.0.302\Extensions'.
TpTrace Information: 0 : 26464, 1, 2022/12/06, 03:23:36.746, 7453314030565, vstest.console.dll, AssemblyResolver.OnResolve: Microsoft.VisualStudio.TestPlatform.Fakes: Assembly path does not exist: 'C:\Program Files\dotnet\sdk\6.0.302\Extensions\Microsoft.VisualStudio.TestPlatform.Fakes.dll', returning.
TpTrace Information: 0 : 26464, 1, 2022/12/06, 03:23:36.746, 7453314031961, vstest.console.dll, AssemblyResolver.OnResolve: Microsoft.VisualStudio.TestPlatform.Fakes: Assembly path does not exist: 'C:\Program Files\dotnet\sdk\6.0.302\Extensions\Microsoft.VisualStudio.TestPlatform.Fakes.exe', returning.
TpTrace Information: 0 : 26464, 1, 2022/12/06, 03:23:36.746, 7453314032719, vstest.console.dll, AssemblyResolver.OnResolve: Microsoft.VisualStudio.TestPlatform.Fakes: Searching in: 'C:\Program Files\dotnet\sdk\6.0.302'.
TpTrace Information: 0 : 26464, 1, 2022/12/06, 03:23:36.746, 7453314033996, vstest.console.dll, AssemblyResolver.OnResolve: Microsoft.VisualStudio.TestPlatform.Fakes: Assembly path does not exist: 'C:\Program Files\dotnet\sdk\6.0.302\Microsoft.VisualStudio.TestPlatform.Fakes.dll', returning.
TpTrace Information: 0 : 26464, 1, 2022/12/06, 03:23:36.746, 7453314035380, vstest.console.dll, AssemblyResolver.OnResolve: Microsoft.VisualStudio.TestPlatform.Fakes: Assembly path does not exist: 'C:\Program Files\dotnet\sdk\6.0.302\Microsoft.VisualStudio.TestPlatform.Fakes.exe', returning.
TpTrace Information: 0 : 26464, 1, 2022/12/06, 03:23:36.747, 7453314036064, vstest.console.dll, AssemblyResolver.OnResolve: Microsoft.VisualStudio.TestPlatform.Fakes: Failed to load assembly.
TpTrace Information: 0 : 26464, 1, 2022/12/06, 03:23:36.747, 7453314043296, vstest.console.dll, Failed to load assembly Microsoft.VisualStudio.TestPlatform.Fakes, Version=17.0.0.0, Culture=neutral. Reason:System.IO.FileNotFoundException: Could not load file or assembly 'Microsoft.VisualStudio.TestPlatform.Fakes, Version=17.0.0.0, Culture=neutral, PublicKeyToken=null'. The system cannot find the file specified.
File name: 'Microsoft.VisualStudio.TestPlatform.Fakes, Version=17.0.0.0, Culture=neutral, PublicKeyToken=null'
   at System.Reflection.RuntimeAssembly.InternalLoad(ObjectHandleOnStack assemblyName, ObjectHandleOnStack requestingAssembly, StackCrawlMarkHandle stackMark, Boolean throwOnFileNotFound, ObjectHandleOnStack assemblyLoadContext, ObjectHandleOnStack retAssembly)
   at System.Reflection.RuntimeAssembly.InternalLoad(AssemblyName assemblyName, RuntimeAssembly requestingAssembly, StackCrawlMark& stackMark, Boolean throwOnFileNotFound, AssemblyLoadContext assemblyLoadContext)
   at System.Reflection.Assembly.Load(AssemblyName assemblyRef)
   at Microsoft.VisualStudio.TestPlatform.Common.Utilities.FakesUtilities.LoadTestPlatformAssembly()
TpTrace Verbose: 0 : 26464, 1, 2022/12/06, 03:23:36.755, 7453314118423, vstest.console.dll, TestPluginCache.DiscoverTestExtensions: finding test extensions in assemblies ends with: TestLogger.dll TPluginInfo: Microsoft.VisualStudio.TestPlatform.Common.ExtensionFramework.Utilities.TestLoggerPluginInformation TExtension: Microsoft.VisualStudio.TestPlatform.ObjectModel.Client.ITestLogger
TpTrace Verbose: 0 : 26464, 1, 2022/12/06, 03:23:36.755, 7453314120019, vstest.console.dll, TestPluginCache.GetExtensionPaths: Filtered extension paths: 
TpTrace Verbose: 0 : 26464, 1, 2022/12/06, 03:23:36.755, 7453314120846, vstest.console.dll, TestPluginCache.GetExtensionPaths: Added default extension paths: C:\Program Files\dotnet\sdk\6.0.302\Extensions\DumpMinitool.exe
C:\Program Files\dotnet\sdk\6.0.302\Extensions\DumpMinitool.x86.exe
C:\Program Files\dotnet\sdk\6.0.302\Extensions\Microsoft.Diagnostics.NETCore.Client.dll
C:\Program Files\dotnet\sdk\6.0.302\Extensions\Microsoft.TestPlatform.Extensions.BlameDataCollector.dll
C:\Program Files\dotnet\sdk\6.0.302\Extensions\Microsoft.TestPlatform.Extensions.EventLogCollector.dll
C:\Program Files\dotnet\sdk\6.0.302\Extensions\Microsoft.TestPlatform.TestHostRuntimeProvider.dll
C:\Program Files\dotnet\sdk\6.0.302\Extensions\Microsoft.VisualStudio.TestPlatform.Extensions.Html.TestLogger.dll
C:\Program Files\dotnet\sdk\6.0.302\Extensions\Microsoft.VisualStudio.TestPlatform.Extensions.Trx.TestLogger.dll
TpTrace Verbose: 0 : 26464, 1, 2022/12/06, 03:23:36.755, 7453314121544, vstest.console.dll, TestPluginCache.GetExtensionPaths: Added unfilterableExtensionPaths: 
TpTrace Information: 0 : 26464, 1, 2022/12/06, 03:23:36.755, 7453314123851, vstest.console.dll, AssemblyResolver.AddSearchDirectories: Adding more searchDirectories C:\Program Files\dotnet\sdk\6.0.302\Extensions,C:\Program Files\dotnet\sdk\6.0.302
TpTrace Verbose: 0 : 26464, 1, 2022/12/06, 03:23:36.756, 7453314128167, vstest.console.dll, TestPluginCache.DiscoverTestExtensions: Discovering the extensions using extension path.
TpTrace Verbose: 0 : 26464, 1, 2022/12/06, 03:23:36.756, 7453314129233, vstest.console.dll, TestPluginCache.GetExtensionPaths: Filtered extension paths: 
TpTrace Verbose: 0 : 26464, 1, 2022/12/06, 03:23:36.756, 7453314129890, vstest.console.dll, TestPluginCache.GetExtensionPaths: Added default extension paths: C:\Program Files\dotnet\sdk\6.0.302\Extensions\DumpMinitool.exe
C:\Program Files\dotnet\sdk\6.0.302\Extensions\DumpMinitool.x86.exe
C:\Program Files\dotnet\sdk\6.0.302\Extensions\Microsoft.Diagnostics.NETCore.Client.dll
C:\Program Files\dotnet\sdk\6.0.302\Extensions\Microsoft.TestPlatform.Extensions.BlameDataCollector.dll
C:\Program Files\dotnet\sdk\6.0.302\Extensions\Microsoft.TestPlatform.Extensions.EventLogCollector.dll
C:\Program Files\dotnet\sdk\6.0.302\Extensions\Microsoft.TestPlatform.TestHostRuntimeProvider.dll
C:\Program Files\dotnet\sdk\6.0.302\Extensions\Microsoft.VisualStudio.TestPlatform.Extensions.Html.TestLogger.dll
C:\Program Files\dotnet\sdk\6.0.302\Extensions\Microsoft.VisualStudio.TestPlatform.Extensions.Trx.TestLogger.dll
TpTrace Verbose: 0 : 26464, 1, 2022/12/06, 03:23:36.756, 7453314131022, vstest.console.dll, TestPluginCache.GetExtensionPaths: Added unfilterableExtensionPaths: 
TpTrace Verbose: 0 : 26464, 1, 2022/12/06, 03:23:36.756, 7453314135774, vstest.console.dll, TestPluginCache.DiscoverTestExtensions: Discovering the extensions using allExtensionPaths: C:\Program Files\dotnet\sdk\6.0.302\Extensions\DumpMinitool.exe
C:\Program Files\dotnet\sdk\6.0.302\Extensions\DumpMinitool.x86.exe
C:\Program Files\dotnet\sdk\6.0.302\Extensions\Microsoft.Diagnostics.NETCore.Client.dll
C:\Program Files\dotnet\sdk\6.0.302\Extensions\Microsoft.TestPlatform.Extensions.BlameDataCollector.dll
C:\Program Files\dotnet\sdk\6.0.302\Extensions\Microsoft.TestPlatform.Extensions.EventLogCollector.dll
C:\Program Files\dotnet\sdk\6.0.302\Extensions\Microsoft.TestPlatform.TestHostRuntimeProvider.dll
C:\Program Files\dotnet\sdk\6.0.302\Extensions\Microsoft.VisualStudio.TestPlatform.Extensions.Html.TestLogger.dll
C:\Program Files\dotnet\sdk\6.0.302\Extensions\Microsoft.VisualStudio.TestPlatform.Extensions.Trx.TestLogger.dll
TpTrace Information: 0 : 26464, 1, 2022/12/06, 03:23:36.757, 7453314138890, vstest.console.dll, AssemblyResolver.AddSearchDirectories: Adding more searchDirectories C:\Program Files\dotnet\sdk\6.0.302\Extensions,C:\Program Files\dotnet\sdk\6.0.302
TpTrace Information: 0 : 26464, 1, 2022/12/06, 03:23:36.757, 7453314140126, vstest.console.dll, AssemblyResolver.AddSearchDirectories: Adding more searchDirectories C:\Program Files\dotnet\sdk\6.0.302\Extensions,C:\Program Files\dotnet\sdk\6.0.302
TpTrace Information: 0 : 26464, 1, 2022/12/06, 03:23:36.757, 7453314141214, vstest.console.dll, AssemblyResolver.AddSearchDirectories: Adding more searchDirectories C:\Program Files\dotnet\sdk\6.0.302\Extensions,C:\Program Files\dotnet\sdk\6.0.302
TpTrace Information: 0 : 26464, 1, 2022/12/06, 03:23:36.757, 7453314142810, vstest.console.dll, AssemblyResolver.AddSearchDirectories: Adding more searchDirectories C:\Program Files\dotnet\sdk\6.0.302\Extensions,C:\Program Files\dotnet\sdk\6.0.302
TpTrace Information: 0 : 26464, 1, 2022/12/06, 03:23:36.757, 7453314145306, vstest.console.dll, AssemblyResolver.AddSearchDirectories: Adding more searchDirectories C:\Program Files\dotnet\sdk\6.0.302\Extensions,C:\Program Files\dotnet\sdk\6.0.302
TpTrace Information: 0 : 26464, 1, 2022/12/06, 03:23:36.758, 7453314146239, vstest.console.dll, AssemblyResolver.AddSearchDirectories: Adding more searchDirectories C:\Program Files\dotnet\sdk\6.0.302\Extensions,C:\Program Files\dotnet\sdk\6.0.302
TpTrace Information: 0 : 26464, 1, 2022/12/06, 03:23:36.758, 7453314147282, vstest.console.dll, AssemblyResolver.AddSearchDirectories: Adding more searchDirectories C:\Program Files\dotnet\sdk\6.0.302\Extensions,C:\Program Files\dotnet\sdk\6.0.302
TpTrace Information: 0 : 26464, 1, 2022/12/06, 03:23:36.758, 7453314148747, vstest.console.dll, AssemblyResolver.AddSearchDirectories: Adding more searchDirectories C:\Program Files\dotnet\sdk\6.0.302\Extensions,C:\Program Files\dotnet\sdk\6.0.302
TpTrace Verbose: 0 : 26464, 1, 2022/12/06, 03:23:36.758, 7453314152561, vstest.console.dll, MetadataReaderExtensionsHelper: Discovering extensions inside assembly 'DumpMinitool, Version=15.0.0.0, Culture=neutral, PublicKeyToken=b03f5f7f11d50a3a' file path 'C:\Program Files\dotnet\sdk\6.0.302\Extensions\DumpMinitool.exe'
TpTrace Verbose: 0 : 26464, 1, 2022/12/06, 03:23:36.761, 7453314179996, vstest.console.dll, MetadataReaderExtensionsHelper: Discovering extensions inside assembly 'DumpMinitool.x86, Version=15.0.0.0, Culture=neutral, PublicKeyToken=b03f5f7f11d50a3a' file path 'C:\Program Files\dotnet\sdk\6.0.302\Extensions\DumpMinitool.x86.exe'
TpTrace Verbose: 0 : 26464, 1, 2022/12/06, 03:23:36.762, 7453314191658, vstest.console.dll, MetadataReaderExtensionsHelper: Discovering extensions inside assembly 'Microsoft.Diagnostics.NETCore.Client, Version=0.2.5.801, Culture=neutral, PublicKeyToken=31bf3856ad364e35' file path 'C:\Program Files\dotnet\sdk\6.0.302\Extensions\Microsoft.Diagnostics.NETCore.Client.dll'
TpTrace Information: 0 : 26464, 1, 2022/12/06, 03:23:36.763, 7453314205076, vstest.console.dll, AssemblyResolver.OnResolve: Microsoft.Bcl.AsyncInterfaces: Resolving assembly.
TpTrace Information: 0 : 26464, 1, 2022/12/06, 03:23:36.764, 7453314206422, vstest.console.dll, AssemblyResolver.OnResolve: Microsoft.Bcl.AsyncInterfaces: Resolved from cache.
TpTrace Verbose: 0 : 26464, 1, 2022/12/06, 03:23:36.764, 7453314207407, vstest.console.dll, CurrentDomainAssemblyResolve: Resolving assembly 'Microsoft.Bcl.AsyncInterfaces'.
TpTrace Information: 0 : 26464, 1, 2022/12/06, 03:23:36.764, 7453314208565, vstest.console.dll, AssemblyResolver.OnResolve: Microsoft.Bcl.AsyncInterfaces: Resolving assembly.
TpTrace Information: 0 : 26464, 1, 2022/12/06, 03:23:36.764, 7453314209271, vstest.console.dll, AssemblyResolver.OnResolve: Microsoft.Bcl.AsyncInterfaces: Resolved from cache.
TpTrace Verbose: 0 : 26464, 1, 2022/12/06, 03:23:36.764, 7453314209982, vstest.console.dll, CurrentDomainAssemblyResolve: Resolving assembly 'Microsoft.Bcl.AsyncInterfaces'.
TpTrace Verbose: 0 : 26464, 1, 2022/12/06, 03:23:36.764, 7453314210793, vstest.console.dll, CurrentDomainAssemblyResolve: Failed to resolve assembly 'Microsoft.Bcl.AsyncInterfaces'.
TpTrace Verbose: 0 : 26464, 1, 2022/12/06, 03:23:36.764, 7453314214018, vstest.console.dll, CurrentDomainAssemblyResolve: Failed to resolve assembly 'Microsoft.Bcl.AsyncInterfaces'.
TpTrace Warning: 0 : 26464, 1, 2022/12/06, 03:23:36.765, 7453314222306, vstest.console.dll, TestPluginDiscoverer: Failed to get types from assembly 'Microsoft.Diagnostics.NETCore.Client, Version=0.2.5.801, Culture=neutral, PublicKeyToken=31bf3856ad364e35'. Error: System.Reflection.ReflectionTypeLoadException: Unable to load one or more of the requested types.
Could not load file or assembly 'Microsoft.Bcl.AsyncInterfaces, Version=1.0.0.0, Culture=neutral, PublicKeyToken=cc7b13ffcd2ddd51'. The system cannot find the file specified.
   at System.Reflection.RuntimeModule.GetTypes(RuntimeModule module)
   at System.Reflection.Assembly.GetTypes()
   at Microsoft.VisualStudio.TestPlatform.Common.ExtensionFramework.TestPluginDiscoverer.GetTestExtensionsFromAssembly[TPluginInfo,TExtension](Assembly assembly, Dictionary`2 pluginInfos, String filePath)
System.IO.FileNotFoundException: Could not load file or assembly 'Microsoft.Bcl.AsyncInterfaces, Version=1.0.0.0, Culture=neutral, PublicKeyToken=cc7b13ffcd2ddd51'. The system cannot find the file specified.
File name: 'Microsoft.Bcl.AsyncInterfaces, Version=1.0.0.0, Culture=neutral, PublicKeyToken=cc7b13ffcd2ddd51'
 ---> System.IO.FileNotFoundException: Could not load file or assembly 'Microsoft.Bcl.AsyncInterfaces, Culture=neutral, PublicKeyToken=null'. The system cannot find the file specified.
File name: 'Microsoft.Bcl.AsyncInterfaces, Culture=neutral, PublicKeyToken=null'
   at System.Reflection.RuntimeAssembly.InternalLoad(ObjectHandleOnStack assemblyName, ObjectHandleOnStack requestingAssembly, StackCrawlMarkHandle stackMark, Boolean throwOnFileNotFound, ObjectHandleOnStack assemblyLoadContext, ObjectHandleOnStack retAssembly)
   at System.Reflection.RuntimeAssembly.InternalLoad(AssemblyName assemblyName, RuntimeAssembly requestingAssembly, StackCrawlMark& stackMark, Boolean throwOnFileNotFound, AssemblyLoadContext assemblyLoadContext)
   at System.Reflection.Assembly.Load(AssemblyName assemblyRef)
   at Microsoft.VisualStudio.TestPlatform.Common.ExtensionFramework.TestPluginCache.CurrentDomainAssemblyResolve(Object sender, AssemblyResolveEventArgs args)
   at Microsoft.VisualStudio.TestPlatform.PlatformAbstractions.PlatformAssemblyResolver.AssemblyResolverEvent(Object sender, Object eventArgs)
   at System.Runtime.Loader.AssemblyLoadContext.GetFirstResolvedAssemblyFromResolvingEvent(AssemblyName assemblyName)
   at System.Runtime.Loader.AssemblyLoadContext.ResolveUsingEvent(AssemblyName assemblyName)
   at System.Runtime.Loader.AssemblyLoadContext.ResolveUsingResolvingEvent(IntPtr gchManagedAssemblyLoadContext, AssemblyName assemblyName)
TpTrace Warning: 0 : 26464, 1, 2022/12/06, 03:23:36.766, 7453314226347, vstest.console.dll, LoaderExceptions: System.IO.FileNotFoundException: Could not load file or assembly 'Microsoft.Bcl.AsyncInterfaces, Version=1.0.0.0, Culture=neutral, PublicKeyToken=cc7b13ffcd2ddd51'. The system cannot find the file specified.
File name: 'Microsoft.Bcl.AsyncInterfaces, Version=1.0.0.0, Culture=neutral, PublicKeyToken=cc7b13ffcd2ddd51'
 ---> System.IO.FileNotFoundException: Could not load file or assembly 'Microsoft.Bcl.AsyncInterfaces, Culture=neutral, PublicKeyToken=null'. The system cannot find the file specified.
File name: 'Microsoft.Bcl.AsyncInterfaces, Culture=neutral, PublicKeyToken=null'
   at System.Reflection.RuntimeAssembly.InternalLoad(ObjectHandleOnStack assemblyName, ObjectHandleOnStack requestingAssembly, StackCrawlMarkHandle stackMark, Boolean throwOnFileNotFound, ObjectHandleOnStack assemblyLoadContext, ObjectHandleOnStack retAssembly)
   at System.Reflection.RuntimeAssembly.InternalLoad(AssemblyName assemblyName, RuntimeAssembly requestingAssembly, StackCrawlMark& stackMark, Boolean throwOnFileNotFound, AssemblyLoadContext assemblyLoadContext)
   at System.Reflection.Assembly.Load(AssemblyName assemblyRef)
   at Microsoft.VisualStudio.TestPlatform.Common.ExtensionFramework.TestPluginCache.CurrentDomainAssemblyResolve(Object sender, AssemblyResolveEventArgs args)
   at Microsoft.VisualStudio.TestPlatform.PlatformAbstractions.PlatformAssemblyResolver.AssemblyResolverEvent(Object sender, Object eventArgs)
   at System.Runtime.Loader.AssemblyLoadContext.GetFirstResolvedAssemblyFromResolvingEvent(AssemblyName assemblyName)
   at System.Runtime.Loader.AssemblyLoadContext.ResolveUsingEvent(AssemblyName assemblyName)
   at System.Runtime.Loader.AssemblyLoadContext.ResolveUsingResolvingEvent(IntPtr gchManagedAssemblyLoadContext, AssemblyName assemblyName)
TpTrace Verbose: 0 : 26464, 1, 2022/12/06, 03:23:36.766, 7453314228424, vstest.console.dll, MetadataReaderExtensionsHelper: Discovering extensions inside assembly 'Microsoft.TestPlatform.Extensions.BlameDataCollector, Version=15.0.0.0, Culture=neutral, PublicKeyToken=b03f5f7f11d50a3a' file path 'C:\Program Files\dotnet\sdk\6.0.302\Extensions\Microsoft.TestPlatform.Extensions.BlameDataCollector.dll'
TpTrace Information: 0 : 26464, 1, 2022/12/06, 03:23:36.767, 7453314239279, vstest.console.dll, GetTestExtensionFromType: Register extension with identifier data 'logger://Microsoft/TestPlatform/Extensions/Blame/v1' and type 'Microsoft.TestPlatform.Extensions.BlameDataCollector.BlameLogger, Microsoft.TestPlatform.Extensions.BlameDataCollector, Version=15.0.0.0, Culture=neutral, PublicKeyToken=b03f5f7f11d50a3a' inside file 'C:\Program Files\dotnet\sdk\6.0.302\Extensions\Microsoft.TestPlatform.Extensions.BlameDataCollector.dll'
TpTrace Verbose: 0 : 26464, 1, 2022/12/06, 03:23:36.767, 7453314241478, vstest.console.dll, MetadataReaderExtensionsHelper: Discovering extensions inside assembly 'Microsoft.TestPlatform.Extensions.EventLogCollector, Version=15.0.0.0, Culture=neutral, PublicKeyToken=b03f5f7f11d50a3a' file path 'C:\Program Files\dotnet\sdk\6.0.302\Extensions\Microsoft.TestPlatform.Extensions.EventLogCollector.dll'
TpTrace Verbose: 0 : 26464, 1, 2022/12/06, 03:23:36.768, 7453314251306, vstest.console.dll, MetadataReaderExtensionsHelper: Discovering extensions inside assembly 'Microsoft.TestPlatform.TestHostRuntimeProvider, Version=15.0.0.0, Culture=neutral, PublicKeyToken=b03f5f7f11d50a3a' file path 'C:\Program Files\dotnet\sdk\6.0.302\Extensions\Microsoft.TestPlatform.TestHostRuntimeProvider.dll'
TpTrace Verbose: 0 : 26464, 1, 2022/12/06, 03:23:36.769, 7453314261280, vstest.console.dll, MetadataReaderExtensionsHelper: Discovering extensions inside assembly 'Microsoft.VisualStudio.TestPlatform.Extensions.Html.TestLogger, Version=15.0.0.0, Culture=neutral, PublicKeyToken=b03f5f7f11d50a3a' file path 'C:\Program Files\dotnet\sdk\6.0.302\Extensions\Microsoft.VisualStudio.TestPlatform.Extensions.Html.TestLogger.dll'
TpTrace Information: 0 : 26464, 1, 2022/12/06, 03:23:36.770, 7453314270819, vstest.console.dll, GetTestExtensionFromType: Register extension with identifier data 'logger://Microsoft/TestPlatform/HtmlLogger/v1' and type 'Microsoft.VisualStudio.TestPlatform.Extensions.HtmlLogger.HtmlLogger, Microsoft.VisualStudio.TestPlatform.Extensions.Html.TestLogger, Version=15.0.0.0, Culture=neutral, PublicKeyToken=b03f5f7f11d50a3a' inside file 'C:\Program Files\dotnet\sdk\6.0.302\Extensions\Microsoft.VisualStudio.TestPlatform.Extensions.Html.TestLogger.dll'
TpTrace Verbose: 0 : 26464, 1, 2022/12/06, 03:23:36.770, 7453314272562, vstest.console.dll, MetadataReaderExtensionsHelper: Discovering extensions inside assembly 'Microsoft.VisualStudio.TestPlatform.Extensions.Trx.TestLogger, Version=15.0.0.0, Culture=neutral, PublicKeyToken=b03f5f7f11d50a3a' file path 'C:\Program Files\dotnet\sdk\6.0.302\Extensions\Microsoft.VisualStudio.TestPlatform.Extensions.Trx.TestLogger.dll'
TpTrace Information: 0 : 26464, 1, 2022/12/06, 03:23:36.771, 7453314282987, vstest.console.dll, GetTestExtensionFromType: Register extension with identifier data 'logger://Microsoft/TestPlatform/TrxLogger/v1' and type 'Microsoft.VisualStudio.TestPlatform.Extensions.TrxLogger.TrxLogger, Microsoft.VisualStudio.TestPlatform.Extensions.Trx.TestLogger, Version=15.0.0.0, Culture=neutral, PublicKeyToken=b03f5f7f11d50a3a' inside file 'C:\Program Files\dotnet\sdk\6.0.302\Extensions\Microsoft.VisualStudio.TestPlatform.Extensions.Trx.TestLogger.dll'
TpTrace Verbose: 0 : 26464, 1, 2022/12/06, 03:23:36.771, 7453314285026, vstest.console.dll, TestPluginCache: Discovered the extensions using extension path ''.
TpTrace Verbose: 0 : 26464, 1, 2022/12/06, 03:23:36.772, 7453314285931, vstest.console.dll, TestPluginCache: Discoverers are ''.
TpTrace Verbose: 0 : 26464, 1, 2022/12/06, 03:23:36.772, 7453314286550, vstest.console.dll, TestPluginCache: Executors are ''.
TpTrace Verbose: 0 : 26464, 1, 2022/12/06, 03:23:36.772, 7453314287112, vstest.console.dll, TestPluginCache: Executors2 are ''.
TpTrace Verbose: 0 : 26464, 1, 2022/12/06, 03:23:36.772, 7453314287680, vstest.console.dll, TestPluginCache: Setting providers are ''.
TpTrace Verbose: 0 : 26464, 1, 2022/12/06, 03:23:36.772, 7453314289031, vstest.console.dll, TestPluginCache: Loggers are 'logger://Microsoft/TestPlatform/Extensions/Blame/v1,logger://Microsoft/TestPlatform/HtmlLogger/v1,logger://Microsoft/TestPlatform/TrxLogger/v1'.
TpTrace Verbose: 0 : 26464, 1, 2022/12/06, 03:23:36.772, 7453314289843, vstest.console.dll, TestPluginCache: TestHosts are 'HostProvider://DefaultTestHost,HostProvider://DotnetTestHost'.
TpTrace Verbose: 0 : 26464, 1, 2022/12/06, 03:23:36.772, 7453314290560, vstest.console.dll, TestPluginCache: DataCollectors are ''.
TpTrace Information: 0 : 26464, 1, 2022/12/06, 03:23:36.773, 7453314305641, vstest.console.dll, TestPluginManager.CreateTestExtension: Attempting to load test extension: Microsoft.TestPlatform.Extensions.BlameDataCollector.BlameLogger
TpTrace Information: 0 : 26464, 1, 2022/12/06, 03:23:36.783, 7453314402311, vstest.console.dll, TestPluginManager.CreateTestExtension: Attempting to load test extension: Microsoft.VisualStudio.TestPlatform.CrossPlatEngine.Hosting.DefaultTestHostManager
TpTrace Information: 0 : 26464, 1, 2022/12/06, 03:23:36.784, 7453314414723, vstest.console.dll, TestPluginManager.CreateTestExtension: Attempting to load test extension: Microsoft.VisualStudio.TestPlatform.CrossPlatEngine.Hosting.DotnetTestHostManager
TpTrace Verbose: 0 : 26464, 1, 2022/12/06, 03:23:36.786, 7453314426320, vstest.console.dll, TestEngine: Initializing Parallel Execution as MaxCpuCount is set to: 1
TpTrace Information: 0 : 26464, 1, 2022/12/06, 03:23:36.786, 7453314435419, vstest.console.dll, InferRunSettingsHelper.IsTestSettingsEnabled: Unable to navigate to RunSettings/MSTest. Current node: RunSettings
TpTrace Verbose: 0 : 26464, 1, 2022/12/06, 03:23:36.789, 7453314457878, vstest.console.dll, TestRequestSender is acting as server.
TpTrace Verbose: 0 : 26464, 1, 2022/12/06, 03:23:36.798, 7453314546725, vstest.console.dll, TestEngine.GetExecutionManager: Chosen execution manager 'Microsoft.VisualStudio.TestPlatform.CrossPlatEngine.Client.Parallel.ParallelProxyExecutionManager, Microsoft.TestPlatform.CrossPlatEngine, Version=15.0.0.0, Culture=neutral, PublicKeyToken=b03f5f7f11d50a3a' ParallelLevel '1' Shared host 'False'
TpTrace Verbose: 0 : 26464, 5, 2022/12/06, 03:23:36.818, 7453314747068, vstest.console.dll, DataCollectionRequestSender.InitializeCommunication : Initialize communication. 
TpTrace Information: 0 : 26464, 5, 2022/12/06, 03:23:36.842, 7453314990372, vstest.console.dll, Listening on Endpoint : 127.0.0.1:57790
TpTrace Verbose: 0 : 26464, 5, 2022/12/06, 03:23:36.863, 7453315203198, vstest.console.dll, DotnetDataCollectionLauncher: Full path of dotnet.exe is C:\Program Files\dotnet\dotnet.exe
TpTrace Verbose: 0 : 26464, 5, 2022/12/06, 03:23:36.864, 7453315206638, vstest.console.dll, DotnetDataCollectionLauncher: Adding  --runtimeconfig "C:\Program Files\dotnet\sdk\6.0.302\datacollector.runtimeconfig.json" in args
TpTrace Verbose: 0 : 26464, 5, 2022/12/06, 03:23:36.864, 7453315208599, vstest.console.dll, DotnetDataCollectionLauncher: Adding  --depsfile "C:\Program Files\dotnet\sdk\6.0.302\datacollector.deps.json" in args
TpTrace Information: 0 : 26464, 5, 2022/12/06, 03:23:36.899, 7453315557536, vstest.console.dll, ProxyDataCollectionManager.Initialize: Launched datacollector processId: 27988 port: 57790
TpTrace Information: 0 : 26464, 5, 2022/12/06, 03:23:36.899, 7453315559898, vstest.console.dll, ProxyDataCollectionManager.Initialize: waiting for connection with timeout: 90 seconds
TpTrace Verbose: 0 : 26464, 5, 2022/12/06, 03:23:36.899, 7453315561001, vstest.console.dll, DataCollectionRequestSender.WaitForRequestHandlerConnection : Waiting for connection with timeout: 90000
TpTrace Information: 0 : 26464, 8, 2022/12/06, 03:23:37.288, 7453319446983, vstest.console.dll, Using the buffer size of 16384 bytes
TpTrace Verbose: 0 : 26464, 5, 2022/12/06, 03:23:37.288, 7453319447406, vstest.console.dll, SocketCommunicationManager.WaitForClientConnection took: 388 ms, with 90000 ms timeout, and finished with True.
TpTrace Information: 0 : 26464, 8, 2022/12/06, 03:23:37.288, 7453319448799, vstest.console.dll, Accepted Client request and set the flag
TpTrace Verbose: 0 : 26464, 5, 2022/12/06, 03:23:37.288, 7453319450920, vstest.console.dll, ProxyDataCollectionManager.InvokeDataCollectionServiceAction: Starting.
TpTrace Information: 0 : 26464, 5, 2022/12/06, 03:23:37.288, 7453319452588, vstest.console.dll, ProxyDataCollectionManager.BeforeTestRunStart: Get environment variable and port for datacollector processId: 27988 port: 57790
TpTrace Verbose: 0 : 26464, 5, 2022/12/06, 03:23:37.288, 7453319455320, vstest.console.dll, DataCollectionRequestSender.SendBeforeTestRunStartAndGetResult: Send BeforeTestRunStart message with settingsXml <RunSettings><RunConfiguration><ResultsDirectory>C:\Users\Dell\OneDrive\Рабочий стол\Studying\.NET\Lab3\Accounting_of_goods\TestProject1\bin\Debug\net6.0\fine-code-coverage\coverage-tool-output</ResultsDirectory><TargetPlatform>X64</TargetPlatform><TargetFrameworkVersion>.NETCoreApp,Version=v6.0</TargetFrameworkVersion><DesignMode>False</DesignMode><CollectSourceInformation>False</CollectSourceInformation><TestAdaptersPaths>C:\Program Files\dotnet\sdk\6.0.302\Extensions</TestAdaptersPaths></RunConfiguration><LoggerRunSettings><Loggers><Logger friendlyName="blame" enabled="True" /><Logger friendlyName="Console" uri="logger://microsoft/TestPlatform/ConsoleLogger/v1" assemblyQualifiedName="Microsoft.VisualStudio.TestPlatform.CommandLine.Internal.ConsoleLogger, vstest.console, Version=15.0.0.0, Culture=neutral, PublicKeyToken=b03f5f7f11d50a3a" codeBase="C:\Program Files\dotnet\sdk\6.0.302\vstest.console.dll" enabled="True" /></Loggers></LoggerRunSettings><DataCollectionRunSettings><DataCollectors><DataCollector friendlyName="blame" enabled="True"><Configuration><ResultsDirectory>C:\Users\Dell\OneDrive\Рабочий стол\Studying\.NET\Lab3\Accounting_of_goods\TestProject1\bin\Debug\net6.0\fine-code-coverage\coverage-tool-output</ResultsDirectory></Configuration></DataCollector></DataCollectors></DataCollectionRunSettings></RunSettings> and sources System.Linq.Enumerable+Concat2Iterator`1[System.String]: 
TpTrace Verbose: 0 : 26464, 5, 2022/12/06, 03:23:37.470, 7453321275157, vstest.console.dll, DataCollectionRequestSender.SendBeforeTestRunStartAndGetResult: Received message: (DataCollection.SendMessage) -> {
  "FriendlyName": null,
  "Uri": null,
  "TestCaseId": "00000000-0000-0000-0000-000000000000",
  "Message": "Logging DataCollector Diagnostics in file: C:\\Users\\Dell\\OneDrive\\Рабочий стол\\Studying\\.NET\\Lab3\\Accounting_of_goods\\TestProject1\\bin\\Debug\\net6.0\\fine-code-coverage\\coverage-tool-output\\diagnostics.datacollector.22-12-06_03-23-36_86299_5.log",
  "Level": 0
}
TpTrace Verbose: 0 : 26464, 5, 2022/12/06, 03:23:37.682, 7453323394309, vstest.console.dll, DataCollectionRequestSender.SendBeforeTestRunStartAndGetResult: Received message: (DataCollection.BeforeTestRunStartResult) -> {
  "EnvironmentVariables": {},
  "DataCollectionEventsPort": 57793
}
TpTrace Information: 0 : 26464, 5, 2022/12/06, 03:23:37.691, 7453323484134, vstest.console.dll, ProxyDataCollectionManager.BeforeTestRunStart: SendBeforeTestRunStartAndGetResult successful, env variable from datacollector:   and testhost port: 57793
TpTrace Information: 0 : 26464, 5, 2022/12/06, 03:23:37.692, 7453323485925, vstest.console.dll, ProxyDataCollectionManager.InvokeDataCollectionServiceAction: Completed.
TpTrace Verbose: 0 : 26464, 1, 2022/12/06, 03:23:37.692, 7453323488537, vstest.console.dll, TestRunRequest.ExecuteAsync: Creating test run request.
TpTrace Verbose: 0 : 26464, 1, 2022/12/06, 03:23:37.692, 7453323494114, vstest.console.dll, TestRunRequest.ExecuteAsync: Starting.
TpTrace Information: 0 : 26464, 1, 2022/12/06, 03:23:37.693, 7453323500048, vstest.console.dll, TestRunRequest.ExecuteAsync: Starting run with settings:TestRunCriteria:
   KeepAlive=False,FrequencyOfRunStatsChangeEvent=10,RunStatsChangeEventTimeout=00:00:01.5000000,TestCaseFilter=,TestExecutorLauncher=
   Settingsxml=<RunSettings>
  <RunConfiguration>
    <ResultsDirectory>C:\Users\Dell\OneDrive\Рабочий стол\Studying\.NET\Lab3\Accounting_of_goods\TestProject1\bin\Debug\net6.0\fine-code-coverage\coverage-tool-output</ResultsDirectory>
    <TargetPlatform>X64</TargetPlatform>
    <TargetFrameworkVersion>.NETCoreApp,Version=v6.0</TargetFrameworkVersion>
    <DesignMode>False</DesignMode>
    <CollectSourceInformation>False</CollectSourceInformation>
  </RunConfiguration>
  <LoggerRunSettings>
    <Loggers>
      <Logger friendlyName="blame" enabled="True" />
      <Logger friendlyName="Console" uri="logger://microsoft/TestPlatform/ConsoleLogger/v1" assemblyQualifiedName="Microsoft.VisualStudio.TestPlatform.CommandLine.Internal.ConsoleLogger, vstest.console, Version=15.0.0.0, Culture=neutral, PublicKeyToken=b03f5f7f11d50a3a" codeBase="C:\Program Files\dotnet\sdk\6.0.302\vstest.console.dll" enabled="True" />
    </Loggers>
  </LoggerRunSettings>
  <DataCollectionRunSettings>
    <DataCollectors>
      <DataCollector friendlyName="blame" enabled="True">
        <Configuration>
          <ResultsDirectory>C:\Users\Dell\OneDrive\Рабочий стол\Studying\.NET\Lab3\Accounting_of_goods\TestProject1\bin\Debug\net6.0\fine-code-coverage\coverage-tool-output</ResultsDirectory>
        </Configuration>
      </DataCollector>
    </DataCollectors>
  </DataCollectionRunSettings>
</RunSettings>

TpTrace Verbose: 0 : 26464, 1, 2022/12/06, 03:23:37.693, 7453323501240, vstest.console.dll, TestRunRequest.ExecuteAsync: Wait for the first run request is over.
TpTrace Verbose: 0 : 26464, 1, 2022/12/06, 03:23:37.694, 7453323506036, vstest.console.dll, MulticastDelegateUtilities.SafeInvoke: TestRun.TestRunStart: Invoking callbacks was skipped because there are no subscribers.
TpTrace Verbose: 0 : 26464, 1, 2022/12/06, 03:23:37.694, 7453323509330, vstest.console.dll, ParallelProxyExecutionManager: Start execution. Total sources: 1
TpTrace Verbose: 0 : 26464, 4, 2022/12/06, 03:23:37.694, 7453323509951, vstest.console.dll, MulticastDelegateUtilities.SafeInvoke: InternalTestLoggerEvents.SendTestRunStart: Invoking callback 1/1 for Microsoft.VisualStudio.TestPlatform.CommandLine.Internal.ConsoleLogger.TestRunStartHandler, took 0 ms.
TpTrace Information: 0 : 26464, 1, 2022/12/06, 03:23:37.695, 7453323519845, vstest.console.dll, ProxyParallelExecutionManager: Triggering test run for next source: C:\Users\Dell\OneDrive\Рабочий стол\Studying\.NET\Lab3\Accounting_of_goods\TestProject1\bin\Debug\net6.0\fine-code-coverage\build-output\TestProject1.dll
TpTrace Verbose: 0 : 26464, 1, 2022/12/06, 03:23:37.695, 7453323523917, vstest.console.dll, ProxyParallelExecutionManager: No sources available for execution.
TpTrace Information: 0 : 26464, 1, 2022/12/06, 03:23:37.695, 7453323524861, vstest.console.dll, TestRunRequest.ExecuteAsync: Started.
TpTrace Verbose: 0 : 26464, 1, 2022/12/06, 03:23:37.696, 7453323526281, vstest.console.dll, TestRunRequest.WaitForCompletion: Waiting with timeout -1.
TpTrace Verbose: 0 : 26464, 5, 2022/12/06, 03:23:37.696, 7453323528213, vstest.console.dll, ParallelProxyExecutionManager: Execution started. Started clients: 1
TpTrace Verbose: 0 : 26464, 5, 2022/12/06, 03:23:37.696, 7453323533662, vstest.console.dll, TestRunRequest:SendTestRunMessage: Starting.
TpTrace Verbose: 0 : 26464, 5, 2022/12/06, 03:23:37.696, 7453323535711, vstest.console.dll, MulticastDelegateUtilities.SafeInvoke: TestRun.LogMessages: Invoking callback 1/1 for Microsoft.VisualStudio.TestPlatform.CommandLine.TestRunResultAggregator.TestRunMessageHandler, took 0 ms.
TpTrace Verbose: 0 : 26464, 4, 2022/12/06, 03:23:37.696, 7453323535712, vstest.console.dll, MulticastDelegateUtilities.SafeInvoke: InternalTestLoggerEvents.SendTestRunMessage: Invoking callback 1/1 for Microsoft.VisualStudio.TestPlatform.CommandLine.Internal.ConsoleLogger.TestMessageHandler, took 0 ms.
TpTrace Information: 0 : 26464, 5, 2022/12/06, 03:23:37.697, 7453323536799, vstest.console.dll, TestRunRequest:SendTestRunMessage: Completed.
TpTrace Verbose: 0 : 26464, 5, 2022/12/06, 03:23:37.697, 7453323541181, vstest.console.dll, ProxyExecutionManager: Test host is always Lazy initialize.
TpTrace Verbose: 0 : 26464, 5, 2022/12/06, 03:23:37.697, 7453323544510, vstest.console.dll, TestRequestSender.InitializeCommunication: initialize communication. 
TpTrace Information: 0 : 26464, 5, 2022/12/06, 03:23:37.698, 7453323552019, vstest.console.dll, SocketServer.Start: Listening on endpoint : 127.0.0.1:57794
TpTrace Verbose: 0 : 26464, 5, 2022/12/06, 03:23:37.699, 7453323562366, vstest.console.dll, DotnetTestHostmanager.GetTestHostProcessStartInfo: Platform environment 'X64' target architecture 'X64' framework '.NETCoreApp,Version=v6.0' OS 'Windows'
TpTrace Verbose: 0 : 26464, 5, 2022/12/06, 03:23:37.700, 7453323566518, vstest.console.dll, DotnetTestHostmanager: Adding  --runtimeconfig "C:\Users\Dell\OneDrive\Рабочий стол\Studying\.NET\Lab3\Accounting_of_goods\TestProject1\bin\Debug\net6.0\fine-code-coverage\build-output\TestProject1.runtimeconfig.json" in args
TpTrace Verbose: 0 : 26464, 5, 2022/12/06, 03:23:37.700, 7453323568303, vstest.console.dll, DotnetTestHostmanager: Adding  --depsfile "C:\Users\Dell\OneDrive\Рабочий стол\Studying\.NET\Lab3\Accounting_of_goods\TestProject1\bin\Debug\net6.0\fine-code-coverage\build-output\TestProject1.deps.json" in args
TpTrace Verbose: 0 : 26464, 5, 2022/12/06, 03:23:37.700, 7453323572321, vstest.console.dll, DotnetTestHostmanager.IsWinOnArm: Current PROCESSOR_ARCHITECTURE from environment variable 'AMD64'
TpTrace Verbose: 0 : 26464, 5, 2022/12/06, 03:23:37.700, 7453323574227, vstest.console.dll, DotnetTestHostmanager.IsWinOnArm: Is Windows on ARM 'False'
TpTrace Verbose: 0 : 26464, 5, 2022/12/06, 03:23:37.701, 7453323578123, vstest.console.dll, DotnetTestHostManager: testhost.exe found at path: C:\Users\Dell\OneDrive\Рабочий стол\Studying\.NET\Lab3\Accounting_of_goods\TestProject1\bin\Debug\net6.0\fine-code-coverage\build-output\testhost.exe
TpTrace Verbose: 0 : 26464, 5, 2022/12/06, 03:23:37.701, 7453323579370, vstest.console.dll, DotnetTestHostmanager: Full path of host exe is C:\Users\Dell\OneDrive\Рабочий стол\Studying\.NET\Lab3\Accounting_of_goods\TestProject1\bin\Debug\net6.0\fine-code-coverage\build-output\testhost.exe
TpTrace Verbose: 0 : 26464, 5, 2022/12/06, 03:23:37.701, 7453323582039, vstest.console.dll, DotnetTestHostmanager.LaunchTestHostAsync: Found 'VSTEST_WINAPPHOST_DOTNET_ROOT' in env variables, value 'C:\Program Files\dotnet', forwarding to 'DOTNET_ROOT'
TpTrace Verbose: 0 : 26464, 12, 2022/12/06, 03:23:37.702, 7453323595574, vstest.console.dll, DotnetTestHostManager: Starting process 'C:\Users\Dell\OneDrive\Рабочий стол\Studying\.NET\Lab3\Accounting_of_goods\TestProject1\bin\Debug\net6.0\fine-code-coverage\build-output\testhost.exe' with command line ' --runtimeconfig "C:\Users\Dell\OneDrive\Рабочий стол\Studying\.NET\Lab3\Accounting_of_goods\TestProject1\bin\Debug\net6.0\fine-code-coverage\build-output\TestProject1.runtimeconfig.json" --depsfile "C:\Users\Dell\OneDrive\Рабочий стол\Studying\.NET\Lab3\Accounting_of_goods\TestProject1\bin\Debug\net6.0\fine-code-coverage\build-output\TestProject1.deps.json" --port 57794 --endpoint 127.0.0.1:057794 --role client --parentprocessid 26464 --diag "C:\Users\Dell\OneDrive\Рабочий стол\Studying\.NET\Lab3\Accounting_of_goods\TestProject1\bin\Debug\net6.0\fine-code-coverage\coverage-tool-output\diagnostics.host.22-12-06_03-23-37_69914_5.log" --tracelevel 4 --datacollectionport 57793 --telemetryoptedin false'
TpTrace Verbose: 0 : 26464, 12, 2022/12/06, 03:23:37.713, 7453323699272, vstest.console.dll, MulticastDelegateUtilities.SafeInvoke: HostProviderEvents.OnHostLaunched: Invoking callback 1/2 for Microsoft.VisualStudio.TestPlatform.CrossPlatEngine.Client.ProxyExecutionManagerWithDataCollection.TestHostLaunchedHandler, took 1 ms.
TpTrace Verbose: 0 : 26464, 12, 2022/12/06, 03:23:37.713, 7453323701091, vstest.console.dll, Test Runtime launched
TpTrace Verbose: 0 : 26464, 12, 2022/12/06, 03:23:37.713, 7453323701948, vstest.console.dll, MulticastDelegateUtilities.SafeInvoke: HostProviderEvents.OnHostLaunched: Invoking callback 2/2 for Microsoft.VisualStudio.TestPlatform.CrossPlatEngine.Client.ProxyOperationManager.TestHostManagerHostLaunched, took 0 ms.
TpTrace Verbose: 0 : 26464, 5, 2022/12/06, 03:23:37.714, 7453323709632, vstest.console.dll, TestRequestSender.WaitForRequestHandlerConnection: waiting for connection with timeout: 90000.
TpTrace Verbose: 0 : 26464, 5, 2022/12/06, 03:23:38.031, 7453326885446, vstest.console.dll, TestRequestSender.WaitForRequestHandlerConnection: waiting took 317 ms, with timeout 90000 ms, and result 0, which is success.
TpTrace Verbose: 0 : 26464, 7, 2022/12/06, 03:23:38.031, 7453326885446, vstest.console.dll, MulticastDelegateUtilities.SafeInvoke: SocketServer: ClientConnected: Invoking callback 1/1 for Microsoft.VisualStudio.TestPlatform.CommunicationUtilities.TestRequestSender.<InitializeCommunication>b__23_0, took 0 ms.
TpTrace Verbose: 0 : 26464, 7, 2022/12/06, 03:23:38.032, 7453326887883, vstest.console.dll, SocketServer.OnClientConnected: Client connected for endPoint: 127.0.0.1:57794, starting MessageLoopAsync:
TpTrace Verbose: 0 : 26464, 7, 2022/12/06, 03:23:38.032, 7453326889997, vstest.console.dll, TcpClientExtensions.MessageLoopAsync: Polling on remoteEndPoint: 127.0.0.1:57795 localEndPoint: 127.0.0.1:57794
TpTrace Verbose: 0 : 26464, 5, 2022/12/06, 03:23:38.033, 7453326903072, vstest.console.dll, TestRequestSender.CheckVersionWithTestHost: Sending check version message: {"MessageType":"ProtocolVersion","Payload":6}
TpTrace Verbose: 0 : 26464, 7, 2022/12/06, 03:23:38.659, 7453333160017, vstest.console.dll, TcpClientExtensions.MessageLoopAsync: NotifyDataAvailable remoteEndPoint: 127.0.0.1:57795 localEndPoint: 127.0.0.1:57794
TpTrace Verbose: 0 : 26464, 7, 2022/12/06, 03:23:38.659, 7453333163530, vstest.console.dll, TestRequestSender.CheckVersionWithTestHost: onMessageReceived received message: (ProtocolVersion) -> 5
TpTrace Verbose: 0 : 26464, 7, 2022/12/06, 03:23:38.660, 7453333169334, vstest.console.dll, MulticastDelegateUtilities.SafeInvoke: LengthPrefixCommunicationChannel: MessageReceived: Invoking callback 1/1 for Microsoft.VisualStudio.TestPlatform.CommunicationUtilities.TestRequestSender+<>c__DisplayClass25_0.<CheckVersionWithTestHost>b__0, took 0 ms.
TpTrace Verbose: 0 : 26464, 5, 2022/12/06, 03:23:38.660, 7453333170570, vstest.console.dll, TestPluginCache.GetExtensionPaths: Filtered extension paths: 
TpTrace Verbose: 0 : 26464, 7, 2022/12/06, 03:23:38.660, 7453333170976, vstest.console.dll, TcpClientExtensions.MessageLoopAsync: Polling on remoteEndPoint: 127.0.0.1:57795 localEndPoint: 127.0.0.1:57794
TpTrace Verbose: 0 : 26464, 5, 2022/12/06, 03:23:38.660, 7453333172079, vstest.console.dll, TestPluginCache.GetExtensionPaths: Added default extension paths: C:\Program Files\dotnet\sdk\6.0.302\Extensions\DumpMinitool.exe
C:\Program Files\dotnet\sdk\6.0.302\Extensions\DumpMinitool.x86.exe
C:\Program Files\dotnet\sdk\6.0.302\Extensions\Microsoft.Diagnostics.NETCore.Client.dll
C:\Program Files\dotnet\sdk\6.0.302\Extensions\Microsoft.TestPlatform.Extensions.BlameDataCollector.dll
C:\Program Files\dotnet\sdk\6.0.302\Extensions\Microsoft.TestPlatform.Extensions.EventLogCollector.dll
C:\Program Files\dotnet\sdk\6.0.302\Extensions\Microsoft.TestPlatform.TestHostRuntimeProvider.dll
C:\Program Files\dotnet\sdk\6.0.302\Extensions\Microsoft.VisualStudio.TestPlatform.Extensions.Html.TestLogger.dll
C:\Program Files\dotnet\sdk\6.0.302\Extensions\Microsoft.VisualStudio.TestPlatform.Extensions.Trx.TestLogger.dll
TpTrace Verbose: 0 : 26464, 5, 2022/12/06, 03:23:38.660, 7453333172933, vstest.console.dll, TestPluginCache.GetExtensionPaths: Added unfilterableExtensionPaths: 
TpTrace Verbose: 0 : 26464, 5, 2022/12/06, 03:23:38.667, 7453333237096, vstest.console.dll, TestRequestSender.InitializeExecution: Sending initialize execution with message: {"Version":5,"MessageType":"TestExecution.Initialize","Payload":["C:\\Users\\Dell\\OneDrive\\Рабочий стол\\Studying\\.NET\\Lab3\\Accounting_of_goods\\TestProject1\\bin\\Debug\\net6.0\\fine-code-coverage\\build-output\\NUnit3.TestAdapter.dll"]}
TpTrace Warning: 0 : 26464, 5, 2022/12/06, 03:23:38.667, 7453333244537, vstest.console.dll, InferRunSettingsHelper.MakeRunsettingsCompatible: Removing the following settings: TargetPlatform from RunSettings file. To use those settings please move to latest version of Microsoft.NET.Test.Sdk
TpTrace Verbose: 0 : 26464, 7, 2022/12/06, 03:23:38.686, 7453333431024, vstest.console.dll, TcpClientExtensions.MessageLoopAsync: NotifyDataAvailable remoteEndPoint: 127.0.0.1:57795 localEndPoint: 127.0.0.1:57794
TpTrace Verbose: 0 : 26464, 7, 2022/12/06, 03:23:38.686, 7453333433283, vstest.console.dll, TestRequestSender.OnExecutionMessageReceived: Received message: {"Version":5,"MessageType":"TestSession.Message","Payload":{"MessageLevel":0,"Message":"Logging TestHost Diagnostics in file: C:\\Users\\Dell\\OneDrive\\Рабочий стол\\Studying\\.NET\\Lab3\\Accounting_of_goods\\TestProject1\\bin\\Debug\\net6.0\\fine-code-coverage\\coverage-tool-output\\diagnostics.host.22-12-06_03-23-37_69914_5.log"}}
TpTrace Verbose: 0 : 26464, 5, 2022/12/06, 03:23:38.686, 7453333433305, vstest.console.dll, TestRequestSender.StartTestRun: Sending test run with message: {"Version":5,"MessageType":"TestExecution.StartWithSources","Payload":{"AdapterSourceMap":{"_none_":["C:\\Users\\Dell\\OneDrive\\Рабочий стол\\Studying\\.NET\\Lab3\\Accounting_of_goods\\TestProject1\\bin\\Debug\\net6.0\\fine-code-coverage\\build-output\\TestProject1.dll"]},"RunSettings":"<RunSettings>\r\n  <RunConfiguration>\r\n    <ResultsDirectory>C:\\Users\\Dell\\OneDrive\\Рабочий стол\\Studying\\.NET\\Lab3\\Accounting_of_goods\\TestProject1\\bin\\Debug\\net6.0\\fine-code-coverage\\coverage-tool-output</ResultsDirectory>\r\n    <TargetFrameworkVersion>.NETCoreApp,Version=v6.0</TargetFrameworkVersion>\r\n    <DesignMode>False</DesignMode>\r\n    <CollectSourceInformation>False</CollectSourceInformation>\r\n  </RunConfiguration>\r\n  <LoggerRunSettings>\r\n    <Loggers>\r\n      <Logger friendlyName=\"blame\" enabled=\"True\" />\r\n      <Logger friendlyName=\"Console\" uri=\"logger://microsoft/TestPlatform/ConsoleLogger/v1\" assemblyQualifiedName=\"Microsoft.VisualStudio.TestPlatform.CommandLine.Internal.ConsoleLogger, vstest.console, Version=15.0.0.0, Culture=neutral, PublicKeyToken=b03f5f7f11d50a3a\" codeBase=\"C:\\Program Files\\dotnet\\sdk\\6.0.302\\vstest.console.dll\" enabled=\"True\" />\r\n    </Loggers>\r\n  </LoggerRunSettings>\r\n  <DataCollectionRunSettings>\r\n    <DataCollectors>\r\n      <DataCollector friendlyName=\"blame\" enabled=\"True\">\r\n        <Configuration>\r\n          <ResultsDirectory>C:\\Users\\Dell\\OneDrive\\Рабочий стол\\Studying\\.NET\\Lab3\\Accounting_of_goods\\TestProject1\\bin\\Debug\\net6.0\\fine-code-coverage\\coverage-tool-output</ResultsDirectory>\r\n        </Configuration>\r\n      </DataCollector>\r\n    </DataCollectors>\r\n  </DataCollectionRunSettings>\r\n</RunSettings>","TestExecutionContext":{"FrequencyOfRunStatsChangeEvent":10,"RunStatsChangeEventTimeout":"00:00:01.5000000","InIsolation":false,"KeepAlive":false,"AreTestCaseLevelEventsRequired":false,"IsDebug":false,"TestCaseFilter":null,"FilterOptions":null},"Package":null}}
TpTrace Verbose: 0 : 26464, 7, 2022/12/06, 03:23:38.691, 7453333480800, vstest.console.dll, TestRunRequest:SendTestRunMessage: Starting.
TpTrace Verbose: 0 : 26464, 7, 2022/12/06, 03:23:38.691, 7453333485499, vstest.console.dll, MulticastDelegateUtilities.SafeInvoke: TestRun.LogMessages: Invoking callback 1/1 for Microsoft.VisualStudio.TestPlatform.CommandLine.TestRunResultAggregator.TestRunMessageHandler, took 0 ms.
TpTrace Information: 0 : 26464, 7, 2022/12/06, 03:23:38.692, 7453333486326, vstest.console.dll, TestRunRequest:SendTestRunMessage: Completed.
TpTrace Verbose: 0 : 26464, 7, 2022/12/06, 03:23:38.692, 7453333487437, vstest.console.dll, MulticastDelegateUtilities.SafeInvoke: LengthPrefixCommunicationChannel: MessageReceived: Invoking callback 1/1 for Microsoft.VisualStudio.TestPlatform.CommunicationUtilities.TestRequestSender+<>c__DisplayClass30_0.<StartTestRun>b__1, took 5 ms.
TpTrace Verbose: 0 : 26464, 7, 2022/12/06, 03:23:38.692, 7453333488176, vstest.console.dll, TcpClientExtensions.MessageLoopAsync: Polling on remoteEndPoint: 127.0.0.1:57795 localEndPoint: 127.0.0.1:57794
TpTrace Verbose: 0 : 26464, 4, 2022/12/06, 03:23:38.691, 7453333485604, vstest.console.dll, MulticastDelegateUtilities.SafeInvoke: InternalTestLoggerEvents.SendTestRunMessage: Invoking callback 1/1 for Microsoft.VisualStudio.TestPlatform.CommandLine.Internal.ConsoleLogger.TestMessageHandler, took 0 ms.
TpTrace Verbose: 0 : 26464, 7, 2022/12/06, 03:23:39.130, 7453337868689, vstest.console.dll, TcpClientExtensions.MessageLoopAsync: NotifyDataAvailable remoteEndPoint: 127.0.0.1:57795 localEndPoint: 127.0.0.1:57794
TpTrace Verbose: 0 : 26464, 7, 2022/12/06, 03:23:39.130, 7453337870881, vstest.console.dll, TestRequestSender.OnExecutionMessageReceived: Received message: {"Version":5,"MessageType":"TestSession.Message","Payload":{"MessageLevel":0,"Message":"NUnit Adapter 4.2.0.0: Test execution started"}}
TpTrace Verbose: 0 : 26464, 7, 2022/12/06, 03:23:39.130, 7453337875527, vstest.console.dll, TestRunRequest:SendTestRunMessage: Starting.
TpTrace Verbose: 0 : 26464, 7, 2022/12/06, 03:23:39.131, 7453337876742, vstest.console.dll, MulticastDelegateUtilities.SafeInvoke: TestRun.LogMessages: Invoking callback 1/1 for Microsoft.VisualStudio.TestPlatform.CommandLine.TestRunResultAggregator.TestRunMessageHandler, took 0 ms.
TpTrace Verbose: 0 : 26464, 4, 2022/12/06, 03:23:39.131, 7453337876921, vstest.console.dll, MulticastDelegateUtilities.SafeInvoke: InternalTestLoggerEvents.SendTestRunMessage: Invoking callback 1/1 for Microsoft.VisualStudio.TestPlatform.CommandLine.Internal.ConsoleLogger.TestMessageHandler, took 0 ms.
TpTrace Information: 0 : 26464, 7, 2022/12/06, 03:23:39.131, 7453337877553, vstest.console.dll, TestRunRequest:SendTestRunMessage: Completed.
TpTrace Verbose: 0 : 26464, 7, 2022/12/06, 03:23:39.131, 7453337879245, vstest.console.dll, MulticastDelegateUtilities.SafeInvoke: LengthPrefixCommunicationChannel: MessageReceived: Invoking callback 1/1 for Microsoft.VisualStudio.TestPlatform.CommunicationUtilities.TestRequestSender+<>c__DisplayClass30_0.<StartTestRun>b__1, took 0 ms.
TpTrace Verbose: 0 : 26464, 7, 2022/12/06, 03:23:39.131, 7453337880059, vstest.console.dll, TcpClientExtensions.MessageLoopAsync: Polling on remoteEndPoint: 127.0.0.1:57795 localEndPoint: 127.0.0.1:57794
TpTrace Verbose: 0 : 26464, 7, 2022/12/06, 03:23:39.206, 7453338631800, vstest.console.dll, TcpClientExtensions.MessageLoopAsync: NotifyDataAvailable remoteEndPoint: 127.0.0.1:57795 localEndPoint: 127.0.0.1:57794
TpTrace Verbose: 0 : 26464, 7, 2022/12/06, 03:23:39.206, 7453338633738, vstest.console.dll, TestRequestSender.OnExecutionMessageReceived: Received message: {"Version":5,"MessageType":"TestSession.Message","Payload":{"MessageLevel":0,"Message":"Running all tests in C:\\Users\\Dell\\OneDrive\\Рабочий стол\\Studying\\.NET\\Lab3\\Accounting_of_goods\\TestProject1\\bin\\Debug\\net6.0\\fine-code-coverage\\build-output\\TestProject1.dll"}}
TpTrace Verbose: 0 : 26464, 7, 2022/12/06, 03:23:39.207, 7453338636541, vstest.console.dll, TestRunRequest:SendTestRunMessage: Starting.
TpTrace Verbose: 0 : 26464, 7, 2022/12/06, 03:23:39.207, 7453338637952, vstest.console.dll, MulticastDelegateUtilities.SafeInvoke: TestRun.LogMessages: Invoking callback 1/1 for Microsoft.VisualStudio.TestPlatform.CommandLine.TestRunResultAggregator.TestRunMessageHandler, took 0 ms.
TpTrace Information: 0 : 26464, 7, 2022/12/06, 03:23:39.207, 7453338638737, vstest.console.dll, TestRunRequest:SendTestRunMessage: Completed.
TpTrace Verbose: 0 : 26464, 7, 2022/12/06, 03:23:39.207, 7453338639669, vstest.console.dll, MulticastDelegateUtilities.SafeInvoke: LengthPrefixCommunicationChannel: MessageReceived: Invoking callback 1/1 for Microsoft.VisualStudio.TestPlatform.CommunicationUtilities.TestRequestSender+<>c__DisplayClass30_0.<StartTestRun>b__1, took 0 ms.
TpTrace Verbose: 0 : 26464, 4, 2022/12/06, 03:23:39.207, 7453338638034, vstest.console.dll, MulticastDelegateUtilities.SafeInvoke: InternalTestLoggerEvents.SendTestRunMessage: Invoking callback 1/1 for Microsoft.VisualStudio.TestPlatform.CommandLine.Internal.ConsoleLogger.TestMessageHandler, took 0 ms.
TpTrace Verbose: 0 : 26464, 7, 2022/12/06, 03:23:39.207, 7453338640506, vstest.console.dll, TcpClientExtensions.MessageLoopAsync: Polling on remoteEndPoint: 127.0.0.1:57795 localEndPoint: 127.0.0.1:57794
TpTrace Verbose: 0 : 26464, 7, 2022/12/06, 03:23:39.533, 7453341902589, vstest.console.dll, TcpClientExtensions.MessageLoopAsync: NotifyDataAvailable remoteEndPoint: 127.0.0.1:57795 localEndPoint: 127.0.0.1:57794
TpTrace Verbose: 0 : 26464, 7, 2022/12/06, 03:23:39.533, 7453341904311, vstest.console.dll, TestRequestSender.OnExecutionMessageReceived: Received message: {"Version":5,"MessageType":"TestSession.Message","Payload":{"MessageLevel":0,"Message":"   NUnit3TestExecutor discovered 25 of 25 NUnit test cases using Current Discovery mode, Non-Explicit run"}}
TpTrace Verbose: 0 : 26464, 7, 2022/12/06, 03:23:39.534, 7453341906716, vstest.console.dll, TestRunRequest:SendTestRunMessage: Starting.
TpTrace Verbose: 0 : 26464, 7, 2022/12/06, 03:23:39.534, 7453341907729, vstest.console.dll, MulticastDelegateUtilities.SafeInvoke: TestRun.LogMessages: Invoking callback 1/1 for Microsoft.VisualStudio.TestPlatform.CommandLine.TestRunResultAggregator.TestRunMessageHandler, took 0 ms.
TpTrace Verbose: 0 : 26464, 4, 2022/12/06, 03:23:39.534, 7453341907927, vstest.console.dll, MulticastDelegateUtilities.SafeInvoke: InternalTestLoggerEvents.SendTestRunMessage: Invoking callback 1/1 for Microsoft.VisualStudio.TestPlatform.CommandLine.Internal.ConsoleLogger.TestMessageHandler, took 0 ms.
TpTrace Information: 0 : 26464, 7, 2022/12/06, 03:23:39.534, 7453341908474, vstest.console.dll, TestRunRequest:SendTestRunMessage: Completed.
TpTrace Verbose: 0 : 26464, 7, 2022/12/06, 03:23:39.534, 7453341910271, vstest.console.dll, MulticastDelegateUtilities.SafeInvoke: LengthPrefixCommunicationChannel: MessageReceived: Invoking callback 1/1 for Microsoft.VisualStudio.TestPlatform.CommunicationUtilities.TestRequestSender+<>c__DisplayClass30_0.<StartTestRun>b__1, took 0 ms.
TpTrace Verbose: 0 : 26464, 7, 2022/12/06, 03:23:39.534, 7453341911203, vstest.console.dll, TcpClientExtensions.MessageLoopAsync: Polling on remoteEndPoint: 127.0.0.1:57795 localEndPoint: 127.0.0.1:57794
TpTrace Verbose: 0 : 26464, 7, 2022/12/06, 03:23:40.538, 7453351955515, vstest.console.dll, TcpClientExtensions.MessageLoopAsync: Polling on remoteEndPoint: 127.0.0.1:57795 localEndPoint: 127.0.0.1:57794
TpTrace Verbose: 0 : 26464, 7, 2022/12/06, 03:23:40.579, 7453352357774, vstest.console.dll, TcpClientExtensions.MessageLoopAsync: NotifyDataAvailable remoteEndPoint: 127.0.0.1:57795 localEndPoint: 127.0.0.1:57794
TpTrace Verbose: 0 : 26464, 7, 2022/12/06, 03:23:40.579, 7453352360042, vstest.console.dll, TestRequestSender.OnExecutionMessageReceived: Received message: {"Version":5,"MessageType":"TestExecution.StatsChange","Payload":{"NewTestResults":[{"TestCase":{"Id":"67a195ce-60db-c4b7-d277-a1dff51220cc","FullyQualifiedName":"TestProject1.ApplicationContextTest.CategoriesCreat_TryCreatNewCategory_MethodAddFromMockOfApplicationContextForCategoryCalledOnce","DisplayName":"CategoriesCreat_TryCreatNewCategory_MethodAddFromMockOfApplicationContextForCategoryCalledOnce","ExecutorUri":"executor://NUnit3TestExecutor","Source":"C:\\Users\\Dell\\OneDrive\\Рабочий стол\\Studying\\.NET\\Lab3\\Accounting_of_goods\\TestProject1\\bin\\Debug\\net6.0\\fine-code-coverage\\build-output\\TestProject1.dll","CodeFilePath":null,"LineNumber":0,"Properties":[{"Key":{"Id":"NUnit.Seed","Label":"Seed","Category":"","Description":"","Attributes":0,"ValueType":"System.String"},"Value":"1577057350"}]},"Attachments":[],"Outcome":1,"ErrorMessage":null,"ErrorStackTrace":null,"DisplayName":"CategoriesCreat_TryCreatNewCategory_MethodAddFromMockOfApplicationContextForCategoryCalledOnce","Messages":[],"ComputerName":"DESKTOP-035NLAM","Duration":"00:00:00.5973600","StartTime":"2022-12-06T01:23:39.5975998+00:00","EndTime":"2022-12-06T01:23:40.1947884+00:00","Properties":[{"Key":{"Id":"NUnit.Seed","Label":"Seed","Category":"","Description":"","Attributes":0,"ValueType":"System.String"},"Value":"1577057350"}]}],"TestRunStatistics":{"ExecutedTests":1,"Stats":{"Passed":1}},"ActiveTests":[{"Id":"08fb61f7-71b9-4c11-7492-e447ff4e25a2","FullyQualifiedName":"TestProject1.ApplicationContextTest.CategoriesFind_TryModelGetingSomeElementByPredicateFromDbWithUsingList_GetListWithThirdElement","DisplayName":"CategoriesFind_TryModelGetingSomeElementByPredicateFromDbWithUsingList_GetListWithThirdElement","ExecutorUri":"executor://NUnit3TestExecutor","Source":"C:\\Users\\Dell\\OneDrive\\Рабочий стол\\Studying\\.NET\\Lab3\\Accounting_of_goods\\TestProject1\\bin\\Debug\\net6.0\\fine-code-coverage\\build-output\\TestProject1.dll","CodeFilePath":null,"LineNumber":0,"Properties":[{"Key":{"Id":"NUnit.Seed","Label":"Seed","Category":"","Description":"","Attributes":0,"ValueType":"System.String"},"Value":"1837255419"}]}]}}
TpTrace Verbose: 0 : 26464, 7, 2022/12/06, 03:23:40.637, 7453352945327, vstest.console.dll, TestRunRequest:SendTestRunStatsChange: Starting.
TpTrace Verbose: 0 : 26464, 7, 2022/12/06, 03:23:40.638, 7453352951043, vstest.console.dll, InProgress is CategoriesFind_TryModelGetingSomeElementByPredicateFromDbWithUsingList_GetListWithThirdElement
TpTrace Verbose: 0 : 26464, 7, 2022/12/06, 03:23:40.639, 7453352957269, vstest.console.dll, MulticastDelegateUtilities.SafeInvoke: TestRun.RunStatsChanged: Invoking callbacks was skipped because there are no subscribers.
TpTrace Information: 0 : 26464, 7, 2022/12/06, 03:23:40.639, 7453352958277, vstest.console.dll, TestRunRequest:SendTestRunStatsChange: Completed.
TpTrace Verbose: 0 : 26464, 7, 2022/12/06, 03:23:40.639, 7453352959045, vstest.console.dll, MulticastDelegateUtilities.SafeInvoke: LengthPrefixCommunicationChannel: MessageReceived: Invoking callback 1/1 for Microsoft.VisualStudio.TestPlatform.CommunicationUtilities.TestRequestSender+<>c__DisplayClass30_0.<StartTestRun>b__1, took 59 ms.
TpTrace Verbose: 0 : 26464, 7, 2022/12/06, 03:23:40.639, 7453352959769, vstest.console.dll, TcpClientExtensions.MessageLoopAsync: Polling on remoteEndPoint: 127.0.0.1:57795 localEndPoint: 127.0.0.1:57794
TpTrace Verbose: 0 : 26464, 4, 2022/12/06, 03:23:40.646, 7453353026546, vstest.console.dll, MulticastDelegateUtilities.SafeInvoke: InternalTestLoggerEvents.SendTestResult: Invoking callback 1/1 for Microsoft.VisualStudio.TestPlatform.CommandLine.Internal.ConsoleLogger.TestResultHandler, took 6 ms.
TpTrace Verbose: 0 : 26464, 7, 2022/12/06, 03:23:40.805, 7453354617255, vstest.console.dll, TcpClientExtensions.MessageLoopAsync: NotifyDataAvailable remoteEndPoint: 127.0.0.1:57795 localEndPoint: 127.0.0.1:57794
TpTrace Verbose: 0 : 26464, 7, 2022/12/06, 03:23:40.805, 7453354625606, vstest.console.dll, TestRequestSender.OnExecutionMessageReceived: Received message: {"Version":5,"MessageType":"TestExecution.StatsChange","Payload":{"NewTestResults":[{"TestCase":{"Id":"08fb61f7-71b9-4c11-7492-e447ff4e25a2","FullyQualifiedName":"TestProject1.ApplicationContextTest.CategoriesFind_TryModelGetingSomeElementByPredicateFromDbWithUsingList_GetListWithThirdElement","DisplayName":"CategoriesFind_TryModelGetingSomeElementByPredicateFromDbWithUsingList_GetListWithThirdElement","ExecutorUri":"executor://NUnit3TestExecutor","Source":"C:\\Users\\Dell\\OneDrive\\Рабочий стол\\Studying\\.NET\\Lab3\\Accounting_of_goods\\TestProject1\\bin\\Debug\\net6.0\\fine-code-coverage\\build-output\\TestProject1.dll","CodeFilePath":null,"LineNumber":0,"Properties":[{"Key":{"Id":"NUnit.Seed","Label":"Seed","Category":"","Description":"","Attributes":0,"ValueType":"System.String"},"Value":"1837255419"}]},"Attachments":[],"Outcome":1,"ErrorMessage":null,"ErrorStackTrace":null,"DisplayName":"CategoriesFind_TryModelGetingSomeElementByPredicateFromDbWithUsingList_GetListWithThirdElement","Messages":[],"ComputerName":"DESKTOP-035NLAM","Duration":"00:00:00.3089640","StartTime":"2022-12-06T01:23:40.2685016+00:00","EndTime":"2022-12-06T01:23:40.5774667+00:00","Properties":[{"Key":{"Id":"NUnit.Seed","Label":"Seed","Category":"","Description":"","Attributes":0,"ValueType":"System.String"},"Value":"1837255419"}]},{"TestCase":{"Id":"2dd3b05e-1ba2-31a8-2647-0aa1dbc00ff1","FullyQualifiedName":"TestProject1.ApplicationContextTest.CategoriesGet_TryGetOneCategoryById_MethodFindFromMockOfApplicationContextCalledOnce","DisplayName":"CategoriesGet_TryGetOneCategoryById_MethodFindFromMockOfApplicationContextCalledOnce","ExecutorUri":"executor://NUnit3TestExecutor","Source":"C:\\Users\\Dell\\OneDrive\\Рабочий стол\\Studying\\.NET\\Lab3\\Accounting_of_goods\\TestProject1\\bin\\Debug\\net6.0\\fine-code-coverage\\build-output\\TestProject1.dll","CodeFilePath":null,"LineNumber":0,"Properties":[{"Key":{"Id":"NUnit.Seed","Label":"Seed","Category":"","Description":"","Attributes":0,"ValueType":"System.String"},"Value":"191465384"}]},"Attachments":[],"Outcome":1,"ErrorMessage":null,"ErrorStackTrace":null,"DisplayName":"CategoriesGet_TryGetOneCategoryById_MethodFindFromMockOfApplicationContextCalledOnce","Messages":[],"ComputerName":"DESKTOP-035NLAM","Duration":"00:00:00.0094170","StartTime":"2022-12-06T01:23:40.5920581+00:00","EndTime":"2022-12-06T01:23:40.601476+00:00","Properties":[{"Key":{"Id":"NUnit.Seed","Label":"Seed","Category":"","Description":"","Attributes":0,"ValueType":"System.String"},"Value":"191465384"}]},{"TestCase":{"Id":"1961c12a-2526-aeaf-d09c-e19f6614e022","FullyQualifiedName":"TestProject1.ApplicationContextTest.CategoriesGetAll_TryModelGetingAllElementFromDbWithUsingList_GetListWithThirdElement","DisplayName":"CategoriesGetAll_TryModelGetingAllElementFromDbWithUsingList_GetListWithThirdElement","ExecutorUri":"executor://NUnit3TestExecutor","Source":"C:\\Users\\Dell\\OneDrive\\Рабочий стол\\Studying\\.NET\\Lab3\\Accounting_of_goods\\TestProject1\\bin\\Debug\\net6.0\\fine-code-coverage\\build-output\\TestProject1.dll","CodeFilePath":null,"LineNumber":0,"Properties":[{"Key":{"Id":"NUnit.Seed","Label":"Seed","Category":"","Description":"","Attributes":0,"ValueType":"System.String"},"Value":"1472175284"}]},"Attachments":[],"Outcome":1,"ErrorMessage":null,"ErrorStackTrace":null,"DisplayName":"CategoriesGetAll_TryModelGetingAllElementFromDbWithUsingList_GetListWithThirdElement","Messages":[],"ComputerName":"DESKTOP-035NLAM","Duration":"00:00:00.0045820","StartTime":"2022-12-06T01:23:40.6207611+00:00","EndTime":"2022-12-06T01:23:40.625344+00:00","Properties":[{"Key":{"Id":"NUnit.Seed","Label":"Seed","Category":"","Description":"","Attributes":0,"ValueType":"System.String"},"Value":"1472175284"}]},{"TestCase":{"Id":"7830ce58-4f4f-ec77-c584-395ea94b028e","FullyQualifiedName":"TestProject1.ApplicationContextTest.CategoriesUpdate_TryUpdateOneCategoryById_MethodUpdateFromMockOfApplicationContextCalledOnce","DisplayName":"CategoriesUpdate_TryUpdateOneCategoryById_MethodUpdateFromMockOfApplicationContextCalledOnce","ExecutorUri":"executor://NUnit3TestExecutor","Source":"C:\\Users\\Dell\\OneDrive\\Рабочий стол\\Studying\\.NET\\Lab3\\Accounting_of_goods\\TestProject1\\bin\\Debug\\net6.0\\fine-code-coverage\\build-output\\TestProject1.dll","CodeFilePath":null,"LineNumber":0,"Properties":[{"Key":{"Id":"NUnit.Seed","Label":"Seed","Category":"","Description":"","Attributes":0,"ValueType":"System.String"},"Value":"1473203740"}]},"Attachments":[],"Outcome":1,"ErrorMessage":null,"ErrorStackTrace":null,"DisplayName":"CategoriesUpdate_TryUpdateOneCategoryById_MethodUpdateFromMockOfApplicationContextCalledOnce","Messages":[],"ComputerName":"DESKTOP-035NLAM","Duration":"00:00:00.0041390","StartTime":"2022-12-06T01:23:40.6338189+00:00","EndTime":"2022-12-06T01:23:40.6379584+00:00","Properties":[{"Key":{"Id":"NUnit.Seed","Label":"Seed","Category":"","Description":"","Attributes":0,"ValueType":"System.String"},"Value":"1473203740"}]},{"TestCase":{"Id":"cefd42a5-3a1a-12aa-79ae-1db9ef65ee60","FullyQualifiedName":"TestProject1.ApplicationContextTest.CategoryDelete_TryDeleteOneCategoryById_MethodDeleteFromMockOfApplicationContextCalledOnce","DisplayName":"CategoryDelete_TryDeleteOneCategoryById_MethodDeleteFromMockOfApplicationContextCalledOnce","ExecutorUri":"executor://NUnit3TestExecutor","Source":"C:\\Users\\Dell\\OneDrive\\Рабочий стол\\Studying\\.NET\\Lab3\\Accounting_of_goods\\TestProject1\\bin\\Debug\\net6.0\\fine-code-coverage\\build-output\\TestProject1.dll","CodeFilePath":null,"LineNumber":0,"Properties":[{"Key":{"Id":"NUnit.Seed","Label":"Seed","Category":"","Description":"","Attributes":0,"ValueType":"System.String"},"Value":"661157937"}]},"Attachments":[],"Outcome":1,"ErrorMessage":null,"ErrorStackTrace":null,"DisplayName":"CategoryDelete_TryDeleteOneCategoryById_MethodDeleteFromMockOfApplicationContextCalledOnce","Messages":[],"ComputerName":"DESKTOP-035NLAM","Duration":"00:00:00.0051410","StartTime":"2022-12-06T01:23:40.6441683+00:00","EndTime":"2022-12-06T01:23:40.6493099+00:00","Properties":[{"Key":{"Id":"NUnit.Seed","Label":"Seed","Category":"","Description":"","Attributes":0,"ValueType":"System.String"},"Value":"661157937"}]},{"TestCase":{"Id":"303a8fbd-2d15-f20d-369b-984f58c55bc3","FullyQualifiedName":"TestProject1.ApplicationContextTest.GoodsCreat_TryCreatNewGoods_MethodAddFromMockOfApplicationContextForGoodsCalledOnce","DisplayName":"GoodsCreat_TryCreatNewGoods_MethodAddFromMockOfApplicationContextForGoodsCalledOnce","ExecutorUri":"executor://NUnit3TestExecutor","Source":"C:\\Users\\Dell\\OneDrive\\Рабочий стол\\Studying\\.NET\\Lab3\\Accounting_of_goods\\TestProject1\\bin\\Debug\\net6.0\\fine-code-coverage\\build-output\\TestProject1.dll","CodeFilePath":null,"LineNumber":0,"Properties":[{"Key":{"Id":"NUnit.Seed","Label":"Seed","Category":"","Description":"","Attributes":0,"ValueType":"System.String"},"Value":"956106025"}]},"Attachments":[],"Outcome":1,"ErrorMessage":null,"ErrorStackTrace":null,"DisplayName":"GoodsCreat_TryCreatNewGoods_MethodAddFromMockOfApplicationContextForGoodsCalledOnce","Messages":[],"ComputerName":"DESKTOP-035NLAM","Duration":"00:00:00.0339980","StartTime":"2022-12-06T01:23:40.6535291+00:00","EndTime":"2022-12-06T01:23:40.6875276+00:00","Properties":[{"Key":{"Id":"NUnit.Seed","Label":"Seed","Category":"","Description":"","Attributes":0,"ValueType":"System.String"},"Value":"956106025"}]},{"TestCase":{"Id":"3d51b283-4b43-0290-051e-94c4bf790fbd","FullyQualifiedName":"TestProject1.ApplicationContextTest.GoodsDelete_TryDeleteOneGoodsById_MethodDeleteFromMockOfApplicationContextCalledOnce","DisplayName":"GoodsDelete_TryDeleteOneGoodsById_MethodDeleteFromMockOfApplicationContextCalledOnce","ExecutorUri":"executor://NUnit3TestExecutor","Source":"C:\\Users\\Dell\\OneDrive\\Рабочий стол\\Studying\\.NET\\Lab3\\Accounting_of_goods\\TestProject1\\bin\\Debug\\net6.0\\fine-code-coverage\\build-output\\TestProject1.dll","CodeFilePath":null,"LineNumber":0,"Properties":[{"Key":{"Id":"NUnit.Seed","Label":"Seed","Category":"","Description":"","Attributes":0,"ValueType":"System.String"},"Value":"824404098"}]},"Attachments":[],"Outcome":1,"ErrorMessage":null,"ErrorStackTrace":null,"DisplayName":"GoodsDelete_TryDeleteOneGoodsById_MethodDeleteFromMockOfApplicationContextCalledOnce","Messages":[],"ComputerName":"DESKTOP-035NLAM","Duration":"00:00:00.0075020","StartTime":"2022-12-06T01:23:40.6875694+00:00","EndTime":"2022-12-06T01:23:40.6950713+00:00","Properties":[{"Key":{"Id":"NUnit.Seed","Label":"Seed","Category":"","Description":"","Attributes":0,"ValueType":"System.String"},"Value":"824404098"}]},{"TestCase":{"Id":"a275a407-52ee-c003-b8b3-8307e26a9d07","FullyQualifiedName":"TestProject1.ApplicationContextTest.GoodsFind_TryModelGetingSomeElementByPredicateFromDbWithUsingList_GetListWithThirdElement","DisplayName":"GoodsFind_TryModelGetingSomeElementByPredicateFromDbWithUsingList_GetListWithThirdElement","ExecutorUri":"executor://NUnit3TestExecutor","Source":"C:\\Users\\Dell\\OneDrive\\Рабочий стол\\Studying\\.NET\\Lab3\\Accounting_of_goods\\TestProject1\\bin\\Debug\\net6.0\\fine-code-coverage\\build-output\\TestProject1.dll","CodeFilePath":null,"LineNumber":0,"Properties":[{"Key":{"Id":"NUnit.Seed","Label":"Seed","Category":"","Description":"","Attributes":0,"ValueType":"System.String"},"Value":"1117760554"}]},"Attachments":[],"Outcome":1,"ErrorMessage":null,"ErrorStackTrace":null,"DisplayName":"GoodsFind_TryModelGetingSomeElementByPredicateFromDbWithUsingList_GetListWithThirdElement","Messages":[],"ComputerName":"DESKTOP-035NLAM","Duration":"00:00:00.0814270","StartTime":"2022-12-06T01:23:40.6951426+00:00","EndTime":"2022-12-06T01:23:40.7765698+00:00","Properties":[{"Key":{"Id":"NUnit.Seed","Label":"Seed","Category":"","Description":"","Attributes":0,"ValueType":"System.String"},"Value":"1117760554"}]},{"TestCase":{"Id":"8e9d795c-4854-1a7d-b33f-ca883c2ccdd6","FullyQualifiedName":"TestProject1.ApplicationContextTest.GoodsGet_TryGetOneGoodsById_MethodFindFromMockOfApplicationContextCalledOnce","DisplayName":"GoodsGet_TryGetOneGoodsById_MethodFindFromMockOfApplicationContextCalledOnce","ExecutorUri":"executor://NUnit3TestExecutor","Source":"C:\\Users\\Dell\\OneDrive\\Рабочий стол\\Studying\\.NET\\Lab3\\Accounting_of_goods\\TestProject1\\bin\\Debug\\net6.0\\fine-code-coverage\\build-output\\TestProject1.dll","CodeFilePath":null,"LineNumber":0,"Properties":[{"Key":{"Id":"NUnit.Seed","Label":"Seed","Category":"","Description":"","Attributes":0,"ValueType":"System.String"},"Value":"289611135"}]},"Attachments":[],"Outcome":1,"ErrorMessage":null,"ErrorStackTrace":null,"DisplayName":"GoodsGet_TryGetOneGoodsById_MethodFindFromMockOfApplicationContextCalledOnce","Messages":[],"ComputerName":"DESKTOP-035NLAM","Duration":"00:00:00.0149840","StartTime":"2022-12-06T01:23:40.7849259+00:00","EndTime":"2022-12-06T01:23:40.7999106+00:00","Properties":[{"Key":{"Id":"NUnit.Seed","Label":"Seed","Category":"","Description":"","Attributes":0,"ValueType":"System.String"},"Value":"289611135"}]}],"TestRunStatistics":{"ExecutedTests":10,"Stats":{"Passed":10}},"ActiveTests":[{"Id":"f4c8b67c-cf98-4028-f56a-274e12755482","FullyQualifiedName":"TestProject1.ApplicationContextTest.GoodsGetAll_TryModelGetingAllElementFromDbWithUsingList_GetListWithThirdElement","DisplayName":"GoodsGetAll_TryModelGetingAllElementFromDbWithUsingList_GetListWithThirdElement","ExecutorUri":"executor://NUnit3TestExecutor","Source":"C:\\Users\\Dell\\OneDrive\\Рабочий стол\\Studying\\.NET\\Lab3\\Accounting_of_goods\\TestProject1\\bin\\Debug\\net6.0\\fine-code-coverage\\build-output\\TestProject1.dll","CodeFilePath":null,"LineNumber":0,"Properties":[{"Key":{"Id":"NUnit.Seed","Label":"Seed","Category":"","Description":"","Attributes":0,"ValueType":"System.String"},"Value":"679648244"}]}]}}
TpTrace Verbose: 0 : 26464, 7, 2022/12/06, 03:23:40.817, 7453354739319, vstest.console.dll, TestRunRequest:SendTestRunStatsChange: Starting.
TpTrace Verbose: 0 : 26464, 7, 2022/12/06, 03:23:40.817, 7453354740487, vstest.console.dll, InProgress is GoodsGetAll_TryModelGetingAllElementFromDbWithUsingList_GetListWithThirdElement
TpTrace Verbose: 0 : 26464, 7, 2022/12/06, 03:23:40.817, 7453354741738, vstest.console.dll, MulticastDelegateUtilities.SafeInvoke: TestRun.RunStatsChanged: Invoking callbacks was skipped because there are no subscribers.
TpTrace Information: 0 : 26464, 7, 2022/12/06, 03:23:40.817, 7453354742434, vstest.console.dll, TestRunRequest:SendTestRunStatsChange: Completed.
TpTrace Verbose: 0 : 26464, 7, 2022/12/06, 03:23:40.817, 7453354743051, vstest.console.dll, MulticastDelegateUtilities.SafeInvoke: LengthPrefixCommunicationChannel: MessageReceived: Invoking callback 1/1 for Microsoft.VisualStudio.TestPlatform.CommunicationUtilities.TestRequestSender+<>c__DisplayClass30_0.<StartTestRun>b__1, took 11 ms.
TpTrace Verbose: 0 : 26464, 7, 2022/12/06, 03:23:40.817, 7453354743741, vstest.console.dll, TcpClientExtensions.MessageLoopAsync: Polling on remoteEndPoint: 127.0.0.1:57795 localEndPoint: 127.0.0.1:57794
TpTrace Verbose: 0 : 26464, 4, 2022/12/06, 03:23:40.817, 7453354745586, vstest.console.dll, MulticastDelegateUtilities.SafeInvoke: InternalTestLoggerEvents.SendTestResult: Invoking callback 1/1 for Microsoft.VisualStudio.TestPlatform.CommandLine.Internal.ConsoleLogger.TestResultHandler, took 0 ms.
TpTrace Verbose: 0 : 26464, 4, 2022/12/06, 03:23:40.818, 7453354746483, vstest.console.dll, MulticastDelegateUtilities.SafeInvoke: InternalTestLoggerEvents.SendTestResult: Invoking callback 1/1 for Microsoft.VisualStudio.TestPlatform.CommandLine.Internal.ConsoleLogger.TestResultHandler, took 0 ms.
TpTrace Verbose: 0 : 26464, 4, 2022/12/06, 03:23:40.818, 7453354747787, vstest.console.dll, MulticastDelegateUtilities.SafeInvoke: InternalTestLoggerEvents.SendTestResult: Invoking callback 1/1 for Microsoft.VisualStudio.TestPlatform.CommandLine.Internal.ConsoleLogger.TestResultHandler, took 0 ms.
TpTrace Verbose: 0 : 26464, 4, 2022/12/06, 03:23:40.818, 7453354748603, vstest.console.dll, MulticastDelegateUtilities.SafeInvoke: InternalTestLoggerEvents.SendTestResult: Invoking callback 1/1 for Microsoft.VisualStudio.TestPlatform.CommandLine.Internal.ConsoleLogger.TestResultHandler, took 0 ms.
TpTrace Verbose: 0 : 26464, 4, 2022/12/06, 03:23:40.818, 7453354749361, vstest.console.dll, MulticastDelegateUtilities.SafeInvoke: InternalTestLoggerEvents.SendTestResult: Invoking callback 1/1 for Microsoft.VisualStudio.TestPlatform.CommandLine.Internal.ConsoleLogger.TestResultHandler, took 0 ms.
TpTrace Verbose: 0 : 26464, 4, 2022/12/06, 03:23:40.818, 7453354750137, vstest.console.dll, MulticastDelegateUtilities.SafeInvoke: InternalTestLoggerEvents.SendTestResult: Invoking callback 1/1 for Microsoft.VisualStudio.TestPlatform.CommandLine.Internal.ConsoleLogger.TestResultHandler, took 0 ms.
TpTrace Verbose: 0 : 26464, 4, 2022/12/06, 03:23:40.818, 7453354750986, vstest.console.dll, MulticastDelegateUtilities.SafeInvoke: InternalTestLoggerEvents.SendTestResult: Invoking callback 1/1 for Microsoft.VisualStudio.TestPlatform.CommandLine.Internal.ConsoleLogger.TestResultHandler, took 0 ms.
TpTrace Verbose: 0 : 26464, 4, 2022/12/06, 03:23:40.818, 7453354751927, vstest.console.dll, MulticastDelegateUtilities.SafeInvoke: InternalTestLoggerEvents.SendTestResult: Invoking callback 1/1 for Microsoft.VisualStudio.TestPlatform.CommandLine.Internal.ConsoleLogger.TestResultHandler, took 0 ms.
TpTrace Verbose: 0 : 26464, 4, 2022/12/06, 03:23:40.818, 7453354752753, vstest.console.dll, MulticastDelegateUtilities.SafeInvoke: InternalTestLoggerEvents.SendTestResult: Invoking callback 1/1 for Microsoft.VisualStudio.TestPlatform.CommandLine.Internal.ConsoleLogger.TestResultHandler, took 0 ms.
TpTrace Verbose: 0 : 26464, 7, 2022/12/06, 03:23:41.202, 7453358591933, vstest.console.dll, TcpClientExtensions.MessageLoopAsync: NotifyDataAvailable remoteEndPoint: 127.0.0.1:57795 localEndPoint: 127.0.0.1:57794
TpTrace Verbose: 0 : 26464, 7, 2022/12/06, 03:23:41.203, 7453358596387, vstest.console.dll, TestRequestSender.OnExecutionMessageReceived: Received message: {"Version":5,"MessageType":"TestExecution.StatsChange","Payload":{"NewTestResults":[{"TestCase":{"Id":"f4c8b67c-cf98-4028-f56a-274e12755482","FullyQualifiedName":"TestProject1.ApplicationContextTest.GoodsGetAll_TryModelGetingAllElementFromDbWithUsingList_GetListWithThirdElement","DisplayName":"GoodsGetAll_TryModelGetingAllElementFromDbWithUsingList_GetListWithThirdElement","ExecutorUri":"executor://NUnit3TestExecutor","Source":"C:\\Users\\Dell\\OneDrive\\Рабочий стол\\Studying\\.NET\\Lab3\\Accounting_of_goods\\TestProject1\\bin\\Debug\\net6.0\\fine-code-coverage\\build-output\\TestProject1.dll","CodeFilePath":null,"LineNumber":0,"Properties":[{"Key":{"Id":"NUnit.Seed","Label":"Seed","Category":"","Description":"","Attributes":0,"ValueType":"System.String"},"Value":"679648244"}]},"Attachments":[],"Outcome":1,"ErrorMessage":null,"ErrorStackTrace":null,"DisplayName":"GoodsGetAll_TryModelGetingAllElementFromDbWithUsingList_GetListWithThirdElement","Messages":[],"ComputerName":"DESKTOP-035NLAM","Duration":"00:00:00.0137760","StartTime":"2022-12-06T01:23:40.803083+00:00","EndTime":"2022-12-06T01:23:40.8168588+00:00","Properties":[{"Key":{"Id":"NUnit.Seed","Label":"Seed","Category":"","Description":"","Attributes":0,"ValueType":"System.String"},"Value":"679648244"}]},{"TestCase":{"Id":"b81546c2-05dc-6fc5-c32d-c991af1cd0e6","FullyQualifiedName":"TestProject1.ApplicationContextTest.GoodsUpdate_TryUpdateOneGoodsById_MethodUpdateFromMockOfApplicationContextCalledOnce","DisplayName":"GoodsUpdate_TryUpdateOneGoodsById_MethodUpdateFromMockOfApplicationContextCalledOnce","ExecutorUri":"executor://NUnit3TestExecutor","Source":"C:\\Users\\Dell\\OneDrive\\Рабочий стол\\Studying\\.NET\\Lab3\\Accounting_of_goods\\TestProject1\\bin\\Debug\\net6.0\\fine-code-coverage\\build-output\\TestProject1.dll","CodeFilePath":null,"LineNumber":0,"Properties":[{"Key":{"Id":"NUnit.Seed","Label":"Seed","Category":"","Description":"","Attributes":0,"ValueType":"System.String"},"Value":"1515785240"}]},"Attachments":[],"Outcome":1,"ErrorMessage":null,"ErrorStackTrace":null,"DisplayName":"GoodsUpdate_TryUpdateOneGoodsById_MethodUpdateFromMockOfApplicationContextCalledOnce","Messages":[],"ComputerName":"DESKTOP-035NLAM","Duration":"00:00:00.0068500","StartTime":"2022-12-06T01:23:40.8208603+00:00","EndTime":"2022-12-06T01:23:40.8277103+00:00","Properties":[{"Key":{"Id":"NUnit.Seed","Label":"Seed","Category":"","Description":"","Attributes":0,"ValueType":"System.String"},"Value":"1515785240"}]},{"TestCase":{"Id":"c0e5bd39-41e4-22db-3f35-399fccd1ae7a","FullyQualifiedName":"TestProject1.CategoryControllerTest.Creat_TryCreatNewCategoryInDb_ResultIsCalledAddForCategoriesDbSet","DisplayName":"Creat_TryCreatNewCategoryInDb_ResultIsCalledAddForCategoriesDbSet","ExecutorUri":"executor://NUnit3TestExecutor","Source":"C:\\Users\\Dell\\OneDrive\\Рабочий стол\\Studying\\.NET\\Lab3\\Accounting_of_goods\\TestProject1\\bin\\Debug\\net6.0\\fine-code-coverage\\build-output\\TestProject1.dll","CodeFilePath":null,"LineNumber":0,"Properties":[{"Key":{"Id":"NUnit.Seed","Label":"Seed","Category":"","Description":"","Attributes":0,"ValueType":"System.String"},"Value":"1502990005"}]},"Attachments":[],"Outcome":1,"ErrorMessage":null,"ErrorStackTrace":null,"DisplayName":"Creat_TryCreatNewCategoryInDb_ResultIsCalledAddForCategoriesDbSet","Messages":[],"ComputerName":"DESKTOP-035NLAM","Duration":"00:00:00.0278540","StartTime":"2022-12-06T01:23:40.837882+00:00","EndTime":"2022-12-06T01:23:40.8657368+00:00","Properties":[{"Key":{"Id":"NUnit.Seed","Label":"Seed","Category":"","Description":"","Attributes":0,"ValueType":"System.String"},"Value":"1502990005"}]},{"TestCase":{"Id":"a05cee4d-08ce-a53c-e515-0e52ea961031","FullyQualifiedName":"TestProject1.CategoryControllerTest.Delete_TryDeleteOneCategoryById_MethodDeleteFromMockOfApplicationContextCalledOnce","DisplayName":"Delete_TryDeleteOneCategoryById_MethodDeleteFromMockOfApplicationContextCalledOnce","ExecutorUri":"executor://NUnit3TestExecutor","Source":"C:\\Users\\Dell\\OneDrive\\Рабочий стол\\Studying\\.NET\\Lab3\\Accounting_of_goods\\TestProject1\\bin\\Debug\\net6.0\\fine-code-coverage\\build-output\\TestProject1.dll","CodeFilePath":null,"LineNumber":0,"Properties":[{"Key":{"Id":"NUnit.Seed","Label":"Seed","Category":"","Description":"","Attributes":0,"ValueType":"System.String"},"Value":"40583481"}]},"Attachments":[],"Outcome":1,"ErrorMessage":null,"ErrorStackTrace":null,"DisplayName":"Delete_TryDeleteOneCategoryById_MethodDeleteFromMockOfApplicationContextCalledOnce","Messages":[],"ComputerName":"DESKTOP-035NLAM","Duration":"00:00:00.0089529","StartTime":"2022-12-06T01:23:40.8658059+00:00","EndTime":"2022-12-06T01:23:40.8747582+00:00","Properties":[{"Key":{"Id":"NUnit.Seed","Label":"Seed","Category":"","Description":"","Attributes":0,"ValueType":"System.String"},"Value":"40583481"}]},{"TestCase":{"Id":"6cecbb3a-f1d6-5943-6394-3b80e25e8a17","FullyQualifiedName":"TestProject1.CategoryControllerTest.GetAll_TryModelGetingAllElementFromDbWithUsingList_GetListWithThirdElement","DisplayName":"GetAll_TryModelGetingAllElementFromDbWithUsingList_GetListWithThirdElement","ExecutorUri":"executor://NUnit3TestExecutor","Source":"C:\\Users\\Dell\\OneDrive\\Рабочий стол\\Studying\\.NET\\Lab3\\Accounting_of_goods\\TestProject1\\bin\\Debug\\net6.0\\fine-code-coverage\\build-output\\TestProject1.dll","CodeFilePath":null,"LineNumber":0,"Properties":[{"Key":{"Id":"NUnit.Seed","Label":"Seed","Category":"","Description":"","Attributes":0,"ValueType":"System.String"},"Value":"1574264668"}]},"Attachments":[],"Outcome":1,"ErrorMessage":null,"ErrorStackTrace":null,"DisplayName":"GetAll_TryModelGetingAllElementFromDbWithUsingList_GetListWithThirdElement","Messages":[],"ComputerName":"DESKTOP-035NLAM","Duration":"00:00:00.2545160","StartTime":"2022-12-06T01:23:40.8749351+00:00","EndTime":"2022-12-06T01:23:41.1294512+00:00","Properties":[{"Key":{"Id":"NUnit.Seed","Label":"Seed","Category":"","Description":"","Attributes":0,"ValueType":"System.String"},"Value":"1574264668"}]},{"TestCase":{"Id":"3a811dfc-49e6-d87d-cd47-233895bf4381","FullyQualifiedName":"TestProject1.CategoryControllerTest.GetCurrent_TryGetOneCategoryById_MethodFindFromMockOfApplicationContextCalledOnce","DisplayName":"GetCurrent_TryGetOneCategoryById_MethodFindFromMockOfApplicationContextCalledOnce","ExecutorUri":"executor://NUnit3TestExecutor","Source":"C:\\Users\\Dell\\OneDrive\\Рабочий стол\\Studying\\.NET\\Lab3\\Accounting_of_goods\\TestProject1\\bin\\Debug\\net6.0\\fine-code-coverage\\build-output\\TestProject1.dll","CodeFilePath":null,"LineNumber":0,"Properties":[{"Key":{"Id":"NUnit.Seed","Label":"Seed","Category":"","Description":"","Attributes":0,"ValueType":"System.String"},"Value":"395370753"}]},"Attachments":[],"Outcome":1,"ErrorMessage":null,"ErrorStackTrace":null,"DisplayName":"GetCurrent_TryGetOneCategoryById_MethodFindFromMockOfApplicationContextCalledOnce","Messages":[],"ComputerName":"DESKTOP-035NLAM","Duration":"00:00:00.0029359","StartTime":"2022-12-06T01:23:41.1408428+00:00","EndTime":"2022-12-06T01:23:41.1437799+00:00","Properties":[{"Key":{"Id":"NUnit.Seed","Label":"Seed","Category":"","Description":"","Attributes":0,"ValueType":"System.String"},"Value":"395370753"}]},{"TestCase":{"Id":"fb54d779-5ab5-54d2-d2a6-169b4edbdd44","FullyQualifiedName":"TestProject1.CategoryControllerTest.UpDate_TryUpdateOneCategoryById_MethodUpdateFromMockOfApplicationContextCalledOnce","DisplayName":"UpDate_TryUpdateOneCategoryById_MethodUpdateFromMockOfApplicationContextCalledOnce","ExecutorUri":"executor://NUnit3TestExecutor","Source":"C:\\Users\\Dell\\OneDrive\\Рабочий стол\\Studying\\.NET\\Lab3\\Accounting_of_goods\\TestProject1\\bin\\Debug\\net6.0\\fine-code-coverage\\build-output\\TestProject1.dll","CodeFilePath":null,"LineNumber":0,"Properties":[{"Key":{"Id":"NUnit.Seed","Label":"Seed","Category":"","Description":"","Attributes":0,"ValueType":"System.String"},"Value":"1015210895"}]},"Attachments":[],"Outcome":1,"ErrorMessage":null,"ErrorStackTrace":null,"DisplayName":"UpDate_TryUpdateOneCategoryById_MethodUpdateFromMockOfApplicationContextCalledOnce","Messages":[],"ComputerName":"DESKTOP-035NLAM","Duration":"00:00:00.0059770","StartTime":"2022-12-06T01:23:41.1525941+00:00","EndTime":"2022-12-06T01:23:41.1585714+00:00","Properties":[{"Key":{"Id":"NUnit.Seed","Label":"Seed","Category":"","Description":"","Attributes":0,"ValueType":"System.String"},"Value":"1015210895"}]},{"TestCase":{"Id":"877d12a2-ec5d-a565-43ab-6aa97a95159a","FullyQualifiedName":"TestProject1.GoodsControllerTest.Creat_TryCreatNewGoods_MethodAddFromMockOfApplicationContextForGoodsCalledOnce","DisplayName":"Creat_TryCreatNewGoods_MethodAddFromMockOfApplicationContextForGoodsCalledOnce","ExecutorUri":"executor://NUnit3TestExecutor","Source":"C:\\Users\\Dell\\OneDrive\\Рабочий стол\\Studying\\.NET\\Lab3\\Accounting_of_goods\\TestProject1\\bin\\Debug\\net6.0\\fine-code-coverage\\build-output\\TestProject1.dll","CodeFilePath":null,"LineNumber":0,"Properties":[{"Key":{"Id":"NUnit.Seed","Label":"Seed","Category":"","Description":"","Attributes":0,"ValueType":"System.String"},"Value":"648823264"}]},"Attachments":[],"Outcome":1,"ErrorMessage":null,"ErrorStackTrace":null,"DisplayName":"Creat_TryCreatNewGoods_MethodAddFromMockOfApplicationContextForGoodsCalledOnce","Messages":[],"ComputerName":"DESKTOP-035NLAM","Duration":"00:00:00.0157420","StartTime":"2022-12-06T01:23:41.1675567+00:00","EndTime":"2022-12-06T01:23:41.1832988+00:00","Properties":[{"Key":{"Id":"NUnit.Seed","Label":"Seed","Category":"","Description":"","Attributes":0,"ValueType":"System.String"},"Value":"648823264"}]},{"TestCase":{"Id":"953f4110-4cc2-d842-01ab-bf7529e17375","FullyQualifiedName":"TestProject1.GoodsControllerTest.Delete_TryDeleteOneGoodsById_MethodDeleteFromMockOfApplicationContextCalledOnce","DisplayName":"Delete_TryDeleteOneGoodsById_MethodDeleteFromMockOfApplicationContextCalledOnce","ExecutorUri":"executor://NUnit3TestExecutor","Source":"C:\\Users\\Dell\\OneDrive\\Рабочий стол\\Studying\\.NET\\Lab3\\Accounting_of_goods\\TestProject1\\bin\\Debug\\net6.0\\fine-code-coverage\\build-output\\TestProject1.dll","CodeFilePath":null,"LineNumber":0,"Properties":[{"Key":{"Id":"NUnit.Seed","Label":"Seed","Category":"","Description":"","Attributes":0,"ValueType":"System.String"},"Value":"86452771"}]},"Attachments":[],"Outcome":1,"ErrorMessage":null,"ErrorStackTrace":null,"DisplayName":"Delete_TryDeleteOneGoodsById_MethodDeleteFromMockOfApplicationContextCalledOnce","Messages":[],"ComputerName":"DESKTOP-035NLAM","Duration":"00:00:00.0057680","StartTime":"2022-12-06T01:23:41.1917578+00:00","EndTime":"2022-12-06T01:23:41.1975258+00:00","Properties":[{"Key":{"Id":"NUnit.Seed","Label":"Seed","Category":"","Description":"","Attributes":0,"ValueType":"System.String"},"Value":"86452771"}]}],"TestRunStatistics":{"ExecutedTests":19,"Stats":{"Passed":19}},"ActiveTests":[{"Id":"6e4dfeff-df76-e4e2-7b9a-d09e855911ad","FullyQualifiedName":"TestProject1.GoodsControllerTest.GetAll_TryModelGetingAllElementFromDbWithUsingList_GetListWithThirdElement","DisplayName":"GetAll_TryModelGetingAllElementFromDbWithUsingList_GetListWithThirdElement","ExecutorUri":"executor://NUnit3TestExecutor","Source":"C:\\Users\\Dell\\OneDrive\\Рабочий стол\\Studying\\.NET\\Lab3\\Accounting_of_goods\\TestProject1\\bin\\Debug\\net6.0\\fine-code-coverage\\build-output\\TestProject1.dll","CodeFilePath":null,"LineNumber":0,"Properties":[{"Key":{"Id":"NUnit.Seed","Label":"Seed","Category":"","Description":"","Attributes":0,"ValueType":"System.String"},"Value":"1538939070"}]}]}}
TpTrace Verbose: 0 : 26464, 7, 2022/12/06, 03:23:41.209, 7453358655962, vstest.console.dll, TestRunRequest:SendTestRunStatsChange: Starting.
TpTrace Verbose: 0 : 26464, 7, 2022/12/06, 03:23:41.209, 7453358657125, vstest.console.dll, InProgress is GetAll_TryModelGetingAllElementFromDbWithUsingList_GetListWithThirdElement
TpTrace Verbose: 0 : 26464, 7, 2022/12/06, 03:23:41.209, 7453358658005, vstest.console.dll, MulticastDelegateUtilities.SafeInvoke: TestRun.RunStatsChanged: Invoking callbacks was skipped because there are no subscribers.
TpTrace Information: 0 : 26464, 7, 2022/12/06, 03:23:41.209, 7453358658595, vstest.console.dll, TestRunRequest:SendTestRunStatsChange: Completed.
TpTrace Verbose: 0 : 26464, 7, 2022/12/06, 03:23:41.209, 7453358659177, vstest.console.dll, MulticastDelegateUtilities.SafeInvoke: LengthPrefixCommunicationChannel: MessageReceived: Invoking callback 1/1 for Microsoft.VisualStudio.TestPlatform.CommunicationUtilities.TestRequestSender+<>c__DisplayClass30_0.<StartTestRun>b__1, took 6 ms.
TpTrace Verbose: 0 : 26464, 7, 2022/12/06, 03:23:41.209, 7453358659699, vstest.console.dll, TcpClientExtensions.MessageLoopAsync: Polling on remoteEndPoint: 127.0.0.1:57795 localEndPoint: 127.0.0.1:57794
TpTrace Verbose: 0 : 26464, 4, 2022/12/06, 03:23:41.209, 7453358661034, vstest.console.dll, MulticastDelegateUtilities.SafeInvoke: InternalTestLoggerEvents.SendTestResult: Invoking callback 1/1 for Microsoft.VisualStudio.TestPlatform.CommandLine.Internal.ConsoleLogger.TestResultHandler, took 0 ms.
TpTrace Verbose: 0 : 26464, 4, 2022/12/06, 03:23:41.209, 7453358661805, vstest.console.dll, MulticastDelegateUtilities.SafeInvoke: InternalTestLoggerEvents.SendTestResult: Invoking callback 1/1 for Microsoft.VisualStudio.TestPlatform.CommandLine.Internal.ConsoleLogger.TestResultHandler, took 0 ms.
TpTrace Verbose: 0 : 26464, 4, 2022/12/06, 03:23:41.209, 7453358662674, vstest.console.dll, MulticastDelegateUtilities.SafeInvoke: InternalTestLoggerEvents.SendTestResult: Invoking callback 1/1 for Microsoft.VisualStudio.TestPlatform.CommandLine.Internal.ConsoleLogger.TestResultHandler, took 0 ms.
TpTrace Verbose: 0 : 26464, 4, 2022/12/06, 03:23:41.209, 7453358663440, vstest.console.dll, MulticastDelegateUtilities.SafeInvoke: InternalTestLoggerEvents.SendTestResult: Invoking callback 1/1 for Microsoft.VisualStudio.TestPlatform.CommandLine.Internal.ConsoleLogger.TestResultHandler, took 0 ms.
TpTrace Verbose: 0 : 26464, 4, 2022/12/06, 03:23:41.209, 7453358664196, vstest.console.dll, MulticastDelegateUtilities.SafeInvoke: InternalTestLoggerEvents.SendTestResult: Invoking callback 1/1 for Microsoft.VisualStudio.TestPlatform.CommandLine.Internal.ConsoleLogger.TestResultHandler, took 0 ms.
TpTrace Verbose: 0 : 26464, 4, 2022/12/06, 03:23:41.209, 7453358664890, vstest.console.dll, MulticastDelegateUtilities.SafeInvoke: InternalTestLoggerEvents.SendTestResult: Invoking callback 1/1 for Microsoft.VisualStudio.TestPlatform.CommandLine.Internal.ConsoleLogger.TestResultHandler, took 0 ms.
TpTrace Verbose: 0 : 26464, 4, 2022/12/06, 03:23:41.209, 7453358665555, vstest.console.dll, MulticastDelegateUtilities.SafeInvoke: InternalTestLoggerEvents.SendTestResult: Invoking callback 1/1 for Microsoft.VisualStudio.TestPlatform.CommandLine.Internal.ConsoleLogger.TestResultHandler, took 0 ms.
TpTrace Verbose: 0 : 26464, 4, 2022/12/06, 03:23:41.210, 7453358666714, vstest.console.dll, MulticastDelegateUtilities.SafeInvoke: InternalTestLoggerEvents.SendTestResult: Invoking callback 1/1 for Microsoft.VisualStudio.TestPlatform.CommandLine.Internal.ConsoleLogger.TestResultHandler, took 0 ms.
TpTrace Verbose: 0 : 26464, 4, 2022/12/06, 03:23:41.210, 7453358667457, vstest.console.dll, MulticastDelegateUtilities.SafeInvoke: InternalTestLoggerEvents.SendTestResult: Invoking callback 1/1 for Microsoft.VisualStudio.TestPlatform.CommandLine.Internal.ConsoleLogger.TestResultHandler, took 0 ms.
TpTrace Verbose: 0 : 26464, 7, 2022/12/06, 03:23:41.470, 7453361270867, vstest.console.dll, TcpClientExtensions.MessageLoopAsync: NotifyDataAvailable remoteEndPoint: 127.0.0.1:57795 localEndPoint: 127.0.0.1:57794
TpTrace Verbose: 0 : 26464, 7, 2022/12/06, 03:23:41.470, 7453361272630, vstest.console.dll, TestRequestSender.OnExecutionMessageReceived: Received message: {"Version":5,"MessageType":"TestSession.Message","Payload":{"MessageLevel":0,"Message":"NUnit Adapter 4.2.0.0: Test execution complete"}}
TpTrace Verbose: 0 : 26464, 7, 2022/12/06, 03:23:41.470, 7453361274438, vstest.console.dll, TestRunRequest:SendTestRunMessage: Starting.
TpTrace Verbose: 0 : 26464, 7, 2022/12/06, 03:23:41.470, 7453361275508, vstest.console.dll, MulticastDelegateUtilities.SafeInvoke: TestRun.LogMessages: Invoking callback 1/1 for Microsoft.VisualStudio.TestPlatform.CommandLine.TestRunResultAggregator.TestRunMessageHandler, took 0 ms.
TpTrace Verbose: 0 : 26464, 4, 2022/12/06, 03:23:41.470, 7453361275686, vstest.console.dll, MulticastDelegateUtilities.SafeInvoke: InternalTestLoggerEvents.SendTestRunMessage: Invoking callback 1/1 for Microsoft.VisualStudio.TestPlatform.CommandLine.Internal.ConsoleLogger.TestMessageHandler, took 0 ms.
TpTrace Information: 0 : 26464, 7, 2022/12/06, 03:23:41.471, 7453361276236, vstest.console.dll, TestRunRequest:SendTestRunMessage: Completed.
TpTrace Verbose: 0 : 26464, 7, 2022/12/06, 03:23:41.471, 7453361279000, vstest.console.dll, MulticastDelegateUtilities.SafeInvoke: LengthPrefixCommunicationChannel: MessageReceived: Invoking callback 1/1 for Microsoft.VisualStudio.TestPlatform.CommunicationUtilities.TestRequestSender+<>c__DisplayClass30_0.<StartTestRun>b__1, took 0 ms.
TpTrace Verbose: 0 : 26464, 7, 2022/12/06, 03:23:41.471, 7453361279766, vstest.console.dll, TcpClientExtensions.MessageLoopAsync: Polling on remoteEndPoint: 127.0.0.1:57795 localEndPoint: 127.0.0.1:57794
TpTrace Verbose: 0 : 26464, 7, 2022/12/06, 03:23:41.518, 7453361747201, vstest.console.dll, TcpClientExtensions.MessageLoopAsync: NotifyDataAvailable remoteEndPoint: 127.0.0.1:57795 localEndPoint: 127.0.0.1:57794
TpTrace Verbose: 0 : 26464, 7, 2022/12/06, 03:23:41.518, 7453361751065, vstest.console.dll, TestRequestSender.OnExecutionMessageReceived: Received message: {"Version":5,"MessageType":"TestExecution.Completed","Payload":{"TestRunCompleteArgs":{"TestRunStatistics":{"ExecutedTests":25,"Stats":{"Passed":25}},"IsCanceled":false,"IsAborted":false,"Error":null,"AttachmentSets":[],"ElapsedTimeInRunningTests":"00:00:02.4132997","Metrics":{}},"LastRunTests":{"NewTestResults":[{"TestCase":{"Id":"6e4dfeff-df76-e4e2-7b9a-d09e855911ad","FullyQualifiedName":"TestProject1.GoodsControllerTest.GetAll_TryModelGetingAllElementFromDbWithUsingList_GetListWithThirdElement","DisplayName":"GetAll_TryModelGetingAllElementFromDbWithUsingList_GetListWithThirdElement","ExecutorUri":"executor://NUnit3TestExecutor","Source":"C:\\Users\\Dell\\OneDrive\\Рабочий стол\\Studying\\.NET\\Lab3\\Accounting_of_goods\\TestProject1\\bin\\Debug\\net6.0\\fine-code-coverage\\build-output\\TestProject1.dll","CodeFilePath":null,"LineNumber":0,"Properties":[{"Key":{"Id":"NUnit.Seed","Label":"Seed","Category":"","Description":"","Attributes":0,"ValueType":"System.String"},"Value":"1538939070"}]},"Attachments":[],"Outcome":1,"ErrorMessage":null,"ErrorStackTrace":null,"DisplayName":"GetAll_TryModelGetingAllElementFromDbWithUsingList_GetListWithThirdElement","Messages":[],"ComputerName":"DESKTOP-035NLAM","Duration":"00:00:00.0304470","StartTime":"2022-12-06T01:23:41.2099753+00:00","EndTime":"2022-12-06T01:23:41.2404223+00:00","Properties":[{"Key":{"Id":"NUnit.Seed","Label":"Seed","Category":"","Description":"","Attributes":0,"ValueType":"System.String"},"Value":"1538939070"}]},{"TestCase":{"Id":"05a60cd3-9dc4-8d77-e8c3-f4060ca8f069","FullyQualifiedName":"TestProject1.GoodsControllerTest.GetAllFollowing_TryModelGetingSomeElementByPredicateFromDbWithUsingList_GetListWithThirdElement","DisplayName":"GetAllFollowing_TryModelGetingSomeElementByPredicateFromDbWithUsingList_GetListWithThirdElement","ExecutorUri":"executor://NUnit3TestExecutor","Source":"C:\\Users\\Dell\\OneDrive\\Рабочий стол\\Studying\\.NET\\Lab3\\Accounting_of_goods\\TestProject1\\bin\\Debug\\net6.0\\fine-code-coverage\\build-output\\TestProject1.dll","CodeFilePath":null,"LineNumber":0,"Properties":[{"Key":{"Id":"NUnit.Seed","Label":"Seed","Category":"","Description":"","Attributes":0,"ValueType":"System.String"},"Value":"203114080"}]},"Attachments":[],"Outcome":1,"ErrorMessage":null,"ErrorStackTrace":null,"DisplayName":"GetAllFollowing_TryModelGetingSomeElementByPredicateFromDbWithUsingList_GetListWithThirdElement","Messages":[],"ComputerName":"DESKTOP-035NLAM","Duration":"00:00:00.0226140","StartTime":"2022-12-06T01:23:41.2444611+00:00","EndTime":"2022-12-06T01:23:41.267075+00:00","Properties":[{"Key":{"Id":"NUnit.Seed","Label":"Seed","Category":"","Description":"","Attributes":0,"ValueType":"System.String"},"Value":"203114080"}]},{"TestCase":{"Id":"61ea56e0-b820-825b-75ae-05237f99c3d4","FullyQualifiedName":"TestProject1.GoodsControllerTest.GetInStock_TryModelGetingSomeElementByPredicateFromDbWithUsingList_GetListWithThirdElement","DisplayName":"GetInStock_TryModelGetingSomeElementByPredicateFromDbWithUsingList_GetListWithThirdElement","ExecutorUri":"executor://NUnit3TestExecutor","Source":"C:\\Users\\Dell\\OneDrive\\Рабочий стол\\Studying\\.NET\\Lab3\\Accounting_of_goods\\TestProject1\\bin\\Debug\\net6.0\\fine-code-coverage\\build-output\\TestProject1.dll","CodeFilePath":null,"LineNumber":0,"Properties":[{"Key":{"Id":"NUnit.Seed","Label":"Seed","Category":"","Description":"","Attributes":0,"ValueType":"System.String"},"Value":"182255979"}]},"Attachments":[],"Outcome":1,"ErrorMessage":null,"ErrorStackTrace":null,"DisplayName":"GetInStock_TryModelGetingSomeElementByPredicateFromDbWithUsingList_GetListWithThirdElement","Messages":[],"ComputerName":"DESKTOP-035NLAM","Duration":"00:00:00.0114900","StartTime":"2022-12-06T01:23:41.2746844+00:00","EndTime":"2022-12-06T01:23:41.286175+00:00","Properties":[{"Key":{"Id":"NUnit.Seed","Label":"Seed","Category":"","Description":"","Attributes":0,"ValueType":"System.String"},"Value":"182255979"}]},{"TestCase":{"Id":"495d4464-669d-b9cd-86ed-436830005856","FullyQualifiedName":"TestProject1.GoodsControllerTest.UpDate_TryUpdateOneGoodsById_MethodUpdateFromMockOfApplicationContextCalledOnce","DisplayName":"UpDate_TryUpdateOneGoodsById_MethodUpdateFromMockOfApplicationContextCalledOnce","ExecutorUri":"executor://NUnit3TestExecutor","Source":"C:\\Users\\Dell\\OneDrive\\Рабочий стол\\Studying\\.NET\\Lab3\\Accounting_of_goods\\TestProject1\\bin\\Debug\\net6.0\\fine-code-coverage\\build-output\\TestProject1.dll","CodeFilePath":null,"LineNumber":0,"Properties":[{"Key":{"Id":"NUnit.Seed","Label":"Seed","Category":"","Description":"","Attributes":0,"ValueType":"System.String"},"Value":"935712462"}]},"Attachments":[],"Outcome":1,"ErrorMessage":null,"ErrorStackTrace":null,"DisplayName":"UpDate_TryUpdateOneGoodsById_MethodUpdateFromMockOfApplicationContextCalledOnce","Messages":[],"ComputerName":"DESKTOP-035NLAM","Duration":"00:00:00.0086850","StartTime":"2022-12-06T01:23:41.3016708+00:00","EndTime":"2022-12-06T01:23:41.3103572+00:00","Properties":[{"Key":{"Id":"NUnit.Seed","Label":"Seed","Category":"","Description":"","Attributes":0,"ValueType":"System.String"},"Value":"935712462"}]},{"TestCase":{"Id":"14eedf6c-be7e-9431-5d29-e392d4d38423","FullyQualifiedName":"TestProject1.GoodsProviderTest.Sell_SellTenGoodsFromModelDb_CountOfGoodsMinusTen","DisplayName":"Sell_SellTenGoodsFromModelDb_CountOfGoodsMinusTen","ExecutorUri":"executor://NUnit3TestExecutor","Source":"C:\\Users\\Dell\\OneDrive\\Рабочий стол\\Studying\\.NET\\Lab3\\Accounting_of_goods\\TestProject1\\bin\\Debug\\net6.0\\fine-code-coverage\\build-output\\TestProject1.dll","CodeFilePath":null,"LineNumber":0,"Properties":[{"Key":{"Id":"NUnit.Seed","Label":"Seed","Category":"","Description":"","Attributes":0,"ValueType":"System.String"},"Value":"446065941"}]},"Attachments":[],"Outcome":1,"ErrorMessage":null,"ErrorStackTrace":null,"DisplayName":"Sell_SellTenGoodsFromModelDb_CountOfGoodsMinusTen","Messages":[],"ComputerName":"DESKTOP-035NLAM","Duration":"00:00:00.0010280","StartTime":"2022-12-06T01:23:41.3409675+00:00","EndTime":"2022-12-06T01:23:41.341996+00:00","Properties":[{"Key":{"Id":"NUnit.Seed","Label":"Seed","Category":"","Description":"","Attributes":0,"ValueType":"System.String"},"Value":"446065941"}]},{"TestCase":{"Id":"90fa9671-dbe6-93f5-f53a-0cdbeb09e09c","FullyQualifiedName":"TestProject1.GoodsSellerTest.Sell_SellTenGoodsFromModelDb_CountOfGoodsMinusTen","DisplayName":"Sell_SellTenGoodsFromModelDb_CountOfGoodsMinusTen","ExecutorUri":"executor://NUnit3TestExecutor","Source":"C:\\Users\\Dell\\OneDrive\\Рабочий стол\\Studying\\.NET\\Lab3\\Accounting_of_goods\\TestProject1\\bin\\Debug\\net6.0\\fine-code-coverage\\build-output\\TestProject1.dll","CodeFilePath":null,"LineNumber":0,"Properties":[{"Key":{"Id":"NUnit.Seed","Label":"Seed","Category":"","Description":"","Attributes":0,"ValueType":"System.String"},"Value":"1089247852"}]},"Attachments":[],"Outcome":1,"ErrorMessage":null,"ErrorStackTrace":null,"DisplayName":"Sell_SellTenGoodsFromModelDb_CountOfGoodsMinusTen","Messages":[],"ComputerName":"DESKTOP-035NLAM","Duration":"00:00:00.0084270","StartTime":"2022-12-06T01:23:41.3767455+00:00","EndTime":"2022-12-06T01:23:41.3851735+00:00","Properties":[{"Key":{"Id":"NUnit.Seed","Label":"Seed","Category":"","Description":"","Attributes":0,"ValueType":"System.String"},"Value":"1089247852"}]}],"TestRunStatistics":{"ExecutedTests":25,"Stats":{"Passed":25}},"ActiveTests":[]},"RunAttachments":[],"ExecutorUris":["executor://nunit3testexecutor/"]}}
TpTrace Verbose: 0 : 26464, 7, 2022/12/06, 03:23:41.519, 7453361761868, vstest.console.dll, TestRequestSender.EndSession: Sending end session.
TpTrace Verbose: 0 : 26464, 7, 2022/12/06, 03:23:41.519, 7453361765115, vstest.console.dll, ProxyOperationManager.Close: waiting for test host to exit for 100 ms
TpTrace Warning: 0 : 26464, 12, 2022/12/06, 03:23:41.565, 7453362225652, vstest.console.dll, TestHostManagerCallbacks.ErrorReceivedCallback Test host standard error line: 
TpTrace Verbose: 0 : 26464, 12, 2022/12/06, 03:23:41.594, 7453362514521, vstest.console.dll, TestHostProvider.ExitCallBack: Host exited starting callback.
TpTrace Information: 0 : 26464, 12, 2022/12/06, 03:23:41.595, 7453362522280, vstest.console.dll, TestHostManagerCallbacks.ExitCallBack: Testhost processId: 22264 exited with exitcode: 0 error: ''
TpTrace Verbose: 0 : 26464, 12, 2022/12/06, 03:23:41.595, 7453362523334, vstest.console.dll, DotnetTestHostManager.OnHostExited: invoking OnHostExited callback
TpTrace Verbose: 0 : 26464, 12, 2022/12/06, 03:23:41.595, 7453362524471, vstest.console.dll, CrossPlatEngine.TestHostManagerHostExited: calling on client process exit callback.
TpTrace Information: 0 : 26464, 12, 2022/12/06, 03:23:41.595, 7453362525380, vstest.console.dll, TestRequestSender.OnClientProcessExit: Test host process exited. Standard error: 
TpTrace Information: 0 : 26464, 12, 2022/12/06, 03:23:41.596, 7453362526139, vstest.console.dll, SocketServer.Stop: Stop server endPoint: 127.0.0.1:57794
TpTrace Information: 0 : 26464, 12, 2022/12/06, 03:23:41.596, 7453362526687, vstest.console.dll, SocketServer.Stop: Cancellation requested. Stopping message loop.
TpTrace Verbose: 0 : 26464, 12, 2022/12/06, 03:23:41.596, 7453362528850, vstest.console.dll, MulticastDelegateUtilities.SafeInvoke: HostProviderEvents.OnHostExited: Invoking callback 1/1 for Microsoft.VisualStudio.TestPlatform.CrossPlatEngine.Client.ProxyOperationManager.TestHostManagerHostExited, took 0 ms.
TpTrace Information: 0 : 26464, 7, 2022/12/06, 03:23:41.596, 7453362533804, vstest.console.dll, SocketServer.Stop: Stop server endPoint: 127.0.0.1:57794
TpTrace Information: 0 : 26464, 7, 2022/12/06, 03:23:41.596, 7453362534745, vstest.console.dll, SocketServer.Stop: Cancellation requested. Stopping message loop.
TpTrace Information: 0 : 26464, 7, 2022/12/06, 03:23:41.596, 7453362535685, vstest.console.dll, Closing the connection
TpTrace Verbose: 0 : 26464, 7, 2022/12/06, 03:23:41.598, 7453362546809, vstest.console.dll, ProxyDataCollectionManager.InvokeDataCollectionServiceAction: Starting.
TpTrace Information: 0 : 26464, 7, 2022/12/06, 03:23:41.598, 7453362548872, vstest.console.dll, ProxyDataCollectionManager.AfterTestRunEnd: Get attachment set and invoked data collectors processId: 27988 port: 57790
TpTrace Verbose: 0 : 26464, 7, 2022/12/06, 03:23:41.598, 7453362550454, vstest.console.dll, DataCollectionRequestSender.SendAfterTestRunStartAndGetResult: Send AfterTestRunEnd message with isCancelled: False
TpTrace Verbose: 0 : 26464, 7, 2022/12/06, 03:23:41.613, 7453362702118, vstest.console.dll, DataCollectionRequestSender.SendAfterTestRunStartAndGetResult: Received message: (DataCollection.AfterTestRunEndResult) -> {
  "AttachmentSets": [],
  "InvokedDataCollectors": [
    {
      "Uri": "datacollector://Microsoft/TestPlatform/Extensions/Blame/v1",
      "FriendlyName": "Blame",
      "AssemblyQualifiedName": "Microsoft.TestPlatform.Extensions.BlameDataCollector.BlameCollector, Microsoft.TestPlatform.Extensions.BlameDataCollector, Version=15.0.0.0, Culture=neutral, PublicKeyToken=b03f5f7f11d50a3a",
      "FilePath": "C:\\Program Files\\dotnet\\sdk\\6.0.302\\Extensions\\Microsoft.TestPlatform.Extensions.BlameDataCollector.dll",
      "HasAttachmentProcessor": false
    }
  ],
  "Metrics": {}
}
TpTrace Information: 0 : 26464, 7, 2022/12/06, 03:23:41.624, 7453362814341, vstest.console.dll, ProxyDataCollectionManager.InvokeDataCollectionServiceAction: Completed.
TpTrace Warning: 0 : 26464, 11, 2022/12/06, 03:23:41.636, 7453362932062, vstest.console.dll, DataCollectionLauncher.ErrorReceivedCallback datacollector standard error line: 
TpTrace Information: 0 : 26464, 5, 2022/12/06, 03:23:41.677, 7453363344599, vstest.console.dll, DataCollectionLauncher.ExitCallBack: Data collector exited with exitcode: 0 error: ''
TpTrace Verbose: 0 : 26464, 7, 2022/12/06, 03:23:41.696, 7453363530835, vstest.console.dll, TestRunRequest:SendTestRunStatsChange: Starting.
TpTrace Verbose: 0 : 26464, 7, 2022/12/06, 03:23:41.696, 7453363532413, vstest.console.dll, MulticastDelegateUtilities.SafeInvoke: TestRun.RunStatsChanged: Invoking callbacks was skipped because there are no subscribers.
TpTrace Information: 0 : 26464, 7, 2022/12/06, 03:23:41.696, 7453363533250, vstest.console.dll, TestRunRequest:SendTestRunStatsChange: Completed.
TpTrace Verbose: 0 : 26464, 4, 2022/12/06, 03:23:41.696, 7453363533443, vstest.console.dll, MulticastDelegateUtilities.SafeInvoke: InternalTestLoggerEvents.SendTestResult: Invoking callback 1/1 for Microsoft.VisualStudio.TestPlatform.CommandLine.Internal.ConsoleLogger.TestResultHandler, took 0 ms.
TpTrace Verbose: 0 : 26464, 4, 2022/12/06, 03:23:41.696, 7453363535302, vstest.console.dll, MulticastDelegateUtilities.SafeInvoke: InternalTestLoggerEvents.SendTestResult: Invoking callback 1/1 for Microsoft.VisualStudio.TestPlatform.CommandLine.Internal.ConsoleLogger.TestResultHandler, took 0 ms.
TpTrace Verbose: 0 : 26464, 4, 2022/12/06, 03:23:41.697, 7453363536434, vstest.console.dll, MulticastDelegateUtilities.SafeInvoke: InternalTestLoggerEvents.SendTestResult: Invoking callback 1/1 for Microsoft.VisualStudio.TestPlatform.CommandLine.Internal.ConsoleLogger.TestResultHandler, took 0 ms.
TpTrace Verbose: 0 : 26464, 4, 2022/12/06, 03:23:41.697, 7453363537380, vstest.console.dll, MulticastDelegateUtilities.SafeInvoke: InternalTestLoggerEvents.SendTestResult: Invoking callback 1/1 for Microsoft.VisualStudio.TestPlatform.CommandLine.Internal.ConsoleLogger.TestResultHandler, took 0 ms.
TpTrace Verbose: 0 : 26464, 7, 2022/12/06, 03:23:41.697, 7453363538043, vstest.console.dll, ParallelProxyExecutionManager: HandlePartialRunComplete: Total completed clients = 1, Run complete = True, Run canceled: False.
TpTrace Verbose: 0 : 26464, 4, 2022/12/06, 03:23:41.697, 7453363538483, vstest.console.dll, MulticastDelegateUtilities.SafeInvoke: InternalTestLoggerEvents.SendTestResult: Invoking callback 1/1 for Microsoft.VisualStudio.TestPlatform.CommandLine.Internal.ConsoleLogger.TestResultHandler, took 0 ms.
TpTrace Verbose: 0 : 26464, 4, 2022/12/06, 03:23:41.701, 7453363576971, vstest.console.dll, MulticastDelegateUtilities.SafeInvoke: InternalTestLoggerEvents.SendTestResult: Invoking callback 1/1 for Microsoft.VisualStudio.TestPlatform.CommandLine.Internal.ConsoleLogger.TestResultHandler, took 3 ms.
TpTrace Verbose: 0 : 26464, 4, 2022/12/06, 03:23:41.716, 7453363735599, vstest.console.dll, MulticastDelegateUtilities.SafeInvoke: InternalTestLoggerEvents.SendTestRunComplete: Invoking callback 1/2 for Microsoft.TestPlatform.Extensions.BlameDataCollector.BlameLogger.TestRunCompleteHandler, took 0 ms.
TpTrace Verbose: 0 : 26464, 4, 2022/12/06, 03:23:41.728, 7453363848522, vstest.console.dll, MulticastDelegateUtilities.SafeInvoke: InternalTestLoggerEvents.SendTestRunComplete: Invoking callback 2/2 for Microsoft.VisualStudio.TestPlatform.CommandLine.Internal.ConsoleLogger.TestRunCompleteHandler, took 11 ms.
TpTrace Verbose: 0 : 26464, 7, 2022/12/06, 03:23:41.728, 7453363853635, vstest.console.dll, TestRunRequest:TestRunComplete: Starting. IsAborted:False IsCanceled:False.
TpTrace Verbose: 0 : 26464, 7, 2022/12/06, 03:23:41.730, 7453363873223, vstest.console.dll, TestLoggerManager.HandleTestRunComplete: Ignoring as the object is disposed.
TpTrace Verbose: 0 : 26464, 7, 2022/12/06, 03:23:41.731, 7453363877219, vstest.console.dll, MulticastDelegateUtilities.SafeInvoke: TestRun.TestRunComplete: Invoking callback 1/2 for Microsoft.VisualStudio.TestPlatform.CommandLine.TestRunResultAggregator.TestRunCompletionHandler, took 0 ms.
TpTrace Verbose: 0 : 26464, 7, 2022/12/06, 03:23:41.731, 7453363879136, vstest.console.dll, MulticastDelegateUtilities.SafeInvoke: TestRun.TestRunComplete: Invoking callback 2/2 for Microsoft.VisualStudio.TestPlatform.CommandLine.Processors.RunTestsArgumentExecutor+TestRunRequestEventsRegistrar.TestRunRequest_OnRunCompletion, took 0 ms.
TpTrace Information: 0 : 26464, 7, 2022/12/06, 03:23:41.731, 7453363881236, vstest.console.dll, TestRunRequest:TestRunComplete: Completed.
TpTrace Verbose: 0 : 26464, 7, 2022/12/06, 03:23:41.731, 7453363882033, vstest.console.dll, TestRequestSender.SetOperationComplete: Setting operation complete.
TpTrace Information: 0 : 26464, 7, 2022/12/06, 03:23:41.731, 7453363882642, vstest.console.dll, SocketServer.Stop: Stop server endPoint: 127.0.0.1:57794
TpTrace Verbose: 0 : 26464, 1, 2022/12/06, 03:23:41.731, 7453363883199, vstest.console.dll, TestRunRequest.Dispose: Starting.
TpTrace Information: 0 : 26464, 7, 2022/12/06, 03:23:41.731, 7453363883264, vstest.console.dll, SocketServer.Stop: Cancellation requested. Stopping message loop.
TpTrace Information: 0 : 26464, 1, 2022/12/06, 03:23:41.731, 7453363884180, vstest.console.dll, TestRunRequest.Dispose: Completed.
TpTrace Verbose: 0 : 26464, 7, 2022/12/06, 03:23:41.731, 7453363884704, vstest.console.dll, MulticastDelegateUtilities.SafeInvoke: LengthPrefixCommunicationChannel: MessageReceived: Invoking callback 1/1 for Microsoft.VisualStudio.TestPlatform.CommunicationUtilities.TestRequestSender+<>c__DisplayClass30_0.<StartTestRun>b__1, took 213 ms.
TpTrace Information: 0 : 26464, 1, 2022/12/06, 03:23:41.731, 7453363885716, vstest.console.dll, TestRequestManager.RunTests: run tests completed.
TpTrace Information: 0 : 26464, 7, 2022/12/06, 03:23:41.732, 7453363886063, vstest.console.dll, SocketServer.PrivateStop: Stopping server endPoint: 127.0.0.1:57794 error: 
TpTrace Information: 0 : 26464, 1, 2022/12/06, 03:23:41.732, 7453363887136, vstest.console.dll, RunTestsArgumentProcessor:Execute: Test run is completed.
TpTrace Verbose: 0 : 26464, 1, 2022/12/06, 03:23:41.732, 7453363889999, vstest.console.dll, Executor.Execute: Exiting with exit code of 0
TpTrace Verbose: 0 : 26464, 7, 2022/12/06, 03:23:41.732, 7453363894717, vstest.console.dll, LengthPrefixCommunicationChannel.Dispose: Dispose reader and writer.
TpTrace Information: 0 : 26464, 7, 2022/12/06, 03:23:41.733, 7453363896114, vstest.console.dll, SocketServer.Stop: Raise disconnected event endPoint: 127.0.0.1:57794 error: 
TpTrace Verbose: 0 : 26464, 7, 2022/12/06, 03:23:41.733, 7453363897151, vstest.console.dll, TestRequestSender: OnTestRunAbort: Operation is already complete. Skip error message.
TpTrace Verbose: 0 : 26464, 7, 2022/12/06, 03:23:41.733, 7453363897943, vstest.console.dll, MulticastDelegateUtilities.SafeInvoke: SocketServer: ClientDisconnected: Invoking callback 1/1 for Microsoft.VisualStudio.TestPlatform.CommunicationUtilities.TestRequestSender.<InitializeCommunication>b__23_1, took 0 ms.
TpTrace Verbose: 0 : 26464, 7, 2022/12/06, 03:23:41.733, 7453363898509, vstest.console.dll, TcpClientExtensions.MessageLoopAsync: exiting MessageLoopAsync remoteEndPoint: 127.0.0.1:57795 localEndPoint: 127.0.0.1:57794
