TpTrace Verbose: 0 : 11648, 1, 2023/01/10, 01:38:40.459, 14991315634489, vstest.console.dll, Version: 17.2.0-release-20220408-11 Current process architecture: X64
TpTrace Information: 0 : 11648, 1, 2023/01/10, 01:38:40.508, 14991316126259, vstest.console.dll, FilePatternParser: The given file C:\Users\Dell\OneDrive\Рабочий стол\Studying\.NET\l3\Accountin-of-goods\UnitOfWorkTest\bin\Debug\net6.0\fine-code-coverage\build-output\Tests.dll is a full path.
TpTrace Verbose: 0 : 11648, 1, 2023/01/10, 01:38:40.559, 14991316633738, vstest.console.dll, TestPluginCache.DiscoverTestExtensions: finding test extensions in assemblies ends with: RuntimeProvider.dll TPluginInfo: Microsoft.VisualStudio.TestPlatform.Common.ExtensionFramework.Utilities.TestRuntimePluginInformation TExtension: Microsoft.VisualStudio.TestPlatform.ObjectModel.Host.ITestRuntimeProvider
TpTrace Verbose: 0 : 11648, 1, 2023/01/10, 01:38:40.566, 14991316704573, vstest.console.dll, TestPluginCache.GetExtensionPaths: Filtered extension paths: 
TpTrace Verbose: 0 : 11648, 1, 2023/01/10, 01:38:40.567, 14991316707032, vstest.console.dll, TestPluginCache.GetExtensionPaths: Added default extension paths: C:\Program Files\dotnet\sdk\6.0.302\Extensions\DumpMinitool.exe
C:\Program Files\dotnet\sdk\6.0.302\Extensions\DumpMinitool.x86.exe
C:\Program Files\dotnet\sdk\6.0.302\Extensions\Microsoft.Diagnostics.NETCore.Client.dll
C:\Program Files\dotnet\sdk\6.0.302\Extensions\Microsoft.TestPlatform.Extensions.BlameDataCollector.dll
C:\Program Files\dotnet\sdk\6.0.302\Extensions\Microsoft.TestPlatform.Extensions.EventLogCollector.dll
C:\Program Files\dotnet\sdk\6.0.302\Extensions\Microsoft.TestPlatform.TestHostRuntimeProvider.dll
C:\Program Files\dotnet\sdk\6.0.302\Extensions\Microsoft.VisualStudio.TestPlatform.Extensions.Html.TestLogger.dll
C:\Program Files\dotnet\sdk\6.0.302\Extensions\Microsoft.VisualStudio.TestPlatform.Extensions.Trx.TestLogger.dll
TpTrace Verbose: 0 : 11648, 1, 2023/01/10, 01:38:40.567, 14991316708039, vstest.console.dll, TestPluginCache.GetExtensionPaths: Added unfilterableExtensionPaths: 
TpTrace Information: 0 : 11648, 1, 2023/01/10, 01:38:40.568, 14991316723323, vstest.console.dll, AssemblyResolver.ctor: Creating AssemblyResolver with searchDirectories C:\Program Files\dotnet\sdk\6.0.302\Extensions,C:\Program Files\dotnet\sdk\6.0.302
TpTrace Verbose: 0 : 11648, 1, 2023/01/10, 01:38:40.570, 14991316742860, vstest.console.dll, TestPluginCache.DiscoverTestExtensions: Discovering the extensions using extension path.
TpTrace Verbose: 0 : 11648, 1, 2023/01/10, 01:38:40.570, 14991316745684, vstest.console.dll, TestPluginCache.GetExtensionPaths: Filtered extension paths: 
TpTrace Verbose: 0 : 11648, 1, 2023/01/10, 01:38:40.571, 14991316747034, vstest.console.dll, TestPluginCache.GetExtensionPaths: Added default extension paths: C:\Program Files\dotnet\sdk\6.0.302\Extensions\DumpMinitool.exe
C:\Program Files\dotnet\sdk\6.0.302\Extensions\DumpMinitool.x86.exe
C:\Program Files\dotnet\sdk\6.0.302\Extensions\Microsoft.Diagnostics.NETCore.Client.dll
C:\Program Files\dotnet\sdk\6.0.302\Extensions\Microsoft.TestPlatform.Extensions.BlameDataCollector.dll
C:\Program Files\dotnet\sdk\6.0.302\Extensions\Microsoft.TestPlatform.Extensions.EventLogCollector.dll
C:\Program Files\dotnet\sdk\6.0.302\Extensions\Microsoft.TestPlatform.TestHostRuntimeProvider.dll
C:\Program Files\dotnet\sdk\6.0.302\Extensions\Microsoft.VisualStudio.TestPlatform.Extensions.Html.TestLogger.dll
C:\Program Files\dotnet\sdk\6.0.302\Extensions\Microsoft.VisualStudio.TestPlatform.Extensions.Trx.TestLogger.dll
TpTrace Verbose: 0 : 11648, 1, 2023/01/10, 01:38:40.571, 14991316747867, vstest.console.dll, TestPluginCache.GetExtensionPaths: Added unfilterableExtensionPaths: 
TpTrace Verbose: 0 : 11648, 1, 2023/01/10, 01:38:40.571, 14991316749435, vstest.console.dll, TestPluginCache.DiscoverTestExtensions: Discovering the extensions using allExtensionPaths: C:\Program Files\dotnet\sdk\6.0.302\Extensions\DumpMinitool.exe
C:\Program Files\dotnet\sdk\6.0.302\Extensions\DumpMinitool.x86.exe
C:\Program Files\dotnet\sdk\6.0.302\Extensions\Microsoft.Diagnostics.NETCore.Client.dll
C:\Program Files\dotnet\sdk\6.0.302\Extensions\Microsoft.TestPlatform.Extensions.BlameDataCollector.dll
C:\Program Files\dotnet\sdk\6.0.302\Extensions\Microsoft.TestPlatform.Extensions.EventLogCollector.dll
C:\Program Files\dotnet\sdk\6.0.302\Extensions\Microsoft.TestPlatform.TestHostRuntimeProvider.dll
C:\Program Files\dotnet\sdk\6.0.302\Extensions\Microsoft.VisualStudio.TestPlatform.Extensions.Html.TestLogger.dll
C:\Program Files\dotnet\sdk\6.0.302\Extensions\Microsoft.VisualStudio.TestPlatform.Extensions.Trx.TestLogger.dll
TpTrace Information: 0 : 11648, 1, 2023/01/10, 01:38:40.571, 14991316753602, vstest.console.dll, AssemblyResolver.AddSearchDirectories: Adding more searchDirectories C:\Program Files\dotnet\sdk\6.0.302\Extensions,C:\Program Files\dotnet\sdk\6.0.302
TpTrace Information: 0 : 11648, 1, 2023/01/10, 01:38:40.571, 14991316755387, vstest.console.dll, AssemblyResolver.AddSearchDirectories: Adding more searchDirectories C:\Program Files\dotnet\sdk\6.0.302\Extensions,C:\Program Files\dotnet\sdk\6.0.302
TpTrace Information: 0 : 11648, 1, 2023/01/10, 01:38:40.571, 14991316756301, vstest.console.dll, AssemblyResolver.AddSearchDirectories: Adding more searchDirectories C:\Program Files\dotnet\sdk\6.0.302\Extensions,C:\Program Files\dotnet\sdk\6.0.302
TpTrace Information: 0 : 11648, 1, 2023/01/10, 01:38:40.572, 14991316757795, vstest.console.dll, AssemblyResolver.AddSearchDirectories: Adding more searchDirectories C:\Program Files\dotnet\sdk\6.0.302\Extensions,C:\Program Files\dotnet\sdk\6.0.302
TpTrace Information: 0 : 11648, 1, 2023/01/10, 01:38:40.572, 14991316759366, vstest.console.dll, AssemblyResolver.AddSearchDirectories: Adding more searchDirectories C:\Program Files\dotnet\sdk\6.0.302\Extensions,C:\Program Files\dotnet\sdk\6.0.302
TpTrace Information: 0 : 11648, 1, 2023/01/10, 01:38:40.572, 14991316760524, vstest.console.dll, AssemblyResolver.AddSearchDirectories: Adding more searchDirectories C:\Program Files\dotnet\sdk\6.0.302\Extensions,C:\Program Files\dotnet\sdk\6.0.302
TpTrace Information: 0 : 11648, 1, 2023/01/10, 01:38:40.572, 14991316761230, vstest.console.dll, AssemblyResolver.AddSearchDirectories: Adding more searchDirectories C:\Program Files\dotnet\sdk\6.0.302\Extensions,C:\Program Files\dotnet\sdk\6.0.302
TpTrace Information: 0 : 11648, 1, 2023/01/10, 01:38:40.572, 14991316761803, vstest.console.dll, AssemblyResolver.AddSearchDirectories: Adding more searchDirectories C:\Program Files\dotnet\sdk\6.0.302\Extensions,C:\Program Files\dotnet\sdk\6.0.302
TpTrace Information: 0 : 11648, 1, 2023/01/10, 01:38:40.573, 14991316767682, vstest.console.dll, AssemblyResolver.OnResolve: DumpMinitool: Resolving assembly.
TpTrace Information: 0 : 11648, 1, 2023/01/10, 01:38:40.573, 14991316768908, vstest.console.dll, AssemblyResolver.OnResolve: DumpMinitool: Searching in: 'C:\Program Files\dotnet\sdk\6.0.302\Extensions'.
TpTrace Information: 0 : 11648, 1, 2023/01/10, 01:38:40.573, 14991316771009, vstest.console.dll, AssemblyResolver.OnResolve: DumpMinitool: Assembly path does not exist: 'C:\Program Files\dotnet\sdk\6.0.302\Extensions\DumpMinitool.dll', returning.
TpTrace Information: 0 : 11648, 1, 2023/01/10, 01:38:40.574, 14991316782061, vstest.console.dll, AssemblyResolver.OnResolve: DumpMinitool: Loading assembly 'C:\Program Files\dotnet\sdk\6.0.302\Extensions\DumpMinitool.exe'.
TpTrace Information: 0 : 11648, 1, 2023/01/10, 01:38:40.575, 14991316791476, vstest.console.dll, AssemblyResolver.OnResolve: Resolved assembly: DumpMinitool, from path: C:\Program Files\dotnet\sdk\6.0.302\Extensions\DumpMinitool.exe
TpTrace Verbose: 0 : 11648, 1, 2023/01/10, 01:38:40.588, 14991316920975, vstest.console.dll, MetadataReaderExtensionsHelper: Discovering extensions inside assembly 'DumpMinitool, Version=15.0.0.0, Culture=neutral, PublicKeyToken=b03f5f7f11d50a3a' file path 'C:\Program Files\dotnet\sdk\6.0.302\Extensions\DumpMinitool.exe'
TpTrace Information: 0 : 11648, 1, 2023/01/10, 01:38:40.669, 14991317735076, vstest.console.dll, AssemblyResolver.OnResolve: DumpMinitool.x86: Resolving assembly.
TpTrace Information: 0 : 11648, 1, 2023/01/10, 01:38:40.670, 14991317737704, vstest.console.dll, AssemblyResolver.OnResolve: DumpMinitool.x86: Searching in: 'C:\Program Files\dotnet\sdk\6.0.302\Extensions'.
TpTrace Information: 0 : 11648, 1, 2023/01/10, 01:38:40.670, 14991317739548, vstest.console.dll, AssemblyResolver.OnResolve: DumpMinitool.x86: Assembly path does not exist: 'C:\Program Files\dotnet\sdk\6.0.302\Extensions\DumpMinitool.x86.dll', returning.
TpTrace Information: 0 : 11648, 1, 2023/01/10, 01:38:40.719, 14991318233909, vstest.console.dll, AssemblyResolver.OnResolve: DumpMinitool.x86: Loading assembly 'C:\Program Files\dotnet\sdk\6.0.302\Extensions\DumpMinitool.x86.exe'.
TpTrace Information: 0 : 11648, 1, 2023/01/10, 01:38:40.754, 14991318579768, vstest.console.dll, AssemblyResolver.OnResolve: Resolved assembly: DumpMinitool.x86, from path: C:\Program Files\dotnet\sdk\6.0.302\Extensions\DumpMinitool.x86.exe
TpTrace Verbose: 0 : 11648, 1, 2023/01/10, 01:38:40.754, 14991318581648, vstest.console.dll, MetadataReaderExtensionsHelper: Discovering extensions inside assembly 'DumpMinitool.x86, Version=15.0.0.0, Culture=neutral, PublicKeyToken=b03f5f7f11d50a3a' file path 'C:\Program Files\dotnet\sdk\6.0.302\Extensions\DumpMinitool.x86.exe'
TpTrace Information: 0 : 11648, 1, 2023/01/10, 01:38:40.805, 14991319087328, vstest.console.dll, AssemblyResolver.OnResolve: Microsoft.Diagnostics.NETCore.Client: Resolving assembly.
TpTrace Information: 0 : 11648, 1, 2023/01/10, 01:38:40.805, 14991319088825, vstest.console.dll, AssemblyResolver.OnResolve: Microsoft.Diagnostics.NETCore.Client: Searching in: 'C:\Program Files\dotnet\sdk\6.0.302\Extensions'.
TpTrace Information: 0 : 11648, 1, 2023/01/10, 01:38:40.806, 14991319096441, vstest.console.dll, AssemblyResolver.OnResolve: Microsoft.Diagnostics.NETCore.Client: Loading assembly 'C:\Program Files\dotnet\sdk\6.0.302\Extensions\Microsoft.Diagnostics.NETCore.Client.dll'.
TpTrace Information: 0 : 11648, 1, 2023/01/10, 01:38:40.807, 14991319107312, vstest.console.dll, AssemblyResolver.OnResolve: Resolved assembly: Microsoft.Diagnostics.NETCore.Client, from path: C:\Program Files\dotnet\sdk\6.0.302\Extensions\Microsoft.Diagnostics.NETCore.Client.dll
TpTrace Verbose: 0 : 11648, 1, 2023/01/10, 01:38:40.807, 14991319108841, vstest.console.dll, MetadataReaderExtensionsHelper: Discovering extensions inside assembly 'Microsoft.Diagnostics.NETCore.Client, Version=0.2.5.801, Culture=neutral, PublicKeyToken=31bf3856ad364e35' file path 'C:\Program Files\dotnet\sdk\6.0.302\Extensions\Microsoft.Diagnostics.NETCore.Client.dll'
TpTrace Information: 0 : 11648, 1, 2023/01/10, 01:38:40.856, 14991319601239, vstest.console.dll, AssemblyResolver.OnResolve: Microsoft.Bcl.AsyncInterfaces: Resolving assembly.
TpTrace Information: 0 : 11648, 1, 2023/01/10, 01:38:40.856, 14991319602764, vstest.console.dll, AssemblyResolver.OnResolve: Microsoft.Bcl.AsyncInterfaces: Searching in: 'C:\Program Files\dotnet\sdk\6.0.302\Extensions'.
TpTrace Information: 0 : 11648, 1, 2023/01/10, 01:38:40.856, 14991319604254, vstest.console.dll, AssemblyResolver.OnResolve: Microsoft.Bcl.AsyncInterfaces: Assembly path does not exist: 'C:\Program Files\dotnet\sdk\6.0.302\Extensions\Microsoft.Bcl.AsyncInterfaces.dll', returning.
TpTrace Information: 0 : 11648, 1, 2023/01/10, 01:38:40.856, 14991319605402, vstest.console.dll, AssemblyResolver.OnResolve: Microsoft.Bcl.AsyncInterfaces: Assembly path does not exist: 'C:\Program Files\dotnet\sdk\6.0.302\Extensions\Microsoft.Bcl.AsyncInterfaces.exe', returning.
TpTrace Information: 0 : 11648, 1, 2023/01/10, 01:38:40.856, 14991319605998, vstest.console.dll, AssemblyResolver.OnResolve: Microsoft.Bcl.AsyncInterfaces: Searching in: 'C:\Program Files\dotnet\sdk\6.0.302'.
TpTrace Information: 0 : 11648, 1, 2023/01/10, 01:38:40.857, 14991319607452, vstest.console.dll, AssemblyResolver.OnResolve: Microsoft.Bcl.AsyncInterfaces: Assembly path does not exist: 'C:\Program Files\dotnet\sdk\6.0.302\Microsoft.Bcl.AsyncInterfaces.dll', returning.
TpTrace Information: 0 : 11648, 1, 2023/01/10, 01:38:40.857, 14991319608640, vstest.console.dll, AssemblyResolver.OnResolve: Microsoft.Bcl.AsyncInterfaces: Assembly path does not exist: 'C:\Program Files\dotnet\sdk\6.0.302\Microsoft.Bcl.AsyncInterfaces.exe', returning.
TpTrace Information: 0 : 11648, 1, 2023/01/10, 01:38:40.857, 14991319609254, vstest.console.dll, AssemblyResolver.OnResolve: Microsoft.Bcl.AsyncInterfaces: Failed to load assembly.
TpTrace Verbose: 0 : 11648, 1, 2023/01/10, 01:38:40.857, 14991319609992, vstest.console.dll, CurrentDomainAssemblyResolve: Resolving assembly 'Microsoft.Bcl.AsyncInterfaces'.
TpTrace Information: 0 : 11648, 1, 2023/01/10, 01:38:40.857, 14991319611095, vstest.console.dll, AssemblyResolver.OnResolve: Microsoft.Bcl.AsyncInterfaces: Resolving assembly.
TpTrace Information: 0 : 11648, 1, 2023/01/10, 01:38:40.857, 14991319611899, vstest.console.dll, AssemblyResolver.OnResolve: Microsoft.Bcl.AsyncInterfaces: Resolved from cache.
TpTrace Verbose: 0 : 11648, 1, 2023/01/10, 01:38:40.857, 14991319612503, vstest.console.dll, CurrentDomainAssemblyResolve: Resolving assembly 'Microsoft.Bcl.AsyncInterfaces'.
TpTrace Verbose: 0 : 11648, 1, 2023/01/10, 01:38:40.857, 14991319613167, vstest.console.dll, CurrentDomainAssemblyResolve: Failed to resolve assembly 'Microsoft.Bcl.AsyncInterfaces'.
TpTrace Verbose: 0 : 11648, 1, 2023/01/10, 01:38:40.859, 14991319633232, vstest.console.dll, CurrentDomainAssemblyResolve: Failed to resolve assembly 'Microsoft.Bcl.AsyncInterfaces'.
TpTrace Warning: 0 : 11648, 1, 2023/01/10, 01:38:40.922, 14991320257709, vstest.console.dll, TestPluginDiscoverer: Failed to get types from assembly 'Microsoft.Diagnostics.NETCore.Client, Version=0.2.5.801, Culture=neutral, PublicKeyToken=31bf3856ad364e35'. Error: System.Reflection.ReflectionTypeLoadException: Unable to load one or more of the requested types.
Could not load file or assembly 'Microsoft.Bcl.AsyncInterfaces, Version=1.0.0.0, Culture=neutral, PublicKeyToken=cc7b13ffcd2ddd51'. The system cannot find the file specified.
   at System.Reflection.RuntimeModule.GetTypes(RuntimeModule module)
   at System.Reflection.Assembly.GetTypes()
   at Microsoft.VisualStudio.TestPlatform.Common.ExtensionFramework.TestPluginDiscoverer.GetTestExtensionsFromAssembly[TPluginInfo,TExtension](Assembly assembly, Dictionary`2 pluginInfos, String filePath)
System.IO.FileNotFoundException: Could not load file or assembly 'Microsoft.Bcl.AsyncInterfaces, Version=1.0.0.0, Culture=neutral, PublicKeyToken=cc7b13ffcd2ddd51'. The system cannot find the file specified.
File name: 'Microsoft.Bcl.AsyncInterfaces, Version=1.0.0.0, Culture=neutral, PublicKeyToken=cc7b13ffcd2ddd51'
 ---> System.IO.FileNotFoundException: Could not load file or assembly 'Microsoft.Bcl.AsyncInterfaces, Culture=neutral, PublicKeyToken=null'. The system cannot find the file specified.
File name: 'Microsoft.Bcl.AsyncInterfaces, Culture=neutral, PublicKeyToken=null'
   at System.Reflection.RuntimeAssembly.InternalLoad(ObjectHandleOnStack assemblyName, ObjectHandleOnStack requestingAssembly, StackCrawlMarkHandle stackMark, Boolean throwOnFileNotFound, ObjectHandleOnStack assemblyLoadContext, ObjectHandleOnStack retAssembly)
   at System.Reflection.RuntimeAssembly.InternalLoad(AssemblyName assemblyName, RuntimeAssembly requestingAssembly, StackCrawlMark& stackMark, Boolean throwOnFileNotFound, AssemblyLoadContext assemblyLoadContext)
   at System.Reflection.Assembly.Load(AssemblyName assemblyRef)
   at Microsoft.VisualStudio.TestPlatform.Common.ExtensionFramework.TestPluginCache.CurrentDomainAssemblyResolve(Object sender, AssemblyResolveEventArgs args)
   at Microsoft.VisualStudio.TestPlatform.PlatformAbstractions.PlatformAssemblyResolver.AssemblyResolverEvent(Object sender, Object eventArgs)
   at System.Runtime.Loader.AssemblyLoadContext.GetFirstResolvedAssemblyFromResolvingEvent(AssemblyName assemblyName)
   at System.Runtime.Loader.AssemblyLoadContext.ResolveUsingEvent(AssemblyName assemblyName)
   at System.Runtime.Loader.AssemblyLoadContext.ResolveUsingResolvingEvent(IntPtr gchManagedAssemblyLoadContext, AssemblyName assemblyName)
TpTrace Warning: 0 : 11648, 1, 2023/01/10, 01:38:40.922, 14991320263518, vstest.console.dll, LoaderExceptions: System.IO.FileNotFoundException: Could not load file or assembly 'Microsoft.Bcl.AsyncInterfaces, Version=1.0.0.0, Culture=neutral, PublicKeyToken=cc7b13ffcd2ddd51'. The system cannot find the file specified.
File name: 'Microsoft.Bcl.AsyncInterfaces, Version=1.0.0.0, Culture=neutral, PublicKeyToken=cc7b13ffcd2ddd51'
 ---> System.IO.FileNotFoundException: Could not load file or assembly 'Microsoft.Bcl.AsyncInterfaces, Culture=neutral, PublicKeyToken=null'. The system cannot find the file specified.
File name: 'Microsoft.Bcl.AsyncInterfaces, Culture=neutral, PublicKeyToken=null'
   at System.Reflection.RuntimeAssembly.InternalLoad(ObjectHandleOnStack assemblyName, ObjectHandleOnStack requestingAssembly, StackCrawlMarkHandle stackMark, Boolean throwOnFileNotFound, ObjectHandleOnStack assemblyLoadContext, ObjectHandleOnStack retAssembly)
   at System.Reflection.RuntimeAssembly.InternalLoad(AssemblyName assemblyName, RuntimeAssembly requestingAssembly, StackCrawlMark& stackMark, Boolean throwOnFileNotFound, AssemblyLoadContext assemblyLoadContext)
   at System.Reflection.Assembly.Load(AssemblyName assemblyRef)
   at Microsoft.VisualStudio.TestPlatform.Common.ExtensionFramework.TestPluginCache.CurrentDomainAssemblyResolve(Object sender, AssemblyResolveEventArgs args)
   at Microsoft.VisualStudio.TestPlatform.PlatformAbstractions.PlatformAssemblyResolver.AssemblyResolverEvent(Object sender, Object eventArgs)
   at System.Runtime.Loader.AssemblyLoadContext.GetFirstResolvedAssemblyFromResolvingEvent(AssemblyName assemblyName)
   at System.Runtime.Loader.AssemblyLoadContext.ResolveUsingEvent(AssemblyName assemblyName)
   at System.Runtime.Loader.AssemblyLoadContext.ResolveUsingResolvingEvent(IntPtr gchManagedAssemblyLoadContext, AssemblyName assemblyName)
TpTrace Information: 0 : 11648, 1, 2023/01/10, 01:38:40.922, 14991320265867, vstest.console.dll, AssemblyResolver.OnResolve: Microsoft.TestPlatform.Extensions.BlameDataCollector: Resolving assembly.
TpTrace Information: 0 : 11648, 1, 2023/01/10, 01:38:40.923, 14991320266652, vstest.console.dll, AssemblyResolver.OnResolve: Microsoft.TestPlatform.Extensions.BlameDataCollector: Searching in: 'C:\Program Files\dotnet\sdk\6.0.302\Extensions'.
TpTrace Information: 0 : 11648, 1, 2023/01/10, 01:38:40.981, 14991320855050, vstest.console.dll, AssemblyResolver.OnResolve: Microsoft.TestPlatform.Extensions.BlameDataCollector: Loading assembly 'C:\Program Files\dotnet\sdk\6.0.302\Extensions\Microsoft.TestPlatform.Extensions.BlameDataCollector.dll'.
TpTrace Information: 0 : 11648, 1, 2023/01/10, 01:38:41.037, 14991321406633, vstest.console.dll, AssemblyResolver.OnResolve: Resolved assembly: Microsoft.TestPlatform.Extensions.BlameDataCollector, from path: C:\Program Files\dotnet\sdk\6.0.302\Extensions\Microsoft.TestPlatform.Extensions.BlameDataCollector.dll
TpTrace Verbose: 0 : 11648, 1, 2023/01/10, 01:38:41.037, 14991321408371, vstest.console.dll, MetadataReaderExtensionsHelper: Discovering extensions inside assembly 'Microsoft.TestPlatform.Extensions.BlameDataCollector, Version=15.0.0.0, Culture=neutral, PublicKeyToken=b03f5f7f11d50a3a' file path 'C:\Program Files\dotnet\sdk\6.0.302\Extensions\Microsoft.TestPlatform.Extensions.BlameDataCollector.dll'
TpTrace Information: 0 : 11648, 1, 2023/01/10, 01:38:41.071, 14991321748775, vstest.console.dll, AssemblyResolver.OnResolve: Microsoft.TestPlatform.Extensions.EventLogCollector: Resolving assembly.
TpTrace Information: 0 : 11648, 1, 2023/01/10, 01:38:41.071, 14991321750285, vstest.console.dll, AssemblyResolver.OnResolve: Microsoft.TestPlatform.Extensions.EventLogCollector: Searching in: 'C:\Program Files\dotnet\sdk\6.0.302\Extensions'.
TpTrace Information: 0 : 11648, 1, 2023/01/10, 01:38:41.072, 14991321758040, vstest.console.dll, AssemblyResolver.OnResolve: Microsoft.TestPlatform.Extensions.EventLogCollector: Loading assembly 'C:\Program Files\dotnet\sdk\6.0.302\Extensions\Microsoft.TestPlatform.Extensions.EventLogCollector.dll'.
TpTrace Information: 0 : 11648, 1, 2023/01/10, 01:38:41.073, 14991321768097, vstest.console.dll, AssemblyResolver.OnResolve: Resolved assembly: Microsoft.TestPlatform.Extensions.EventLogCollector, from path: C:\Program Files\dotnet\sdk\6.0.302\Extensions\Microsoft.TestPlatform.Extensions.EventLogCollector.dll
TpTrace Verbose: 0 : 11648, 1, 2023/01/10, 01:38:41.073, 14991321769897, vstest.console.dll, MetadataReaderExtensionsHelper: Discovering extensions inside assembly 'Microsoft.TestPlatform.Extensions.EventLogCollector, Version=15.0.0.0, Culture=neutral, PublicKeyToken=b03f5f7f11d50a3a' file path 'C:\Program Files\dotnet\sdk\6.0.302\Extensions\Microsoft.TestPlatform.Extensions.EventLogCollector.dll'
TpTrace Information: 0 : 11648, 1, 2023/01/10, 01:38:41.075, 14991321792915, vstest.console.dll, AssemblyResolver.OnResolve: Microsoft.TestPlatform.TestHostRuntimeProvider: Resolving assembly.
TpTrace Information: 0 : 11648, 1, 2023/01/10, 01:38:41.075, 14991321794029, vstest.console.dll, AssemblyResolver.OnResolve: Microsoft.TestPlatform.TestHostRuntimeProvider: Searching in: 'C:\Program Files\dotnet\sdk\6.0.302\Extensions'.
TpTrace Information: 0 : 11648, 1, 2023/01/10, 01:38:41.076, 14991321800555, vstest.console.dll, AssemblyResolver.OnResolve: Microsoft.TestPlatform.TestHostRuntimeProvider: Loading assembly 'C:\Program Files\dotnet\sdk\6.0.302\Extensions\Microsoft.TestPlatform.TestHostRuntimeProvider.dll'.
TpTrace Information: 0 : 11648, 1, 2023/01/10, 01:38:41.077, 14991321810995, vstest.console.dll, AssemblyResolver.OnResolve: Resolved assembly: Microsoft.TestPlatform.TestHostRuntimeProvider, from path: C:\Program Files\dotnet\sdk\6.0.302\Extensions\Microsoft.TestPlatform.TestHostRuntimeProvider.dll
TpTrace Verbose: 0 : 11648, 1, 2023/01/10, 01:38:41.077, 14991321813751, vstest.console.dll, MetadataReaderExtensionsHelper: Discovering extensions inside assembly 'Microsoft.TestPlatform.TestHostRuntimeProvider, Version=15.0.0.0, Culture=neutral, PublicKeyToken=b03f5f7f11d50a3a' file path 'C:\Program Files\dotnet\sdk\6.0.302\Extensions\Microsoft.TestPlatform.TestHostRuntimeProvider.dll'
TpTrace Information: 0 : 11648, 1, 2023/01/10, 01:38:41.082, 14991321865736, vstest.console.dll, GetTestExtensionFromType: Register extension with identifier data 'HostProvider://DefaultTestHost' and type 'Microsoft.VisualStudio.TestPlatform.CrossPlatEngine.Hosting.DefaultTestHostManager, Microsoft.TestPlatform.TestHostRuntimeProvider, Version=15.0.0.0, Culture=neutral, PublicKeyToken=b03f5f7f11d50a3a' inside file 'C:\Program Files\dotnet\sdk\6.0.302\Extensions\Microsoft.TestPlatform.TestHostRuntimeProvider.dll'
TpTrace Information: 0 : 11648, 1, 2023/01/10, 01:38:41.083, 14991321867930, vstest.console.dll, GetTestExtensionFromType: Register extension with identifier data 'HostProvider://DotnetTestHost' and type 'Microsoft.VisualStudio.TestPlatform.CrossPlatEngine.Hosting.DotnetTestHostManager, Microsoft.TestPlatform.TestHostRuntimeProvider, Version=15.0.0.0, Culture=neutral, PublicKeyToken=b03f5f7f11d50a3a' inside file 'C:\Program Files\dotnet\sdk\6.0.302\Extensions\Microsoft.TestPlatform.TestHostRuntimeProvider.dll'
TpTrace Information: 0 : 11648, 1, 2023/01/10, 01:38:41.083, 14991321869395, vstest.console.dll, AssemblyResolver.OnResolve: Microsoft.VisualStudio.TestPlatform.Extensions.Html.TestLogger: Resolving assembly.
TpTrace Information: 0 : 11648, 1, 2023/01/10, 01:38:41.083, 14991321870112, vstest.console.dll, AssemblyResolver.OnResolve: Microsoft.VisualStudio.TestPlatform.Extensions.Html.TestLogger: Searching in: 'C:\Program Files\dotnet\sdk\6.0.302\Extensions'.
TpTrace Information: 0 : 11648, 1, 2023/01/10, 01:38:41.084, 14991321877699, vstest.console.dll, AssemblyResolver.OnResolve: Microsoft.VisualStudio.TestPlatform.Extensions.Html.TestLogger: Loading assembly 'C:\Program Files\dotnet\sdk\6.0.302\Extensions\Microsoft.VisualStudio.TestPlatform.Extensions.Html.TestLogger.dll'.
TpTrace Information: 0 : 11648, 1, 2023/01/10, 01:38:41.084, 14991321884566, vstest.console.dll, AssemblyResolver.OnResolve: Resolved assembly: Microsoft.VisualStudio.TestPlatform.Extensions.Html.TestLogger, from path: C:\Program Files\dotnet\sdk\6.0.302\Extensions\Microsoft.VisualStudio.TestPlatform.Extensions.Html.TestLogger.dll
TpTrace Verbose: 0 : 11648, 1, 2023/01/10, 01:38:41.084, 14991321885600, vstest.console.dll, MetadataReaderExtensionsHelper: Discovering extensions inside assembly 'Microsoft.VisualStudio.TestPlatform.Extensions.Html.TestLogger, Version=15.0.0.0, Culture=neutral, PublicKeyToken=b03f5f7f11d50a3a' file path 'C:\Program Files\dotnet\sdk\6.0.302\Extensions\Microsoft.VisualStudio.TestPlatform.Extensions.Html.TestLogger.dll'
TpTrace Information: 0 : 11648, 1, 2023/01/10, 01:38:41.086, 14991321898237, vstest.console.dll, AssemblyResolver.OnResolve: Microsoft.VisualStudio.TestPlatform.Extensions.Trx.TestLogger: Resolving assembly.
TpTrace Information: 0 : 11648, 1, 2023/01/10, 01:38:41.086, 14991321899221, vstest.console.dll, AssemblyResolver.OnResolve: Microsoft.VisualStudio.TestPlatform.Extensions.Trx.TestLogger: Searching in: 'C:\Program Files\dotnet\sdk\6.0.302\Extensions'.
TpTrace Information: 0 : 11648, 1, 2023/01/10, 01:38:41.086, 14991321905869, vstest.console.dll, AssemblyResolver.OnResolve: Microsoft.VisualStudio.TestPlatform.Extensions.Trx.TestLogger: Loading assembly 'C:\Program Files\dotnet\sdk\6.0.302\Extensions\Microsoft.VisualStudio.TestPlatform.Extensions.Trx.TestLogger.dll'.
TpTrace Information: 0 : 11648, 1, 2023/01/10, 01:38:41.087, 14991321913428, vstest.console.dll, AssemblyResolver.OnResolve: Resolved assembly: Microsoft.VisualStudio.TestPlatform.Extensions.Trx.TestLogger, from path: C:\Program Files\dotnet\sdk\6.0.302\Extensions\Microsoft.VisualStudio.TestPlatform.Extensions.Trx.TestLogger.dll
TpTrace Verbose: 0 : 11648, 1, 2023/01/10, 01:38:41.087, 14991321914432, vstest.console.dll, MetadataReaderExtensionsHelper: Discovering extensions inside assembly 'Microsoft.VisualStudio.TestPlatform.Extensions.Trx.TestLogger, Version=15.0.0.0, Culture=neutral, PublicKeyToken=b03f5f7f11d50a3a' file path 'C:\Program Files\dotnet\sdk\6.0.302\Extensions\Microsoft.VisualStudio.TestPlatform.Extensions.Trx.TestLogger.dll'
TpTrace Verbose: 0 : 11648, 1, 2023/01/10, 01:38:41.089, 14991321928571, vstest.console.dll, TestPluginCache: Discovered the extensions using extension path ''.
TpTrace Verbose: 0 : 11648, 1, 2023/01/10, 01:38:41.089, 14991321929745, vstest.console.dll, TestPluginCache: Discoverers are ''.
TpTrace Verbose: 0 : 11648, 1, 2023/01/10, 01:38:41.089, 14991321930243, vstest.console.dll, TestPluginCache: Executors are ''.
TpTrace Verbose: 0 : 11648, 1, 2023/01/10, 01:38:41.089, 14991321930608, vstest.console.dll, TestPluginCache: Executors2 are ''.
TpTrace Verbose: 0 : 11648, 1, 2023/01/10, 01:38:41.089, 14991321930966, vstest.console.dll, TestPluginCache: Setting providers are ''.
TpTrace Verbose: 0 : 11648, 1, 2023/01/10, 01:38:41.089, 14991321931318, vstest.console.dll, TestPluginCache: Loggers are ''.
TpTrace Verbose: 0 : 11648, 1, 2023/01/10, 01:38:41.089, 14991321933009, vstest.console.dll, TestPluginCache: TestHosts are 'HostProvider://DefaultTestHost,HostProvider://DotnetTestHost'.
TpTrace Verbose: 0 : 11648, 1, 2023/01/10, 01:38:41.089, 14991321933512, vstest.console.dll, TestPluginCache: DataCollectors are ''.
TpTrace Information: 0 : 11648, 1, 2023/01/10, 01:38:41.118, 14991322219309, vstest.console.dll, RunTestsArgumentProcessor:Execute: Test run is starting.
TpTrace Verbose: 0 : 11648, 1, 2023/01/10, 01:38:41.118, 14991322220890, vstest.console.dll, RunTestsArgumentProcessor:Execute: Queuing Test run.
TpTrace Information: 0 : 11648, 1, 2023/01/10, 01:38:41.118, 14991322224512, vstest.console.dll, TestRequestManager.RunTests: run tests started.
TpTrace Information: 0 : 11648, 1, 2023/01/10, 01:38:41.128, 14991322322471, vstest.console.dll, AssemblyMetadataProvider.GetFrameWork: Determined framework:'.NETCoreApp,Version=v6.0' for source: 'C:\Users\Dell\OneDrive\Рабочий стол\Studying\.NET\l3\Accountin-of-goods\UnitOfWorkTest\bin\Debug\net6.0\fine-code-coverage\build-output\Tests.dll'
TpTrace Information: 0 : 11648, 1, 2023/01/10, 01:38:41.129, 14991322329059, vstest.console.dll, Determined framework for all sources: .NETCoreApp,Version=v6.0
TpTrace Verbose: 0 : 11648, 1, 2023/01/10, 01:38:41.130, 14991322338514, vstest.console.dll, TestRequestManager.UpdateRunSettingsIfRequired: Default architecture: X64 IsDefaultTargetArchitecture: True, Current process architecture: X64 OperatingSystem: Windows.
TpTrace Information: 0 : 11648, 1, 2023/01/10, 01:38:41.131, 14991322348715, vstest.console.dll, AssemblyMetadataProvider.GetArchitecture: Determined architecture:AnyCPU info for assembly: C:\Users\Dell\OneDrive\Рабочий стол\Studying\.NET\l3\Accountin-of-goods\UnitOfWorkTest\bin\Debug\net6.0\fine-code-coverage\build-output\Tests.dll
TpTrace Information: 0 : 11648, 1, 2023/01/10, 01:38:41.131, 14991322350357, vstest.console.dll, Determined platform for source 'C:\Users\Dell\OneDrive\Рабочий стол\Studying\.NET\l3\Accountin-of-goods\UnitOfWorkTest\bin\Debug\net6.0\fine-code-coverage\build-output\Tests.dll' is 'AnyCPU'
TpTrace Information: 0 : 11648, 1, 2023/01/10, 01:38:41.134, 14991322381786, vstest.console.dll, Determined platform for all sources: X64
TpTrace Information: 0 : 11648, 1, 2023/01/10, 01:38:41.134, 14991322383315, vstest.console.dll, Infered platform 'X64'.
TpTrace Information: 0 : 11648, 1, 2023/01/10, 01:38:41.134, 14991322384048, vstest.console.dll, Platform update to 'X64' required.
TpTrace Information: 0 : 11648, 1, 2023/01/10, 01:38:41.139, 14991322435591, vstest.console.dll, Compatible sources list: 
TpTrace Information: 0 : 11648, 1, 2023/01/10, 01:38:41.140, 14991322437105, vstest.console.dll, C:\Users\Dell\OneDrive\Рабочий стол\Studying\.NET\l3\Accountin-of-goods\UnitOfWorkTest\bin\Debug\net6.0\fine-code-coverage\build-output\Tests.dll
TpTrace Information: 0 : 11648, 1, 2023/01/10, 01:38:41.144, 14991322486367, vstest.console.dll, InferRunSettingsHelper.IsTestSettingsEnabled: Unable to navigate to RunSettings/MSTest. Current node: RunSettings
TpTrace Information: 0 : 11648, 1, 2023/01/10, 01:38:41.147, 14991322508850, vstest.console.dll, AssemblyResolver.OnResolve: Microsoft.VisualStudio.TestPlatform.Fakes: Resolving assembly.
TpTrace Information: 0 : 11648, 1, 2023/01/10, 01:38:41.147, 14991322510315, vstest.console.dll, AssemblyResolver.OnResolve: Microsoft.VisualStudio.TestPlatform.Fakes: Searching in: 'C:\Program Files\dotnet\sdk\6.0.302\Extensions'.
TpTrace Information: 0 : 11648, 1, 2023/01/10, 01:38:41.147, 14991322511827, vstest.console.dll, AssemblyResolver.OnResolve: Microsoft.VisualStudio.TestPlatform.Fakes: Assembly path does not exist: 'C:\Program Files\dotnet\sdk\6.0.302\Extensions\Microsoft.VisualStudio.TestPlatform.Fakes.dll', returning.
TpTrace Information: 0 : 11648, 1, 2023/01/10, 01:38:41.147, 14991322513043, vstest.console.dll, AssemblyResolver.OnResolve: Microsoft.VisualStudio.TestPlatform.Fakes: Assembly path does not exist: 'C:\Program Files\dotnet\sdk\6.0.302\Extensions\Microsoft.VisualStudio.TestPlatform.Fakes.exe', returning.
TpTrace Information: 0 : 11648, 1, 2023/01/10, 01:38:41.147, 14991322513744, vstest.console.dll, AssemblyResolver.OnResolve: Microsoft.VisualStudio.TestPlatform.Fakes: Searching in: 'C:\Program Files\dotnet\sdk\6.0.302'.
TpTrace Information: 0 : 11648, 1, 2023/01/10, 01:38:41.147, 14991322514930, vstest.console.dll, AssemblyResolver.OnResolve: Microsoft.VisualStudio.TestPlatform.Fakes: Assembly path does not exist: 'C:\Program Files\dotnet\sdk\6.0.302\Microsoft.VisualStudio.TestPlatform.Fakes.dll', returning.
TpTrace Information: 0 : 11648, 1, 2023/01/10, 01:38:41.147, 14991322516048, vstest.console.dll, AssemblyResolver.OnResolve: Microsoft.VisualStudio.TestPlatform.Fakes: Assembly path does not exist: 'C:\Program Files\dotnet\sdk\6.0.302\Microsoft.VisualStudio.TestPlatform.Fakes.exe', returning.
TpTrace Information: 0 : 11648, 1, 2023/01/10, 01:38:41.148, 14991322516644, vstest.console.dll, AssemblyResolver.OnResolve: Microsoft.VisualStudio.TestPlatform.Fakes: Failed to load assembly.
TpTrace Information: 0 : 11648, 1, 2023/01/10, 01:38:41.148, 14991322523504, vstest.console.dll, Failed to load assembly Microsoft.VisualStudio.TestPlatform.Fakes, Version=17.0.0.0, Culture=neutral. Reason:System.IO.FileNotFoundException: Could not load file or assembly 'Microsoft.VisualStudio.TestPlatform.Fakes, Version=17.0.0.0, Culture=neutral, PublicKeyToken=null'. The system cannot find the file specified.
File name: 'Microsoft.VisualStudio.TestPlatform.Fakes, Version=17.0.0.0, Culture=neutral, PublicKeyToken=null'
   at System.Reflection.RuntimeAssembly.InternalLoad(ObjectHandleOnStack assemblyName, ObjectHandleOnStack requestingAssembly, StackCrawlMarkHandle stackMark, Boolean throwOnFileNotFound, ObjectHandleOnStack assemblyLoadContext, ObjectHandleOnStack retAssembly)
   at System.Reflection.RuntimeAssembly.InternalLoad(AssemblyName assemblyName, RuntimeAssembly requestingAssembly, StackCrawlMark& stackMark, Boolean throwOnFileNotFound, AssemblyLoadContext assemblyLoadContext)
   at System.Reflection.Assembly.Load(AssemblyName assemblyRef)
   at Microsoft.VisualStudio.TestPlatform.Common.Utilities.FakesUtilities.LoadTestPlatformAssembly()
TpTrace Verbose: 0 : 11648, 1, 2023/01/10, 01:38:41.223, 14991323267524, vstest.console.dll, TestPluginCache.DiscoverTestExtensions: finding test extensions in assemblies ends with: TestLogger.dll TPluginInfo: Microsoft.VisualStudio.TestPlatform.Common.ExtensionFramework.Utilities.TestLoggerPluginInformation TExtension: Microsoft.VisualStudio.TestPlatform.ObjectModel.Client.ITestLogger
TpTrace Verbose: 0 : 11648, 1, 2023/01/10, 01:38:41.223, 14991323269226, vstest.console.dll, TestPluginCache.GetExtensionPaths: Filtered extension paths: 
TpTrace Verbose: 0 : 11648, 1, 2023/01/10, 01:38:41.223, 14991323269915, vstest.console.dll, TestPluginCache.GetExtensionPaths: Added default extension paths: C:\Program Files\dotnet\sdk\6.0.302\Extensions\DumpMinitool.exe
C:\Program Files\dotnet\sdk\6.0.302\Extensions\DumpMinitool.x86.exe
C:\Program Files\dotnet\sdk\6.0.302\Extensions\Microsoft.Diagnostics.NETCore.Client.dll
C:\Program Files\dotnet\sdk\6.0.302\Extensions\Microsoft.TestPlatform.Extensions.BlameDataCollector.dll
C:\Program Files\dotnet\sdk\6.0.302\Extensions\Microsoft.TestPlatform.Extensions.EventLogCollector.dll
C:\Program Files\dotnet\sdk\6.0.302\Extensions\Microsoft.TestPlatform.TestHostRuntimeProvider.dll
C:\Program Files\dotnet\sdk\6.0.302\Extensions\Microsoft.VisualStudio.TestPlatform.Extensions.Html.TestLogger.dll
C:\Program Files\dotnet\sdk\6.0.302\Extensions\Microsoft.VisualStudio.TestPlatform.Extensions.Trx.TestLogger.dll
TpTrace Verbose: 0 : 11648, 1, 2023/01/10, 01:38:41.223, 14991323270783, vstest.console.dll, TestPluginCache.GetExtensionPaths: Added unfilterableExtensionPaths: 
TpTrace Information: 0 : 11648, 1, 2023/01/10, 01:38:41.223, 14991323273570, vstest.console.dll, AssemblyResolver.AddSearchDirectories: Adding more searchDirectories C:\Program Files\dotnet\sdk\6.0.302\Extensions,C:\Program Files\dotnet\sdk\6.0.302
TpTrace Verbose: 0 : 11648, 1, 2023/01/10, 01:38:41.223, 14991323274491, vstest.console.dll, TestPluginCache.DiscoverTestExtensions: Discovering the extensions using extension path.
TpTrace Verbose: 0 : 11648, 1, 2023/01/10, 01:38:41.223, 14991323275358, vstest.console.dll, TestPluginCache.GetExtensionPaths: Filtered extension paths: 
TpTrace Verbose: 0 : 11648, 1, 2023/01/10, 01:38:41.223, 14991323275983, vstest.console.dll, TestPluginCache.GetExtensionPaths: Added default extension paths: C:\Program Files\dotnet\sdk\6.0.302\Extensions\DumpMinitool.exe
C:\Program Files\dotnet\sdk\6.0.302\Extensions\DumpMinitool.x86.exe
C:\Program Files\dotnet\sdk\6.0.302\Extensions\Microsoft.Diagnostics.NETCore.Client.dll
C:\Program Files\dotnet\sdk\6.0.302\Extensions\Microsoft.TestPlatform.Extensions.BlameDataCollector.dll
C:\Program Files\dotnet\sdk\6.0.302\Extensions\Microsoft.TestPlatform.Extensions.EventLogCollector.dll
C:\Program Files\dotnet\sdk\6.0.302\Extensions\Microsoft.TestPlatform.TestHostRuntimeProvider.dll
C:\Program Files\dotnet\sdk\6.0.302\Extensions\Microsoft.VisualStudio.TestPlatform.Extensions.Html.TestLogger.dll
C:\Program Files\dotnet\sdk\6.0.302\Extensions\Microsoft.VisualStudio.TestPlatform.Extensions.Trx.TestLogger.dll
TpTrace Verbose: 0 : 11648, 1, 2023/01/10, 01:38:41.224, 14991323277243, vstest.console.dll, TestPluginCache.GetExtensionPaths: Added unfilterableExtensionPaths: 
TpTrace Verbose: 0 : 11648, 1, 2023/01/10, 01:38:41.224, 14991323278048, vstest.console.dll, TestPluginCache.DiscoverTestExtensions: Discovering the extensions using allExtensionPaths: C:\Program Files\dotnet\sdk\6.0.302\Extensions\DumpMinitool.exe
C:\Program Files\dotnet\sdk\6.0.302\Extensions\DumpMinitool.x86.exe
C:\Program Files\dotnet\sdk\6.0.302\Extensions\Microsoft.Diagnostics.NETCore.Client.dll
C:\Program Files\dotnet\sdk\6.0.302\Extensions\Microsoft.TestPlatform.Extensions.BlameDataCollector.dll
C:\Program Files\dotnet\sdk\6.0.302\Extensions\Microsoft.TestPlatform.Extensions.EventLogCollector.dll
C:\Program Files\dotnet\sdk\6.0.302\Extensions\Microsoft.TestPlatform.TestHostRuntimeProvider.dll
C:\Program Files\dotnet\sdk\6.0.302\Extensions\Microsoft.VisualStudio.TestPlatform.Extensions.Html.TestLogger.dll
C:\Program Files\dotnet\sdk\6.0.302\Extensions\Microsoft.VisualStudio.TestPlatform.Extensions.Trx.TestLogger.dll
TpTrace Information: 0 : 11648, 1, 2023/01/10, 01:38:41.224, 14991323279157, vstest.console.dll, AssemblyResolver.AddSearchDirectories: Adding more searchDirectories C:\Program Files\dotnet\sdk\6.0.302\Extensions,C:\Program Files\dotnet\sdk\6.0.302
TpTrace Information: 0 : 11648, 1, 2023/01/10, 01:38:41.224, 14991323279861, vstest.console.dll, AssemblyResolver.AddSearchDirectories: Adding more searchDirectories C:\Program Files\dotnet\sdk\6.0.302\Extensions,C:\Program Files\dotnet\sdk\6.0.302
TpTrace Information: 0 : 11648, 1, 2023/01/10, 01:38:41.224, 14991323280486, vstest.console.dll, AssemblyResolver.AddSearchDirectories: Adding more searchDirectories C:\Program Files\dotnet\sdk\6.0.302\Extensions,C:\Program Files\dotnet\sdk\6.0.302
TpTrace Information: 0 : 11648, 1, 2023/01/10, 01:38:41.224, 14991323281217, vstest.console.dll, AssemblyResolver.AddSearchDirectories: Adding more searchDirectories C:\Program Files\dotnet\sdk\6.0.302\Extensions,C:\Program Files\dotnet\sdk\6.0.302
TpTrace Information: 0 : 11648, 1, 2023/01/10, 01:38:41.224, 14991323281962, vstest.console.dll, AssemblyResolver.AddSearchDirectories: Adding more searchDirectories C:\Program Files\dotnet\sdk\6.0.302\Extensions,C:\Program Files\dotnet\sdk\6.0.302
TpTrace Information: 0 : 11648, 1, 2023/01/10, 01:38:41.224, 14991323282590, vstest.console.dll, AssemblyResolver.AddSearchDirectories: Adding more searchDirectories C:\Program Files\dotnet\sdk\6.0.302\Extensions,C:\Program Files\dotnet\sdk\6.0.302
TpTrace Information: 0 : 11648, 1, 2023/01/10, 01:38:41.224, 14991323283275, vstest.console.dll, AssemblyResolver.AddSearchDirectories: Adding more searchDirectories C:\Program Files\dotnet\sdk\6.0.302\Extensions,C:\Program Files\dotnet\sdk\6.0.302
TpTrace Information: 0 : 11648, 1, 2023/01/10, 01:38:41.224, 14991323283871, vstest.console.dll, AssemblyResolver.AddSearchDirectories: Adding more searchDirectories C:\Program Files\dotnet\sdk\6.0.302\Extensions,C:\Program Files\dotnet\sdk\6.0.302
TpTrace Verbose: 0 : 11648, 1, 2023/01/10, 01:38:41.224, 14991323286313, vstest.console.dll, MetadataReaderExtensionsHelper: Discovering extensions inside assembly 'DumpMinitool, Version=15.0.0.0, Culture=neutral, PublicKeyToken=b03f5f7f11d50a3a' file path 'C:\Program Files\dotnet\sdk\6.0.302\Extensions\DumpMinitool.exe'
TpTrace Verbose: 0 : 11648, 1, 2023/01/10, 01:38:41.225, 14991323295642, vstest.console.dll, MetadataReaderExtensionsHelper: Discovering extensions inside assembly 'DumpMinitool.x86, Version=15.0.0.0, Culture=neutral, PublicKeyToken=b03f5f7f11d50a3a' file path 'C:\Program Files\dotnet\sdk\6.0.302\Extensions\DumpMinitool.x86.exe'
TpTrace Verbose: 0 : 11648, 1, 2023/01/10, 01:38:41.226, 14991323304136, vstest.console.dll, MetadataReaderExtensionsHelper: Discovering extensions inside assembly 'Microsoft.Diagnostics.NETCore.Client, Version=0.2.5.801, Culture=neutral, PublicKeyToken=31bf3856ad364e35' file path 'C:\Program Files\dotnet\sdk\6.0.302\Extensions\Microsoft.Diagnostics.NETCore.Client.dll'
TpTrace Information: 0 : 11648, 1, 2023/01/10, 01:38:41.227, 14991323314919, vstest.console.dll, AssemblyResolver.OnResolve: Microsoft.Bcl.AsyncInterfaces: Resolving assembly.
TpTrace Information: 0 : 11648, 1, 2023/01/10, 01:38:41.228, 14991323318328, vstest.console.dll, AssemblyResolver.OnResolve: Microsoft.Bcl.AsyncInterfaces: Resolved from cache.
TpTrace Verbose: 0 : 11648, 1, 2023/01/10, 01:38:41.228, 14991323319946, vstest.console.dll, CurrentDomainAssemblyResolve: Resolving assembly 'Microsoft.Bcl.AsyncInterfaces'.
TpTrace Information: 0 : 11648, 1, 2023/01/10, 01:38:41.228, 14991323321562, vstest.console.dll, AssemblyResolver.OnResolve: Microsoft.Bcl.AsyncInterfaces: Resolving assembly.
TpTrace Information: 0 : 11648, 1, 2023/01/10, 01:38:41.228, 14991323322305, vstest.console.dll, AssemblyResolver.OnResolve: Microsoft.Bcl.AsyncInterfaces: Resolved from cache.
TpTrace Verbose: 0 : 11648, 1, 2023/01/10, 01:38:41.228, 14991323323130, vstest.console.dll, CurrentDomainAssemblyResolve: Resolving assembly 'Microsoft.Bcl.AsyncInterfaces'.
TpTrace Verbose: 0 : 11648, 1, 2023/01/10, 01:38:41.228, 14991323323930, vstest.console.dll, CurrentDomainAssemblyResolve: Failed to resolve assembly 'Microsoft.Bcl.AsyncInterfaces'.
TpTrace Verbose: 0 : 11648, 1, 2023/01/10, 01:38:41.229, 14991323327059, vstest.console.dll, CurrentDomainAssemblyResolve: Failed to resolve assembly 'Microsoft.Bcl.AsyncInterfaces'.
TpTrace Warning: 0 : 11648, 1, 2023/01/10, 01:38:41.229, 14991323334178, vstest.console.dll, TestPluginDiscoverer: Failed to get types from assembly 'Microsoft.Diagnostics.NETCore.Client, Version=0.2.5.801, Culture=neutral, PublicKeyToken=31bf3856ad364e35'. Error: System.Reflection.ReflectionTypeLoadException: Unable to load one or more of the requested types.
Could not load file or assembly 'Microsoft.Bcl.AsyncInterfaces, Version=1.0.0.0, Culture=neutral, PublicKeyToken=cc7b13ffcd2ddd51'. The system cannot find the file specified.
   at System.Reflection.RuntimeModule.GetTypes(RuntimeModule module)
   at System.Reflection.Assembly.GetTypes()
   at Microsoft.VisualStudio.TestPlatform.Common.ExtensionFramework.TestPluginDiscoverer.GetTestExtensionsFromAssembly[TPluginInfo,TExtension](Assembly assembly, Dictionary`2 pluginInfos, String filePath)
System.IO.FileNotFoundException: Could not load file or assembly 'Microsoft.Bcl.AsyncInterfaces, Version=1.0.0.0, Culture=neutral, PublicKeyToken=cc7b13ffcd2ddd51'. The system cannot find the file specified.
File name: 'Microsoft.Bcl.AsyncInterfaces, Version=1.0.0.0, Culture=neutral, PublicKeyToken=cc7b13ffcd2ddd51'
 ---> System.IO.FileNotFoundException: Could not load file or assembly 'Microsoft.Bcl.AsyncInterfaces, Culture=neutral, PublicKeyToken=null'. The system cannot find the file specified.
File name: 'Microsoft.Bcl.AsyncInterfaces, Culture=neutral, PublicKeyToken=null'
   at System.Reflection.RuntimeAssembly.InternalLoad(ObjectHandleOnStack assemblyName, ObjectHandleOnStack requestingAssembly, StackCrawlMarkHandle stackMark, Boolean throwOnFileNotFound, ObjectHandleOnStack assemblyLoadContext, ObjectHandleOnStack retAssembly)
   at System.Reflection.RuntimeAssembly.InternalLoad(AssemblyName assemblyName, RuntimeAssembly requestingAssembly, StackCrawlMark& stackMark, Boolean throwOnFileNotFound, AssemblyLoadContext assemblyLoadContext)
   at System.Reflection.Assembly.Load(AssemblyName assemblyRef)
   at Microsoft.VisualStudio.TestPlatform.Common.ExtensionFramework.TestPluginCache.CurrentDomainAssemblyResolve(Object sender, AssemblyResolveEventArgs args)
   at Microsoft.VisualStudio.TestPlatform.PlatformAbstractions.PlatformAssemblyResolver.AssemblyResolverEvent(Object sender, Object eventArgs)
   at System.Runtime.Loader.AssemblyLoadContext.GetFirstResolvedAssemblyFromResolvingEvent(AssemblyName assemblyName)
   at System.Runtime.Loader.AssemblyLoadContext.ResolveUsingEvent(AssemblyName assemblyName)
   at System.Runtime.Loader.AssemblyLoadContext.ResolveUsingResolvingEvent(IntPtr gchManagedAssemblyLoadContext, AssemblyName assemblyName)
TpTrace Warning: 0 : 11648, 1, 2023/01/10, 01:38:41.230, 14991323338205, vstest.console.dll, LoaderExceptions: System.IO.FileNotFoundException: Could not load file or assembly 'Microsoft.Bcl.AsyncInterfaces, Version=1.0.0.0, Culture=neutral, PublicKeyToken=cc7b13ffcd2ddd51'. The system cannot find the file specified.
File name: 'Microsoft.Bcl.AsyncInterfaces, Version=1.0.0.0, Culture=neutral, PublicKeyToken=cc7b13ffcd2ddd51'
 ---> System.IO.FileNotFoundException: Could not load file or assembly 'Microsoft.Bcl.AsyncInterfaces, Culture=neutral, PublicKeyToken=null'. The system cannot find the file specified.
File name: 'Microsoft.Bcl.AsyncInterfaces, Culture=neutral, PublicKeyToken=null'
   at System.Reflection.RuntimeAssembly.InternalLoad(ObjectHandleOnStack assemblyName, ObjectHandleOnStack requestingAssembly, StackCrawlMarkHandle stackMark, Boolean throwOnFileNotFound, ObjectHandleOnStack assemblyLoadContext, ObjectHandleOnStack retAssembly)
   at System.Reflection.RuntimeAssembly.InternalLoad(AssemblyName assemblyName, RuntimeAssembly requestingAssembly, StackCrawlMark& stackMark, Boolean throwOnFileNotFound, AssemblyLoadContext assemblyLoadContext)
   at System.Reflection.Assembly.Load(AssemblyName assemblyRef)
   at Microsoft.VisualStudio.TestPlatform.Common.ExtensionFramework.TestPluginCache.CurrentDomainAssemblyResolve(Object sender, AssemblyResolveEventArgs args)
   at Microsoft.VisualStudio.TestPlatform.PlatformAbstractions.PlatformAssemblyResolver.AssemblyResolverEvent(Object sender, Object eventArgs)
   at System.Runtime.Loader.AssemblyLoadContext.GetFirstResolvedAssemblyFromResolvingEvent(AssemblyName assemblyName)
   at System.Runtime.Loader.AssemblyLoadContext.ResolveUsingEvent(AssemblyName assemblyName)
   at System.Runtime.Loader.AssemblyLoadContext.ResolveUsingResolvingEvent(IntPtr gchManagedAssemblyLoadContext, AssemblyName assemblyName)
TpTrace Verbose: 0 : 11648, 1, 2023/01/10, 01:38:41.230, 14991323340420, vstest.console.dll, MetadataReaderExtensionsHelper: Discovering extensions inside assembly 'Microsoft.TestPlatform.Extensions.BlameDataCollector, Version=15.0.0.0, Culture=neutral, PublicKeyToken=b03f5f7f11d50a3a' file path 'C:\Program Files\dotnet\sdk\6.0.302\Extensions\Microsoft.TestPlatform.Extensions.BlameDataCollector.dll'
TpTrace Information: 0 : 11648, 1, 2023/01/10, 01:38:41.231, 14991323351993, vstest.console.dll, GetTestExtensionFromType: Register extension with identifier data 'logger://Microsoft/TestPlatform/Extensions/Blame/v1' and type 'Microsoft.TestPlatform.Extensions.BlameDataCollector.BlameLogger, Microsoft.TestPlatform.Extensions.BlameDataCollector, Version=15.0.0.0, Culture=neutral, PublicKeyToken=b03f5f7f11d50a3a' inside file 'C:\Program Files\dotnet\sdk\6.0.302\Extensions\Microsoft.TestPlatform.Extensions.BlameDataCollector.dll'
TpTrace Verbose: 0 : 11648, 1, 2023/01/10, 01:38:41.231, 14991323353847, vstest.console.dll, MetadataReaderExtensionsHelper: Discovering extensions inside assembly 'Microsoft.TestPlatform.Extensions.EventLogCollector, Version=15.0.0.0, Culture=neutral, PublicKeyToken=b03f5f7f11d50a3a' file path 'C:\Program Files\dotnet\sdk\6.0.302\Extensions\Microsoft.TestPlatform.Extensions.EventLogCollector.dll'
TpTrace Verbose: 0 : 11648, 1, 2023/01/10, 01:38:41.232, 14991323363967, vstest.console.dll, MetadataReaderExtensionsHelper: Discovering extensions inside assembly 'Microsoft.TestPlatform.TestHostRuntimeProvider, Version=15.0.0.0, Culture=neutral, PublicKeyToken=b03f5f7f11d50a3a' file path 'C:\Program Files\dotnet\sdk\6.0.302\Extensions\Microsoft.TestPlatform.TestHostRuntimeProvider.dll'
TpTrace Verbose: 0 : 11648, 1, 2023/01/10, 01:38:41.233, 14991323375164, vstest.console.dll, MetadataReaderExtensionsHelper: Discovering extensions inside assembly 'Microsoft.VisualStudio.TestPlatform.Extensions.Html.TestLogger, Version=15.0.0.0, Culture=neutral, PublicKeyToken=b03f5f7f11d50a3a' file path 'C:\Program Files\dotnet\sdk\6.0.302\Extensions\Microsoft.VisualStudio.TestPlatform.Extensions.Html.TestLogger.dll'
TpTrace Information: 0 : 11648, 1, 2023/01/10, 01:38:41.234, 14991323384339, vstest.console.dll, GetTestExtensionFromType: Register extension with identifier data 'logger://Microsoft/TestPlatform/HtmlLogger/v1' and type 'Microsoft.VisualStudio.TestPlatform.Extensions.HtmlLogger.HtmlLogger, Microsoft.VisualStudio.TestPlatform.Extensions.Html.TestLogger, Version=15.0.0.0, Culture=neutral, PublicKeyToken=b03f5f7f11d50a3a' inside file 'C:\Program Files\dotnet\sdk\6.0.302\Extensions\Microsoft.VisualStudio.TestPlatform.Extensions.Html.TestLogger.dll'
TpTrace Verbose: 0 : 11648, 1, 2023/01/10, 01:38:41.234, 14991323386086, vstest.console.dll, MetadataReaderExtensionsHelper: Discovering extensions inside assembly 'Microsoft.VisualStudio.TestPlatform.Extensions.Trx.TestLogger, Version=15.0.0.0, Culture=neutral, PublicKeyToken=b03f5f7f11d50a3a' file path 'C:\Program Files\dotnet\sdk\6.0.302\Extensions\Microsoft.VisualStudio.TestPlatform.Extensions.Trx.TestLogger.dll'
TpTrace Information: 0 : 11648, 1, 2023/01/10, 01:38:41.235, 14991323395976, vstest.console.dll, GetTestExtensionFromType: Register extension with identifier data 'logger://Microsoft/TestPlatform/TrxLogger/v1' and type 'Microsoft.VisualStudio.TestPlatform.Extensions.TrxLogger.TrxLogger, Microsoft.VisualStudio.TestPlatform.Extensions.Trx.TestLogger, Version=15.0.0.0, Culture=neutral, PublicKeyToken=b03f5f7f11d50a3a' inside file 'C:\Program Files\dotnet\sdk\6.0.302\Extensions\Microsoft.VisualStudio.TestPlatform.Extensions.Trx.TestLogger.dll'
TpTrace Verbose: 0 : 11648, 1, 2023/01/10, 01:38:41.236, 14991323398211, vstest.console.dll, TestPluginCache: Discovered the extensions using extension path ''.
TpTrace Verbose: 0 : 11648, 1, 2023/01/10, 01:38:41.236, 14991323399216, vstest.console.dll, TestPluginCache: Discoverers are ''.
TpTrace Verbose: 0 : 11648, 1, 2023/01/10, 01:38:41.236, 14991323399944, vstest.console.dll, TestPluginCache: Executors are ''.
TpTrace Verbose: 0 : 11648, 1, 2023/01/10, 01:38:41.236, 14991323401161, vstest.console.dll, TestPluginCache: Executors2 are ''.
TpTrace Verbose: 0 : 11648, 1, 2023/01/10, 01:38:41.236, 14991323401836, vstest.console.dll, TestPluginCache: Setting providers are ''.
TpTrace Verbose: 0 : 11648, 1, 2023/01/10, 01:38:41.236, 14991323403423, vstest.console.dll, TestPluginCache: Loggers are 'logger://Microsoft/TestPlatform/Extensions/Blame/v1,logger://Microsoft/TestPlatform/HtmlLogger/v1,logger://Microsoft/TestPlatform/TrxLogger/v1'.
TpTrace Verbose: 0 : 11648, 1, 2023/01/10, 01:38:41.236, 14991323404427, vstest.console.dll, TestPluginCache: TestHosts are 'HostProvider://DefaultTestHost,HostProvider://DotnetTestHost'.
TpTrace Verbose: 0 : 11648, 1, 2023/01/10, 01:38:41.236, 14991323405140, vstest.console.dll, TestPluginCache: DataCollectors are ''.
TpTrace Information: 0 : 11648, 1, 2023/01/10, 01:38:41.238, 14991323417745, vstest.console.dll, TestPluginManager.CreateTestExtension: Attempting to load test extension: Microsoft.TestPlatform.Extensions.BlameDataCollector.BlameLogger
TpTrace Information: 0 : 11648, 1, 2023/01/10, 01:38:41.250, 14991323541880, vstest.console.dll, TestPluginManager.CreateTestExtension: Attempting to load test extension: Microsoft.VisualStudio.TestPlatform.CrossPlatEngine.Hosting.DefaultTestHostManager
TpTrace Information: 0 : 11648, 1, 2023/01/10, 01:38:41.251, 14991323554675, vstest.console.dll, TestPluginManager.CreateTestExtension: Attempting to load test extension: Microsoft.VisualStudio.TestPlatform.CrossPlatEngine.Hosting.DotnetTestHostManager
TpTrace Verbose: 0 : 11648, 1, 2023/01/10, 01:38:41.253, 14991323567529, vstest.console.dll, TestEngine: Initializing Parallel Execution as MaxCpuCount is set to: 1
TpTrace Information: 0 : 11648, 1, 2023/01/10, 01:38:41.254, 14991323577148, vstest.console.dll, InferRunSettingsHelper.IsTestSettingsEnabled: Unable to navigate to RunSettings/MSTest. Current node: RunSettings
TpTrace Verbose: 0 : 11648, 1, 2023/01/10, 01:38:41.276, 14991323799059, vstest.console.dll, TestRequestSender is acting as server.
TpTrace Verbose: 0 : 11648, 1, 2023/01/10, 01:38:41.280, 14991323838291, vstest.console.dll, TestEngine.GetExecutionManager: Chosen execution manager 'Microsoft.VisualStudio.TestPlatform.CrossPlatEngine.Client.Parallel.ParallelProxyExecutionManager, Microsoft.TestPlatform.CrossPlatEngine, Version=15.0.0.0, Culture=neutral, PublicKeyToken=b03f5f7f11d50a3a' ParallelLevel '1' Shared host 'False'
TpTrace Verbose: 0 : 11648, 5, 2023/01/10, 01:38:41.285, 14991323891727, vstest.console.dll, DataCollectionRequestSender.InitializeCommunication : Initialize communication. 
TpTrace Information: 0 : 11648, 5, 2023/01/10, 01:38:41.299, 14991324027854, vstest.console.dll, Listening on Endpoint : 127.0.0.1:64478
TpTrace Verbose: 0 : 11648, 5, 2023/01/10, 01:38:41.315, 14991324190959, vstest.console.dll, DotnetDataCollectionLauncher: Full path of dotnet.exe is C:\Program Files\dotnet\dotnet.exe
TpTrace Verbose: 0 : 11648, 5, 2023/01/10, 01:38:41.315, 14991324193532, vstest.console.dll, DotnetDataCollectionLauncher: Adding  --runtimeconfig "C:\Program Files\dotnet\sdk\6.0.302\datacollector.runtimeconfig.json" in args
TpTrace Verbose: 0 : 11648, 5, 2023/01/10, 01:38:41.315, 14991324195114, vstest.console.dll, DotnetDataCollectionLauncher: Adding  --depsfile "C:\Program Files\dotnet\sdk\6.0.302\datacollector.deps.json" in args
TpTrace Information: 0 : 11648, 5, 2023/01/10, 01:38:41.413, 14991325172635, vstest.console.dll, ProxyDataCollectionManager.Initialize: Launched datacollector processId: 16564 port: 64478
TpTrace Information: 0 : 11648, 5, 2023/01/10, 01:38:41.413, 14991325174756, vstest.console.dll, ProxyDataCollectionManager.Initialize: waiting for connection with timeout: 90 seconds
TpTrace Verbose: 0 : 11648, 5, 2023/01/10, 01:38:41.413, 14991325175772, vstest.console.dll, DataCollectionRequestSender.WaitForRequestHandlerConnection : Waiting for connection with timeout: 90000
TpTrace Information: 0 : 11648, 8, 2023/01/10, 01:38:41.742, 14991328458154, vstest.console.dll, Using the buffer size of 16384 bytes
TpTrace Verbose: 0 : 11648, 5, 2023/01/10, 01:38:41.742, 14991328458381, vstest.console.dll, SocketCommunicationManager.WaitForClientConnection took: 328 ms, with 90000 ms timeout, and finished with True.
TpTrace Information: 0 : 11648, 8, 2023/01/10, 01:38:41.742, 14991328459873, vstest.console.dll, Accepted Client request and set the flag
TpTrace Verbose: 0 : 11648, 5, 2023/01/10, 01:38:41.742, 14991328461642, vstest.console.dll, ProxyDataCollectionManager.InvokeDataCollectionServiceAction: Starting.
TpTrace Information: 0 : 11648, 5, 2023/01/10, 01:38:41.742, 14991328463352, vstest.console.dll, ProxyDataCollectionManager.BeforeTestRunStart: Get environment variable and port for datacollector processId: 16564 port: 64478
TpTrace Verbose: 0 : 11648, 5, 2023/01/10, 01:38:41.742, 14991328465630, vstest.console.dll, DataCollectionRequestSender.SendBeforeTestRunStartAndGetResult: Send BeforeTestRunStart message with settingsXml <RunSettings><RunConfiguration><ResultsDirectory>C:\Users\Dell\OneDrive\Рабочий стол\Studying\.NET\l3\Accountin-of-goods\UnitOfWorkTest\bin\Debug\net6.0\fine-code-coverage\coverage-tool-output</ResultsDirectory><TargetPlatform>X64</TargetPlatform><TargetFrameworkVersion>.NETCoreApp,Version=v6.0</TargetFrameworkVersion><DesignMode>False</DesignMode><CollectSourceInformation>False</CollectSourceInformation><TestAdaptersPaths>C:\Program Files\dotnet\sdk\6.0.302\Extensions</TestAdaptersPaths></RunConfiguration><LoggerRunSettings><Loggers><Logger friendlyName="blame" enabled="True" /><Logger friendlyName="Console" uri="logger://microsoft/TestPlatform/ConsoleLogger/v1" assemblyQualifiedName="Microsoft.VisualStudio.TestPlatform.CommandLine.Internal.ConsoleLogger, vstest.console, Version=15.0.0.0, Culture=neutral, PublicKeyToken=b03f5f7f11d50a3a" codeBase="C:\Program Files\dotnet\sdk\6.0.302\vstest.console.dll" enabled="True" /></Loggers></LoggerRunSettings><DataCollectionRunSettings><DataCollectors><DataCollector friendlyName="blame" enabled="True"><Configuration><ResultsDirectory>C:\Users\Dell\OneDrive\Рабочий стол\Studying\.NET\l3\Accountin-of-goods\UnitOfWorkTest\bin\Debug\net6.0\fine-code-coverage\coverage-tool-output</ResultsDirectory></Configuration></DataCollector></DataCollectors></DataCollectionRunSettings></RunSettings> and sources System.Linq.Enumerable+Concat2Iterator`1[System.String]: 
TpTrace Verbose: 0 : 11648, 5, 2023/01/10, 01:38:41.956, 14991330601229, vstest.console.dll, DataCollectionRequestSender.SendBeforeTestRunStartAndGetResult: Received message: (DataCollection.SendMessage) -> {
  "FriendlyName": null,
  "Uri": null,
  "TestCaseId": "00000000-0000-0000-0000-000000000000",
  "Message": "Logging DataCollector Diagnostics in file: C:\\Users\\Dell\\OneDrive\\Рабочий стол\\Studying\\.NET\\l3\\Accountin-of-goods\\UnitOfWorkTest\\bin\\Debug\\net6.0\\fine-code-coverage\\coverage-tool-output\\diagnostics.datacollector.23-01-10_01-38-41_31478_5.log",
  "Level": 0
}
TpTrace Verbose: 0 : 11648, 5, 2023/01/10, 01:38:42.149, 14991332533068, vstest.console.dll, DataCollectionRequestSender.SendBeforeTestRunStartAndGetResult: Received message: (DataCollection.BeforeTestRunStartResult) -> {
  "EnvironmentVariables": {},
  "DataCollectionEventsPort": 64480
}
TpTrace Information: 0 : 11648, 5, 2023/01/10, 01:38:42.156, 14991332606198, vstest.console.dll, ProxyDataCollectionManager.BeforeTestRunStart: SendBeforeTestRunStartAndGetResult successful, env variable from datacollector:   and testhost port: 64480
TpTrace Information: 0 : 11648, 5, 2023/01/10, 01:38:42.157, 14991332607500, vstest.console.dll, ProxyDataCollectionManager.InvokeDataCollectionServiceAction: Completed.
TpTrace Verbose: 0 : 11648, 1, 2023/01/10, 01:38:42.157, 14991332609563, vstest.console.dll, TestRunRequest.ExecuteAsync: Creating test run request.
TpTrace Verbose: 0 : 11648, 1, 2023/01/10, 01:38:42.157, 14991332613088, vstest.console.dll, TestRunRequest.ExecuteAsync: Starting.
TpTrace Information: 0 : 11648, 1, 2023/01/10, 01:38:42.158, 14991332616933, vstest.console.dll, TestRunRequest.ExecuteAsync: Starting run with settings:TestRunCriteria:
   KeepAlive=False,FrequencyOfRunStatsChangeEvent=10,RunStatsChangeEventTimeout=00:00:01.5000000,TestCaseFilter=,TestExecutorLauncher=
   Settingsxml=<RunSettings>
  <RunConfiguration>
    <ResultsDirectory>C:\Users\Dell\OneDrive\Рабочий стол\Studying\.NET\l3\Accountin-of-goods\UnitOfWorkTest\bin\Debug\net6.0\fine-code-coverage\coverage-tool-output</ResultsDirectory>
    <TargetPlatform>X64</TargetPlatform>
    <TargetFrameworkVersion>.NETCoreApp,Version=v6.0</TargetFrameworkVersion>
    <DesignMode>False</DesignMode>
    <CollectSourceInformation>False</CollectSourceInformation>
  </RunConfiguration>
  <LoggerRunSettings>
    <Loggers>
      <Logger friendlyName="blame" enabled="True" />
      <Logger friendlyName="Console" uri="logger://microsoft/TestPlatform/ConsoleLogger/v1" assemblyQualifiedName="Microsoft.VisualStudio.TestPlatform.CommandLine.Internal.ConsoleLogger, vstest.console, Version=15.0.0.0, Culture=neutral, PublicKeyToken=b03f5f7f11d50a3a" codeBase="C:\Program Files\dotnet\sdk\6.0.302\vstest.console.dll" enabled="True" />
    </Loggers>
  </LoggerRunSettings>
  <DataCollectionRunSettings>
    <DataCollectors>
      <DataCollector friendlyName="blame" enabled="True">
        <Configuration>
          <ResultsDirectory>C:\Users\Dell\OneDrive\Рабочий стол\Studying\.NET\l3\Accountin-of-goods\UnitOfWorkTest\bin\Debug\net6.0\fine-code-coverage\coverage-tool-output</ResultsDirectory>
        </Configuration>
      </DataCollector>
    </DataCollectors>
  </DataCollectionRunSettings>
</RunSettings>

TpTrace Verbose: 0 : 11648, 1, 2023/01/10, 01:38:42.158, 14991332617649, vstest.console.dll, TestRunRequest.ExecuteAsync: Wait for the first run request is over.
TpTrace Verbose: 0 : 11648, 1, 2023/01/10, 01:38:42.158, 14991332621752, vstest.console.dll, MulticastDelegateUtilities.SafeInvoke: TestRun.TestRunStart: Invoking callbacks was skipped because there are no subscribers.
TpTrace Verbose: 0 : 11648, 4, 2023/01/10, 01:38:42.158, 14991332626157, vstest.console.dll, MulticastDelegateUtilities.SafeInvoke: InternalTestLoggerEvents.SendTestRunStart: Invoking callback 1/1 for Microsoft.VisualStudio.TestPlatform.CommandLine.Internal.ConsoleLogger.TestRunStartHandler, took 0 ms.
TpTrace Verbose: 0 : 11648, 1, 2023/01/10, 01:38:42.159, 14991332626719, vstest.console.dll, ParallelProxyExecutionManager: Start execution. Total sources: 1
TpTrace Information: 0 : 11648, 1, 2023/01/10, 01:38:42.160, 14991332639102, vstest.console.dll, ProxyParallelExecutionManager: Triggering test run for next source: C:\Users\Dell\OneDrive\Рабочий стол\Studying\.NET\l3\Accountin-of-goods\UnitOfWorkTest\bin\Debug\net6.0\fine-code-coverage\build-output\Tests.dll
TpTrace Verbose: 0 : 11648, 5, 2023/01/10, 01:38:42.160, 14991332642105, vstest.console.dll, ParallelProxyExecutionManager: Execution started. Started clients: 1
TpTrace Verbose: 0 : 11648, 1, 2023/01/10, 01:38:42.160, 14991332642844, vstest.console.dll, ProxyParallelExecutionManager: No sources available for execution.
TpTrace Information: 0 : 11648, 1, 2023/01/10, 01:38:42.160, 14991332645718, vstest.console.dll, TestRunRequest.ExecuteAsync: Started.
TpTrace Verbose: 0 : 11648, 1, 2023/01/10, 01:38:42.161, 14991332648301, vstest.console.dll, TestRunRequest.WaitForCompletion: Waiting with timeout -1.
TpTrace Verbose: 0 : 11648, 5, 2023/01/10, 01:38:42.161, 14991332649456, vstest.console.dll, TestRunRequest:SendTestRunMessage: Starting.
TpTrace Verbose: 0 : 11648, 5, 2023/01/10, 01:38:42.161, 14991332652344, vstest.console.dll, MulticastDelegateUtilities.SafeInvoke: TestRun.LogMessages: Invoking callback 1/1 for Microsoft.VisualStudio.TestPlatform.CommandLine.TestRunResultAggregator.TestRunMessageHandler, took 0 ms.
TpTrace Information: 0 : 11648, 5, 2023/01/10, 01:38:42.161, 14991332653642, vstest.console.dll, TestRunRequest:SendTestRunMessage: Completed.
TpTrace Verbose: 0 : 11648, 4, 2023/01/10, 01:38:42.161, 14991332654605, vstest.console.dll, MulticastDelegateUtilities.SafeInvoke: InternalTestLoggerEvents.SendTestRunMessage: Invoking callback 1/1 for Microsoft.VisualStudio.TestPlatform.CommandLine.Internal.ConsoleLogger.TestMessageHandler, took 0 ms.
TpTrace Verbose: 0 : 11648, 5, 2023/01/10, 01:38:42.162, 14991332658855, vstest.console.dll, ProxyExecutionManager: Test host is always Lazy initialize.
TpTrace Verbose: 0 : 11648, 5, 2023/01/10, 01:38:42.162, 14991332663394, vstest.console.dll, TestRequestSender.InitializeCommunication: initialize communication. 
TpTrace Information: 0 : 11648, 5, 2023/01/10, 01:38:42.164, 14991332678770, vstest.console.dll, SocketServer.Start: Listening on endpoint : 127.0.0.1:64481
TpTrace Verbose: 0 : 11648, 5, 2023/01/10, 01:38:42.165, 14991332690603, vstest.console.dll, DotnetTestHostmanager.GetTestHostProcessStartInfo: Platform environment 'X64' target architecture 'X64' framework '.NETCoreApp,Version=v6.0' OS 'Windows'
TpTrace Verbose: 0 : 11648, 5, 2023/01/10, 01:38:42.165, 14991332694571, vstest.console.dll, DotnetTestHostmanager: Adding  --runtimeconfig "C:\Users\Dell\OneDrive\Рабочий стол\Studying\.NET\l3\Accountin-of-goods\UnitOfWorkTest\bin\Debug\net6.0\fine-code-coverage\build-output\Tests.runtimeconfig.json" in args
TpTrace Verbose: 0 : 11648, 5, 2023/01/10, 01:38:42.166, 14991332696436, vstest.console.dll, DotnetTestHostmanager: Adding  --depsfile "C:\Users\Dell\OneDrive\Рабочий стол\Studying\.NET\l3\Accountin-of-goods\UnitOfWorkTest\bin\Debug\net6.0\fine-code-coverage\build-output\Tests.deps.json" in args
TpTrace Verbose: 0 : 11648, 5, 2023/01/10, 01:38:42.166, 14991332699060, vstest.console.dll, DotnetTestHostmanager.IsWinOnArm: Current PROCESSOR_ARCHITECTURE from environment variable 'AMD64'
TpTrace Verbose: 0 : 11648, 5, 2023/01/10, 01:38:42.166, 14991332700974, vstest.console.dll, DotnetTestHostmanager.IsWinOnArm: Is Windows on ARM 'False'
TpTrace Verbose: 0 : 11648, 5, 2023/01/10, 01:38:42.166, 14991332702770, vstest.console.dll, DotnetTestHostManager: testhost.exe found at path: C:\Users\Dell\OneDrive\Рабочий стол\Studying\.NET\l3\Accountin-of-goods\UnitOfWorkTest\bin\Debug\net6.0\fine-code-coverage\build-output\testhost.exe
TpTrace Verbose: 0 : 11648, 5, 2023/01/10, 01:38:42.166, 14991332703554, vstest.console.dll, DotnetTestHostmanager: Full path of host exe is C:\Users\Dell\OneDrive\Рабочий стол\Studying\.NET\l3\Accountin-of-goods\UnitOfWorkTest\bin\Debug\net6.0\fine-code-coverage\build-output\testhost.exe
TpTrace Verbose: 0 : 11648, 5, 2023/01/10, 01:38:42.166, 14991332705995, vstest.console.dll, DotnetTestHostmanager.LaunchTestHostAsync: Found 'VSTEST_WINAPPHOST_DOTNET_ROOT' in env variables, value 'C:\Program Files\dotnet', forwarding to 'DOTNET_ROOT'
TpTrace Verbose: 0 : 11648, 11, 2023/01/10, 01:38:42.169, 14991332727808, vstest.console.dll, DotnetTestHostManager: Starting process 'C:\Users\Dell\OneDrive\Рабочий стол\Studying\.NET\l3\Accountin-of-goods\UnitOfWorkTest\bin\Debug\net6.0\fine-code-coverage\build-output\testhost.exe' with command line ' --runtimeconfig "C:\Users\Dell\OneDrive\Рабочий стол\Studying\.NET\l3\Accountin-of-goods\UnitOfWorkTest\bin\Debug\net6.0\fine-code-coverage\build-output\Tests.runtimeconfig.json" --depsfile "C:\Users\Dell\OneDrive\Рабочий стол\Studying\.NET\l3\Accountin-of-goods\UnitOfWorkTest\bin\Debug\net6.0\fine-code-coverage\build-output\Tests.deps.json" --port 64481 --endpoint 127.0.0.1:064481 --role client --parentprocessid 11648 --diag "C:\Users\Dell\OneDrive\Рабочий стол\Studying\.NET\l3\Accountin-of-goods\UnitOfWorkTest\bin\Debug\net6.0\fine-code-coverage\coverage-tool-output\diagnostics.host.23-01-10_01-38-42_16492_5.log" --tracelevel 4 --datacollectionport 64480 --telemetryoptedin false'
TpTrace Verbose: 0 : 11648, 11, 2023/01/10, 01:38:42.177, 14991332812988, vstest.console.dll, MulticastDelegateUtilities.SafeInvoke: HostProviderEvents.OnHostLaunched: Invoking callback 1/2 for Microsoft.VisualStudio.TestPlatform.CrossPlatEngine.Client.ProxyExecutionManagerWithDataCollection.TestHostLaunchedHandler, took 1 ms.
TpTrace Verbose: 0 : 11648, 11, 2023/01/10, 01:38:42.177, 14991332815017, vstest.console.dll, Test Runtime launched
TpTrace Verbose: 0 : 11648, 11, 2023/01/10, 01:38:42.179, 14991332830960, vstest.console.dll, MulticastDelegateUtilities.SafeInvoke: HostProviderEvents.OnHostLaunched: Invoking callback 2/2 for Microsoft.VisualStudio.TestPlatform.CrossPlatEngine.Client.ProxyOperationManager.TestHostManagerHostLaunched, took 1 ms.
TpTrace Verbose: 0 : 11648, 5, 2023/01/10, 01:38:42.180, 14991332845558, vstest.console.dll, TestRequestSender.WaitForRequestHandlerConnection: waiting for connection with timeout: 90000.
TpTrace Verbose: 0 : 11648, 5, 2023/01/10, 01:38:42.449, 14991335532761, vstest.console.dll, TestRequestSender.WaitForRequestHandlerConnection: waiting took 269 ms, with timeout 90000 ms, and result 0, which is success.
TpTrace Verbose: 0 : 11648, 10, 2023/01/10, 01:38:42.449, 14991335532760, vstest.console.dll, MulticastDelegateUtilities.SafeInvoke: SocketServer: ClientConnected: Invoking callback 1/1 for Microsoft.VisualStudio.TestPlatform.CommunicationUtilities.TestRequestSender.<InitializeCommunication>b__23_0, took 0 ms.
TpTrace Verbose: 0 : 11648, 10, 2023/01/10, 01:38:42.449, 14991335535090, vstest.console.dll, SocketServer.OnClientConnected: Client connected for endPoint: 127.0.0.1:64481, starting MessageLoopAsync:
TpTrace Verbose: 0 : 11648, 10, 2023/01/10, 01:38:42.450, 14991335537422, vstest.console.dll, TcpClientExtensions.MessageLoopAsync: Polling on remoteEndPoint: 127.0.0.1:64482 localEndPoint: 127.0.0.1:64481
TpTrace Verbose: 0 : 11648, 5, 2023/01/10, 01:38:42.451, 14991335548757, vstest.console.dll, TestRequestSender.CheckVersionWithTestHost: Sending check version message: {"MessageType":"ProtocolVersion","Payload":6}
TpTrace Verbose: 0 : 11648, 10, 2023/01/10, 01:38:42.715, 14991338195914, vstest.console.dll, TcpClientExtensions.MessageLoopAsync: NotifyDataAvailable remoteEndPoint: 127.0.0.1:64482 localEndPoint: 127.0.0.1:64481
TpTrace Verbose: 0 : 11648, 10, 2023/01/10, 01:38:42.716, 14991338199527, vstest.console.dll, TestRequestSender.CheckVersionWithTestHost: onMessageReceived received message: (ProtocolVersion) -> 5
TpTrace Verbose: 0 : 11648, 10, 2023/01/10, 01:38:42.716, 14991338205284, vstest.console.dll, MulticastDelegateUtilities.SafeInvoke: LengthPrefixCommunicationChannel: MessageReceived: Invoking callback 1/1 for Microsoft.VisualStudio.TestPlatform.CommunicationUtilities.TestRequestSender+<>c__DisplayClass25_0.<CheckVersionWithTestHost>b__0, took 0 ms.
TpTrace Verbose: 0 : 11648, 5, 2023/01/10, 01:38:42.716, 14991338206148, vstest.console.dll, TestPluginCache.GetExtensionPaths: Filtered extension paths: 
TpTrace Verbose: 0 : 11648, 10, 2023/01/10, 01:38:42.717, 14991338206767, vstest.console.dll, TcpClientExtensions.MessageLoopAsync: Polling on remoteEndPoint: 127.0.0.1:64482 localEndPoint: 127.0.0.1:64481
TpTrace Verbose: 0 : 11648, 5, 2023/01/10, 01:38:42.717, 14991338207325, vstest.console.dll, TestPluginCache.GetExtensionPaths: Added default extension paths: C:\Program Files\dotnet\sdk\6.0.302\Extensions\DumpMinitool.exe
C:\Program Files\dotnet\sdk\6.0.302\Extensions\DumpMinitool.x86.exe
C:\Program Files\dotnet\sdk\6.0.302\Extensions\Microsoft.Diagnostics.NETCore.Client.dll
C:\Program Files\dotnet\sdk\6.0.302\Extensions\Microsoft.TestPlatform.Extensions.BlameDataCollector.dll
C:\Program Files\dotnet\sdk\6.0.302\Extensions\Microsoft.TestPlatform.Extensions.EventLogCollector.dll
C:\Program Files\dotnet\sdk\6.0.302\Extensions\Microsoft.TestPlatform.TestHostRuntimeProvider.dll
C:\Program Files\dotnet\sdk\6.0.302\Extensions\Microsoft.VisualStudio.TestPlatform.Extensions.Html.TestLogger.dll
C:\Program Files\dotnet\sdk\6.0.302\Extensions\Microsoft.VisualStudio.TestPlatform.Extensions.Trx.TestLogger.dll
TpTrace Verbose: 0 : 11648, 5, 2023/01/10, 01:38:42.717, 14991338209021, vstest.console.dll, TestPluginCache.GetExtensionPaths: Added unfilterableExtensionPaths: 
TpTrace Verbose: 0 : 11648, 5, 2023/01/10, 01:38:42.734, 14991338382293, vstest.console.dll, TestRequestSender.InitializeExecution: Sending initialize execution with message: {"Version":5,"MessageType":"TestExecution.Initialize","Payload":["C:\\Users\\Dell\\OneDrive\\Рабочий стол\\Studying\\.NET\\l3\\Accountin-of-goods\\UnitOfWorkTest\\bin\\Debug\\net6.0\\fine-code-coverage\\build-output\\NUnit3.TestAdapter.dll"]}
TpTrace Warning: 0 : 11648, 5, 2023/01/10, 01:38:42.735, 14991338388293, vstest.console.dll, InferRunSettingsHelper.MakeRunsettingsCompatible: Removing the following settings: TargetPlatform from RunSettings file. To use those settings please move to latest version of Microsoft.NET.Test.Sdk
TpTrace Verbose: 0 : 11648, 10, 2023/01/10, 01:38:42.736, 14991338403981, vstest.console.dll, TcpClientExtensions.MessageLoopAsync: NotifyDataAvailable remoteEndPoint: 127.0.0.1:64482 localEndPoint: 127.0.0.1:64481
TpTrace Verbose: 0 : 11648, 10, 2023/01/10, 01:38:42.736, 14991338406044, vstest.console.dll, TestRequestSender.OnExecutionMessageReceived: Received message: {"Version":5,"MessageType":"TestSession.Message","Payload":{"MessageLevel":0,"Message":"Logging TestHost Diagnostics in file: C:\\Users\\Dell\\OneDrive\\Рабочий стол\\Studying\\.NET\\l3\\Accountin-of-goods\\UnitOfWorkTest\\bin\\Debug\\net6.0\\fine-code-coverage\\coverage-tool-output\\diagnostics.host.23-01-10_01-38-42_16492_5.log"}}
TpTrace Verbose: 0 : 11648, 10, 2023/01/10, 01:38:42.739, 14991338434506, vstest.console.dll, TestRunRequest:SendTestRunMessage: Starting.
TpTrace Verbose: 0 : 11648, 10, 2023/01/10, 01:38:42.739, 14991338436297, vstest.console.dll, MulticastDelegateUtilities.SafeInvoke: TestRun.LogMessages: Invoking callback 1/1 for Microsoft.VisualStudio.TestPlatform.CommandLine.TestRunResultAggregator.TestRunMessageHandler, took 0 ms.
TpTrace Verbose: 0 : 11648, 4, 2023/01/10, 01:38:42.740, 14991338436671, vstest.console.dll, MulticastDelegateUtilities.SafeInvoke: InternalTestLoggerEvents.SendTestRunMessage: Invoking callback 1/1 for Microsoft.VisualStudio.TestPlatform.CommandLine.Internal.ConsoleLogger.TestMessageHandler, took 0 ms.
TpTrace Information: 0 : 11648, 10, 2023/01/10, 01:38:42.740, 14991338438261, vstest.console.dll, TestRunRequest:SendTestRunMessage: Completed.
TpTrace Verbose: 0 : 11648, 10, 2023/01/10, 01:38:42.740, 14991338440252, vstest.console.dll, MulticastDelegateUtilities.SafeInvoke: LengthPrefixCommunicationChannel: MessageReceived: Invoking callback 1/1 for Microsoft.VisualStudio.TestPlatform.CommunicationUtilities.TestRequestSender+<>c__DisplayClass30_0.<StartTestRun>b__1, took 3 ms.
TpTrace Verbose: 0 : 11648, 10, 2023/01/10, 01:38:42.740, 14991338440943, vstest.console.dll, TcpClientExtensions.MessageLoopAsync: Polling on remoteEndPoint: 127.0.0.1:64482 localEndPoint: 127.0.0.1:64481
TpTrace Verbose: 0 : 11648, 5, 2023/01/10, 01:38:42.751, 14991338550550, vstest.console.dll, TestRequestSender.StartTestRun: Sending test run with message: {"Version":5,"MessageType":"TestExecution.StartWithSources","Payload":{"AdapterSourceMap":{"_none_":["C:\\Users\\Dell\\OneDrive\\Рабочий стол\\Studying\\.NET\\l3\\Accountin-of-goods\\UnitOfWorkTest\\bin\\Debug\\net6.0\\fine-code-coverage\\build-output\\Tests.dll"]},"RunSettings":"<RunSettings>\r\n  <RunConfiguration>\r\n    <ResultsDirectory>C:\\Users\\Dell\\OneDrive\\Рабочий стол\\Studying\\.NET\\l3\\Accountin-of-goods\\UnitOfWorkTest\\bin\\Debug\\net6.0\\fine-code-coverage\\coverage-tool-output</ResultsDirectory>\r\n    <TargetFrameworkVersion>.NETCoreApp,Version=v6.0</TargetFrameworkVersion>\r\n    <DesignMode>False</DesignMode>\r\n    <CollectSourceInformation>False</CollectSourceInformation>\r\n  </RunConfiguration>\r\n  <LoggerRunSettings>\r\n    <Loggers>\r\n      <Logger friendlyName=\"blame\" enabled=\"True\" />\r\n      <Logger friendlyName=\"Console\" uri=\"logger://microsoft/TestPlatform/ConsoleLogger/v1\" assemblyQualifiedName=\"Microsoft.VisualStudio.TestPlatform.CommandLine.Internal.ConsoleLogger, vstest.console, Version=15.0.0.0, Culture=neutral, PublicKeyToken=b03f5f7f11d50a3a\" codeBase=\"C:\\Program Files\\dotnet\\sdk\\6.0.302\\vstest.console.dll\" enabled=\"True\" />\r\n    </Loggers>\r\n  </LoggerRunSettings>\r\n  <DataCollectionRunSettings>\r\n    <DataCollectors>\r\n      <DataCollector friendlyName=\"blame\" enabled=\"True\">\r\n        <Configuration>\r\n          <ResultsDirectory>C:\\Users\\Dell\\OneDrive\\Рабочий стол\\Studying\\.NET\\l3\\Accountin-of-goods\\UnitOfWorkTest\\bin\\Debug\\net6.0\\fine-code-coverage\\coverage-tool-output</ResultsDirectory>\r\n        </Configuration>\r\n      </DataCollector>\r\n    </DataCollectors>\r\n  </DataCollectionRunSettings>\r\n</RunSettings>","TestExecutionContext":{"FrequencyOfRunStatsChangeEvent":10,"RunStatsChangeEventTimeout":"00:00:01.5000000","InIsolation":false,"KeepAlive":false,"AreTestCaseLevelEventsRequired":false,"IsDebug":false,"TestCaseFilter":null,"FilterOptions":null},"Package":null}}
TpTrace Verbose: 0 : 11648, 10, 2023/01/10, 01:38:43.156, 14991342605532, vstest.console.dll, TcpClientExtensions.MessageLoopAsync: NotifyDataAvailable remoteEndPoint: 127.0.0.1:64482 localEndPoint: 127.0.0.1:64481
TpTrace Verbose: 0 : 11648, 10, 2023/01/10, 01:38:43.157, 14991342607622, vstest.console.dll, TestRequestSender.OnExecutionMessageReceived: Received message: {"Version":5,"MessageType":"TestSession.Message","Payload":{"MessageLevel":0,"Message":"NUnit Adapter 4.2.0.0: Test execution started"}}
TpTrace Verbose: 0 : 11648, 10, 2023/01/10, 01:38:43.157, 14991342612463, vstest.console.dll, TestRunRequest:SendTestRunMessage: Starting.
TpTrace Verbose: 0 : 11648, 10, 2023/01/10, 01:38:43.157, 14991342613758, vstest.console.dll, MulticastDelegateUtilities.SafeInvoke: TestRun.LogMessages: Invoking callback 1/1 for Microsoft.VisualStudio.TestPlatform.CommandLine.TestRunResultAggregator.TestRunMessageHandler, took 0 ms.
TpTrace Verbose: 0 : 11648, 4, 2023/01/10, 01:38:43.157, 14991342613856, vstest.console.dll, MulticastDelegateUtilities.SafeInvoke: InternalTestLoggerEvents.SendTestRunMessage: Invoking callback 1/1 for Microsoft.VisualStudio.TestPlatform.CommandLine.Internal.ConsoleLogger.TestMessageHandler, took 0 ms.
TpTrace Information: 0 : 11648, 10, 2023/01/10, 01:38:43.157, 14991342614599, vstest.console.dll, TestRunRequest:SendTestRunMessage: Completed.
TpTrace Verbose: 0 : 11648, 10, 2023/01/10, 01:38:43.157, 14991342616331, vstest.console.dll, MulticastDelegateUtilities.SafeInvoke: LengthPrefixCommunicationChannel: MessageReceived: Invoking callback 1/1 for Microsoft.VisualStudio.TestPlatform.CommunicationUtilities.TestRequestSender+<>c__DisplayClass30_0.<StartTestRun>b__1, took 0 ms.
TpTrace Verbose: 0 : 11648, 10, 2023/01/10, 01:38:43.158, 14991342617016, vstest.console.dll, TcpClientExtensions.MessageLoopAsync: Polling on remoteEndPoint: 127.0.0.1:64482 localEndPoint: 127.0.0.1:64481
TpTrace Verbose: 0 : 11648, 10, 2023/01/10, 01:38:43.233, 14991343374594, vstest.console.dll, TcpClientExtensions.MessageLoopAsync: NotifyDataAvailable remoteEndPoint: 127.0.0.1:64482 localEndPoint: 127.0.0.1:64481
TpTrace Verbose: 0 : 11648, 10, 2023/01/10, 01:38:43.234, 14991343376393, vstest.console.dll, TestRequestSender.OnExecutionMessageReceived: Received message: {"Version":5,"MessageType":"TestSession.Message","Payload":{"MessageLevel":0,"Message":"Running all tests in C:\\Users\\Dell\\OneDrive\\Рабочий стол\\Studying\\.NET\\l3\\Accountin-of-goods\\UnitOfWorkTest\\bin\\Debug\\net6.0\\fine-code-coverage\\build-output\\Tests.dll"}}
TpTrace Verbose: 0 : 11648, 10, 2023/01/10, 01:38:43.234, 14991343379604, vstest.console.dll, TestRunRequest:SendTestRunMessage: Starting.
TpTrace Verbose: 0 : 11648, 10, 2023/01/10, 01:38:43.234, 14991343380768, vstest.console.dll, MulticastDelegateUtilities.SafeInvoke: TestRun.LogMessages: Invoking callback 1/1 for Microsoft.VisualStudio.TestPlatform.CommandLine.TestRunResultAggregator.TestRunMessageHandler, took 0 ms.
TpTrace Verbose: 0 : 11648, 4, 2023/01/10, 01:38:43.234, 14991343380874, vstest.console.dll, MulticastDelegateUtilities.SafeInvoke: InternalTestLoggerEvents.SendTestRunMessage: Invoking callback 1/1 for Microsoft.VisualStudio.TestPlatform.CommandLine.Internal.ConsoleLogger.TestMessageHandler, took 0 ms.
TpTrace Information: 0 : 11648, 10, 2023/01/10, 01:38:43.234, 14991343381659, vstest.console.dll, TestRunRequest:SendTestRunMessage: Completed.
TpTrace Verbose: 0 : 11648, 10, 2023/01/10, 01:38:43.234, 14991343383352, vstest.console.dll, MulticastDelegateUtilities.SafeInvoke: LengthPrefixCommunicationChannel: MessageReceived: Invoking callback 1/1 for Microsoft.VisualStudio.TestPlatform.CommunicationUtilities.TestRequestSender+<>c__DisplayClass30_0.<StartTestRun>b__1, took 0 ms.
TpTrace Verbose: 0 : 11648, 10, 2023/01/10, 01:38:43.234, 14991343384101, vstest.console.dll, TcpClientExtensions.MessageLoopAsync: Polling on remoteEndPoint: 127.0.0.1:64482 localEndPoint: 127.0.0.1:64481
TpTrace Verbose: 0 : 11648, 10, 2023/01/10, 01:38:43.510, 14991346142874, vstest.console.dll, TcpClientExtensions.MessageLoopAsync: NotifyDataAvailable remoteEndPoint: 127.0.0.1:64482 localEndPoint: 127.0.0.1:64481
TpTrace Verbose: 0 : 11648, 10, 2023/01/10, 01:38:43.510, 14991346144666, vstest.console.dll, TestRequestSender.OnExecutionMessageReceived: Received message: {"Version":5,"MessageType":"TestSession.Message","Payload":{"MessageLevel":0,"Message":"   NUnit3TestExecutor discovered 66 of 66 NUnit test cases using Current Discovery mode, Non-Explicit run"}}
TpTrace Verbose: 0 : 11648, 10, 2023/01/10, 01:38:43.511, 14991346148267, vstest.console.dll, TestRunRequest:SendTestRunMessage: Starting.
TpTrace Verbose: 0 : 11648, 10, 2023/01/10, 01:38:43.511, 14991346149487, vstest.console.dll, MulticastDelegateUtilities.SafeInvoke: TestRun.LogMessages: Invoking callback 1/1 for Microsoft.VisualStudio.TestPlatform.CommandLine.TestRunResultAggregator.TestRunMessageHandler, took 0 ms.
TpTrace Verbose: 0 : 11648, 4, 2023/01/10, 01:38:43.511, 14991346149804, vstest.console.dll, MulticastDelegateUtilities.SafeInvoke: InternalTestLoggerEvents.SendTestRunMessage: Invoking callback 1/1 for Microsoft.VisualStudio.TestPlatform.CommandLine.Internal.ConsoleLogger.TestMessageHandler, took 0 ms.
TpTrace Information: 0 : 11648, 10, 2023/01/10, 01:38:43.512, 14991346156839, vstest.console.dll, TestRunRequest:SendTestRunMessage: Completed.
TpTrace Verbose: 0 : 11648, 10, 2023/01/10, 01:38:43.512, 14991346158326, vstest.console.dll, MulticastDelegateUtilities.SafeInvoke: LengthPrefixCommunicationChannel: MessageReceived: Invoking callback 1/1 for Microsoft.VisualStudio.TestPlatform.CommunicationUtilities.TestRequestSender+<>c__DisplayClass30_0.<StartTestRun>b__1, took 1 ms.
TpTrace Verbose: 0 : 11648, 10, 2023/01/10, 01:38:43.512, 14991346159235, vstest.console.dll, TcpClientExtensions.MessageLoopAsync: Polling on remoteEndPoint: 127.0.0.1:64482 localEndPoint: 127.0.0.1:64481
TpTrace Verbose: 0 : 11648, 10, 2023/01/10, 01:38:44.499, 14991356032788, vstest.console.dll, TcpClientExtensions.MessageLoopAsync: NotifyDataAvailable remoteEndPoint: 127.0.0.1:64482 localEndPoint: 127.0.0.1:64481
TpTrace Verbose: 0 : 11648, 10, 2023/01/10, 01:38:44.499, 14991356035389, vstest.console.dll, TestRequestSender.OnExecutionMessageReceived: Received message: {"Version":5,"MessageType":"TestExecution.StatsChange","Payload":{"NewTestResults":[],"TestRunStatistics":{"ExecutedTests":0,"Stats":{}},"ActiveTests":[{"Id":"16d9b669-da0d-8fc6-43ed-3aa81172788b","FullyQualifiedName":"Tests.CustomerServiseTest.CreatAccount_TryCreatNewAccount_MethodAddFromMockOfUserCalledOnce","DisplayName":"CreatAccount_TryCreatNewAccount_MethodAddFromMockOfUserCalledOnce","ExecutorUri":"executor://NUnit3TestExecutor","Source":"C:\\Users\\Dell\\OneDrive\\Рабочий стол\\Studying\\.NET\\l3\\Accountin-of-goods\\UnitOfWorkTest\\bin\\Debug\\net6.0\\fine-code-coverage\\build-output\\Tests.dll","CodeFilePath":null,"LineNumber":0,"Properties":[{"Key":{"Id":"NUnit.Seed","Label":"Seed","Category":"","Description":"","Attributes":0,"ValueType":"System.String"},"Value":"487690626"}]}]}}
TpTrace Verbose: 0 : 11648, 10, 2023/01/10, 01:38:44.533, 14991356369420, vstest.console.dll, TestRunRequest:SendTestRunStatsChange: Starting.
TpTrace Verbose: 0 : 11648, 10, 2023/01/10, 01:38:44.533, 14991356371632, vstest.console.dll, InProgress is CreatAccount_TryCreatNewAccount_MethodAddFromMockOfUserCalledOnce
TpTrace Verbose: 0 : 11648, 10, 2023/01/10, 01:38:44.533, 14991356373137, vstest.console.dll, MulticastDelegateUtilities.SafeInvoke: TestRun.RunStatsChanged: Invoking callbacks was skipped because there are no subscribers.
TpTrace Information: 0 : 11648, 10, 2023/01/10, 01:38:44.533, 14991356374331, vstest.console.dll, TestRunRequest:SendTestRunStatsChange: Completed.
TpTrace Verbose: 0 : 11648, 10, 2023/01/10, 01:38:44.533, 14991356375013, vstest.console.dll, MulticastDelegateUtilities.SafeInvoke: LengthPrefixCommunicationChannel: MessageReceived: Invoking callback 1/1 for Microsoft.VisualStudio.TestPlatform.CommunicationUtilities.TestRequestSender+<>c__DisplayClass30_0.<StartTestRun>b__1, took 33 ms.
TpTrace Verbose: 0 : 11648, 10, 2023/01/10, 01:38:44.533, 14991356375719, vstest.console.dll, TcpClientExtensions.MessageLoopAsync: Polling on remoteEndPoint: 127.0.0.1:64482 localEndPoint: 127.0.0.1:64481
TpTrace Verbose: 0 : 11648, 10, 2023/01/10, 01:38:44.933, 14991360369588, vstest.console.dll, TcpClientExtensions.MessageLoopAsync: NotifyDataAvailable remoteEndPoint: 127.0.0.1:64482 localEndPoint: 127.0.0.1:64481
TpTrace Verbose: 0 : 11648, 10, 2023/01/10, 01:38:44.934, 14991360379492, vstest.console.dll, TestRequestSender.OnExecutionMessageReceived: Received message: {"Version":5,"MessageType":"TestExecution.StatsChange","Payload":{"NewTestResults":[{"TestCase":{"Id":"16d9b669-da0d-8fc6-43ed-3aa81172788b","FullyQualifiedName":"Tests.CustomerServiseTest.CreatAccount_TryCreatNewAccount_MethodAddFromMockOfUserCalledOnce","DisplayName":"CreatAccount_TryCreatNewAccount_MethodAddFromMockOfUserCalledOnce","ExecutorUri":"executor://NUnit3TestExecutor","Source":"C:\\Users\\Dell\\OneDrive\\Рабочий стол\\Studying\\.NET\\l3\\Accountin-of-goods\\UnitOfWorkTest\\bin\\Debug\\net6.0\\fine-code-coverage\\build-output\\Tests.dll","CodeFilePath":null,"LineNumber":0,"Properties":[{"Key":{"Id":"NUnit.Seed","Label":"Seed","Category":"","Description":"","Attributes":0,"ValueType":"System.String"},"Value":"487690626"}]},"Attachments":[],"Outcome":2,"ErrorMessage":"System.NullReferenceException : Object reference not set to an instance of an object.","ErrorStackTrace":"   at System.Linq.Queryable.Where[TSource](IQueryable`1 source, Expression`1 predicate)\r\n   at DAL.Repositories.UserRepository.Find(Expression`1 predicate) in C:\\Users\\Dell\\OneDrive\\Рабочий стол\\Studying\\.NET\\l3\\Accountin-of-goods\\DAL\\Repositories\\UserRepository.cs:line 14\r\n   at BLL.Servises.CustomerServise.CreatAccount(UserDTO clientDTO) in C:\\Users\\Dell\\OneDrive\\Рабочий стол\\Studying\\.NET\\l3\\Accountin-of-goods\\BLL\\Servises\\CustomerServise.cs:line 31\r\n   at Tests.CustomerServiseTest.CreatAccount_TryCreatNewAccount_MethodAddFromMockOfUserCalledOnce() in C:\\Users\\Dell\\OneDrive\\Рабочий стол\\Studying\\.NET\\l3\\Accountin-of-goods\\UnitOfWorkTest\\CustomerServiseTest.cs:line 60","DisplayName":"CreatAccount_TryCreatNewAccount_MethodAddFromMockOfUserCalledOnce","Messages":[],"ComputerName":"DESKTOP-035NLAM","Duration":"00:00:00.9533600","StartTime":"2023-01-09T23:38:43.5670701+00:00","EndTime":"2023-01-09T23:38:44.5202393+00:00","Properties":[{"Key":{"Id":"NUnit.Seed","Label":"Seed","Category":"","Description":"","Attributes":0,"ValueType":"System.String"},"Value":"487690626"}]},{"TestCase":{"Id":"c1fa336b-d444-548f-fd1f-c0a0e2ec68b4","FullyQualifiedName":"Tests.CustomerServiseTest.CreatOrder_TryCreatNewOrder_MethodAddFromMockOfOrderCalledOnce","DisplayName":"CreatOrder_TryCreatNewOrder_MethodAddFromMockOfOrderCalledOnce","ExecutorUri":"executor://NUnit3TestExecutor","Source":"C:\\Users\\Dell\\OneDrive\\Рабочий стол\\Studying\\.NET\\l3\\Accountin-of-goods\\UnitOfWorkTest\\bin\\Debug\\net6.0\\fine-code-coverage\\build-output\\Tests.dll","CodeFilePath":null,"LineNumber":0,"Properties":[{"Key":{"Id":"NUnit.Seed","Label":"Seed","Category":"","Description":"","Attributes":0,"ValueType":"System.String"},"Value":"1040107411"}]},"Attachments":[],"Outcome":1,"ErrorMessage":null,"ErrorStackTrace":null,"DisplayName":"CreatOrder_TryCreatNewOrder_MethodAddFromMockOfOrderCalledOnce","Messages":[],"ComputerName":"DESKTOP-035NLAM","Duration":"00:00:00.0737290","StartTime":"2023-01-09T23:38:44.5257171+00:00","EndTime":"2023-01-09T23:38:44.5994462+00:00","Properties":[{"Key":{"Id":"NUnit.Seed","Label":"Seed","Category":"","Description":"","Attributes":0,"ValueType":"System.String"},"Value":"1040107411"}]},{"TestCase":{"Id":"c6a8ff66-c8ac-c036-ed72-b81bf51c9f55","FullyQualifiedName":"Tests.CustomerServiseTest.CreatOrder_TryCreatNewOrderWithGoodsMissingGoods_AddGoodsToQueueForPurchase","DisplayName":"CreatOrder_TryCreatNewOrderWithGoodsMissingGoods_AddGoodsToQueueForPurchase","ExecutorUri":"executor://NUnit3TestExecutor","Source":"C:\\Users\\Dell\\OneDrive\\Рабочий стол\\Studying\\.NET\\l3\\Accountin-of-goods\\UnitOfWorkTest\\bin\\Debug\\net6.0\\fine-code-coverage\\build-output\\Tests.dll","CodeFilePath":null,"LineNumber":0,"Properties":[{"Key":{"Id":"NUnit.Seed","Label":"Seed","Category":"","Description":"","Attributes":0,"ValueType":"System.String"},"Value":"1893449419"}]},"Attachments":[],"Outcome":1,"ErrorMessage":null,"ErrorStackTrace":null,"DisplayName":"CreatOrder_TryCreatNewOrderWithGoodsMissingGoods_AddGoodsToQueueForPurchase","Messages":[],"ComputerName":"DESKTOP-035NLAM","Duration":"00:00:00.0514200","StartTime":"2023-01-09T23:38:44.5995074+00:00","EndTime":"2023-01-09T23:38:44.6509273+00:00","Properties":[{"Key":{"Id":"NUnit.Seed","Label":"Seed","Category":"","Description":"","Attributes":0,"ValueType":"System.String"},"Value":"1893449419"}]},{"TestCase":{"Id":"ab5eca6c-7ae7-01eb-1309-e525435d5e1c","FullyQualifiedName":"Tests.CustomerServiseTest.CreatOrder_TryCreatNewOrderWithNullClient_InvokedClientNullEvent","DisplayName":"CreatOrder_TryCreatNewOrderWithNullClient_InvokedClientNullEvent","ExecutorUri":"executor://NUnit3TestExecutor","Source":"C:\\Users\\Dell\\OneDrive\\Рабочий стол\\Studying\\.NET\\l3\\Accountin-of-goods\\UnitOfWorkTest\\bin\\Debug\\net6.0\\fine-code-coverage\\build-output\\Tests.dll","CodeFilePath":null,"LineNumber":0,"Properties":[{"Key":{"Id":"NUnit.Seed","Label":"Seed","Category":"","Description":"","Attributes":0,"ValueType":"System.String"},"Value":"742000725"}]},"Attachments":[],"Outcome":1,"ErrorMessage":null,"ErrorStackTrace":null,"DisplayName":"CreatOrder_TryCreatNewOrderWithNullClient_InvokedClientNullEvent","Messages":[],"ComputerName":"DESKTOP-035NLAM","Duration":"00:00:00.0243740","StartTime":"2023-01-09T23:38:44.6515126+00:00","EndTime":"2023-01-09T23:38:44.6758862+00:00","Properties":[{"Key":{"Id":"NUnit.Seed","Label":"Seed","Category":"","Description":"","Attributes":0,"ValueType":"System.String"},"Value":"742000725"}]},{"TestCase":{"Id":"97acc13b-811c-759b-6b5f-3bfd4ba89970","FullyQualifiedName":"Tests.CustomerServiseTest.CreatOrder_TryCreatNewOrderWithNullGoods_InvokedGoodsNullEvent","DisplayName":"CreatOrder_TryCreatNewOrderWithNullGoods_InvokedGoodsNullEvent","ExecutorUri":"executor://NUnit3TestExecutor","Source":"C:\\Users\\Dell\\OneDrive\\Рабочий стол\\Studying\\.NET\\l3\\Accountin-of-goods\\UnitOfWorkTest\\bin\\Debug\\net6.0\\fine-code-coverage\\build-output\\Tests.dll","CodeFilePath":null,"LineNumber":0,"Properties":[{"Key":{"Id":"NUnit.Seed","Label":"Seed","Category":"","Description":"","Attributes":0,"ValueType":"System.String"},"Value":"596939436"}]},"Attachments":[],"Outcome":1,"ErrorMessage":null,"ErrorStackTrace":null,"DisplayName":"CreatOrder_TryCreatNewOrderWithNullGoods_InvokedGoodsNullEvent","Messages":[],"ComputerName":"DESKTOP-035NLAM","Duration":"00:00:00.0043320","StartTime":"2023-01-09T23:38:44.6759274+00:00","EndTime":"2023-01-09T23:38:44.6802594+00:00","Properties":[{"Key":{"Id":"NUnit.Seed","Label":"Seed","Category":"","Description":"","Attributes":0,"ValueType":"System.String"},"Value":"596939436"}]},{"TestCase":{"Id":"e69a4ed7-d541-8321-c43c-ecc5ca4578dc","FullyQualifiedName":"Tests.CustomerServiseTest.GetAccount_TryGetAccount_MethodAddFromMockOfUserCalledOnce","DisplayName":"GetAccount_TryGetAccount_MethodAddFromMockOfUserCalledOnce","ExecutorUri":"executor://NUnit3TestExecutor","Source":"C:\\Users\\Dell\\OneDrive\\Рабочий стол\\Studying\\.NET\\l3\\Accountin-of-goods\\UnitOfWorkTest\\bin\\Debug\\net6.0\\fine-code-coverage\\build-output\\Tests.dll","CodeFilePath":null,"LineNumber":0,"Properties":[{"Key":{"Id":"NUnit.Seed","Label":"Seed","Category":"","Description":"","Attributes":0,"ValueType":"System.String"},"Value":"1151084132"}]},"Attachments":[],"Outcome":2,"ErrorMessage":"System.NullReferenceException : Object reference not set to an instance of an object.","ErrorStackTrace":"   at System.Linq.Queryable.Where[TSource](IQueryable`1 source, Expression`1 predicate)\r\n   at DAL.Repositories.UserRepository.Find(Expression`1 predicate) in C:\\Users\\Dell\\OneDrive\\Рабочий стол\\Studying\\.NET\\l3\\Accountin-of-goods\\DAL\\Repositories\\UserRepository.cs:line 14\r\n   at BLL.Servises.CustomerServise.GetAccount(Int32 phoneNumber) in C:\\Users\\Dell\\OneDrive\\Рабочий стол\\Studying\\.NET\\l3\\Accountin-of-goods\\BLL\\Servises\\CustomerServise.cs:line 96\r\n   at Tests.CustomerServiseTest.GetAccount_TryGetAccount_MethodAddFromMockOfUserCalledOnce() in C:\\Users\\Dell\\OneDrive\\Рабочий стол\\Studying\\.NET\\l3\\Accountin-of-goods\\UnitOfWorkTest\\CustomerServiseTest.cs:line 118","DisplayName":"GetAccount_TryGetAccount_MethodAddFromMockOfUserCalledOnce","Messages":[],"ComputerName":"DESKTOP-035NLAM","Duration":"00:00:00.0059430","StartTime":"2023-01-09T23:38:44.680287+00:00","EndTime":"2023-01-09T23:38:44.6862294+00:00","Properties":[{"Key":{"Id":"NUnit.Seed","Label":"Seed","Category":"","Description":"","Attributes":0,"ValueType":"System.String"},"Value":"1151084132"}]},{"TestCase":{"Id":"c32e82e0-a18f-5235-a053-1e8b4fd85815","FullyQualifiedName":"Tests.CustomerServiseTest.GetAllGoods_TryGetAllGoods","DisplayName":"GetAllGoods_TryGetAllGoods","ExecutorUri":"executor://NUnit3TestExecutor","Source":"C:\\Users\\Dell\\OneDrive\\Рабочий стол\\Studying\\.NET\\l3\\Accountin-of-goods\\UnitOfWorkTest\\bin\\Debug\\net6.0\\fine-code-coverage\\build-output\\Tests.dll","CodeFilePath":null,"LineNumber":0,"Properties":[{"Key":{"Id":"NUnit.Seed","Label":"Seed","Category":"","Description":"","Attributes":0,"ValueType":"System.String"},"Value":"2063318892"}]},"Attachments":[],"Outcome":1,"ErrorMessage":null,"ErrorStackTrace":null,"DisplayName":"GetAllGoods_TryGetAllGoods","Messages":[],"ComputerName":"DESKTOP-035NLAM","Duration":"00:00:00.1948230","StartTime":"2023-01-09T23:38:44.6862965+00:00","EndTime":"2023-01-09T23:38:44.8811186+00:00","Properties":[{"Key":{"Id":"NUnit.Seed","Label":"Seed","Category":"","Description":"","Attributes":0,"ValueType":"System.String"},"Value":"2063318892"}]},{"TestCase":{"Id":"c4cdf5ae-e673-0897-cfd4-cdc3dd110830","FullyQualifiedName":"Tests.CustomerServiseTest.GetCurrentGoods_TryGetGoodsById_GotGoodsWithSetId","DisplayName":"GetCurrentGoods_TryGetGoodsById_GotGoodsWithSetId","ExecutorUri":"executor://NUnit3TestExecutor","Source":"C:\\Users\\Dell\\OneDrive\\Рабочий стол\\Studying\\.NET\\l3\\Accountin-of-goods\\UnitOfWorkTest\\bin\\Debug\\net6.0\\fine-code-coverage\\build-output\\Tests.dll","CodeFilePath":null,"LineNumber":0,"Properties":[{"Key":{"Id":"NUnit.Seed","Label":"Seed","Category":"","Description":"","Attributes":0,"ValueType":"System.String"},"Value":"857301483"}]},"Attachments":[],"Outcome":2,"ErrorMessage":"System.NullReferenceException : Object reference not set to an instance of an object.","ErrorStackTrace":"   at System.Linq.Queryable.FirstOrDefault[TSource](IQueryable`1 source, Expression`1 predicate)\r\n   at DAL.Repositories.GoodsRepository.Get(Int32 id) in C:\\Users\\Dell\\OneDrive\\Рабочий стол\\Studying\\.NET\\l3\\Accountin-of-goods\\DAL\\Repositories\\GoodsRepository.cs:line 27\r\n   at BLL.Servises.CustomerServise.GetCurrentGoods(Int32 id) in C:\\Users\\Dell\\OneDrive\\Рабочий стол\\Studying\\.NET\\l3\\Accountin-of-goods\\BLL\\Servises\\CustomerServise.cs:line 110\r\n   at Tests.CustomerServiseTest.GetCurrentGoods_TryGetGoodsById_GotGoodsWithSetId() in C:\\Users\\Dell\\OneDrive\\Рабочий стол\\Studying\\.NET\\l3\\Accountin-of-goods\\UnitOfWorkTest\\CustomerServiseTest.cs:line 225","DisplayName":"GetCurrentGoods_TryGetGoodsById_GotGoodsWithSetId","Messages":[],"ComputerName":"DESKTOP-035NLAM","Duration":"00:00:00.0143360","StartTime":"2023-01-09T23:38:44.887569+00:00","EndTime":"2023-01-09T23:38:44.9019137+00:00","Properties":[{"Key":{"Id":"NUnit.Seed","Label":"Seed","Category":"","Description":"","Attributes":0,"ValueType":"System.String"},"Value":"857301483"}]},{"TestCase":{"Id":"15f06db6-84c9-eacf-4386-9ea79c6ad85c","FullyQualifiedName":"Tests.CustomerServiseTest.GetCurrentGoods_TryGetMissingGoods_InvokedGoodsNullEvent","DisplayName":"GetCurrentGoods_TryGetMissingGoods_InvokedGoodsNullEvent","ExecutorUri":"executor://NUnit3TestExecutor","Source":"C:\\Users\\Dell\\OneDrive\\Рабочий стол\\Studying\\.NET\\l3\\Accountin-of-goods\\UnitOfWorkTest\\bin\\Debug\\net6.0\\fine-code-coverage\\build-output\\Tests.dll","CodeFilePath":null,"LineNumber":0,"Properties":[{"Key":{"Id":"NUnit.Seed","Label":"Seed","Category":"","Description":"","Attributes":0,"ValueType":"System.String"},"Value":"2001465378"}]},"Attachments":[],"Outcome":2,"ErrorMessage":"System.NotSupportedException : Specified method is not supported.","ErrorStackTrace":"   at Microsoft.EntityFrameworkCore.DbSet`1.System.Linq.IQueryable.get_Provider()\r\n   at Microsoft.EntityFrameworkCore.EntityFrameworkQueryableExtensions.AsNoTracking[TEntity](IQueryable`1 source)\r\n   at DAL.Repositories.GoodsRepository.Get(Int32 id) in C:\\Users\\Dell\\OneDrive\\Рабочий стол\\Studying\\.NET\\l3\\Accountin-of-goods\\DAL\\Repositories\\GoodsRepository.cs:line 27\r\n   at BLL.Servises.CustomerServise.GetCurrentGoods(Int32 id) in C:\\Users\\Dell\\OneDrive\\Рабочий стол\\Studying\\.NET\\l3\\Accountin-of-goods\\BLL\\Servises\\CustomerServise.cs:line 110\r\n   at Tests.CustomerServiseTest.GetCurrentGoods_TryGetMissingGoods_InvokedGoodsNullEvent() in C:\\Users\\Dell\\OneDrive\\Рабочий стол\\Studying\\.NET\\l3\\Accountin-of-goods\\UnitOfWorkTest\\CustomerServiseTest.cs:line 238","DisplayName":"GetCurrentGoods_TryGetMissingGoods_InvokedGoodsNullEvent","Messages":[],"ComputerName":"DESKTOP-035NLAM","Duration":"00:00:00.0046530","StartTime":"2023-01-09T23:38:44.9076191+00:00","EndTime":"2023-01-09T23:38:44.9122743+00:00","Properties":[{"Key":{"Id":"NUnit.Seed","Label":"Seed","Category":"","Description":"","Attributes":0,"ValueType":"System.String"},"Value":"2001465378"}]}],"TestRunStatistics":{"ExecutedTests":9,"Stats":{"Failed":4,"Passed":5}},"ActiveTests":[{"Id":"f808d1cf-ed36-e2dd-d336-a0256674fe9b","FullyQualifiedName":"Tests.CustomerServiseTest.GetGoodsInStock_TryGetGoodsInStock","DisplayName":"GetGoodsInStock_TryGetGoodsInStock","ExecutorUri":"executor://NUnit3TestExecutor","Source":"C:\\Users\\Dell\\OneDrive\\Рабочий стол\\Studying\\.NET\\l3\\Accountin-of-goods\\UnitOfWorkTest\\bin\\Debug\\net6.0\\fine-code-coverage\\build-output\\Tests.dll","CodeFilePath":null,"LineNumber":0,"Properties":[{"Key":{"Id":"NUnit.Seed","Label":"Seed","Category":"","Description":"","Attributes":0,"ValueType":"System.String"},"Value":"964980159"}]}]}}
TpTrace Verbose: 0 : 11648, 10, 2023/01/10, 01:38:44.959, 14991360628837, vstest.console.dll, TestRunRequest:SendTestRunStatsChange: Starting.
TpTrace Verbose: 0 : 11648, 10, 2023/01/10, 01:38:44.959, 14991360630015, vstest.console.dll, InProgress is GetGoodsInStock_TryGetGoodsInStock
TpTrace Verbose: 0 : 11648, 10, 2023/01/10, 01:38:44.960, 14991360636626, vstest.console.dll, MulticastDelegateUtilities.SafeInvoke: TestRun.RunStatsChanged: Invoking callbacks was skipped because there are no subscribers.
TpTrace Information: 0 : 11648, 10, 2023/01/10, 01:38:44.960, 14991360637852, vstest.console.dll, TestRunRequest:SendTestRunStatsChange: Completed.
TpTrace Verbose: 0 : 11648, 10, 2023/01/10, 01:38:44.960, 14991360640248, vstest.console.dll, MulticastDelegateUtilities.SafeInvoke: LengthPrefixCommunicationChannel: MessageReceived: Invoking callback 1/1 for Microsoft.VisualStudio.TestPlatform.CommunicationUtilities.TestRequestSender+<>c__DisplayClass30_0.<StartTestRun>b__1, took 26 ms.
TpTrace Verbose: 0 : 11648, 10, 2023/01/10, 01:38:44.960, 14991360642090, vstest.console.dll, TcpClientExtensions.MessageLoopAsync: Polling on remoteEndPoint: 127.0.0.1:64482 localEndPoint: 127.0.0.1:64481
TpTrace Verbose: 0 : 11648, 4, 2023/01/10, 01:38:44.969, 14991360733528, vstest.console.dll, MulticastDelegateUtilities.SafeInvoke: InternalTestLoggerEvents.SendTestResult: Invoking callback 1/1 for Microsoft.VisualStudio.TestPlatform.CommandLine.Internal.ConsoleLogger.TestResultHandler, took 8 ms.
TpTrace Verbose: 0 : 11648, 4, 2023/01/10, 01:38:44.969, 14991360735339, vstest.console.dll, MulticastDelegateUtilities.SafeInvoke: InternalTestLoggerEvents.SendTestResult: Invoking callback 1/1 for Microsoft.VisualStudio.TestPlatform.CommandLine.Internal.ConsoleLogger.TestResultHandler, took 0 ms.
TpTrace Verbose: 0 : 11648, 4, 2023/01/10, 01:38:44.969, 14991360736356, vstest.console.dll, MulticastDelegateUtilities.SafeInvoke: InternalTestLoggerEvents.SendTestResult: Invoking callback 1/1 for Microsoft.VisualStudio.TestPlatform.CommandLine.Internal.ConsoleLogger.TestResultHandler, took 0 ms.
TpTrace Verbose: 0 : 11648, 4, 2023/01/10, 01:38:44.970, 14991360737268, vstest.console.dll, MulticastDelegateUtilities.SafeInvoke: InternalTestLoggerEvents.SendTestResult: Invoking callback 1/1 for Microsoft.VisualStudio.TestPlatform.CommandLine.Internal.ConsoleLogger.TestResultHandler, took 0 ms.
TpTrace Verbose: 0 : 11648, 4, 2023/01/10, 01:38:44.970, 14991360738200, vstest.console.dll, MulticastDelegateUtilities.SafeInvoke: InternalTestLoggerEvents.SendTestResult: Invoking callback 1/1 for Microsoft.VisualStudio.TestPlatform.CommandLine.Internal.ConsoleLogger.TestResultHandler, took 0 ms.
TpTrace Verbose: 0 : 11648, 4, 2023/01/10, 01:38:44.970, 14991360742237, vstest.console.dll, MulticastDelegateUtilities.SafeInvoke: InternalTestLoggerEvents.SendTestResult: Invoking callback 1/1 for Microsoft.VisualStudio.TestPlatform.CommandLine.Internal.ConsoleLogger.TestResultHandler, took 0 ms.
TpTrace Verbose: 0 : 11648, 4, 2023/01/10, 01:38:44.970, 14991360743838, vstest.console.dll, MulticastDelegateUtilities.SafeInvoke: InternalTestLoggerEvents.SendTestResult: Invoking callback 1/1 for Microsoft.VisualStudio.TestPlatform.CommandLine.Internal.ConsoleLogger.TestResultHandler, took 0 ms.
TpTrace Verbose: 0 : 11648, 4, 2023/01/10, 01:38:44.971, 14991360747885, vstest.console.dll, MulticastDelegateUtilities.SafeInvoke: InternalTestLoggerEvents.SendTestResult: Invoking callback 1/1 for Microsoft.VisualStudio.TestPlatform.CommandLine.Internal.ConsoleLogger.TestResultHandler, took 0 ms.
TpTrace Verbose: 0 : 11648, 4, 2023/01/10, 01:38:44.971, 14991360752478, vstest.console.dll, MulticastDelegateUtilities.SafeInvoke: InternalTestLoggerEvents.SendTestResult: Invoking callback 1/1 for Microsoft.VisualStudio.TestPlatform.CommandLine.Internal.ConsoleLogger.TestResultHandler, took 0 ms.
TpTrace Verbose: 0 : 11648, 10, 2023/01/10, 01:38:45.281, 14991363856228, vstest.console.dll, TcpClientExtensions.MessageLoopAsync: NotifyDataAvailable remoteEndPoint: 127.0.0.1:64482 localEndPoint: 127.0.0.1:64481
TpTrace Verbose: 0 : 11648, 10, 2023/01/10, 01:38:45.282, 14991363861867, vstest.console.dll, TestRequestSender.OnExecutionMessageReceived: Received message: {"Version":5,"MessageType":"TestExecution.StatsChange","Payload":{"NewTestResults":[{"TestCase":{"Id":"f808d1cf-ed36-e2dd-d336-a0256674fe9b","FullyQualifiedName":"Tests.CustomerServiseTest.GetGoodsInStock_TryGetGoodsInStock","DisplayName":"GetGoodsInStock_TryGetGoodsInStock","ExecutorUri":"executor://NUnit3TestExecutor","Source":"C:\\Users\\Dell\\OneDrive\\Рабочий стол\\Studying\\.NET\\l3\\Accountin-of-goods\\UnitOfWorkTest\\bin\\Debug\\net6.0\\fine-code-coverage\\build-output\\Tests.dll","CodeFilePath":null,"LineNumber":0,"Properties":[{"Key":{"Id":"NUnit.Seed","Label":"Seed","Category":"","Description":"","Attributes":0,"ValueType":"System.String"},"Value":"964980159"}]},"Attachments":[],"Outcome":1,"ErrorMessage":null,"ErrorStackTrace":null,"DisplayName":"GetGoodsInStock_TryGetGoodsInStock","Messages":[],"ComputerName":"DESKTOP-035NLAM","Duration":"00:00:00.0637940","StartTime":"2023-01-09T23:38:44.9396219+00:00","EndTime":"2023-01-09T23:38:45.0034158+00:00","Properties":[{"Key":{"Id":"NUnit.Seed","Label":"Seed","Category":"","Description":"","Attributes":0,"ValueType":"System.String"},"Value":"964980159"}]},{"TestCase":{"Id":"6757730b-f029-2acf-597b-2c35ff5a19b5","FullyQualifiedName":"Tests.SellerServiceTest.AddGoods_TryAddGoodsToExistingGoods","DisplayName":"AddGoods_TryAddGoodsToExistingGoods","ExecutorUri":"executor://NUnit3TestExecutor","Source":"C:\\Users\\Dell\\OneDrive\\Рабочий стол\\Studying\\.NET\\l3\\Accountin-of-goods\\UnitOfWorkTest\\bin\\Debug\\net6.0\\fine-code-coverage\\build-output\\Tests.dll","CodeFilePath":null,"LineNumber":0,"Properties":[{"Key":{"Id":"NUnit.Seed","Label":"Seed","Category":"","Description":"","Attributes":0,"ValueType":"System.String"},"Value":"2009145630"}]},"Attachments":[],"Outcome":2,"ErrorMessage":"System.NotSupportedException : Specified method is not supported.","ErrorStackTrace":"   at Microsoft.EntityFrameworkCore.DbSet`1.System.Linq.IQueryable.get_Provider()\r\n   at Microsoft.EntityFrameworkCore.EntityFrameworkQueryableExtensions.AsNoTracking[TEntity](IQueryable`1 source)\r\n   at DAL.Repositories.GoodsRepository.Get(Int32 id) in C:\\Users\\Dell\\OneDrive\\Рабочий стол\\Studying\\.NET\\l3\\Accountin-of-goods\\DAL\\Repositories\\GoodsRepository.cs:line 27\r\n   at BLL.Servises.SellerServise.AddGoods(GoodsDTO goods, UInt32 count) in C:\\Users\\Dell\\OneDrive\\Рабочий стол\\Studying\\.NET\\l3\\Accountin-of-goods\\BLL\\Servises\\SellerServise.cs:line 32\r\n   at Tests.SellerServiceTest.AddGoods_TryAddGoodsToExistingGoods() in C:\\Users\\Dell\\OneDrive\\Рабочий стол\\Studying\\.NET\\l3\\Accountin-of-goods\\UnitOfWorkTest\\SellerServiceTest.cs:line 94","DisplayName":"AddGoods_TryAddGoodsToExistingGoods","Messages":[],"ComputerName":"DESKTOP-035NLAM","Duration":"00:00:00.0162030","StartTime":"2023-01-09T23:38:45.0337548+00:00","EndTime":"2023-01-09T23:38:45.049958+00:00","Properties":[{"Key":{"Id":"NUnit.Seed","Label":"Seed","Category":"","Description":"","Attributes":0,"ValueType":"System.String"},"Value":"2009145630"}]},{"TestCase":{"Id":"7df189b4-5da4-3a59-817d-4a432e3256db","FullyQualifiedName":"Tests.SellerServiceTest.AddGoods_TryAddGoodsToNotAvailableGoods","DisplayName":"AddGoods_TryAddGoodsToNotAvailableGoods","ExecutorUri":"executor://NUnit3TestExecutor","Source":"C:\\Users\\Dell\\OneDrive\\Рабочий стол\\Studying\\.NET\\l3\\Accountin-of-goods\\UnitOfWorkTest\\bin\\Debug\\net6.0\\fine-code-coverage\\build-output\\Tests.dll","CodeFilePath":null,"LineNumber":0,"Properties":[{"Key":{"Id":"NUnit.Seed","Label":"Seed","Category":"","Description":"","Attributes":0,"ValueType":"System.String"},"Value":"1427940258"}]},"Attachments":[],"Outcome":2,"ErrorMessage":"System.NotSupportedException : Specified method is not supported.","ErrorStackTrace":"   at Microsoft.EntityFrameworkCore.DbSet`1.System.Linq.IQueryable.get_Provider()\r\n   at Microsoft.EntityFrameworkCore.EntityFrameworkQueryableExtensions.AsNoTracking[TEntity](IQueryable`1 source)\r\n   at DAL.Repositories.GoodsRepository.Get(Int32 id) in C:\\Users\\Dell\\OneDrive\\Рабочий стол\\Studying\\.NET\\l3\\Accountin-of-goods\\DAL\\Repositories\\GoodsRepository.cs:line 27\r\n   at BLL.Servises.SellerServise.AddGoods(GoodsDTO goods, UInt32 count) in C:\\Users\\Dell\\OneDrive\\Рабочий стол\\Studying\\.NET\\l3\\Accountin-of-goods\\BLL\\Servises\\SellerServise.cs:line 32\r\n   at Tests.SellerServiceTest.AddGoods_TryAddGoodsToNotAvailableGoods() in C:\\Users\\Dell\\OneDrive\\Рабочий стол\\Studying\\.NET\\l3\\Accountin-of-goods\\UnitOfWorkTest\\SellerServiceTest.cs:line 178","DisplayName":"AddGoods_TryAddGoodsToNotAvailableGoods","Messages":[],"ComputerName":"DESKTOP-035NLAM","Duration":"00:00:00.0526410","StartTime":"2023-01-09T23:38:45.0565145+00:00","EndTime":"2023-01-09T23:38:45.109156+00:00","Properties":[{"Key":{"Id":"NUnit.Seed","Label":"Seed","Category":"","Description":"","Attributes":0,"ValueType":"System.String"},"Value":"1427940258"}]},{"TestCase":{"Id":"0597cef6-12f2-624e-81e6-4739fb327751","FullyQualifiedName":"Tests.SellerServiceTest.AddGoods_TryAddNotСreatedGoods","DisplayName":"AddGoods_TryAddNotСreatedGoods","ExecutorUri":"executor://NUnit3TestExecutor","Source":"C:\\Users\\Dell\\OneDrive\\Рабочий стол\\Studying\\.NET\\l3\\Accountin-of-goods\\UnitOfWorkTest\\bin\\Debug\\net6.0\\fine-code-coverage\\build-output\\Tests.dll","CodeFilePath":null,"LineNumber":0,"Properties":[{"Key":{"Id":"NUnit.Seed","Label":"Seed","Category":"","Description":"","Attributes":0,"ValueType":"System.String"},"Value":"488728303"}]},"Attachments":[],"Outcome":2,"ErrorMessage":"System.NotSupportedException : Specified method is not supported.","ErrorStackTrace":"   at Microsoft.EntityFrameworkCore.DbSet`1.System.Linq.IQueryable.get_Provider()\r\n   at Microsoft.EntityFrameworkCore.EntityFrameworkQueryableExtensions.AsNoTracking[TEntity](IQueryable`1 source)\r\n   at DAL.Repositories.GoodsRepository.Get(Int32 id) in C:\\Users\\Dell\\OneDrive\\Рабочий стол\\Studying\\.NET\\l3\\Accountin-of-goods\\DAL\\Repositories\\GoodsRepository.cs:line 27\r\n   at BLL.Servises.SellerServise.AddGoods(GoodsDTO goods, UInt32 count) in C:\\Users\\Dell\\OneDrive\\Рабочий стол\\Studying\\.NET\\l3\\Accountin-of-goods\\BLL\\Servises\\SellerServise.cs:line 32\r\n   at Tests.SellerServiceTest.AddGoods_TryAddNotСreatedGoods() in C:\\Users\\Dell\\OneDrive\\Рабочий стол\\Studying\\.NET\\l3\\Accountin-of-goods\\UnitOfWorkTest\\SellerServiceTest.cs:line 130","DisplayName":"AddGoods_TryAddNotСreatedGoods","Messages":[],"ComputerName":"DESKTOP-035NLAM","Duration":"00:00:00.0042310","StartTime":"2023-01-09T23:38:45.1193349+00:00","EndTime":"2023-01-09T23:38:45.123566+00:00","Properties":[{"Key":{"Id":"NUnit.Seed","Label":"Seed","Category":"","Description":"","Attributes":0,"ValueType":"System.String"},"Value":"488728303"}]},{"TestCase":{"Id":"e1f3803d-a3ca-0139-a990-b48acf42421b","FullyQualifiedName":"Tests.SellerServiceTest.AddGoods_TryAddNullGoods","DisplayName":"AddGoods_TryAddNullGoods","ExecutorUri":"executor://NUnit3TestExecutor","Source":"C:\\Users\\Dell\\OneDrive\\Рабочий стол\\Studying\\.NET\\l3\\Accountin-of-goods\\UnitOfWorkTest\\bin\\Debug\\net6.0\\fine-code-coverage\\build-output\\Tests.dll","CodeFilePath":null,"LineNumber":0,"Properties":[{"Key":{"Id":"NUnit.Seed","Label":"Seed","Category":"","Description":"","Attributes":0,"ValueType":"System.String"},"Value":"1237317092"}]},"Attachments":[],"Outcome":1,"ErrorMessage":null,"ErrorStackTrace":null,"DisplayName":"AddGoods_TryAddNullGoods","Messages":[],"ComputerName":"DESKTOP-035NLAM","Duration":"00:00:00.0082670","StartTime":"2023-01-09T23:38:45.1240071+00:00","EndTime":"2023-01-09T23:38:45.1322741+00:00","Properties":[{"Key":{"Id":"NUnit.Seed","Label":"Seed","Category":"","Description":"","Attributes":0,"ValueType":"System.String"},"Value":"1237317092"}]},{"TestCase":{"Id":"7b4759e3-c6ac-5178-e57a-d21aa05b1532","FullyQualifiedName":"Tests.SellerServiceTest.AddGoods_TryAddZeroGoods","DisplayName":"AddGoods_TryAddZeroGoods","ExecutorUri":"executor://NUnit3TestExecutor","Source":"C:\\Users\\Dell\\OneDrive\\Рабочий стол\\Studying\\.NET\\l3\\Accountin-of-goods\\UnitOfWorkTest\\bin\\Debug\\net6.0\\fine-code-coverage\\build-output\\Tests.dll","CodeFilePath":null,"LineNumber":0,"Properties":[{"Key":{"Id":"NUnit.Seed","Label":"Seed","Category":"","Description":"","Attributes":0,"ValueType":"System.String"},"Value":"1090903733"}]},"Attachments":[],"Outcome":2,"ErrorMessage":"System.NotSupportedException : Specified method is not supported.","ErrorStackTrace":"   at Microsoft.EntityFrameworkCore.DbSet`1.System.Linq.IQueryable.get_Provider()\r\n   at Microsoft.EntityFrameworkCore.EntityFrameworkQueryableExtensions.AsNoTracking[TEntity](IQueryable`1 source)\r\n   at DAL.Repositories.GoodsRepository.Get(Int32 id) in C:\\Users\\Dell\\OneDrive\\Рабочий стол\\Studying\\.NET\\l3\\Accountin-of-goods\\DAL\\Repositories\\GoodsRepository.cs:line 27\r\n   at BLL.Servises.SellerServise.AddGoods(GoodsDTO goods, UInt32 count) in C:\\Users\\Dell\\OneDrive\\Рабочий стол\\Studying\\.NET\\l3\\Accountin-of-goods\\BLL\\Servises\\SellerServise.cs:line 32\r\n   at Tests.SellerServiceTest.AddGoods_TryAddZeroGoods() in C:\\Users\\Dell\\OneDrive\\Рабочий стол\\Studying\\.NET\\l3\\Accountin-of-goods\\UnitOfWorkTest\\SellerServiceTest.cs:line 150","DisplayName":"AddGoods_TryAddZeroGoods","Messages":[],"ComputerName":"DESKTOP-035NLAM","Duration":"00:00:00.0051690","StartTime":"2023-01-09T23:38:45.1348153+00:00","EndTime":"2023-01-09T23:38:45.1399844+00:00","Properties":[{"Key":{"Id":"NUnit.Seed","Label":"Seed","Category":"","Description":"","Attributes":0,"ValueType":"System.String"},"Value":"1090903733"}]},{"TestCase":{"Id":"31796576-e7ff-ded9-89d9-3f2b4e19852f","FullyQualifiedName":"Tests.SellerServiceTest.BringGoodsFromQueueForPurchase_","DisplayName":"BringGoodsFromQueueForPurchase_","ExecutorUri":"executor://NUnit3TestExecutor","Source":"C:\\Users\\Dell\\OneDrive\\Рабочий стол\\Studying\\.NET\\l3\\Accountin-of-goods\\UnitOfWorkTest\\bin\\Debug\\net6.0\\fine-code-coverage\\build-output\\Tests.dll","CodeFilePath":null,"LineNumber":0,"Properties":[{"Key":{"Id":"NUnit.Seed","Label":"Seed","Category":"","Description":"","Attributes":0,"ValueType":"System.String"},"Value":"1458544902"}]},"Attachments":[],"Outcome":2,"ErrorMessage":"System.NullReferenceException : Object reference not set to an instance of an object.","ErrorStackTrace":"   at System.Linq.Queryable.Where[TSource](IQueryable`1 source, Expression`1 predicate)\r\n   at DAL.Repositories.GoodsInStockRepository.Find(Expression`1 predicate) in C:\\Users\\Dell\\OneDrive\\Рабочий стол\\Studying\\.NET\\l3\\Accountin-of-goods\\DAL\\Repositories\\GoodsInStockRepository.cs:line 14\r\n   at BLL.Servises.SellerServise.BringGoodsFromQueueForPurchase(QueueForPurchaseDTO queueForPurchase) in C:\\Users\\Dell\\OneDrive\\Рабочий стол\\Studying\\.NET\\l3\\Accountin-of-goods\\BLL\\Servises\\SellerServise.cs:line 278\r\n   at Tests.SellerServiceTest.BringGoodsFromQueueForPurchase_() in C:\\Users\\Dell\\OneDrive\\Рабочий стол\\Studying\\.NET\\l3\\Accountin-of-goods\\UnitOfWorkTest\\SellerServiceTest.cs:line 496","DisplayName":"BringGoodsFromQueueForPurchase_","Messages":[],"ComputerName":"DESKTOP-035NLAM","Duration":"00:00:00.1111180","StartTime":"2023-01-09T23:38:45.140137+00:00","EndTime":"2023-01-09T23:38:45.2512542+00:00","Properties":[{"Key":{"Id":"NUnit.Seed","Label":"Seed","Category":"","Description":"","Attributes":0,"ValueType":"System.String"},"Value":"1458544902"}]},{"TestCase":{"Id":"373221dc-89d0-bf06-6c1b-51c872717218","FullyQualifiedName":"Tests.SellerServiceTest.CreatAccount_TryCreatNewAccount_MethodAddFromMockOfUserCalledOnce","DisplayName":"CreatAccount_TryCreatNewAccount_MethodAddFromMockOfUserCalledOnce","ExecutorUri":"executor://NUnit3TestExecutor","Source":"C:\\Users\\Dell\\OneDrive\\Рабочий стол\\Studying\\.NET\\l3\\Accountin-of-goods\\UnitOfWorkTest\\bin\\Debug\\net6.0\\fine-code-coverage\\build-output\\Tests.dll","CodeFilePath":null,"LineNumber":0,"Properties":[{"Key":{"Id":"NUnit.Seed","Label":"Seed","Category":"","Description":"","Attributes":0,"ValueType":"System.String"},"Value":"774625294"}]},"Attachments":[],"Outcome":2,"ErrorMessage":"System.NullReferenceException : Object reference not set to an instance of an object.","ErrorStackTrace":"   at System.Linq.Queryable.Where[TSource](IQueryable`1 source, Expression`1 predicate)\r\n   at DAL.Repositories.UserRepository.Find(Expression`1 predicate) in C:\\Users\\Dell\\OneDrive\\Рабочий стол\\Studying\\.NET\\l3\\Accountin-of-goods\\DAL\\Repositories\\UserRepository.cs:line 14\r\n   at BLL.Servises.SellerServise.CreatAccount(UserDTO seller) in C:\\Users\\Dell\\OneDrive\\Рабочий стол\\Studying\\.NET\\l3\\Accountin-of-goods\\BLL\\Servises\\SellerServise.cs:line 207\r\n   at Tests.SellerServiceTest.CreatAccount_TryCreatNewAccount_MethodAddFromMockOfUserCalledOnce() in C:\\Users\\Dell\\OneDrive\\Рабочий стол\\Studying\\.NET\\l3\\Accountin-of-goods\\UnitOfWorkTest\\SellerServiceTest.cs:line 342","DisplayName":"CreatAccount_TryCreatNewAccount_MethodAddFromMockOfUserCalledOnce","Messages":[],"ComputerName":"DESKTOP-035NLAM","Duration":"00:00:00.0091900","StartTime":"2023-01-09T23:38:45.2557358+00:00","EndTime":"2023-01-09T23:38:45.2649255+00:00","Properties":[{"Key":{"Id":"NUnit.Seed","Label":"Seed","Category":"","Description":"","Attributes":0,"ValueType":"System.String"},"Value":"774625294"}]},{"TestCase":{"Id":"97c39656-a2dc-a7b9-7ffd-411f2b4749d2","FullyQualifiedName":"Tests.SellerServiceTest.CreateGoods_TryCreatNewGoods_MethodAddFromMockOfApplicationContextForGoodsCalledOnce","DisplayName":"CreateGoods_TryCreatNewGoods_MethodAddFromMockOfApplicationContextForGoodsCalledOnce","ExecutorUri":"executor://NUnit3TestExecutor","Source":"C:\\Users\\Dell\\OneDrive\\Рабочий стол\\Studying\\.NET\\l3\\Accountin-of-goods\\UnitOfWorkTest\\bin\\Debug\\net6.0\\fine-code-coverage\\build-output\\Tests.dll","CodeFilePath":null,"LineNumber":0,"Properties":[{"Key":{"Id":"NUnit.Seed","Label":"Seed","Category":"","Description":"","Attributes":0,"ValueType":"System.String"},"Value":"2055898133"}]},"Attachments":[],"Outcome":1,"ErrorMessage":null,"ErrorStackTrace":null,"DisplayName":"CreateGoods_TryCreatNewGoods_MethodAddFromMockOfApplicationContextForGoodsCalledOnce","Messages":[],"ComputerName":"DESKTOP-035NLAM","Duration":"00:00:00.0056980","StartTime":"2023-01-09T23:38:45.2700843+00:00","EndTime":"2023-01-09T23:38:45.2757824+00:00","Properties":[{"Key":{"Id":"NUnit.Seed","Label":"Seed","Category":"","Description":"","Attributes":0,"ValueType":"System.String"},"Value":"2055898133"}]}],"TestRunStatistics":{"ExecutedTests":18,"Stats":{"Failed":10,"Passed":8}},"ActiveTests":[{"Id":"4459bae5-9cee-40f0-7498-176048b116c0","FullyQualifiedName":"Tests.SellerServiceTest.GetAccount_TryGetAccount_MethodAddFromMockOfUserCalledOnce","DisplayName":"GetAccount_TryGetAccount_MethodAddFromMockOfUserCalledOnce","ExecutorUri":"executor://NUnit3TestExecutor","Source":"C:\\Users\\Dell\\OneDrive\\Рабочий стол\\Studying\\.NET\\l3\\Accountin-of-goods\\UnitOfWorkTest\\bin\\Debug\\net6.0\\fine-code-coverage\\build-output\\Tests.dll","CodeFilePath":null,"LineNumber":0,"Properties":[{"Key":{"Id":"NUnit.Seed","Label":"Seed","Category":"","Description":"","Attributes":0,"ValueType":"System.String"},"Value":"1926854711"}]}]}}
TpTrace Verbose: 0 : 11648, 10, 2023/01/10, 01:38:45.288, 14991363922883, vstest.console.dll, TestRunRequest:SendTestRunStatsChange: Starting.
TpTrace Verbose: 0 : 11648, 10, 2023/01/10, 01:38:45.288, 14991363924063, vstest.console.dll, InProgress is GetAccount_TryGetAccount_MethodAddFromMockOfUserCalledOnce
TpTrace Verbose: 0 : 11648, 10, 2023/01/10, 01:38:45.288, 14991363925814, vstest.console.dll, MulticastDelegateUtilities.SafeInvoke: TestRun.RunStatsChanged: Invoking callbacks was skipped because there are no subscribers.
TpTrace Verbose: 0 : 11648, 4, 2023/01/10, 01:38:45.289, 14991363926572, vstest.console.dll, MulticastDelegateUtilities.SafeInvoke: InternalTestLoggerEvents.SendTestResult: Invoking callback 1/1 for Microsoft.VisualStudio.TestPlatform.CommandLine.Internal.ConsoleLogger.TestResultHandler, took 0 ms.
TpTrace Information: 0 : 11648, 10, 2023/01/10, 01:38:45.289, 14991363926692, vstest.console.dll, TestRunRequest:SendTestRunStatsChange: Completed.
TpTrace Verbose: 0 : 11648, 10, 2023/01/10, 01:38:45.289, 14991363928486, vstest.console.dll, MulticastDelegateUtilities.SafeInvoke: LengthPrefixCommunicationChannel: MessageReceived: Invoking callback 1/1 for Microsoft.VisualStudio.TestPlatform.CommunicationUtilities.TestRequestSender+<>c__DisplayClass30_0.<StartTestRun>b__1, took 6 ms.
TpTrace Verbose: 0 : 11648, 10, 2023/01/10, 01:38:45.289, 14991363929354, vstest.console.dll, TcpClientExtensions.MessageLoopAsync: Polling on remoteEndPoint: 127.0.0.1:64482 localEndPoint: 127.0.0.1:64481
TpTrace Verbose: 0 : 11648, 4, 2023/01/10, 01:38:45.289, 14991363935604, vstest.console.dll, MulticastDelegateUtilities.SafeInvoke: InternalTestLoggerEvents.SendTestResult: Invoking callback 1/1 for Microsoft.VisualStudio.TestPlatform.CommandLine.Internal.ConsoleLogger.TestResultHandler, took 0 ms.
TpTrace Verbose: 0 : 11648, 4, 2023/01/10, 01:38:45.290, 14991363940748, vstest.console.dll, MulticastDelegateUtilities.SafeInvoke: InternalTestLoggerEvents.SendTestResult: Invoking callback 1/1 for Microsoft.VisualStudio.TestPlatform.CommandLine.Internal.ConsoleLogger.TestResultHandler, took 0 ms.
TpTrace Verbose: 0 : 11648, 4, 2023/01/10, 01:38:45.290, 14991363945815, vstest.console.dll, MulticastDelegateUtilities.SafeInvoke: InternalTestLoggerEvents.SendTestResult: Invoking callback 1/1 for Microsoft.VisualStudio.TestPlatform.CommandLine.Internal.ConsoleLogger.TestResultHandler, took 0 ms.
TpTrace Verbose: 0 : 11648, 4, 2023/01/10, 01:38:45.291, 14991363947447, vstest.console.dll, MulticastDelegateUtilities.SafeInvoke: InternalTestLoggerEvents.SendTestResult: Invoking callback 1/1 for Microsoft.VisualStudio.TestPlatform.CommandLine.Internal.ConsoleLogger.TestResultHandler, took 0 ms.
TpTrace Verbose: 0 : 11648, 4, 2023/01/10, 01:38:45.291, 14991363952153, vstest.console.dll, MulticastDelegateUtilities.SafeInvoke: InternalTestLoggerEvents.SendTestResult: Invoking callback 1/1 for Microsoft.VisualStudio.TestPlatform.CommandLine.Internal.ConsoleLogger.TestResultHandler, took 0 ms.
TpTrace Verbose: 0 : 11648, 4, 2023/01/10, 01:38:45.292, 14991363958603, vstest.console.dll, MulticastDelegateUtilities.SafeInvoke: InternalTestLoggerEvents.SendTestResult: Invoking callback 1/1 for Microsoft.VisualStudio.TestPlatform.CommandLine.Internal.ConsoleLogger.TestResultHandler, took 0 ms.
TpTrace Verbose: 0 : 11648, 4, 2023/01/10, 01:38:45.293, 14991363968911, vstest.console.dll, MulticastDelegateUtilities.SafeInvoke: InternalTestLoggerEvents.SendTestResult: Invoking callback 1/1 for Microsoft.VisualStudio.TestPlatform.CommandLine.Internal.ConsoleLogger.TestResultHandler, took 0 ms.
TpTrace Verbose: 0 : 11648, 4, 2023/01/10, 01:38:45.293, 14991363973469, vstest.console.dll, MulticastDelegateUtilities.SafeInvoke: InternalTestLoggerEvents.SendTestResult: Invoking callback 1/1 for Microsoft.VisualStudio.TestPlatform.CommandLine.Internal.ConsoleLogger.TestResultHandler, took 0 ms.
TpTrace Verbose: 0 : 11648, 10, 2023/01/10, 01:38:45.554, 14991366586028, vstest.console.dll, TcpClientExtensions.MessageLoopAsync: NotifyDataAvailable remoteEndPoint: 127.0.0.1:64482 localEndPoint: 127.0.0.1:64481
TpTrace Verbose: 0 : 11648, 10, 2023/01/10, 01:38:45.555, 14991366591674, vstest.console.dll, TestRequestSender.OnExecutionMessageReceived: Received message: {"Version":5,"MessageType":"TestExecution.StatsChange","Payload":{"NewTestResults":[{"TestCase":{"Id":"4459bae5-9cee-40f0-7498-176048b116c0","FullyQualifiedName":"Tests.SellerServiceTest.GetAccount_TryGetAccount_MethodAddFromMockOfUserCalledOnce","DisplayName":"GetAccount_TryGetAccount_MethodAddFromMockOfUserCalledOnce","ExecutorUri":"executor://NUnit3TestExecutor","Source":"C:\\Users\\Dell\\OneDrive\\Рабочий стол\\Studying\\.NET\\l3\\Accountin-of-goods\\UnitOfWorkTest\\bin\\Debug\\net6.0\\fine-code-coverage\\build-output\\Tests.dll","CodeFilePath":null,"LineNumber":0,"Properties":[{"Key":{"Id":"NUnit.Seed","Label":"Seed","Category":"","Description":"","Attributes":0,"ValueType":"System.String"},"Value":"1926854711"}]},"Attachments":[],"Outcome":2,"ErrorMessage":"System.NullReferenceException : Object reference not set to an instance of an object.","ErrorStackTrace":"   at System.Linq.Queryable.Where[TSource](IQueryable`1 source, Expression`1 predicate)\r\n   at DAL.Repositories.UserRepository.Find(Expression`1 predicate) in C:\\Users\\Dell\\OneDrive\\Рабочий стол\\Studying\\.NET\\l3\\Accountin-of-goods\\DAL\\Repositories\\UserRepository.cs:line 14\r\n   at BLL.Servises.SellerServise.GetAccount(Int32 phoneNumber) in C:\\Users\\Dell\\OneDrive\\Рабочий стол\\Studying\\.NET\\l3\\Accountin-of-goods\\BLL\\Servises\\SellerServise.cs:line 227\r\n   at Tests.SellerServiceTest.GetAccount_TryGetAccount_MethodAddFromMockOfUserCalledOnce() in C:\\Users\\Dell\\OneDrive\\Рабочий стол\\Studying\\.NET\\l3\\Accountin-of-goods\\UnitOfWorkTest\\SellerServiceTest.cs:line 374","DisplayName":"GetAccount_TryGetAccount_MethodAddFromMockOfUserCalledOnce","Messages":[],"ComputerName":"DESKTOP-035NLAM","Duration":"00:00:00.0059109","StartTime":"2023-01-09T23:38:45.2816135+00:00","EndTime":"2023-01-09T23:38:45.2875247+00:00","Properties":[{"Key":{"Id":"NUnit.Seed","Label":"Seed","Category":"","Description":"","Attributes":0,"ValueType":"System.String"},"Value":"1926854711"}]},{"TestCase":{"Id":"d07052d8-789c-bd97-2b4d-9534aed45004","FullyQualifiedName":"Tests.SellerServiceTest.GetAllGoods_TryGetAllGoods","DisplayName":"GetAllGoods_TryGetAllGoods","ExecutorUri":"executor://NUnit3TestExecutor","Source":"C:\\Users\\Dell\\OneDrive\\Рабочий стол\\Studying\\.NET\\l3\\Accountin-of-goods\\UnitOfWorkTest\\bin\\Debug\\net6.0\\fine-code-coverage\\build-output\\Tests.dll","CodeFilePath":null,"LineNumber":0,"Properties":[{"Key":{"Id":"NUnit.Seed","Label":"Seed","Category":"","Description":"","Attributes":0,"ValueType":"System.String"},"Value":"274444182"}]},"Attachments":[],"Outcome":1,"ErrorMessage":null,"ErrorStackTrace":null,"DisplayName":"GetAllGoods_TryGetAllGoods","Messages":[],"ComputerName":"DESKTOP-035NLAM","Duration":"00:00:00.0063410","StartTime":"2023-01-09T23:38:45.2958721+00:00","EndTime":"2023-01-09T23:38:45.3022137+00:00","Properties":[{"Key":{"Id":"NUnit.Seed","Label":"Seed","Category":"","Description":"","Attributes":0,"ValueType":"System.String"},"Value":"274444182"}]},{"TestCase":{"Id":"eac0fe57-5c4f-a6e6-3db4-cf4784487e24","FullyQualifiedName":"Tests.SellerServiceTest.GetCurrentGoods_TryGetGoodsById_GotGoodsWithSetId","DisplayName":"GetCurrentGoods_TryGetGoodsById_GotGoodsWithSetId","ExecutorUri":"executor://NUnit3TestExecutor","Source":"C:\\Users\\Dell\\OneDrive\\Рабочий стол\\Studying\\.NET\\l3\\Accountin-of-goods\\UnitOfWorkTest\\bin\\Debug\\net6.0\\fine-code-coverage\\build-output\\Tests.dll","CodeFilePath":null,"LineNumber":0,"Properties":[{"Key":{"Id":"NUnit.Seed","Label":"Seed","Category":"","Description":"","Attributes":0,"ValueType":"System.String"},"Value":"409369686"}]},"Attachments":[],"Outcome":2,"ErrorMessage":"System.NullReferenceException : Object reference not set to an instance of an object.","ErrorStackTrace":"   at System.Linq.Queryable.FirstOrDefault[TSource](IQueryable`1 source, Expression`1 predicate)\r\n   at DAL.Repositories.GoodsRepository.Get(Int32 id) in C:\\Users\\Dell\\OneDrive\\Рабочий стол\\Studying\\.NET\\l3\\Accountin-of-goods\\DAL\\Repositories\\GoodsRepository.cs:line 27\r\n   at BLL.Servises.SellerServise.GetCurrentGoods(Int32 id) in C:\\Users\\Dell\\OneDrive\\Рабочий стол\\Studying\\.NET\\l3\\Accountin-of-goods\\BLL\\Servises\\SellerServise.cs:line 89\r\n   at Tests.SellerServiceTest.GetCurrentGoods_TryGetGoodsById_GotGoodsWithSetId() in C:\\Users\\Dell\\OneDrive\\Рабочий стол\\Studying\\.NET\\l3\\Accountin-of-goods\\UnitOfWorkTest\\SellerServiceTest.cs:line 201","DisplayName":"GetCurrentGoods_TryGetGoodsById_GotGoodsWithSetId","Messages":[],"ComputerName":"DESKTOP-035NLAM","Duration":"00:00:00.0057330","StartTime":"2023-01-09T23:38:45.3151751+00:00","EndTime":"2023-01-09T23:38:45.3209087+00:00","Properties":[{"Key":{"Id":"NUnit.Seed","Label":"Seed","Category":"","Description":"","Attributes":0,"ValueType":"System.String"},"Value":"409369686"}]},{"TestCase":{"Id":"8239220d-e439-9ed9-7136-d0066b813cab","FullyQualifiedName":"Tests.SellerServiceTest.GetCurrentGoods_TryGetMissingGoods_InvokedGoodsNullEvent","DisplayName":"GetCurrentGoods_TryGetMissingGoods_InvokedGoodsNullEvent","ExecutorUri":"executor://NUnit3TestExecutor","Source":"C:\\Users\\Dell\\OneDrive\\Рабочий стол\\Studying\\.NET\\l3\\Accountin-of-goods\\UnitOfWorkTest\\bin\\Debug\\net6.0\\fine-code-coverage\\build-output\\Tests.dll","CodeFilePath":null,"LineNumber":0,"Properties":[{"Key":{"Id":"NUnit.Seed","Label":"Seed","Category":"","Description":"","Attributes":0,"ValueType":"System.String"},"Value":"1968992912"}]},"Attachments":[],"Outcome":2,"ErrorMessage":"System.NotSupportedException : Specified method is not supported.","ErrorStackTrace":"   at Microsoft.EntityFrameworkCore.DbSet`1.System.Linq.IQueryable.get_Provider()\r\n   at Microsoft.EntityFrameworkCore.EntityFrameworkQueryableExtensions.AsNoTracking[TEntity](IQueryable`1 source)\r\n   at DAL.Repositories.GoodsRepository.Get(Int32 id) in C:\\Users\\Dell\\OneDrive\\Рабочий стол\\Studying\\.NET\\l3\\Accountin-of-goods\\DAL\\Repositories\\GoodsRepository.cs:line 27\r\n   at BLL.Servises.SellerServise.GetCurrentGoods(Int32 id) in C:\\Users\\Dell\\OneDrive\\Рабочий стол\\Studying\\.NET\\l3\\Accountin-of-goods\\BLL\\Servises\\SellerServise.cs:line 89\r\n   at Tests.SellerServiceTest.GetCurrentGoods_TryGetMissingGoods_InvokedGoodsNullEvent() in C:\\Users\\Dell\\OneDrive\\Рабочий стол\\Studying\\.NET\\l3\\Accountin-of-goods\\UnitOfWorkTest\\SellerServiceTest.cs:line 214","DisplayName":"GetCurrentGoods_TryGetMissingGoods_InvokedGoodsNullEvent","Messages":[],"ComputerName":"DESKTOP-035NLAM","Duration":"00:00:00.0031939","StartTime":"2023-01-09T23:38:45.3350729+00:00","EndTime":"2023-01-09T23:38:45.3382673+00:00","Properties":[{"Key":{"Id":"NUnit.Seed","Label":"Seed","Category":"","Description":"","Attributes":0,"ValueType":"System.String"},"Value":"1968992912"}]},{"TestCase":{"Id":"774d7ee0-80b5-20f3-4a74-3fb4f7fdadfa","FullyQualifiedName":"Tests.SellerServiceTest.GetCurrentOrderList_TryGetMissingOrderList_InvokedOrderListNullEvent","DisplayName":"GetCurrentOrderList_TryGetMissingOrderList_InvokedOrderListNullEvent","ExecutorUri":"executor://NUnit3TestExecutor","Source":"C:\\Users\\Dell\\OneDrive\\Рабочий стол\\Studying\\.NET\\l3\\Accountin-of-goods\\UnitOfWorkTest\\bin\\Debug\\net6.0\\fine-code-coverage\\build-output\\Tests.dll","CodeFilePath":null,"LineNumber":0,"Properties":[{"Key":{"Id":"NUnit.Seed","Label":"Seed","Category":"","Description":"","Attributes":0,"ValueType":"System.String"},"Value":"436225797"}]},"Attachments":[],"Outcome":1,"ErrorMessage":null,"ErrorStackTrace":null,"DisplayName":"GetCurrentOrderList_TryGetMissingOrderList_InvokedOrderListNullEvent","Messages":[],"ComputerName":"DESKTOP-035NLAM","Duration":"00:00:00.0501720","StartTime":"2023-01-09T23:38:45.3507644+00:00","EndTime":"2023-01-09T23:38:45.4009372+00:00","Properties":[{"Key":{"Id":"NUnit.Seed","Label":"Seed","Category":"","Description":"","Attributes":0,"ValueType":"System.String"},"Value":"436225797"}]},{"TestCase":{"Id":"1f8986db-0bc6-b17a-bef9-f49804dc1362","FullyQualifiedName":"Tests.SellerServiceTest.GetCurrentOrderList_TryGetOrderListById_GotOrderListWithSetId","DisplayName":"GetCurrentOrderList_TryGetOrderListById_GotOrderListWithSetId","ExecutorUri":"executor://NUnit3TestExecutor","Source":"C:\\Users\\Dell\\OneDrive\\Рабочий стол\\Studying\\.NET\\l3\\Accountin-of-goods\\UnitOfWorkTest\\bin\\Debug\\net6.0\\fine-code-coverage\\build-output\\Tests.dll","CodeFilePath":null,"LineNumber":0,"Properties":[{"Key":{"Id":"NUnit.Seed","Label":"Seed","Category":"","Description":"","Attributes":0,"ValueType":"System.String"},"Value":"284069965"}]},"Attachments":[],"Outcome":1,"ErrorMessage":null,"ErrorStackTrace":null,"DisplayName":"GetCurrentOrderList_TryGetOrderListById_GotOrderListWithSetId","Messages":[],"ComputerName":"DESKTOP-035NLAM","Duration":"00:00:00.0506820","StartTime":"2023-01-09T23:38:45.4054761+00:00","EndTime":"2023-01-09T23:38:45.4561597+00:00","Properties":[{"Key":{"Id":"NUnit.Seed","Label":"Seed","Category":"","Description":"","Attributes":0,"ValueType":"System.String"},"Value":"284069965"}]},{"TestCase":{"Id":"f76d0b0f-0bfe-4d25-2362-ace9144b4daf","FullyQualifiedName":"Tests.SellerServiceTest.GetGoodsInStock_TryGetGoodsInStock","DisplayName":"GetGoodsInStock_TryGetGoodsInStock","ExecutorUri":"executor://NUnit3TestExecutor","Source":"C:\\Users\\Dell\\OneDrive\\Рабочий стол\\Studying\\.NET\\l3\\Accountin-of-goods\\UnitOfWorkTest\\bin\\Debug\\net6.0\\fine-code-coverage\\build-output\\Tests.dll","CodeFilePath":null,"LineNumber":0,"Properties":[{"Key":{"Id":"NUnit.Seed","Label":"Seed","Category":"","Description":"","Attributes":0,"ValueType":"System.String"},"Value":"1966716999"}]},"Attachments":[],"Outcome":1,"ErrorMessage":null,"ErrorStackTrace":null,"DisplayName":"GetGoodsInStock_TryGetGoodsInStock","Messages":[],"ComputerName":"DESKTOP-035NLAM","Duration":"00:00:00.0044740","StartTime":"2023-01-09T23:38:45.4638947+00:00","EndTime":"2023-01-09T23:38:45.4683689+00:00","Properties":[{"Key":{"Id":"NUnit.Seed","Label":"Seed","Category":"","Description":"","Attributes":0,"ValueType":"System.String"},"Value":"1966716999"}]},{"TestCase":{"Id":"7abe7614-918d-ff94-f9f3-d603bd976b47","FullyQualifiedName":"Tests.SellerServiceTest.GetOrderLists_TryGetOrderLists","DisplayName":"GetOrderLists_TryGetOrderLists","ExecutorUri":"executor://NUnit3TestExecutor","Source":"C:\\Users\\Dell\\OneDrive\\Рабочий стол\\Studying\\.NET\\l3\\Accountin-of-goods\\UnitOfWorkTest\\bin\\Debug\\net6.0\\fine-code-coverage\\build-output\\Tests.dll","CodeFilePath":null,"LineNumber":0,"Properties":[{"Key":{"Id":"NUnit.Seed","Label":"Seed","Category":"","Description":"","Attributes":0,"ValueType":"System.String"},"Value":"357432785"}]},"Attachments":[],"Outcome":1,"ErrorMessage":null,"ErrorStackTrace":null,"DisplayName":"GetOrderLists_TryGetOrderLists","Messages":[],"ComputerName":"DESKTOP-035NLAM","Duration":"00:00:00.0230780","StartTime":"2023-01-09T23:38:45.4740326+00:00","EndTime":"2023-01-09T23:38:45.4971113+00:00","Properties":[{"Key":{"Id":"NUnit.Seed","Label":"Seed","Category":"","Description":"","Attributes":0,"ValueType":"System.String"},"Value":"357432785"}]},{"TestCase":{"Id":"b80b4e22-1a0e-cde2-c0c4-5a9283583f8a","FullyQualifiedName":"Tests.SellerServiceTest.GetOrders_TryModelGetingAllElementFromDbWithUsingList_GetListWithThirdElement","DisplayName":"GetOrders_TryModelGetingAllElementFromDbWithUsingList_GetListWithThirdElement","ExecutorUri":"executor://NUnit3TestExecutor","Source":"C:\\Users\\Dell\\OneDrive\\Рабочий стол\\Studying\\.NET\\l3\\Accountin-of-goods\\UnitOfWorkTest\\bin\\Debug\\net6.0\\fine-code-coverage\\build-output\\Tests.dll","CodeFilePath":null,"LineNumber":0,"Properties":[{"Key":{"Id":"NUnit.Seed","Label":"Seed","Category":"","Description":"","Attributes":0,"ValueType":"System.String"},"Value":"268794020"}]},"Attachments":[],"Outcome":1,"ErrorMessage":null,"ErrorStackTrace":null,"DisplayName":"GetOrders_TryModelGetingAllElementFromDbWithUsingList_GetListWithThirdElement","Messages":[],"ComputerName":"DESKTOP-035NLAM","Duration":"00:00:00.0465070","StartTime":"2023-01-09T23:38:45.5039426+00:00","EndTime":"2023-01-09T23:38:45.5504501+00:00","Properties":[{"Key":{"Id":"NUnit.Seed","Label":"Seed","Category":"","Description":"","Attributes":0,"ValueType":"System.String"},"Value":"268794020"}]}],"TestRunStatistics":{"ExecutedTests":27,"Stats":{"Failed":13,"Passed":14}},"ActiveTests":[{"Id":"100ac1d9-466b-ccd5-d227-c6ef9bbd6831","FullyQualifiedName":"Tests.SellerServiceTest.GetQueueForPurchase_TryGetAllQueueForPurchase","DisplayName":"GetQueueForPurchase_TryGetAllQueueForPurchase","ExecutorUri":"executor://NUnit3TestExecutor","Source":"C:\\Users\\Dell\\OneDrive\\Рабочий стол\\Studying\\.NET\\l3\\Accountin-of-goods\\UnitOfWorkTest\\bin\\Debug\\net6.0\\fine-code-coverage\\build-output\\Tests.dll","CodeFilePath":null,"LineNumber":0,"Properties":[{"Key":{"Id":"NUnit.Seed","Label":"Seed","Category":"","Description":"","Attributes":0,"ValueType":"System.String"},"Value":"1409200111"}]}]}}
TpTrace Verbose: 0 : 11648, 10, 2023/01/10, 01:38:45.563, 14991366669357, vstest.console.dll, TestRunRequest:SendTestRunStatsChange: Starting.
TpTrace Verbose: 0 : 11648, 10, 2023/01/10, 01:38:45.563, 14991366670463, vstest.console.dll, InProgress is GetQueueForPurchase_TryGetAllQueueForPurchase
TpTrace Verbose: 0 : 11648, 10, 2023/01/10, 01:38:45.563, 14991366671664, vstest.console.dll, MulticastDelegateUtilities.SafeInvoke: TestRun.RunStatsChanged: Invoking callbacks was skipped because there are no subscribers.
TpTrace Information: 0 : 11648, 10, 2023/01/10, 01:38:45.563, 14991366672283, vstest.console.dll, TestRunRequest:SendTestRunStatsChange: Completed.
TpTrace Verbose: 0 : 11648, 10, 2023/01/10, 01:38:45.563, 14991366672844, vstest.console.dll, MulticastDelegateUtilities.SafeInvoke: LengthPrefixCommunicationChannel: MessageReceived: Invoking callback 1/1 for Microsoft.VisualStudio.TestPlatform.CommunicationUtilities.TestRequestSender+<>c__DisplayClass30_0.<StartTestRun>b__1, took 8 ms.
TpTrace Verbose: 0 : 11648, 10, 2023/01/10, 01:38:45.563, 14991366673387, vstest.console.dll, TcpClientExtensions.MessageLoopAsync: Polling on remoteEndPoint: 127.0.0.1:64482 localEndPoint: 127.0.0.1:64481
TpTrace Verbose: 0 : 11648, 4, 2023/01/10, 01:38:45.564, 14991366676794, vstest.console.dll, MulticastDelegateUtilities.SafeInvoke: InternalTestLoggerEvents.SendTestResult: Invoking callback 1/1 for Microsoft.VisualStudio.TestPlatform.CommandLine.Internal.ConsoleLogger.TestResultHandler, took 0 ms.
TpTrace Verbose: 0 : 11648, 4, 2023/01/10, 01:38:45.564, 14991366678284, vstest.console.dll, MulticastDelegateUtilities.SafeInvoke: InternalTestLoggerEvents.SendTestResult: Invoking callback 1/1 for Microsoft.VisualStudio.TestPlatform.CommandLine.Internal.ConsoleLogger.TestResultHandler, took 0 ms.
TpTrace Verbose: 0 : 11648, 4, 2023/01/10, 01:38:45.564, 14991366682413, vstest.console.dll, MulticastDelegateUtilities.SafeInvoke: InternalTestLoggerEvents.SendTestResult: Invoking callback 1/1 for Microsoft.VisualStudio.TestPlatform.CommandLine.Internal.ConsoleLogger.TestResultHandler, took 0 ms.
TpTrace Verbose: 0 : 11648, 4, 2023/01/10, 01:38:45.565, 14991366689065, vstest.console.dll, MulticastDelegateUtilities.SafeInvoke: InternalTestLoggerEvents.SendTestResult: Invoking callback 1/1 for Microsoft.VisualStudio.TestPlatform.CommandLine.Internal.ConsoleLogger.TestResultHandler, took 0 ms.
TpTrace Verbose: 0 : 11648, 4, 2023/01/10, 01:38:45.565, 14991366690727, vstest.console.dll, MulticastDelegateUtilities.SafeInvoke: InternalTestLoggerEvents.SendTestResult: Invoking callback 1/1 for Microsoft.VisualStudio.TestPlatform.CommandLine.Internal.ConsoleLogger.TestResultHandler, took 0 ms.
TpTrace Verbose: 0 : 11648, 4, 2023/01/10, 01:38:45.565, 14991366691741, vstest.console.dll, MulticastDelegateUtilities.SafeInvoke: InternalTestLoggerEvents.SendTestResult: Invoking callback 1/1 for Microsoft.VisualStudio.TestPlatform.CommandLine.Internal.ConsoleLogger.TestResultHandler, took 0 ms.
TpTrace Verbose: 0 : 11648, 4, 2023/01/10, 01:38:45.565, 14991366692795, vstest.console.dll, MulticastDelegateUtilities.SafeInvoke: InternalTestLoggerEvents.SendTestResult: Invoking callback 1/1 for Microsoft.VisualStudio.TestPlatform.CommandLine.Internal.ConsoleLogger.TestResultHandler, took 0 ms.
TpTrace Verbose: 0 : 11648, 4, 2023/01/10, 01:38:45.569, 14991366733328, vstest.console.dll, MulticastDelegateUtilities.SafeInvoke: InternalTestLoggerEvents.SendTestResult: Invoking callback 1/1 for Microsoft.VisualStudio.TestPlatform.CommandLine.Internal.ConsoleLogger.TestResultHandler, took 3 ms.
TpTrace Verbose: 0 : 11648, 4, 2023/01/10, 01:38:45.569, 14991366735235, vstest.console.dll, MulticastDelegateUtilities.SafeInvoke: InternalTestLoggerEvents.SendTestResult: Invoking callback 1/1 for Microsoft.VisualStudio.TestPlatform.CommandLine.Internal.ConsoleLogger.TestResultHandler, took 0 ms.
TpTrace Verbose: 0 : 11648, 10, 2023/01/10, 01:38:45.693, 14991367968578, vstest.console.dll, TcpClientExtensions.MessageLoopAsync: NotifyDataAvailable remoteEndPoint: 127.0.0.1:64482 localEndPoint: 127.0.0.1:64481
TpTrace Verbose: 0 : 11648, 10, 2023/01/10, 01:38:45.694, 14991367978776, vstest.console.dll, TestRequestSender.OnExecutionMessageReceived: Received message: {"Version":5,"MessageType":"TestExecution.StatsChange","Payload":{"NewTestResults":[{"TestCase":{"Id":"100ac1d9-466b-ccd5-d227-c6ef9bbd6831","FullyQualifiedName":"Tests.SellerServiceTest.GetQueueForPurchase_TryGetAllQueueForPurchase","DisplayName":"GetQueueForPurchase_TryGetAllQueueForPurchase","ExecutorUri":"executor://NUnit3TestExecutor","Source":"C:\\Users\\Dell\\OneDrive\\Рабочий стол\\Studying\\.NET\\l3\\Accountin-of-goods\\UnitOfWorkTest\\bin\\Debug\\net6.0\\fine-code-coverage\\build-output\\Tests.dll","CodeFilePath":null,"LineNumber":0,"Properties":[{"Key":{"Id":"NUnit.Seed","Label":"Seed","Category":"","Description":"","Attributes":0,"ValueType":"System.String"},"Value":"1409200111"}]},"Attachments":[],"Outcome":1,"ErrorMessage":null,"ErrorStackTrace":null,"DisplayName":"GetQueueForPurchase_TryGetAllQueueForPurchase","Messages":[],"ComputerName":"DESKTOP-035NLAM","Duration":"00:00:00.0807490","StartTime":"2023-01-09T23:38:45.5504933+00:00","EndTime":"2023-01-09T23:38:45.631242+00:00","Properties":[{"Key":{"Id":"NUnit.Seed","Label":"Seed","Category":"","Description":"","Attributes":0,"ValueType":"System.String"},"Value":"1409200111"}]},{"TestCase":{"Id":"94281439-33f8-3cf2-a300-7c7d1b6814d2","FullyQualifiedName":"Tests.SellerServiceTest.UpdateGoods_TryUpdateOneGoodsSetNewGoods_MethodUpdateFromMockOfApplicationContextCalledOnce","DisplayName":"UpdateGoods_TryUpdateOneGoodsSetNewGoods_MethodUpdateFromMockOfApplicationContextCalledOnce","ExecutorUri":"executor://NUnit3TestExecutor","Source":"C:\\Users\\Dell\\OneDrive\\Рабочий стол\\Studying\\.NET\\l3\\Accountin-of-goods\\UnitOfWorkTest\\bin\\Debug\\net6.0\\fine-code-coverage\\build-output\\Tests.dll","CodeFilePath":null,"LineNumber":0,"Properties":[{"Key":{"Id":"NUnit.Seed","Label":"Seed","Category":"","Description":"","Attributes":0,"ValueType":"System.String"},"Value":"2054263034"}]},"Attachments":[],"Outcome":2,"ErrorMessage":"System.NullReferenceException : Object reference not set to an instance of an object.","ErrorStackTrace":"   at BLL.Servises.SellerServise.UpdateGoods(GoodsDTO goods) in C:\\Users\\Dell\\OneDrive\\Рабочий стол\\Studying\\.NET\\l3\\Accountin-of-goods\\BLL\\Servises\\SellerServise.cs:line 247\r\n   at Tests.SellerServiceTest.UpdateGoods_TryUpdateOneGoodsSetNewGoods_MethodUpdateFromMockOfApplicationContextCalledOnce() in C:\\Users\\Dell\\OneDrive\\Рабочий стол\\Studying\\.NET\\l3\\Accountin-of-goods\\UnitOfWorkTest\\SellerServiceTest.cs:line 413","DisplayName":"UpdateGoods_TryUpdateOneGoodsSetNewGoods_MethodUpdateFromMockOfApplicationContextCalledOnce","Messages":[],"ComputerName":"DESKTOP-035NLAM","Duration":"00:00:00.0043130","StartTime":"2023-01-09T23:38:45.6312844+00:00","EndTime":"2023-01-09T23:38:45.6355967+00:00","Properties":[{"Key":{"Id":"NUnit.Seed","Label":"Seed","Category":"","Description":"","Attributes":0,"ValueType":"System.String"},"Value":"2054263034"}]},{"TestCase":{"Id":"fe6c7ea1-917e-b62c-c7b6-1e34dd8cb309","FullyQualifiedName":"Tests.SellerServiceTest.UpdateGoods_TryUpdateOneGoodsSetNewGoodsInStock_MethodUpdateFromMockOfApplicationContextCalledOnce","DisplayName":"UpdateGoods_TryUpdateOneGoodsSetNewGoodsInStock_MethodUpdateFromMockOfApplicationContextCalledOnce","ExecutorUri":"executor://NUnit3TestExecutor","Source":"C:\\Users\\Dell\\OneDrive\\Рабочий стол\\Studying\\.NET\\l3\\Accountin-of-goods\\UnitOfWorkTest\\bin\\Debug\\net6.0\\fine-code-coverage\\build-output\\Tests.dll","CodeFilePath":null,"LineNumber":0,"Properties":[{"Key":{"Id":"NUnit.Seed","Label":"Seed","Category":"","Description":"","Attributes":0,"ValueType":"System.String"},"Value":"514571964"}]},"Attachments":[],"Outcome":1,"ErrorMessage":null,"ErrorStackTrace":null,"DisplayName":"UpdateGoods_TryUpdateOneGoodsSetNewGoodsInStock_MethodUpdateFromMockOfApplicationContextCalledOnce","Messages":[],"ComputerName":"DESKTOP-035NLAM","Duration":"00:00:00.0092060","StartTime":"2023-01-09T23:38:45.6356325+00:00","EndTime":"2023-01-09T23:38:45.6448381+00:00","Properties":[{"Key":{"Id":"NUnit.Seed","Label":"Seed","Category":"","Description":"","Attributes":0,"ValueType":"System.String"},"Value":"514571964"}]},{"TestCase":{"Id":"333667f9-6cf4-3926-83f3-5dafa482fce0","FullyQualifiedName":"Tests.UnitOfWorkTest.GoodsCreat_TryCreatNewGoods_MethodAddFromMockOfApplicationContextForGoodsCalledOnce","DisplayName":"GoodsCreat_TryCreatNewGoods_MethodAddFromMockOfApplicationContextForGoodsCalledOnce","ExecutorUri":"executor://NUnit3TestExecutor","Source":"C:\\Users\\Dell\\OneDrive\\Рабочий стол\\Studying\\.NET\\l3\\Accountin-of-goods\\UnitOfWorkTest\\bin\\Debug\\net6.0\\fine-code-coverage\\build-output\\Tests.dll","CodeFilePath":null,"LineNumber":0,"Properties":[{"Key":{"Id":"NUnit.Seed","Label":"Seed","Category":"","Description":"","Attributes":0,"ValueType":"System.String"},"Value":"1731270143"}]},"Attachments":[],"Outcome":1,"ErrorMessage":null,"ErrorStackTrace":null,"DisplayName":"GoodsCreat_TryCreatNewGoods_MethodAddFromMockOfApplicationContextForGoodsCalledOnce","Messages":[],"ComputerName":"DESKTOP-035NLAM","Duration":"00:00:00.0052260","StartTime":"2023-01-09T23:38:45.6452574+00:00","EndTime":"2023-01-09T23:38:45.650483+00:00","Properties":[{"Key":{"Id":"NUnit.Seed","Label":"Seed","Category":"","Description":"","Attributes":0,"ValueType":"System.String"},"Value":"1731270143"}]},{"TestCase":{"Id":"6eafc77c-915e-e675-80ae-f1e339bff289","FullyQualifiedName":"Tests.UnitOfWorkTest.GoodsDelete_TryDeleteOneGoodsById_MethodDeleteFromMockOfApplicationContextCalledOnce","DisplayName":"GoodsDelete_TryDeleteOneGoodsById_MethodDeleteFromMockOfApplicationContextCalledOnce","ExecutorUri":"executor://NUnit3TestExecutor","Source":"C:\\Users\\Dell\\OneDrive\\Рабочий стол\\Studying\\.NET\\l3\\Accountin-of-goods\\UnitOfWorkTest\\bin\\Debug\\net6.0\\fine-code-coverage\\build-output\\Tests.dll","CodeFilePath":null,"LineNumber":0,"Properties":[{"Key":{"Id":"NUnit.Seed","Label":"Seed","Category":"","Description":"","Attributes":0,"ValueType":"System.String"},"Value":"1060227584"}]},"Attachments":[],"Outcome":1,"ErrorMessage":null,"ErrorStackTrace":null,"DisplayName":"GoodsDelete_TryDeleteOneGoodsById_MethodDeleteFromMockOfApplicationContextCalledOnce","Messages":[],"ComputerName":"DESKTOP-035NLAM","Duration":"00:00:00.0046700","StartTime":"2023-01-09T23:38:45.6505828+00:00","EndTime":"2023-01-09T23:38:45.655253+00:00","Properties":[{"Key":{"Id":"NUnit.Seed","Label":"Seed","Category":"","Description":"","Attributes":0,"ValueType":"System.String"},"Value":"1060227584"}]},{"TestCase":{"Id":"447935ee-6b2d-a6d8-6f0f-fe8765582b10","FullyQualifiedName":"Tests.UnitOfWorkTest.GoodsFind_TryModelGetingSomeElementByPredicateFromDbWithUsingList_GetListWithThirdElement","DisplayName":"GoodsFind_TryModelGetingSomeElementByPredicateFromDbWithUsingList_GetListWithThirdElement","ExecutorUri":"executor://NUnit3TestExecutor","Source":"C:\\Users\\Dell\\OneDrive\\Рабочий стол\\Studying\\.NET\\l3\\Accountin-of-goods\\UnitOfWorkTest\\bin\\Debug\\net6.0\\fine-code-coverage\\build-output\\Tests.dll","CodeFilePath":null,"LineNumber":0,"Properties":[{"Key":{"Id":"NUnit.Seed","Label":"Seed","Category":"","Description":"","Attributes":0,"ValueType":"System.String"},"Value":"114025897"}]},"Attachments":[],"Outcome":2,"ErrorMessage":"System.NullReferenceException : Object reference not set to an instance of an object.","ErrorStackTrace":"   at System.Linq.Queryable.Where[TSource](IQueryable`1 source, Expression`1 predicate)\r\n   at DAL.Repositories.GoodsRepository.Find(Expression`1 predicate) in C:\\Users\\Dell\\OneDrive\\Рабочий стол\\Studying\\.NET\\l3\\Accountin-of-goods\\DAL\\Repositories\\GoodsRepository.cs:line 14\r\n   at Tests.UnitOfWorkTest.GoodsFind_TryModelGetingSomeElementByPredicateFromDbWithUsingList_GetListWithThirdElement() in C:\\Users\\Dell\\OneDrive\\Рабочий стол\\Studying\\.NET\\l3\\Accountin-of-goods\\UnitOfWorkTest\\UnitOfWorkTest.cs:line 626","DisplayName":"GoodsFind_TryModelGetingSomeElementByPredicateFromDbWithUsingList_GetListWithThirdElement","Messages":[],"ComputerName":"DESKTOP-035NLAM","Duration":"00:00:00.0109950","StartTime":"2023-01-09T23:38:45.6564016+00:00","EndTime":"2023-01-09T23:38:45.6673967+00:00","Properties":[{"Key":{"Id":"NUnit.Seed","Label":"Seed","Category":"","Description":"","Attributes":0,"ValueType":"System.String"},"Value":"114025897"}]},{"TestCase":{"Id":"c301ad3a-ccbb-4c12-64dc-dc03604efaaf","FullyQualifiedName":"Tests.UnitOfWorkTest.GoodsGet_TryGetOneGoodsById_MethodFindFromMockOfApplicationContextCalledOnce","DisplayName":"GoodsGet_TryGetOneGoodsById_MethodFindFromMockOfApplicationContextCalledOnce","ExecutorUri":"executor://NUnit3TestExecutor","Source":"C:\\Users\\Dell\\OneDrive\\Рабочий стол\\Studying\\.NET\\l3\\Accountin-of-goods\\UnitOfWorkTest\\bin\\Debug\\net6.0\\fine-code-coverage\\build-output\\Tests.dll","CodeFilePath":null,"LineNumber":0,"Properties":[{"Key":{"Id":"NUnit.Seed","Label":"Seed","Category":"","Description":"","Attributes":0,"ValueType":"System.String"},"Value":"905138337"}]},"Attachments":[],"Outcome":2,"ErrorMessage":"System.NullReferenceException : Object reference not set to an instance of an object.","ErrorStackTrace":"   at System.Linq.Queryable.FirstOrDefault[TSource](IQueryable`1 source, Expression`1 predicate)\r\n   at DAL.Repositories.GoodsRepository.Get(Int32 id) in C:\\Users\\Dell\\OneDrive\\Рабочий стол\\Studying\\.NET\\l3\\Accountin-of-goods\\DAL\\Repositories\\GoodsRepository.cs:line 27\r\n   at Tests.UnitOfWorkTest.GoodsGet_TryGetOneGoodsById_MethodFindFromMockOfApplicationContextCalledOnce() in C:\\Users\\Dell\\OneDrive\\Рабочий стол\\Studying\\.NET\\l3\\Accountin-of-goods\\UnitOfWorkTest\\UnitOfWorkTest.cs:line 157","DisplayName":"GoodsGet_TryGetOneGoodsById_MethodFindFromMockOfApplicationContextCalledOnce","Messages":[],"ComputerName":"DESKTOP-035NLAM","Duration":"00:00:00.0079460","StartTime":"2023-01-09T23:38:45.6713028+00:00","EndTime":"2023-01-09T23:38:45.679249+00:00","Properties":[{"Key":{"Id":"NUnit.Seed","Label":"Seed","Category":"","Description":"","Attributes":0,"ValueType":"System.String"},"Value":"905138337"}]},{"TestCase":{"Id":"fb36eda5-4922-098b-ce73-bf4fc908c8ca","FullyQualifiedName":"Tests.UnitOfWorkTest.GoodsGetAll_TryModelGetingAllElementFromDbWithUsingList_GetListWithThirdElement","DisplayName":"GoodsGetAll_TryModelGetingAllElementFromDbWithUsingList_GetListWithThirdElement","ExecutorUri":"executor://NUnit3TestExecutor","Source":"C:\\Users\\Dell\\OneDrive\\Рабочий стол\\Studying\\.NET\\l3\\Accountin-of-goods\\UnitOfWorkTest\\bin\\Debug\\net6.0\\fine-code-coverage\\build-output\\Tests.dll","CodeFilePath":null,"LineNumber":0,"Properties":[{"Key":{"Id":"NUnit.Seed","Label":"Seed","Category":"","Description":"","Attributes":0,"ValueType":"System.String"},"Value":"292276189"}]},"Attachments":[],"Outcome":1,"ErrorMessage":null,"ErrorStackTrace":null,"DisplayName":"GoodsGetAll_TryModelGetingAllElementFromDbWithUsingList_GetListWithThirdElement","Messages":[],"ComputerName":"DESKTOP-035NLAM","Duration":"00:00:00.0031430","StartTime":"2023-01-09T23:38:45.6806706+00:00","EndTime":"2023-01-09T23:38:45.6838137+00:00","Properties":[{"Key":{"Id":"NUnit.Seed","Label":"Seed","Category":"","Description":"","Attributes":0,"ValueType":"System.String"},"Value":"292276189"}]},{"TestCase":{"Id":"8e9c7bad-a8cf-ad51-9731-6f6e21bde433","FullyQualifiedName":"Tests.UnitOfWorkTest.GoodsInStockCreat_TryCreatNewGoodsInStock_MethodAddFromMockOfApplicationContextForGoodsInStockCalledOnce","DisplayName":"GoodsInStockCreat_TryCreatNewGoodsInStock_MethodAddFromMockOfApplicationContextForGoodsInStockCalledOnce","ExecutorUri":"executor://NUnit3TestExecutor","Source":"C:\\Users\\Dell\\OneDrive\\Рабочий стол\\Studying\\.NET\\l3\\Accountin-of-goods\\UnitOfWorkTest\\bin\\Debug\\net6.0\\fine-code-coverage\\build-output\\Tests.dll","CodeFilePath":null,"LineNumber":0,"Properties":[{"Key":{"Id":"NUnit.Seed","Label":"Seed","Category":"","Description":"","Attributes":0,"ValueType":"System.String"},"Value":"1243685043"}]},"Attachments":[],"Outcome":1,"ErrorMessage":null,"ErrorStackTrace":null,"DisplayName":"GoodsInStockCreat_TryCreatNewGoodsInStock_MethodAddFromMockOfApplicationContextForGoodsInStockCalledOnce","Messages":[],"ComputerName":"DESKTOP-035NLAM","Duration":"00:00:00.0035420","StartTime":"2023-01-09T23:38:45.6843279+00:00","EndTime":"2023-01-09T23:38:45.6878696+00:00","Properties":[{"Key":{"Id":"NUnit.Seed","Label":"Seed","Category":"","Description":"","Attributes":0,"ValueType":"System.String"},"Value":"1243685043"}]}],"TestRunStatistics":{"ExecutedTests":36,"Stats":{"Failed":16,"Passed":20}},"ActiveTests":[{"Id":"be29c065-6669-a112-1beb-b7bfbf753182","FullyQualifiedName":"Tests.UnitOfWorkTest.GoodsInStockDelete_TryDeleteOneGoodsInStockById_MethodDeleteFromMockOfApplicationContextCalledOnce","DisplayName":"GoodsInStockDelete_TryDeleteOneGoodsInStockById_MethodDeleteFromMockOfApplicationContextCalledOnce","ExecutorUri":"executor://NUnit3TestExecutor","Source":"C:\\Users\\Dell\\OneDrive\\Рабочий стол\\Studying\\.NET\\l3\\Accountin-of-goods\\UnitOfWorkTest\\bin\\Debug\\net6.0\\fine-code-coverage\\build-output\\Tests.dll","CodeFilePath":null,"LineNumber":0,"Properties":[{"Key":{"Id":"NUnit.Seed","Label":"Seed","Category":"","Description":"","Attributes":0,"ValueType":"System.String"},"Value":"2030347625"}]}]}}
TpTrace Verbose: 0 : 11648, 10, 2023/01/10, 01:38:45.702, 14991368060630, vstest.console.dll, TestRunRequest:SendTestRunStatsChange: Starting.
TpTrace Verbose: 0 : 11648, 10, 2023/01/10, 01:38:45.702, 14991368062056, vstest.console.dll, InProgress is GoodsInStockDelete_TryDeleteOneGoodsInStockById_MethodDeleteFromMockOfApplicationContextCalledOnce
TpTrace Verbose: 0 : 11648, 10, 2023/01/10, 01:38:45.702, 14991368063197, vstest.console.dll, MulticastDelegateUtilities.SafeInvoke: TestRun.RunStatsChanged: Invoking callbacks was skipped because there are no subscribers.
TpTrace Verbose: 0 : 11648, 4, 2023/01/10, 01:38:45.702, 14991368063591, vstest.console.dll, MulticastDelegateUtilities.SafeInvoke: InternalTestLoggerEvents.SendTestResult: Invoking callback 1/1 for Microsoft.VisualStudio.TestPlatform.CommandLine.Internal.ConsoleLogger.TestResultHandler, took 0 ms.
TpTrace Information: 0 : 11648, 10, 2023/01/10, 01:38:45.702, 14991368063857, vstest.console.dll, TestRunRequest:SendTestRunStatsChange: Completed.
TpTrace Verbose: 0 : 11648, 10, 2023/01/10, 01:38:45.702, 14991368065325, vstest.console.dll, MulticastDelegateUtilities.SafeInvoke: LengthPrefixCommunicationChannel: MessageReceived: Invoking callback 1/1 for Microsoft.VisualStudio.TestPlatform.CommunicationUtilities.TestRequestSender+<>c__DisplayClass30_0.<StartTestRun>b__1, took 8 ms.
TpTrace Verbose: 0 : 11648, 10, 2023/01/10, 01:38:45.702, 14991368065968, vstest.console.dll, TcpClientExtensions.MessageLoopAsync: Polling on remoteEndPoint: 127.0.0.1:64482 localEndPoint: 127.0.0.1:64481
TpTrace Verbose: 0 : 11648, 4, 2023/01/10, 01:38:45.703, 14991368073051, vstest.console.dll, MulticastDelegateUtilities.SafeInvoke: InternalTestLoggerEvents.SendTestResult: Invoking callback 1/1 for Microsoft.VisualStudio.TestPlatform.CommandLine.Internal.ConsoleLogger.TestResultHandler, took 0 ms.
TpTrace Verbose: 0 : 11648, 4, 2023/01/10, 01:38:45.703, 14991368074680, vstest.console.dll, MulticastDelegateUtilities.SafeInvoke: InternalTestLoggerEvents.SendTestResult: Invoking callback 1/1 for Microsoft.VisualStudio.TestPlatform.CommandLine.Internal.ConsoleLogger.TestResultHandler, took 0 ms.
TpTrace Verbose: 0 : 11648, 4, 2023/01/10, 01:38:45.703, 14991368075667, vstest.console.dll, MulticastDelegateUtilities.SafeInvoke: InternalTestLoggerEvents.SendTestResult: Invoking callback 1/1 for Microsoft.VisualStudio.TestPlatform.CommandLine.Internal.ConsoleLogger.TestResultHandler, took 0 ms.
TpTrace Verbose: 0 : 11648, 4, 2023/01/10, 01:38:45.703, 14991368076374, vstest.console.dll, MulticastDelegateUtilities.SafeInvoke: InternalTestLoggerEvents.SendTestResult: Invoking callback 1/1 for Microsoft.VisualStudio.TestPlatform.CommandLine.Internal.ConsoleLogger.TestResultHandler, took 0 ms.
TpTrace Verbose: 0 : 11648, 4, 2023/01/10, 01:38:45.704, 14991368080471, vstest.console.dll, MulticastDelegateUtilities.SafeInvoke: InternalTestLoggerEvents.SendTestResult: Invoking callback 1/1 for Microsoft.VisualStudio.TestPlatform.CommandLine.Internal.ConsoleLogger.TestResultHandler, took 0 ms.
TpTrace Verbose: 0 : 11648, 4, 2023/01/10, 01:38:45.704, 14991368086159, vstest.console.dll, MulticastDelegateUtilities.SafeInvoke: InternalTestLoggerEvents.SendTestResult: Invoking callback 1/1 for Microsoft.VisualStudio.TestPlatform.CommandLine.Internal.ConsoleLogger.TestResultHandler, took 0 ms.
TpTrace Verbose: 0 : 11648, 4, 2023/01/10, 01:38:45.705, 14991368088374, vstest.console.dll, MulticastDelegateUtilities.SafeInvoke: InternalTestLoggerEvents.SendTestResult: Invoking callback 1/1 for Microsoft.VisualStudio.TestPlatform.CommandLine.Internal.ConsoleLogger.TestResultHandler, took 0 ms.
TpTrace Verbose: 0 : 11648, 4, 2023/01/10, 01:38:45.705, 14991368089537, vstest.console.dll, MulticastDelegateUtilities.SafeInvoke: InternalTestLoggerEvents.SendTestResult: Invoking callback 1/1 for Microsoft.VisualStudio.TestPlatform.CommandLine.Internal.ConsoleLogger.TestResultHandler, took 0 ms.
TpTrace Verbose: 0 : 11648, 10, 2023/01/10, 01:38:45.750, 14991368538859, vstest.console.dll, TcpClientExtensions.MessageLoopAsync: NotifyDataAvailable remoteEndPoint: 127.0.0.1:64482 localEndPoint: 127.0.0.1:64481
TpTrace Verbose: 0 : 11648, 10, 2023/01/10, 01:38:45.750, 14991368545405, vstest.console.dll, TestRequestSender.OnExecutionMessageReceived: Received message: {"Version":5,"MessageType":"TestExecution.StatsChange","Payload":{"NewTestResults":[{"TestCase":{"Id":"be29c065-6669-a112-1beb-b7bfbf753182","FullyQualifiedName":"Tests.UnitOfWorkTest.GoodsInStockDelete_TryDeleteOneGoodsInStockById_MethodDeleteFromMockOfApplicationContextCalledOnce","DisplayName":"GoodsInStockDelete_TryDeleteOneGoodsInStockById_MethodDeleteFromMockOfApplicationContextCalledOnce","ExecutorUri":"executor://NUnit3TestExecutor","Source":"C:\\Users\\Dell\\OneDrive\\Рабочий стол\\Studying\\.NET\\l3\\Accountin-of-goods\\UnitOfWorkTest\\bin\\Debug\\net6.0\\fine-code-coverage\\build-output\\Tests.dll","CodeFilePath":null,"LineNumber":0,"Properties":[{"Key":{"Id":"NUnit.Seed","Label":"Seed","Category":"","Description":"","Attributes":0,"ValueType":"System.String"},"Value":"2030347625"}]},"Attachments":[],"Outcome":1,"ErrorMessage":null,"ErrorStackTrace":null,"DisplayName":"GoodsInStockDelete_TryDeleteOneGoodsInStockById_MethodDeleteFromMockOfApplicationContextCalledOnce","Messages":[],"ComputerName":"DESKTOP-035NLAM","Duration":"00:00:00.0066400","StartTime":"2023-01-09T23:38:45.6879083+00:00","EndTime":"2023-01-09T23:38:45.6945476+00:00","Properties":[{"Key":{"Id":"NUnit.Seed","Label":"Seed","Category":"","Description":"","Attributes":0,"ValueType":"System.String"},"Value":"2030347625"}]},{"TestCase":{"Id":"91712e40-aa0f-ac79-00ce-71caee98e769","FullyQualifiedName":"Tests.UnitOfWorkTest.GoodsInStockFind_TryModelGetingSomeElementByPredicateFromDbWithUsingList_GetListWithThirdElement","DisplayName":"GoodsInStockFind_TryModelGetingSomeElementByPredicateFromDbWithUsingList_GetListWithThirdElement","ExecutorUri":"executor://NUnit3TestExecutor","Source":"C:\\Users\\Dell\\OneDrive\\Рабочий стол\\Studying\\.NET\\l3\\Accountin-of-goods\\UnitOfWorkTest\\bin\\Debug\\net6.0\\fine-code-coverage\\build-output\\Tests.dll","CodeFilePath":null,"LineNumber":0,"Properties":[{"Key":{"Id":"NUnit.Seed","Label":"Seed","Category":"","Description":"","Attributes":0,"ValueType":"System.String"},"Value":"909481405"}]},"Attachments":[],"Outcome":2,"ErrorMessage":"System.NullReferenceException : Object reference not set to an instance of an object.","ErrorStackTrace":"   at System.Linq.Queryable.Where[TSource](IQueryable`1 source, Expression`1 predicate)\r\n   at DAL.Repositories.GoodsInStockRepository.Find(Expression`1 predicate) in C:\\Users\\Dell\\OneDrive\\Рабочий стол\\Studying\\.NET\\l3\\Accountin-of-goods\\DAL\\Repositories\\GoodsInStockRepository.cs:line 14\r\n   at Tests.UnitOfWorkTest.GoodsInStockFind_TryModelGetingSomeElementByPredicateFromDbWithUsingList_GetListWithThirdElement() in C:\\Users\\Dell\\OneDrive\\Рабочий стол\\Studying\\.NET\\l3\\Accountin-of-goods\\UnitOfWorkTest\\UnitOfWorkTest.cs:line 648","DisplayName":"GoodsInStockFind_TryModelGetingSomeElementByPredicateFromDbWithUsingList_GetListWithThirdElement","Messages":[],"ComputerName":"DESKTOP-035NLAM","Duration":"00:00:00.0060679","StartTime":"2023-01-09T23:38:45.6964098+00:00","EndTime":"2023-01-09T23:38:45.7024775+00:00","Properties":[{"Key":{"Id":"NUnit.Seed","Label":"Seed","Category":"","Description":"","Attributes":0,"ValueType":"System.String"},"Value":"909481405"}]},{"TestCase":{"Id":"6ff7b3de-c0cb-b3e2-2c81-e3cef9084866","FullyQualifiedName":"Tests.UnitOfWorkTest.GoodsInStockGet_TryGetOneGoodsInStockById_MethodFindFromMockOfApplicationContextCalledOnce","DisplayName":"GoodsInStockGet_TryGetOneGoodsInStockById_MethodFindFromMockOfApplicationContextCalledOnce","ExecutorUri":"executor://NUnit3TestExecutor","Source":"C:\\Users\\Dell\\OneDrive\\Рабочий стол\\Studying\\.NET\\l3\\Accountin-of-goods\\UnitOfWorkTest\\bin\\Debug\\net6.0\\fine-code-coverage\\build-output\\Tests.dll","CodeFilePath":null,"LineNumber":0,"Properties":[{"Key":{"Id":"NUnit.Seed","Label":"Seed","Category":"","Description":"","Attributes":0,"ValueType":"System.String"},"Value":"1828846519"}]},"Attachments":[],"Outcome":1,"ErrorMessage":null,"ErrorStackTrace":null,"DisplayName":"GoodsInStockGet_TryGetOneGoodsInStockById_MethodFindFromMockOfApplicationContextCalledOnce","Messages":[],"ComputerName":"DESKTOP-035NLAM","Duration":"00:00:00.0065390","StartTime":"2023-01-09T23:38:45.7037567+00:00","EndTime":"2023-01-09T23:38:45.7102961+00:00","Properties":[{"Key":{"Id":"NUnit.Seed","Label":"Seed","Category":"","Description":"","Attributes":0,"ValueType":"System.String"},"Value":"1828846519"}]},{"TestCase":{"Id":"890a87b0-23a6-7990-2523-1ea2fe88f72a","FullyQualifiedName":"Tests.UnitOfWorkTest.GoodsInStockGetAll_TryModelGetingAllElementFromDbWithUsingList_GetListWithThirdElement","DisplayName":"GoodsInStockGetAll_TryModelGetingAllElementFromDbWithUsingList_GetListWithThirdElement","ExecutorUri":"executor://NUnit3TestExecutor","Source":"C:\\Users\\Dell\\OneDrive\\Рабочий стол\\Studying\\.NET\\l3\\Accountin-of-goods\\UnitOfWorkTest\\bin\\Debug\\net6.0\\fine-code-coverage\\build-output\\Tests.dll","CodeFilePath":null,"LineNumber":0,"Properties":[{"Key":{"Id":"NUnit.Seed","Label":"Seed","Category":"","Description":"","Attributes":0,"ValueType":"System.String"},"Value":"83374222"}]},"Attachments":[],"Outcome":1,"ErrorMessage":null,"ErrorStackTrace":null,"DisplayName":"GoodsInStockGetAll_TryModelGetingAllElementFromDbWithUsingList_GetListWithThirdElement","Messages":[],"ComputerName":"DESKTOP-035NLAM","Duration":"00:00:00.0048100","StartTime":"2023-01-09T23:38:45.7103402+00:00","EndTime":"2023-01-09T23:38:45.7151501+00:00","Properties":[{"Key":{"Id":"NUnit.Seed","Label":"Seed","Category":"","Description":"","Attributes":0,"ValueType":"System.String"},"Value":"83374222"}]},{"TestCase":{"Id":"e5d33f0b-0db4-b520-39db-08be278627da","FullyQualifiedName":"Tests.UnitOfWorkTest.GoodsInStockUpdate_TryUpdateOneGoodsInStockById_MethodUpdateFromMockOfApplicationContextCalledOnce","DisplayName":"GoodsInStockUpdate_TryUpdateOneGoodsInStockById_MethodUpdateFromMockOfApplicationContextCalledOnce","ExecutorUri":"executor://NUnit3TestExecutor","Source":"C:\\Users\\Dell\\OneDrive\\Рабочий стол\\Studying\\.NET\\l3\\Accountin-of-goods\\UnitOfWorkTest\\bin\\Debug\\net6.0\\fine-code-coverage\\build-output\\Tests.dll","CodeFilePath":null,"LineNumber":0,"Properties":[{"Key":{"Id":"NUnit.Seed","Label":"Seed","Category":"","Description":"","Attributes":0,"ValueType":"System.String"},"Value":"972068951"}]},"Attachments":[],"Outcome":1,"ErrorMessage":null,"ErrorStackTrace":null,"DisplayName":"GoodsInStockUpdate_TryUpdateOneGoodsInStockById_MethodUpdateFromMockOfApplicationContextCalledOnce","Messages":[],"ComputerName":"DESKTOP-035NLAM","Duration":"00:00:00.0027190","StartTime":"2023-01-09T23:38:45.7151841+00:00","EndTime":"2023-01-09T23:38:45.7179029+00:00","Properties":[{"Key":{"Id":"NUnit.Seed","Label":"Seed","Category":"","Description":"","Attributes":0,"ValueType":"System.String"},"Value":"972068951"}]},{"TestCase":{"Id":"d46d41e4-eaba-bd1a-ece2-3c0e65f225ec","FullyQualifiedName":"Tests.UnitOfWorkTest.GoodsUpdate_TryUpdateOneGoodsById_MethodUpdateFromMockOfApplicationContextCalledOnce","DisplayName":"GoodsUpdate_TryUpdateOneGoodsById_MethodUpdateFromMockOfApplicationContextCalledOnce","ExecutorUri":"executor://NUnit3TestExecutor","Source":"C:\\Users\\Dell\\OneDrive\\Рабочий стол\\Studying\\.NET\\l3\\Accountin-of-goods\\UnitOfWorkTest\\bin\\Debug\\net6.0\\fine-code-coverage\\build-output\\Tests.dll","CodeFilePath":null,"LineNumber":0,"Properties":[{"Key":{"Id":"NUnit.Seed","Label":"Seed","Category":"","Description":"","Attributes":0,"ValueType":"System.String"},"Value":"124681785"}]},"Attachments":[],"Outcome":1,"ErrorMessage":null,"ErrorStackTrace":null,"DisplayName":"GoodsUpdate_TryUpdateOneGoodsById_MethodUpdateFromMockOfApplicationContextCalledOnce","Messages":[],"ComputerName":"DESKTOP-035NLAM","Duration":"00:00:00.0028620","StartTime":"2023-01-09T23:38:45.7179337+00:00","EndTime":"2023-01-09T23:38:45.7207953+00:00","Properties":[{"Key":{"Id":"NUnit.Seed","Label":"Seed","Category":"","Description":"","Attributes":0,"ValueType":"System.String"},"Value":"124681785"}]},{"TestCase":{"Id":"698278e0-fc48-8db7-94c4-69e39b082d4b","FullyQualifiedName":"Tests.UnitOfWorkTest.OrderCreat_TryCreatNewOrder_MethodAddFromMockOfApplicationContextForOrderCalledOnce","DisplayName":"OrderCreat_TryCreatNewOrder_MethodAddFromMockOfApplicationContextForOrderCalledOnce","ExecutorUri":"executor://NUnit3TestExecutor","Source":"C:\\Users\\Dell\\OneDrive\\Рабочий стол\\Studying\\.NET\\l3\\Accountin-of-goods\\UnitOfWorkTest\\bin\\Debug\\net6.0\\fine-code-coverage\\build-output\\Tests.dll","CodeFilePath":null,"LineNumber":0,"Properties":[{"Key":{"Id":"NUnit.Seed","Label":"Seed","Category":"","Description":"","Attributes":0,"ValueType":"System.String"},"Value":"190815125"}]},"Attachments":[],"Outcome":1,"ErrorMessage":null,"ErrorStackTrace":null,"DisplayName":"OrderCreat_TryCreatNewOrder_MethodAddFromMockOfApplicationContextForOrderCalledOnce","Messages":[],"ComputerName":"DESKTOP-035NLAM","Duration":"00:00:00.0041350","StartTime":"2023-01-09T23:38:45.7208259+00:00","EndTime":"2023-01-09T23:38:45.7249608+00:00","Properties":[{"Key":{"Id":"NUnit.Seed","Label":"Seed","Category":"","Description":"","Attributes":0,"ValueType":"System.String"},"Value":"190815125"}]},{"TestCase":{"Id":"f4a4195a-1949-a79c-66fb-fcc64d3d244c","FullyQualifiedName":"Tests.UnitOfWorkTest.OrderDelete_TryDeleteOneOrderById_MethodDeleteFromMockOfApplicationContextCalledOnce","DisplayName":"OrderDelete_TryDeleteOneOrderById_MethodDeleteFromMockOfApplicationContextCalledOnce","ExecutorUri":"executor://NUnit3TestExecutor","Source":"C:\\Users\\Dell\\OneDrive\\Рабочий стол\\Studying\\.NET\\l3\\Accountin-of-goods\\UnitOfWorkTest\\bin\\Debug\\net6.0\\fine-code-coverage\\build-output\\Tests.dll","CodeFilePath":null,"LineNumber":0,"Properties":[{"Key":{"Id":"NUnit.Seed","Label":"Seed","Category":"","Description":"","Attributes":0,"ValueType":"System.String"},"Value":"1809005877"}]},"Attachments":[],"Outcome":1,"ErrorMessage":null,"ErrorStackTrace":null,"DisplayName":"OrderDelete_TryDeleteOneOrderById_MethodDeleteFromMockOfApplicationContextCalledOnce","Messages":[],"ComputerName":"DESKTOP-035NLAM","Duration":"00:00:00.0084499","StartTime":"2023-01-09T23:38:45.7249985+00:00","EndTime":"2023-01-09T23:38:45.7334485+00:00","Properties":[{"Key":{"Id":"NUnit.Seed","Label":"Seed","Category":"","Description":"","Attributes":0,"ValueType":"System.String"},"Value":"1809005877"}]},{"TestCase":{"Id":"4724405b-a869-8d31-4e12-d321efb597be","FullyQualifiedName":"Tests.UnitOfWorkTest.OrderFind_TryModelGetingSomeElementByPredicateFromDbWithUsingList_GetListWithThirdElement","DisplayName":"OrderFind_TryModelGetingSomeElementByPredicateFromDbWithUsingList_GetListWithThirdElement","ExecutorUri":"executor://NUnit3TestExecutor","Source":"C:\\Users\\Dell\\OneDrive\\Рабочий стол\\Studying\\.NET\\l3\\Accountin-of-goods\\UnitOfWorkTest\\bin\\Debug\\net6.0\\fine-code-coverage\\build-output\\Tests.dll","CodeFilePath":null,"LineNumber":0,"Properties":[{"Key":{"Id":"NUnit.Seed","Label":"Seed","Category":"","Description":"","Attributes":0,"ValueType":"System.String"},"Value":"1076482130"}]},"Attachments":[],"Outcome":2,"ErrorMessage":"System.NullReferenceException : Object reference not set to an instance of an object.","ErrorStackTrace":"   at System.Linq.Queryable.Where[TSource](IQueryable`1 source, Expression`1 predicate)\r\n   at DAL.Repositories.OrderRepository.Find(Expression`1 predicate) in C:\\Users\\Dell\\OneDrive\\Рабочий стол\\Studying\\.NET\\l3\\Accountin-of-goods\\DAL\\Repositories\\OrderRepository.cs:line 14\r\n   at Tests.UnitOfWorkTest.OrderFind_TryModelGetingSomeElementByPredicateFromDbWithUsingList_GetListWithThirdElement() in C:\\Users\\Dell\\OneDrive\\Рабочий стол\\Studying\\.NET\\l3\\Accountin-of-goods\\UnitOfWorkTest\\UnitOfWorkTest.cs:line 670","DisplayName":"OrderFind_TryModelGetingSomeElementByPredicateFromDbWithUsingList_GetListWithThirdElement","Messages":[],"ComputerName":"DESKTOP-035NLAM","Duration":"00:00:00.0056480","StartTime":"2023-01-09T23:38:45.7339004+00:00","EndTime":"2023-01-09T23:38:45.7395487+00:00","Properties":[{"Key":{"Id":"NUnit.Seed","Label":"Seed","Category":"","Description":"","Attributes":0,"ValueType":"System.String"},"Value":"1076482130"}]}],"TestRunStatistics":{"ExecutedTests":45,"Stats":{"Failed":18,"Passed":27}},"ActiveTests":[{"Id":"6202d03e-5e71-3527-bc42-94d3f2b2a777","FullyQualifiedName":"Tests.UnitOfWorkTest.OrderGet_TryGetOneOrderById_MethodFindFromMockOfApplicationContextCalledOnce","DisplayName":"OrderGet_TryGetOneOrderById_MethodFindFromMockOfApplicationContextCalledOnce","ExecutorUri":"executor://NUnit3TestExecutor","Source":"C:\\Users\\Dell\\OneDrive\\Рабочий стол\\Studying\\.NET\\l3\\Accountin-of-goods\\UnitOfWorkTest\\bin\\Debug\\net6.0\\fine-code-coverage\\build-output\\Tests.dll","CodeFilePath":null,"LineNumber":0,"Properties":[{"Key":{"Id":"NUnit.Seed","Label":"Seed","Category":"","Description":"","Attributes":0,"ValueType":"System.String"},"Value":"1061543044"}]}]}}
TpTrace Verbose: 0 : 11648, 10, 2023/01/10, 01:38:45.756, 14991368605115, vstest.console.dll, TestRunRequest:SendTestRunStatsChange: Starting.
TpTrace Verbose: 0 : 11648, 10, 2023/01/10, 01:38:45.756, 14991368606279, vstest.console.dll, InProgress is OrderGet_TryGetOneOrderById_MethodFindFromMockOfApplicationContextCalledOnce
TpTrace Verbose: 0 : 11648, 10, 2023/01/10, 01:38:45.757, 14991368607729, vstest.console.dll, MulticastDelegateUtilities.SafeInvoke: TestRun.RunStatsChanged: Invoking callbacks was skipped because there are no subscribers.
TpTrace Verbose: 0 : 11648, 4, 2023/01/10, 01:38:45.757, 14991368608063, vstest.console.dll, MulticastDelegateUtilities.SafeInvoke: InternalTestLoggerEvents.SendTestResult: Invoking callback 1/1 for Microsoft.VisualStudio.TestPlatform.CommandLine.Internal.ConsoleLogger.TestResultHandler, took 0 ms.
TpTrace Information: 0 : 11648, 10, 2023/01/10, 01:38:45.757, 14991368608371, vstest.console.dll, TestRunRequest:SendTestRunStatsChange: Completed.
TpTrace Verbose: 0 : 11648, 10, 2023/01/10, 01:38:45.757, 14991368609875, vstest.console.dll, MulticastDelegateUtilities.SafeInvoke: LengthPrefixCommunicationChannel: MessageReceived: Invoking callback 1/1 for Microsoft.VisualStudio.TestPlatform.CommunicationUtilities.TestRequestSender+<>c__DisplayClass30_0.<StartTestRun>b__1, took 6 ms.
TpTrace Verbose: 0 : 11648, 10, 2023/01/10, 01:38:45.757, 14991368610581, vstest.console.dll, TcpClientExtensions.MessageLoopAsync: Polling on remoteEndPoint: 127.0.0.1:64482 localEndPoint: 127.0.0.1:64481
TpTrace Verbose: 0 : 11648, 4, 2023/01/10, 01:38:45.757, 14991368614711, vstest.console.dll, MulticastDelegateUtilities.SafeInvoke: InternalTestLoggerEvents.SendTestResult: Invoking callback 1/1 for Microsoft.VisualStudio.TestPlatform.CommandLine.Internal.ConsoleLogger.TestResultHandler, took 0 ms.
TpTrace Verbose: 0 : 11648, 4, 2023/01/10, 01:38:45.758, 14991368616507, vstest.console.dll, MulticastDelegateUtilities.SafeInvoke: InternalTestLoggerEvents.SendTestResult: Invoking callback 1/1 for Microsoft.VisualStudio.TestPlatform.CommandLine.Internal.ConsoleLogger.TestResultHandler, took 0 ms.
TpTrace Verbose: 0 : 11648, 4, 2023/01/10, 01:38:45.758, 14991368617439, vstest.console.dll, MulticastDelegateUtilities.SafeInvoke: InternalTestLoggerEvents.SendTestResult: Invoking callback 1/1 for Microsoft.VisualStudio.TestPlatform.CommandLine.Internal.ConsoleLogger.TestResultHandler, took 0 ms.
TpTrace Verbose: 0 : 11648, 4, 2023/01/10, 01:38:45.758, 14991368618486, vstest.console.dll, MulticastDelegateUtilities.SafeInvoke: InternalTestLoggerEvents.SendTestResult: Invoking callback 1/1 for Microsoft.VisualStudio.TestPlatform.CommandLine.Internal.ConsoleLogger.TestResultHandler, took 0 ms.
TpTrace Verbose: 0 : 11648, 4, 2023/01/10, 01:38:45.758, 14991368619404, vstest.console.dll, MulticastDelegateUtilities.SafeInvoke: InternalTestLoggerEvents.SendTestResult: Invoking callback 1/1 for Microsoft.VisualStudio.TestPlatform.CommandLine.Internal.ConsoleLogger.TestResultHandler, took 0 ms.
TpTrace Verbose: 0 : 11648, 4, 2023/01/10, 01:38:45.758, 14991368620234, vstest.console.dll, MulticastDelegateUtilities.SafeInvoke: InternalTestLoggerEvents.SendTestResult: Invoking callback 1/1 for Microsoft.VisualStudio.TestPlatform.CommandLine.Internal.ConsoleLogger.TestResultHandler, took 0 ms.
TpTrace Verbose: 0 : 11648, 4, 2023/01/10, 01:38:45.758, 14991368621238, vstest.console.dll, MulticastDelegateUtilities.SafeInvoke: InternalTestLoggerEvents.SendTestResult: Invoking callback 1/1 for Microsoft.VisualStudio.TestPlatform.CommandLine.Internal.ConsoleLogger.TestResultHandler, took 0 ms.
TpTrace Verbose: 0 : 11648, 4, 2023/01/10, 01:38:45.765, 14991368689342, vstest.console.dll, MulticastDelegateUtilities.SafeInvoke: InternalTestLoggerEvents.SendTestResult: Invoking callback 1/1 for Microsoft.VisualStudio.TestPlatform.CommandLine.Internal.ConsoleLogger.TestResultHandler, took 6 ms.
TpTrace Verbose: 0 : 11648, 10, 2023/01/10, 01:38:45.802, 14991369063618, vstest.console.dll, TcpClientExtensions.MessageLoopAsync: NotifyDataAvailable remoteEndPoint: 127.0.0.1:64482 localEndPoint: 127.0.0.1:64481
TpTrace Verbose: 0 : 11648, 10, 2023/01/10, 01:38:45.811, 14991369148735, vstest.console.dll, TestRequestSender.OnExecutionMessageReceived: Received message: {"Version":5,"MessageType":"TestExecution.StatsChange","Payload":{"NewTestResults":[{"TestCase":{"Id":"6202d03e-5e71-3527-bc42-94d3f2b2a777","FullyQualifiedName":"Tests.UnitOfWorkTest.OrderGet_TryGetOneOrderById_MethodFindFromMockOfApplicationContextCalledOnce","DisplayName":"OrderGet_TryGetOneOrderById_MethodFindFromMockOfApplicationContextCalledOnce","ExecutorUri":"executor://NUnit3TestExecutor","Source":"C:\\Users\\Dell\\OneDrive\\Рабочий стол\\Studying\\.NET\\l3\\Accountin-of-goods\\UnitOfWorkTest\\bin\\Debug\\net6.0\\fine-code-coverage\\build-output\\Tests.dll","CodeFilePath":null,"LineNumber":0,"Properties":[{"Key":{"Id":"NUnit.Seed","Label":"Seed","Category":"","Description":"","Attributes":0,"ValueType":"System.String"},"Value":"1061543044"}]},"Attachments":[],"Outcome":2,"ErrorMessage":"System.NullReferenceException : Object reference not set to an instance of an object.","ErrorStackTrace":"   at System.Linq.Queryable.FirstOrDefault[TSource](IQueryable`1 source, Expression`1 predicate)\r\n   at DAL.Repositories.OrderRepository.Get(Int32 id) in C:\\Users\\Dell\\OneDrive\\Рабочий стол\\Studying\\.NET\\l3\\Accountin-of-goods\\DAL\\Repositories\\OrderRepository.cs:line 28\r\n   at Tests.UnitOfWorkTest.OrderGet_TryGetOneOrderById_MethodFindFromMockOfApplicationContextCalledOnce() in C:\\Users\\Dell\\OneDrive\\Рабочий стол\\Studying\\.NET\\l3\\Accountin-of-goods\\UnitOfWorkTest\\UnitOfWorkTest.cs:line 215","DisplayName":"OrderGet_TryGetOneOrderById_MethodFindFromMockOfApplicationContextCalledOnce","Messages":[],"ComputerName":"DESKTOP-035NLAM","Duration":"00:00:00.0109570","StartTime":"2023-01-09T23:38:45.7395984+00:00","EndTime":"2023-01-09T23:38:45.7505556+00:00","Properties":[{"Key":{"Id":"NUnit.Seed","Label":"Seed","Category":"","Description":"","Attributes":0,"ValueType":"System.String"},"Value":"1061543044"}]},{"TestCase":{"Id":"6c3c5b65-d921-b15a-04a8-307293c61d72","FullyQualifiedName":"Tests.UnitOfWorkTest.OrderGetAll_TryModelGetingAllElementFromDbWithUsingList_GetListWithThirdElement","DisplayName":"OrderGetAll_TryModelGetingAllElementFromDbWithUsingList_GetListWithThirdElement","ExecutorUri":"executor://NUnit3TestExecutor","Source":"C:\\Users\\Dell\\OneDrive\\Рабочий стол\\Studying\\.NET\\l3\\Accountin-of-goods\\UnitOfWorkTest\\bin\\Debug\\net6.0\\fine-code-coverage\\build-output\\Tests.dll","CodeFilePath":null,"LineNumber":0,"Properties":[{"Key":{"Id":"NUnit.Seed","Label":"Seed","Category":"","Description":"","Attributes":0,"ValueType":"System.String"},"Value":"1679850168"}]},"Attachments":[],"Outcome":1,"ErrorMessage":null,"ErrorStackTrace":null,"DisplayName":"OrderGetAll_TryModelGetingAllElementFromDbWithUsingList_GetListWithThirdElement","Messages":[],"ComputerName":"DESKTOP-035NLAM","Duration":"00:00:00.0057260","StartTime":"2023-01-09T23:38:45.7508868+00:00","EndTime":"2023-01-09T23:38:45.7566127+00:00","Properties":[{"Key":{"Id":"NUnit.Seed","Label":"Seed","Category":"","Description":"","Attributes":0,"ValueType":"System.String"},"Value":"1679850168"}]},{"TestCase":{"Id":"e4e3729b-edab-0ed9-4025-4e2fda0de38a","FullyQualifiedName":"Tests.UnitOfWorkTest.OrderListCreat_TryCreatNewOrderList_MethodAddFromMockOfApplicationContextForOrderListCalledOnce","DisplayName":"OrderListCreat_TryCreatNewOrderList_MethodAddFromMockOfApplicationContextForOrderListCalledOnce","ExecutorUri":"executor://NUnit3TestExecutor","Source":"C:\\Users\\Dell\\OneDrive\\Рабочий стол\\Studying\\.NET\\l3\\Accountin-of-goods\\UnitOfWorkTest\\bin\\Debug\\net6.0\\fine-code-coverage\\build-output\\Tests.dll","CodeFilePath":null,"LineNumber":0,"Properties":[{"Key":{"Id":"NUnit.Seed","Label":"Seed","Category":"","Description":"","Attributes":0,"ValueType":"System.String"},"Value":"2057986746"}]},"Attachments":[],"Outcome":1,"ErrorMessage":null,"ErrorStackTrace":null,"DisplayName":"OrderListCreat_TryCreatNewOrderList_MethodAddFromMockOfApplicationContextForOrderListCalledOnce","Messages":[],"ComputerName":"DESKTOP-035NLAM","Duration":"00:00:00.0099010","StartTime":"2023-01-09T23:38:45.7567869+00:00","EndTime":"2023-01-09T23:38:45.7666869+00:00","Properties":[{"Key":{"Id":"NUnit.Seed","Label":"Seed","Category":"","Description":"","Attributes":0,"ValueType":"System.String"},"Value":"2057986746"}]},{"TestCase":{"Id":"94d0946c-89ae-1b72-13e1-6c5230ea0715","FullyQualifiedName":"Tests.UnitOfWorkTest.OrderListDelete_TryDeleteOneOrderListById_MethodDeleteFromMockOfApplicationContextCalledOnce","DisplayName":"OrderListDelete_TryDeleteOneOrderListById_MethodDeleteFromMockOfApplicationContextCalledOnce","ExecutorUri":"executor://NUnit3TestExecutor","Source":"C:\\Users\\Dell\\OneDrive\\Рабочий стол\\Studying\\.NET\\l3\\Accountin-of-goods\\UnitOfWorkTest\\bin\\Debug\\net6.0\\fine-code-coverage\\build-output\\Tests.dll","CodeFilePath":null,"LineNumber":0,"Properties":[{"Key":{"Id":"NUnit.Seed","Label":"Seed","Category":"","Description":"","Attributes":0,"ValueType":"System.String"},"Value":"1473669645"}]},"Attachments":[],"Outcome":1,"ErrorMessage":null,"ErrorStackTrace":null,"DisplayName":"OrderListDelete_TryDeleteOneOrderListById_MethodDeleteFromMockOfApplicationContextCalledOnce","Messages":[],"ComputerName":"DESKTOP-035NLAM","Duration":"00:00:00.0043200","StartTime":"2023-01-09T23:38:45.766737+00:00","EndTime":"2023-01-09T23:38:45.771057+00:00","Properties":[{"Key":{"Id":"NUnit.Seed","Label":"Seed","Category":"","Description":"","Attributes":0,"ValueType":"System.String"},"Value":"1473669645"}]},{"TestCase":{"Id":"037d3426-e227-9496-3fd1-710d50c57c90","FullyQualifiedName":"Tests.UnitOfWorkTest.OrderListFind_TryModelGetingSomeElementByPredicateFromDbWithUsingList_GetListWithThirdElement","DisplayName":"OrderListFind_TryModelGetingSomeElementByPredicateFromDbWithUsingList_GetListWithThirdElement","ExecutorUri":"executor://NUnit3TestExecutor","Source":"C:\\Users\\Dell\\OneDrive\\Рабочий стол\\Studying\\.NET\\l3\\Accountin-of-goods\\UnitOfWorkTest\\bin\\Debug\\net6.0\\fine-code-coverage\\build-output\\Tests.dll","CodeFilePath":null,"LineNumber":0,"Properties":[{"Key":{"Id":"NUnit.Seed","Label":"Seed","Category":"","Description":"","Attributes":0,"ValueType":"System.String"},"Value":"1829498365"}]},"Attachments":[],"Outcome":2,"ErrorMessage":"System.NullReferenceException : Object reference not set to an instance of an object.","ErrorStackTrace":"   at System.Linq.Queryable.Where[TSource](IQueryable`1 source, Expression`1 predicate)\r\n   at DAL.Repositories.BaseRepository`2.Find(Expression`1 predicate) in C:\\Users\\Dell\\OneDrive\\Рабочий стол\\Studying\\.NET\\l3\\Accountin-of-goods\\DAL\\Repositories\\BaseRepository.cs:line 33\r\n   at Tests.UnitOfWorkTest.OrderListFind_TryModelGetingSomeElementByPredicateFromDbWithUsingList_GetListWithThirdElement() in C:\\Users\\Dell\\OneDrive\\Рабочий стол\\Studying\\.NET\\l3\\Accountin-of-goods\\UnitOfWorkTest\\UnitOfWorkTest.cs:line 714","DisplayName":"OrderListFind_TryModelGetingSomeElementByPredicateFromDbWithUsingList_GetListWithThirdElement","Messages":[],"ComputerName":"DESKTOP-035NLAM","Duration":"00:00:00.0100180","StartTime":"2023-01-09T23:38:45.7710881+00:00","EndTime":"2023-01-09T23:38:45.7811059+00:00","Properties":[{"Key":{"Id":"NUnit.Seed","Label":"Seed","Category":"","Description":"","Attributes":0,"ValueType":"System.String"},"Value":"1829498365"}]},{"TestCase":{"Id":"66956dbd-81e4-b7da-a806-c4daeab2ae65","FullyQualifiedName":"Tests.UnitOfWorkTest.OrderListGet_TryGetOneOrderListById_MethodFindFromMockOfApplicationContextCalledOnce","DisplayName":"OrderListGet_TryGetOneOrderListById_MethodFindFromMockOfApplicationContextCalledOnce","ExecutorUri":"executor://NUnit3TestExecutor","Source":"C:\\Users\\Dell\\OneDrive\\Рабочий стол\\Studying\\.NET\\l3\\Accountin-of-goods\\UnitOfWorkTest\\bin\\Debug\\net6.0\\fine-code-coverage\\build-output\\Tests.dll","CodeFilePath":null,"LineNumber":0,"Properties":[{"Key":{"Id":"NUnit.Seed","Label":"Seed","Category":"","Description":"","Attributes":0,"ValueType":"System.String"},"Value":"694358941"}]},"Attachments":[],"Outcome":1,"ErrorMessage":null,"ErrorStackTrace":null,"DisplayName":"OrderListGet_TryGetOneOrderListById_MethodFindFromMockOfApplicationContextCalledOnce","Messages":[],"ComputerName":"DESKTOP-035NLAM","Duration":"00:00:00.0034620","StartTime":"2023-01-09T23:38:45.7811407+00:00","EndTime":"2023-01-09T23:38:45.7846024+00:00","Properties":[{"Key":{"Id":"NUnit.Seed","Label":"Seed","Category":"","Description":"","Attributes":0,"ValueType":"System.String"},"Value":"694358941"}]},{"TestCase":{"Id":"bea5eba3-8b2c-0e49-3e7b-7d4ebb5c5d6e","FullyQualifiedName":"Tests.UnitOfWorkTest.OrderListGetAll_TryModelGetingAllElementFromDbWithUsingList_GetListWithThirdElement","DisplayName":"OrderListGetAll_TryModelGetingAllElementFromDbWithUsingList_GetListWithThirdElement","ExecutorUri":"executor://NUnit3TestExecutor","Source":"C:\\Users\\Dell\\OneDrive\\Рабочий стол\\Studying\\.NET\\l3\\Accountin-of-goods\\UnitOfWorkTest\\bin\\Debug\\net6.0\\fine-code-coverage\\build-output\\Tests.dll","CodeFilePath":null,"LineNumber":0,"Properties":[{"Key":{"Id":"NUnit.Seed","Label":"Seed","Category":"","Description":"","Attributes":0,"ValueType":"System.String"},"Value":"1515850531"}]},"Attachments":[],"Outcome":1,"ErrorMessage":null,"ErrorStackTrace":null,"DisplayName":"OrderListGetAll_TryModelGetingAllElementFromDbWithUsingList_GetListWithThirdElement","Messages":[],"ComputerName":"DESKTOP-035NLAM","Duration":"00:00:00.0027230","StartTime":"2023-01-09T23:38:45.7846337+00:00","EndTime":"2023-01-09T23:38:45.7873566+00:00","Properties":[{"Key":{"Id":"NUnit.Seed","Label":"Seed","Category":"","Description":"","Attributes":0,"ValueType":"System.String"},"Value":"1515850531"}]},{"TestCase":{"Id":"0a7f3e04-5a6a-b665-3731-7236f78f50a1","FullyQualifiedName":"Tests.UnitOfWorkTest.OrderListUpdate_TryUpdateOneOrderListById_MethodUpdateFromMockOfApplicationContextCalledOnce","DisplayName":"OrderListUpdate_TryUpdateOneOrderListById_MethodUpdateFromMockOfApplicationContextCalledOnce","ExecutorUri":"executor://NUnit3TestExecutor","Source":"C:\\Users\\Dell\\OneDrive\\Рабочий стол\\Studying\\.NET\\l3\\Accountin-of-goods\\UnitOfWorkTest\\bin\\Debug\\net6.0\\fine-code-coverage\\build-output\\Tests.dll","CodeFilePath":null,"LineNumber":0,"Properties":[{"Key":{"Id":"NUnit.Seed","Label":"Seed","Category":"","Description":"","Attributes":0,"ValueType":"System.String"},"Value":"1714738536"}]},"Attachments":[],"Outcome":1,"ErrorMessage":null,"ErrorStackTrace":null,"DisplayName":"OrderListUpdate_TryUpdateOneOrderListById_MethodUpdateFromMockOfApplicationContextCalledOnce","Messages":[],"ComputerName":"DESKTOP-035NLAM","Duration":"00:00:00.0035540","StartTime":"2023-01-09T23:38:45.7873809+00:00","EndTime":"2023-01-09T23:38:45.7909348+00:00","Properties":[{"Key":{"Id":"NUnit.Seed","Label":"Seed","Category":"","Description":"","Attributes":0,"ValueType":"System.String"},"Value":"1714738536"}]},{"TestCase":{"Id":"870d8965-d855-79b3-8a69-8495bd41b580","FullyQualifiedName":"Tests.UnitOfWorkTest.OrderUpdate_TryUpdateOneOrderById_MethodUpdateFromMockOfApplicationContextCalledOnce","DisplayName":"OrderUpdate_TryUpdateOneOrderById_MethodUpdateFromMockOfApplicationContextCalledOnce","ExecutorUri":"executor://NUnit3TestExecutor","Source":"C:\\Users\\Dell\\OneDrive\\Рабочий стол\\Studying\\.NET\\l3\\Accountin-of-goods\\UnitOfWorkTest\\bin\\Debug\\net6.0\\fine-code-coverage\\build-output\\Tests.dll","CodeFilePath":null,"LineNumber":0,"Properties":[{"Key":{"Id":"NUnit.Seed","Label":"Seed","Category":"","Description":"","Attributes":0,"ValueType":"System.String"},"Value":"1978704373"}]},"Attachments":[],"Outcome":1,"ErrorMessage":null,"ErrorStackTrace":null,"DisplayName":"OrderUpdate_TryUpdateOneOrderById_MethodUpdateFromMockOfApplicationContextCalledOnce","Messages":[],"ComputerName":"DESKTOP-035NLAM","Duration":"00:00:00.0088140","StartTime":"2023-01-09T23:38:45.7909846+00:00","EndTime":"2023-01-09T23:38:45.7997978+00:00","Properties":[{"Key":{"Id":"NUnit.Seed","Label":"Seed","Category":"","Description":"","Attributes":0,"ValueType":"System.String"},"Value":"1978704373"}]}],"TestRunStatistics":{"ExecutedTests":54,"Stats":{"Failed":20,"Passed":34}},"ActiveTests":[{"Id":"33e69b91-2e6d-5ff8-b8cd-084b2799b72b","FullyQualifiedName":"Tests.UnitOfWorkTest.QueueForPurchaseCreat_TryCreatNewQueueForPurchase_MethodAddFromMockOfApplicationContextForQueueForPurchaseCalledOnce","DisplayName":"QueueForPurchaseCreat_TryCreatNewQueueForPurchase_MethodAddFromMockOfApplicationContextForQueueForPurchaseCalledOnce","ExecutorUri":"executor://NUnit3TestExecutor","Source":"C:\\Users\\Dell\\OneDrive\\Рабочий стол\\Studying\\.NET\\l3\\Accountin-of-goods\\UnitOfWorkTest\\bin\\Debug\\net6.0\\fine-code-coverage\\build-output\\Tests.dll","CodeFilePath":null,"LineNumber":0,"Properties":[{"Key":{"Id":"NUnit.Seed","Label":"Seed","Category":"","Description":"","Attributes":0,"ValueType":"System.String"},"Value":"1217841857"}]}]}}
TpTrace Verbose: 0 : 11648, 10, 2023/01/10, 01:38:45.817, 14991369207309, vstest.console.dll, TestRunRequest:SendTestRunStatsChange: Starting.
TpTrace Verbose: 0 : 11648, 10, 2023/01/10, 01:38:45.817, 14991369208640, vstest.console.dll, InProgress is QueueForPurchaseCreat_TryCreatNewQueueForPurchase_MethodAddFromMockOfApplicationContextForQueueForPurchaseCalledOnce
TpTrace Verbose: 0 : 11648, 10, 2023/01/10, 01:38:45.817, 14991369209537, vstest.console.dll, MulticastDelegateUtilities.SafeInvoke: TestRun.RunStatsChanged: Invoking callbacks was skipped because there are no subscribers.
TpTrace Information: 0 : 11648, 10, 2023/01/10, 01:38:45.817, 14991369210073, vstest.console.dll, TestRunRequest:SendTestRunStatsChange: Completed.
TpTrace Verbose: 0 : 11648, 10, 2023/01/10, 01:38:45.817, 14991369210616, vstest.console.dll, MulticastDelegateUtilities.SafeInvoke: LengthPrefixCommunicationChannel: MessageReceived: Invoking callback 1/1 for Microsoft.VisualStudio.TestPlatform.CommunicationUtilities.TestRequestSender+<>c__DisplayClass30_0.<StartTestRun>b__1, took 14 ms.
TpTrace Verbose: 0 : 11648, 10, 2023/01/10, 01:38:45.817, 14991369211169, vstest.console.dll, TcpClientExtensions.MessageLoopAsync: Polling on remoteEndPoint: 127.0.0.1:64482 localEndPoint: 127.0.0.1:64481
TpTrace Verbose: 0 : 11648, 4, 2023/01/10, 01:38:45.817, 14991369212853, vstest.console.dll, MulticastDelegateUtilities.SafeInvoke: InternalTestLoggerEvents.SendTestResult: Invoking callback 1/1 for Microsoft.VisualStudio.TestPlatform.CommandLine.Internal.ConsoleLogger.TestResultHandler, took 0 ms.
TpTrace Verbose: 0 : 11648, 4, 2023/01/10, 01:38:45.817, 14991369214517, vstest.console.dll, MulticastDelegateUtilities.SafeInvoke: InternalTestLoggerEvents.SendTestResult: Invoking callback 1/1 for Microsoft.VisualStudio.TestPlatform.CommandLine.Internal.ConsoleLogger.TestResultHandler, took 0 ms.
TpTrace Verbose: 0 : 11648, 4, 2023/01/10, 01:38:45.817, 14991369215490, vstest.console.dll, MulticastDelegateUtilities.SafeInvoke: InternalTestLoggerEvents.SendTestResult: Invoking callback 1/1 for Microsoft.VisualStudio.TestPlatform.CommandLine.Internal.ConsoleLogger.TestResultHandler, took 0 ms.
TpTrace Verbose: 0 : 11648, 4, 2023/01/10, 01:38:45.817, 14991369216260, vstest.console.dll, MulticastDelegateUtilities.SafeInvoke: InternalTestLoggerEvents.SendTestResult: Invoking callback 1/1 for Microsoft.VisualStudio.TestPlatform.CommandLine.Internal.ConsoleLogger.TestResultHandler, took 0 ms.
TpTrace Verbose: 0 : 11648, 4, 2023/01/10, 01:38:45.818, 14991369220173, vstest.console.dll, MulticastDelegateUtilities.SafeInvoke: InternalTestLoggerEvents.SendTestResult: Invoking callback 1/1 for Microsoft.VisualStudio.TestPlatform.CommandLine.Internal.ConsoleLogger.TestResultHandler, took 0 ms.
TpTrace Verbose: 0 : 11648, 4, 2023/01/10, 01:38:45.818, 14991369221706, vstest.console.dll, MulticastDelegateUtilities.SafeInvoke: InternalTestLoggerEvents.SendTestResult: Invoking callback 1/1 for Microsoft.VisualStudio.TestPlatform.CommandLine.Internal.ConsoleLogger.TestResultHandler, took 0 ms.
TpTrace Verbose: 0 : 11648, 4, 2023/01/10, 01:38:45.818, 14991369222870, vstest.console.dll, MulticastDelegateUtilities.SafeInvoke: InternalTestLoggerEvents.SendTestResult: Invoking callback 1/1 for Microsoft.VisualStudio.TestPlatform.CommandLine.Internal.ConsoleLogger.TestResultHandler, took 0 ms.
TpTrace Verbose: 0 : 11648, 4, 2023/01/10, 01:38:45.818, 14991369223741, vstest.console.dll, MulticastDelegateUtilities.SafeInvoke: InternalTestLoggerEvents.SendTestResult: Invoking callback 1/1 for Microsoft.VisualStudio.TestPlatform.CommandLine.Internal.ConsoleLogger.TestResultHandler, took 0 ms.
TpTrace Verbose: 0 : 11648, 4, 2023/01/10, 01:38:45.818, 14991369224575, vstest.console.dll, MulticastDelegateUtilities.SafeInvoke: InternalTestLoggerEvents.SendTestResult: Invoking callback 1/1 for Microsoft.VisualStudio.TestPlatform.CommandLine.Internal.ConsoleLogger.TestResultHandler, took 0 ms.
TpTrace Verbose: 0 : 11648, 10, 2023/01/10, 01:38:46.053, 14991371572237, vstest.console.dll, TcpClientExtensions.MessageLoopAsync: NotifyDataAvailable remoteEndPoint: 127.0.0.1:64482 localEndPoint: 127.0.0.1:64481
TpTrace Verbose: 0 : 11648, 10, 2023/01/10, 01:38:46.054, 14991371576769, vstest.console.dll, TestRequestSender.OnExecutionMessageReceived: Received message: {"Version":5,"MessageType":"TestExecution.StatsChange","Payload":{"NewTestResults":[{"TestCase":{"Id":"33e69b91-2e6d-5ff8-b8cd-084b2799b72b","FullyQualifiedName":"Tests.UnitOfWorkTest.QueueForPurchaseCreat_TryCreatNewQueueForPurchase_MethodAddFromMockOfApplicationContextForQueueForPurchaseCalledOnce","DisplayName":"QueueForPurchaseCreat_TryCreatNewQueueForPurchase_MethodAddFromMockOfApplicationContextForQueueForPurchaseCalledOnce","ExecutorUri":"executor://NUnit3TestExecutor","Source":"C:\\Users\\Dell\\OneDrive\\Рабочий стол\\Studying\\.NET\\l3\\Accountin-of-goods\\UnitOfWorkTest\\bin\\Debug\\net6.0\\fine-code-coverage\\build-output\\Tests.dll","CodeFilePath":null,"LineNumber":0,"Properties":[{"Key":{"Id":"NUnit.Seed","Label":"Seed","Category":"","Description":"","Attributes":0,"ValueType":"System.String"},"Value":"1217841857"}]},"Attachments":[],"Outcome":1,"ErrorMessage":null,"ErrorStackTrace":null,"DisplayName":"QueueForPurchaseCreat_TryCreatNewQueueForPurchase_MethodAddFromMockOfApplicationContextForQueueForPurchaseCalledOnce","Messages":[],"ComputerName":"DESKTOP-035NLAM","Duration":"00:00:00.0033200","StartTime":"2023-01-09T23:38:45.7998388+00:00","EndTime":"2023-01-09T23:38:45.8031589+00:00","Properties":[{"Key":{"Id":"NUnit.Seed","Label":"Seed","Category":"","Description":"","Attributes":0,"ValueType":"System.String"},"Value":"1217841857"}]},{"TestCase":{"Id":"39ae5296-19cf-af55-8543-ce6d8ab74fb4","FullyQualifiedName":"Tests.UnitOfWorkTest.QueueForPurchaseDelete_TryDeleteOneQueueForPurchaseById_MethodDeleteFromMockOfApplicationContextCalledOnce","DisplayName":"QueueForPurchaseDelete_TryDeleteOneQueueForPurchaseById_MethodDeleteFromMockOfApplicationContextCalledOnce","ExecutorUri":"executor://NUnit3TestExecutor","Source":"C:\\Users\\Dell\\OneDrive\\Рабочий стол\\Studying\\.NET\\l3\\Accountin-of-goods\\UnitOfWorkTest\\bin\\Debug\\net6.0\\fine-code-coverage\\build-output\\Tests.dll","CodeFilePath":null,"LineNumber":0,"Properties":[{"Key":{"Id":"NUnit.Seed","Label":"Seed","Category":"","Description":"","Attributes":0,"ValueType":"System.String"},"Value":"1624832636"}]},"Attachments":[],"Outcome":1,"ErrorMessage":null,"ErrorStackTrace":null,"DisplayName":"QueueForPurchaseDelete_TryDeleteOneQueueForPurchaseById_MethodDeleteFromMockOfApplicationContextCalledOnce","Messages":[],"ComputerName":"DESKTOP-035NLAM","Duration":"00:00:00.0106320","StartTime":"2023-01-09T23:38:45.8081183+00:00","EndTime":"2023-01-09T23:38:45.8187507+00:00","Properties":[{"Key":{"Id":"NUnit.Seed","Label":"Seed","Category":"","Description":"","Attributes":0,"ValueType":"System.String"},"Value":"1624832636"}]},{"TestCase":{"Id":"db2ca225-6f0e-fc33-511e-b03cde2bec59","FullyQualifiedName":"Tests.UnitOfWorkTest.QueueForPurchaseFind_TryModelGetingSomeElementByPredicateFromDbWithUsingList_GetListWithThirdElement","DisplayName":"QueueForPurchaseFind_TryModelGetingSomeElementByPredicateFromDbWithUsingList_GetListWithThirdElement","ExecutorUri":"executor://NUnit3TestExecutor","Source":"C:\\Users\\Dell\\OneDrive\\Рабочий стол\\Studying\\.NET\\l3\\Accountin-of-goods\\UnitOfWorkTest\\bin\\Debug\\net6.0\\fine-code-coverage\\build-output\\Tests.dll","CodeFilePath":null,"LineNumber":0,"Properties":[{"Key":{"Id":"NUnit.Seed","Label":"Seed","Category":"","Description":"","Attributes":0,"ValueType":"System.String"},"Value":"2113129473"}]},"Attachments":[],"Outcome":2,"ErrorMessage":"System.NullReferenceException : Object reference not set to an instance of an object.","ErrorStackTrace":"   at System.Linq.Queryable.Where[TSource](IQueryable`1 source, Expression`1 predicate)\r\n   at DAL.Repositories.QueueForPurchaseRepository.Find(Expression`1 predicate) in C:\\Users\\Dell\\OneDrive\\Рабочий стол\\Studying\\.NET\\l3\\Accountin-of-goods\\DAL\\Repositories\\QueueForPurchaseRepository.cs:line 21\r\n   at Tests.UnitOfWorkTest.QueueForPurchaseFind_TryModelGetingSomeElementByPredicateFromDbWithUsingList_GetListWithThirdElement() in C:\\Users\\Dell\\OneDrive\\Рабочий стол\\Studying\\.NET\\l3\\Accountin-of-goods\\UnitOfWorkTest\\UnitOfWorkTest.cs:line 736","DisplayName":"QueueForPurchaseFind_TryModelGetingSomeElementByPredicateFromDbWithUsingList_GetListWithThirdElement","Messages":[],"ComputerName":"DESKTOP-035NLAM","Duration":"00:00:00.0066260","StartTime":"2023-01-09T23:38:45.8303773+00:00","EndTime":"2023-01-09T23:38:45.8370039+00:00","Properties":[{"Key":{"Id":"NUnit.Seed","Label":"Seed","Category":"","Description":"","Attributes":0,"ValueType":"System.String"},"Value":"2113129473"}]},{"TestCase":{"Id":"f62186bc-774b-0814-7227-22f4a0469af3","FullyQualifiedName":"Tests.UnitOfWorkTest.QueueForPurchaseGet_TryGetOneQueueForPurchaseById_MethodFindFromMockOfApplicationContextCalledOnce","DisplayName":"QueueForPurchaseGet_TryGetOneQueueForPurchaseById_MethodFindFromMockOfApplicationContextCalledOnce","ExecutorUri":"executor://NUnit3TestExecutor","Source":"C:\\Users\\Dell\\OneDrive\\Рабочий стол\\Studying\\.NET\\l3\\Accountin-of-goods\\UnitOfWorkTest\\bin\\Debug\\net6.0\\fine-code-coverage\\build-output\\Tests.dll","CodeFilePath":null,"LineNumber":0,"Properties":[{"Key":{"Id":"NUnit.Seed","Label":"Seed","Category":"","Description":"","Attributes":0,"ValueType":"System.String"},"Value":"2075309804"}]},"Attachments":[],"Outcome":2,"ErrorMessage":"System.NullReferenceException : Object reference not set to an instance of an object.","ErrorStackTrace":"   at System.Linq.Queryable.FirstOrDefault[TSource](IQueryable`1 source, Expression`1 predicate)\r\n   at DAL.Repositories.QueueForPurchaseRepository.Get(Int32 id) in C:\\Users\\Dell\\OneDrive\\Рабочий стол\\Studying\\.NET\\l3\\Accountin-of-goods\\DAL\\Repositories\\QueueForPurchaseRepository.cs:line 27\r\n   at Tests.UnitOfWorkTest.QueueForPurchaseGet_TryGetOneQueueForPurchaseById_MethodFindFromMockOfApplicationContextCalledOnce() in C:\\Users\\Dell\\OneDrive\\Рабочий стол\\Studying\\.NET\\l3\\Accountin-of-goods\\UnitOfWorkTest\\UnitOfWorkTest.cs:line 195","DisplayName":"QueueForPurchaseGet_TryGetOneQueueForPurchaseById_MethodFindFromMockOfApplicationContextCalledOnce","Messages":[],"ComputerName":"DESKTOP-035NLAM","Duration":"00:00:00.0171170","StartTime":"2023-01-09T23:38:45.8415357+00:00","EndTime":"2023-01-09T23:38:45.8586522+00:00","Properties":[{"Key":{"Id":"NUnit.Seed","Label":"Seed","Category":"","Description":"","Attributes":0,"ValueType":"System.String"},"Value":"2075309804"}]},{"TestCase":{"Id":"96a33a15-f58a-8c14-c937-861e4db4b11d","FullyQualifiedName":"Tests.UnitOfWorkTest.QueueForPurchaseGetAll_TryModelGetingAllElementFromDbWithUsingList_GetListWithThirdElement","DisplayName":"QueueForPurchaseGetAll_TryModelGetingAllElementFromDbWithUsingList_GetListWithThirdElement","ExecutorUri":"executor://NUnit3TestExecutor","Source":"C:\\Users\\Dell\\OneDrive\\Рабочий стол\\Studying\\.NET\\l3\\Accountin-of-goods\\UnitOfWorkTest\\bin\\Debug\\net6.0\\fine-code-coverage\\build-output\\Tests.dll","CodeFilePath":null,"LineNumber":0,"Properties":[{"Key":{"Id":"NUnit.Seed","Label":"Seed","Category":"","Description":"","Attributes":0,"ValueType":"System.String"},"Value":"1786686200"}]},"Attachments":[],"Outcome":1,"ErrorMessage":null,"ErrorStackTrace":null,"DisplayName":"QueueForPurchaseGetAll_TryModelGetingAllElementFromDbWithUsingList_GetListWithThirdElement","Messages":[],"ComputerName":"DESKTOP-035NLAM","Duration":"00:00:00.0036770","StartTime":"2023-01-09T23:38:45.8971513+00:00","EndTime":"2023-01-09T23:38:45.9008288+00:00","Properties":[{"Key":{"Id":"NUnit.Seed","Label":"Seed","Category":"","Description":"","Attributes":0,"ValueType":"System.String"},"Value":"1786686200"}]},{"TestCase":{"Id":"f3dd8ffa-4e84-4670-3b6a-2b43016f2196","FullyQualifiedName":"Tests.UnitOfWorkTest.QueueForPurchaseUpdate_TryUpdateOneQueueForPurchaseById_MethodUpdateFromMockOfApplicationContextCalledOnce","DisplayName":"QueueForPurchaseUpdate_TryUpdateOneQueueForPurchaseById_MethodUpdateFromMockOfApplicationContextCalledOnce","ExecutorUri":"executor://NUnit3TestExecutor","Source":"C:\\Users\\Dell\\OneDrive\\Рабочий стол\\Studying\\.NET\\l3\\Accountin-of-goods\\UnitOfWorkTest\\bin\\Debug\\net6.0\\fine-code-coverage\\build-output\\Tests.dll","CodeFilePath":null,"LineNumber":0,"Properties":[{"Key":{"Id":"NUnit.Seed","Label":"Seed","Category":"","Description":"","Attributes":0,"ValueType":"System.String"},"Value":"1791156422"}]},"Attachments":[],"Outcome":1,"ErrorMessage":null,"ErrorStackTrace":null,"DisplayName":"QueueForPurchaseUpdate_TryUpdateOneQueueForPurchaseById_MethodUpdateFromMockOfApplicationContextCalledOnce","Messages":[],"ComputerName":"DESKTOP-035NLAM","Duration":"00:00:00.0027290","StartTime":"2023-01-09T23:38:45.9197234+00:00","EndTime":"2023-01-09T23:38:45.9224533+00:00","Properties":[{"Key":{"Id":"NUnit.Seed","Label":"Seed","Category":"","Description":"","Attributes":0,"ValueType":"System.String"},"Value":"1791156422"}]},{"TestCase":{"Id":"bad82a53-1fd8-7eb8-0f72-8a0059f0bb07","FullyQualifiedName":"Tests.UnitOfWorkTest.Save_InvodeMethodSaveChanges_MethodSaveChangesInvokedOnce","DisplayName":"Save_InvodeMethodSaveChanges_MethodSaveChangesInvokedOnce","ExecutorUri":"executor://NUnit3TestExecutor","Source":"C:\\Users\\Dell\\OneDrive\\Рабочий стол\\Studying\\.NET\\l3\\Accountin-of-goods\\UnitOfWorkTest\\bin\\Debug\\net6.0\\fine-code-coverage\\build-output\\Tests.dll","CodeFilePath":null,"LineNumber":0,"Properties":[{"Key":{"Id":"NUnit.Seed","Label":"Seed","Category":"","Description":"","Attributes":0,"ValueType":"System.String"},"Value":"1711964695"}]},"Attachments":[],"Outcome":1,"ErrorMessage":null,"ErrorStackTrace":null,"DisplayName":"Save_InvodeMethodSaveChanges_MethodSaveChangesInvokedOnce","Messages":[],"ComputerName":"DESKTOP-035NLAM","Duration":"00:00:00.0021530","StartTime":"2023-01-09T23:38:45.9410526+00:00","EndTime":"2023-01-09T23:38:45.9432059+00:00","Properties":[{"Key":{"Id":"NUnit.Seed","Label":"Seed","Category":"","Description":"","Attributes":0,"ValueType":"System.String"},"Value":"1711964695"}]},{"TestCase":{"Id":"a1282cf5-8a0f-775c-a684-141420de775d","FullyQualifiedName":"Tests.UnitOfWorkTest.UserCreat_TryCreatNewUser_MethodAddFromMockOfApplicationContextForUserCalledOnce","DisplayName":"UserCreat_TryCreatNewUser_MethodAddFromMockOfApplicationContextForUserCalledOnce","ExecutorUri":"executor://NUnit3TestExecutor","Source":"C:\\Users\\Dell\\OneDrive\\Рабочий стол\\Studying\\.NET\\l3\\Accountin-of-goods\\UnitOfWorkTest\\bin\\Debug\\net6.0\\fine-code-coverage\\build-output\\Tests.dll","CodeFilePath":null,"LineNumber":0,"Properties":[{"Key":{"Id":"NUnit.Seed","Label":"Seed","Category":"","Description":"","Attributes":0,"ValueType":"System.String"},"Value":"311086102"}]},"Attachments":[],"Outcome":1,"ErrorMessage":null,"ErrorStackTrace":null,"DisplayName":"UserCreat_TryCreatNewUser_MethodAddFromMockOfApplicationContextForUserCalledOnce","Messages":[],"ComputerName":"DESKTOP-035NLAM","Duration":"00:00:00.0581040","StartTime":"2023-01-09T23:38:45.9709179+00:00","EndTime":"2023-01-09T23:38:46.029029+00:00","Properties":[{"Key":{"Id":"NUnit.Seed","Label":"Seed","Category":"","Description":"","Attributes":0,"ValueType":"System.String"},"Value":"311086102"}]},{"TestCase":{"Id":"71a36aea-a3c2-aced-1713-c4b486dc5c19","FullyQualifiedName":"Tests.UnitOfWorkTest.UserDelete_TryDeleteOneUserById_MethodDeleteFromMockOfApplicationContextCalledOnce","DisplayName":"UserDelete_TryDeleteOneUserById_MethodDeleteFromMockOfApplicationContextCalledOnce","ExecutorUri":"executor://NUnit3TestExecutor","Source":"C:\\Users\\Dell\\OneDrive\\Рабочий стол\\Studying\\.NET\\l3\\Accountin-of-goods\\UnitOfWorkTest\\bin\\Debug\\net6.0\\fine-code-coverage\\build-output\\Tests.dll","CodeFilePath":null,"LineNumber":0,"Properties":[{"Key":{"Id":"NUnit.Seed","Label":"Seed","Category":"","Description":"","Attributes":0,"ValueType":"System.String"},"Value":"1664491524"}]},"Attachments":[],"Outcome":1,"ErrorMessage":null,"ErrorStackTrace":null,"DisplayName":"UserDelete_TryDeleteOneUserById_MethodDeleteFromMockOfApplicationContextCalledOnce","Messages":[],"ComputerName":"DESKTOP-035NLAM","Duration":"00:00:00.0082780","StartTime":"2023-01-09T23:38:46.0394021+00:00","EndTime":"2023-01-09T23:38:46.0476801+00:00","Properties":[{"Key":{"Id":"NUnit.Seed","Label":"Seed","Category":"","Description":"","Attributes":0,"ValueType":"System.String"},"Value":"1664491524"}]}],"TestRunStatistics":{"ExecutedTests":63,"Stats":{"Failed":22,"Passed":41}},"ActiveTests":[{"Id":"68e7c22b-af5f-22d1-430e-1305164b6481","FullyQualifiedName":"Tests.UnitOfWorkTest.UserFind_TryModelGetingSomeElementByPredicateFromDbWithUsingList_GetListWithThirdElement","DisplayName":"UserFind_TryModelGetingSomeElementByPredicateFromDbWithUsingList_GetListWithThirdElement","ExecutorUri":"executor://NUnit3TestExecutor","Source":"C:\\Users\\Dell\\OneDrive\\Рабочий стол\\Studying\\.NET\\l3\\Accountin-of-goods\\UnitOfWorkTest\\bin\\Debug\\net6.0\\fine-code-coverage\\build-output\\Tests.dll","CodeFilePath":null,"LineNumber":0,"Properties":[{"Key":{"Id":"NUnit.Seed","Label":"Seed","Category":"","Description":"","Attributes":0,"ValueType":"System.String"},"Value":"368773195"}]}]}}
TpTrace Verbose: 0 : 11648, 10, 2023/01/10, 01:38:46.058, 14991371625003, vstest.console.dll, TestRunRequest:SendTestRunStatsChange: Starting.
TpTrace Verbose: 0 : 11648, 10, 2023/01/10, 01:38:46.059, 14991371627866, vstest.console.dll, InProgress is UserFind_TryModelGetingSomeElementByPredicateFromDbWithUsingList_GetListWithThirdElement
TpTrace Verbose: 0 : 11648, 10, 2023/01/10, 01:38:46.059, 14991371629363, vstest.console.dll, MulticastDelegateUtilities.SafeInvoke: TestRun.RunStatsChanged: Invoking callbacks was skipped because there are no subscribers.
TpTrace Information: 0 : 11648, 10, 2023/01/10, 01:38:46.059, 14991371629975, vstest.console.dll, TestRunRequest:SendTestRunStatsChange: Completed.
TpTrace Verbose: 0 : 11648, 10, 2023/01/10, 01:38:46.059, 14991371630613, vstest.console.dll, MulticastDelegateUtilities.SafeInvoke: LengthPrefixCommunicationChannel: MessageReceived: Invoking callback 1/1 for Microsoft.VisualStudio.TestPlatform.CommunicationUtilities.TestRequestSender+<>c__DisplayClass30_0.<StartTestRun>b__1, took 5 ms.
TpTrace Verbose: 0 : 11648, 10, 2023/01/10, 01:38:46.059, 14991371631500, vstest.console.dll, TcpClientExtensions.MessageLoopAsync: Polling on remoteEndPoint: 127.0.0.1:64482 localEndPoint: 127.0.0.1:64481
TpTrace Verbose: 0 : 11648, 4, 2023/01/10, 01:38:46.059, 14991371633261, vstest.console.dll, MulticastDelegateUtilities.SafeInvoke: InternalTestLoggerEvents.SendTestResult: Invoking callback 1/1 for Microsoft.VisualStudio.TestPlatform.CommandLine.Internal.ConsoleLogger.TestResultHandler, took 0 ms.
TpTrace Verbose: 0 : 11648, 4, 2023/01/10, 01:38:46.059, 14991371635245, vstest.console.dll, MulticastDelegateUtilities.SafeInvoke: InternalTestLoggerEvents.SendTestResult: Invoking callback 1/1 for Microsoft.VisualStudio.TestPlatform.CommandLine.Internal.ConsoleLogger.TestResultHandler, took 0 ms.
TpTrace Verbose: 0 : 11648, 4, 2023/01/10, 01:38:46.060, 14991371641668, vstest.console.dll, MulticastDelegateUtilities.SafeInvoke: InternalTestLoggerEvents.SendTestResult: Invoking callback 1/1 for Microsoft.VisualStudio.TestPlatform.CommandLine.Internal.ConsoleLogger.TestResultHandler, took 0 ms.
TpTrace Verbose: 0 : 11648, 4, 2023/01/10, 01:38:46.061, 14991371650615, vstest.console.dll, MulticastDelegateUtilities.SafeInvoke: InternalTestLoggerEvents.SendTestResult: Invoking callback 1/1 for Microsoft.VisualStudio.TestPlatform.CommandLine.Internal.ConsoleLogger.TestResultHandler, took 0 ms.
TpTrace Verbose: 0 : 11648, 4, 2023/01/10, 01:38:46.061, 14991371654725, vstest.console.dll, MulticastDelegateUtilities.SafeInvoke: InternalTestLoggerEvents.SendTestResult: Invoking callback 1/1 for Microsoft.VisualStudio.TestPlatform.CommandLine.Internal.ConsoleLogger.TestResultHandler, took 0 ms.
TpTrace Verbose: 0 : 11648, 4, 2023/01/10, 01:38:46.061, 14991371656049, vstest.console.dll, MulticastDelegateUtilities.SafeInvoke: InternalTestLoggerEvents.SendTestResult: Invoking callback 1/1 for Microsoft.VisualStudio.TestPlatform.CommandLine.Internal.ConsoleLogger.TestResultHandler, took 0 ms.
TpTrace Verbose: 0 : 11648, 4, 2023/01/10, 01:38:46.062, 14991371657089, vstest.console.dll, MulticastDelegateUtilities.SafeInvoke: InternalTestLoggerEvents.SendTestResult: Invoking callback 1/1 for Microsoft.VisualStudio.TestPlatform.CommandLine.Internal.ConsoleLogger.TestResultHandler, took 0 ms.
TpTrace Verbose: 0 : 11648, 4, 2023/01/10, 01:38:46.062, 14991371657851, vstest.console.dll, MulticastDelegateUtilities.SafeInvoke: InternalTestLoggerEvents.SendTestResult: Invoking callback 1/1 for Microsoft.VisualStudio.TestPlatform.CommandLine.Internal.ConsoleLogger.TestResultHandler, took 0 ms.
TpTrace Verbose: 0 : 11648, 4, 2023/01/10, 01:38:46.062, 14991371658632, vstest.console.dll, MulticastDelegateUtilities.SafeInvoke: InternalTestLoggerEvents.SendTestResult: Invoking callback 1/1 for Microsoft.VisualStudio.TestPlatform.CommandLine.Internal.ConsoleLogger.TestResultHandler, took 0 ms.
TpTrace Verbose: 0 : 11648, 10, 2023/01/10, 01:38:46.108, 14991372121676, vstest.console.dll, TcpClientExtensions.MessageLoopAsync: NotifyDataAvailable remoteEndPoint: 127.0.0.1:64482 localEndPoint: 127.0.0.1:64481
TpTrace Verbose: 0 : 11648, 10, 2023/01/10, 01:38:46.108, 14991372123499, vstest.console.dll, TestRequestSender.OnExecutionMessageReceived: Received message: {"Version":5,"MessageType":"TestSession.Message","Payload":{"MessageLevel":0,"Message":"NUnit Adapter 4.2.0.0: Test execution complete"}}
TpTrace Verbose: 0 : 11648, 10, 2023/01/10, 01:38:46.109, 14991372128924, vstest.console.dll, TestRunRequest:SendTestRunMessage: Starting.
TpTrace Verbose: 0 : 11648, 10, 2023/01/10, 01:38:46.109, 14991372130468, vstest.console.dll, MulticastDelegateUtilities.SafeInvoke: TestRun.LogMessages: Invoking callback 1/1 for Microsoft.VisualStudio.TestPlatform.CommandLine.TestRunResultAggregator.TestRunMessageHandler, took 0 ms.
TpTrace Information: 0 : 11648, 10, 2023/01/10, 01:38:46.109, 14991372131159, vstest.console.dll, TestRunRequest:SendTestRunMessage: Completed.
TpTrace Verbose: 0 : 11648, 10, 2023/01/10, 01:38:46.109, 14991372132068, vstest.console.dll, MulticastDelegateUtilities.SafeInvoke: LengthPrefixCommunicationChannel: MessageReceived: Invoking callback 1/1 for Microsoft.VisualStudio.TestPlatform.CommunicationUtilities.TestRequestSender+<>c__DisplayClass30_0.<StartTestRun>b__1, took 0 ms.
TpTrace Verbose: 0 : 11648, 10, 2023/01/10, 01:38:46.109, 14991372132763, vstest.console.dll, TcpClientExtensions.MessageLoopAsync: Polling on remoteEndPoint: 127.0.0.1:64482 localEndPoint: 127.0.0.1:64481
TpTrace Verbose: 0 : 11648, 4, 2023/01/10, 01:38:46.110, 14991372137703, vstest.console.dll, MulticastDelegateUtilities.SafeInvoke: InternalTestLoggerEvents.SendTestRunMessage: Invoking callback 1/1 for Microsoft.VisualStudio.TestPlatform.CommandLine.Internal.ConsoleLogger.TestMessageHandler, took 0 ms.
TpTrace Verbose: 0 : 11648, 10, 2023/01/10, 01:38:46.146, 14991372497135, vstest.console.dll, TcpClientExtensions.MessageLoopAsync: NotifyDataAvailable remoteEndPoint: 127.0.0.1:64482 localEndPoint: 127.0.0.1:64481
TpTrace Verbose: 0 : 11648, 10, 2023/01/10, 01:38:46.146, 14991372500143, vstest.console.dll, TestRequestSender.OnExecutionMessageReceived: Received message: {"Version":5,"MessageType":"TestExecution.Completed","Payload":{"TestRunCompleteArgs":{"TestRunStatistics":{"ExecutedTests":66,"Stats":{"Failed":23,"Passed":43}},"IsCanceled":false,"IsAborted":false,"Error":null,"AttachmentSets":[],"ElapsedTimeInRunningTests":"00:00:03.0117398","Metrics":{}},"LastRunTests":{"NewTestResults":[{"TestCase":{"Id":"68e7c22b-af5f-22d1-430e-1305164b6481","FullyQualifiedName":"Tests.UnitOfWorkTest.UserFind_TryModelGetingSomeElementByPredicateFromDbWithUsingList_GetListWithThirdElement","DisplayName":"UserFind_TryModelGetingSomeElementByPredicateFromDbWithUsingList_GetListWithThirdElement","ExecutorUri":"executor://NUnit3TestExecutor","Source":"C:\\Users\\Dell\\OneDrive\\Рабочий стол\\Studying\\.NET\\l3\\Accountin-of-goods\\UnitOfWorkTest\\bin\\Debug\\net6.0\\fine-code-coverage\\build-output\\Tests.dll","CodeFilePath":null,"LineNumber":0,"Properties":[{"Key":{"Id":"NUnit.Seed","Label":"Seed","Category":"","Description":"","Attributes":0,"ValueType":"System.String"},"Value":"368773195"}]},"Attachments":[],"Outcome":2,"ErrorMessage":"System.NullReferenceException : Object reference not set to an instance of an object.","ErrorStackTrace":"   at System.Linq.Queryable.Where[TSource](IQueryable`1 source, Expression`1 predicate)\r\n   at DAL.Repositories.UserRepository.Find(Expression`1 predicate) in C:\\Users\\Dell\\OneDrive\\Рабочий стол\\Studying\\.NET\\l3\\Accountin-of-goods\\DAL\\Repositories\\UserRepository.cs:line 14\r\n   at Tests.UnitOfWorkTest.UserFind_TryModelGetingSomeElementByPredicateFromDbWithUsingList_GetListWithThirdElement() in C:\\Users\\Dell\\OneDrive\\Рабочий стол\\Studying\\.NET\\l3\\Accountin-of-goods\\UnitOfWorkTest\\UnitOfWorkTest.cs:line 692","DisplayName":"UserFind_TryModelGetingSomeElementByPredicateFromDbWithUsingList_GetListWithThirdElement","Messages":[],"ComputerName":"DESKTOP-035NLAM","Duration":"00:00:00.0087210","StartTime":"2023-01-09T23:38:46.058916+00:00","EndTime":"2023-01-09T23:38:46.0676426+00:00","Properties":[{"Key":{"Id":"NUnit.Seed","Label":"Seed","Category":"","Description":"","Attributes":0,"ValueType":"System.String"},"Value":"368773195"}]},{"TestCase":{"Id":"411a45ec-0ff8-07de-7d90-7513fc4070a7","FullyQualifiedName":"Tests.UnitOfWorkTest.UsersGetAll_TryModelGetingAllElementFromDbWithUsingList_GetListWithThirdElement","DisplayName":"UsersGetAll_TryModelGetingAllElementFromDbWithUsingList_GetListWithThirdElement","ExecutorUri":"executor://NUnit3TestExecutor","Source":"C:\\Users\\Dell\\OneDrive\\Рабочий стол\\Studying\\.NET\\l3\\Accountin-of-goods\\UnitOfWorkTest\\bin\\Debug\\net6.0\\fine-code-coverage\\build-output\\Tests.dll","CodeFilePath":null,"LineNumber":0,"Properties":[{"Key":{"Id":"NUnit.Seed","Label":"Seed","Category":"","Description":"","Attributes":0,"ValueType":"System.String"},"Value":"1731431704"}]},"Attachments":[],"Outcome":1,"ErrorMessage":null,"ErrorStackTrace":null,"DisplayName":"UsersGetAll_TryModelGetingAllElementFromDbWithUsingList_GetListWithThirdElement","Messages":[],"ComputerName":"DESKTOP-035NLAM","Duration":"00:00:00.0041980","StartTime":"2023-01-09T23:38:46.0677176+00:00","EndTime":"2023-01-09T23:38:46.0719155+00:00","Properties":[{"Key":{"Id":"NUnit.Seed","Label":"Seed","Category":"","Description":"","Attributes":0,"ValueType":"System.String"},"Value":"1731431704"}]},{"TestCase":{"Id":"01ffac90-38ac-0d0a-af9c-16460e12f1da","FullyQualifiedName":"Tests.UnitOfWorkTest.UserUpdate_TryUpdateOneUserById_MethodUpdateFromMockOfApplicationContextCalledOnce","DisplayName":"UserUpdate_TryUpdateOneUserById_MethodUpdateFromMockOfApplicationContextCalledOnce","ExecutorUri":"executor://NUnit3TestExecutor","Source":"C:\\Users\\Dell\\OneDrive\\Рабочий стол\\Studying\\.NET\\l3\\Accountin-of-goods\\UnitOfWorkTest\\bin\\Debug\\net6.0\\fine-code-coverage\\build-output\\Tests.dll","CodeFilePath":null,"LineNumber":0,"Properties":[{"Key":{"Id":"NUnit.Seed","Label":"Seed","Category":"","Description":"","Attributes":0,"ValueType":"System.String"},"Value":"1594946838"}]},"Attachments":[],"Outcome":1,"ErrorMessage":null,"ErrorStackTrace":null,"DisplayName":"UserUpdate_TryUpdateOneUserById_MethodUpdateFromMockOfApplicationContextCalledOnce","Messages":[],"ComputerName":"DESKTOP-035NLAM","Duration":"00:00:00.0112929","StartTime":"2023-01-09T23:38:46.0719448+00:00","EndTime":"2023-01-09T23:38:46.0832371+00:00","Properties":[{"Key":{"Id":"NUnit.Seed","Label":"Seed","Category":"","Description":"","Attributes":0,"ValueType":"System.String"},"Value":"1594946838"}]}],"TestRunStatistics":{"ExecutedTests":66,"Stats":{"Failed":23,"Passed":43}},"ActiveTests":[]},"RunAttachments":[],"ExecutorUris":["executor://nunit3testexecutor/"]}}
TpTrace Verbose: 0 : 11648, 10, 2023/01/10, 01:38:46.147, 14991372507132, vstest.console.dll, TestRequestSender.EndSession: Sending end session.
TpTrace Verbose: 0 : 11648, 10, 2023/01/10, 01:38:46.147, 14991372509692, vstest.console.dll, ProxyOperationManager.Close: waiting for test host to exit for 100 ms
TpTrace Warning: 0 : 11648, 11, 2023/01/10, 01:38:46.170, 14991372743111, vstest.console.dll, TestHostManagerCallbacks.ErrorReceivedCallback Test host standard error line: 
TpTrace Verbose: 0 : 11648, 11, 2023/01/10, 01:38:46.217, 14991373210262, vstest.console.dll, TestHostProvider.ExitCallBack: Host exited starting callback.
TpTrace Information: 0 : 11648, 11, 2023/01/10, 01:38:46.218, 14991373218751, vstest.console.dll, TestHostManagerCallbacks.ExitCallBack: Testhost processId: 15556 exited with exitcode: 0 error: ''
TpTrace Verbose: 0 : 11648, 11, 2023/01/10, 01:38:46.218, 14991373219934, vstest.console.dll, DotnetTestHostManager.OnHostExited: invoking OnHostExited callback
TpTrace Verbose: 0 : 11648, 11, 2023/01/10, 01:38:46.218, 14991373220973, vstest.console.dll, CrossPlatEngine.TestHostManagerHostExited: calling on client process exit callback.
TpTrace Information: 0 : 11648, 11, 2023/01/10, 01:38:46.218, 14991373222252, vstest.console.dll, TestRequestSender.OnClientProcessExit: Test host process exited. Standard error: 
TpTrace Information: 0 : 11648, 10, 2023/01/10, 01:38:46.218, 14991373222686, vstest.console.dll, SocketServer.Stop: Stop server endPoint: 127.0.0.1:64481
TpTrace Information: 0 : 11648, 11, 2023/01/10, 01:38:46.218, 14991373223098, vstest.console.dll, SocketServer.Stop: Stop server endPoint: 127.0.0.1:64481
TpTrace Information: 0 : 11648, 10, 2023/01/10, 01:38:46.218, 14991373223859, vstest.console.dll, SocketServer.Stop: Cancellation requested. Stopping message loop.
TpTrace Information: 0 : 11648, 11, 2023/01/10, 01:38:46.218, 14991373224690, vstest.console.dll, SocketServer.Stop: Cancellation requested. Stopping message loop.
TpTrace Verbose: 0 : 11648, 11, 2023/01/10, 01:38:46.218, 14991373226207, vstest.console.dll, MulticastDelegateUtilities.SafeInvoke: HostProviderEvents.OnHostExited: Invoking callback 1/1 for Microsoft.VisualStudio.TestPlatform.CrossPlatEngine.Client.ProxyOperationManager.TestHostManagerHostExited, took 0 ms.
TpTrace Information: 0 : 11648, 10, 2023/01/10, 01:38:46.219, 14991373226901, vstest.console.dll, Closing the connection
TpTrace Verbose: 0 : 11648, 10, 2023/01/10, 01:38:46.219, 14991373234032, vstest.console.dll, ProxyDataCollectionManager.InvokeDataCollectionServiceAction: Starting.
TpTrace Information: 0 : 11648, 10, 2023/01/10, 01:38:46.219, 14991373235284, vstest.console.dll, ProxyDataCollectionManager.AfterTestRunEnd: Get attachment set and invoked data collectors processId: 16564 port: 64478
TpTrace Verbose: 0 : 11648, 10, 2023/01/10, 01:38:46.219, 14991373236187, vstest.console.dll, DataCollectionRequestSender.SendAfterTestRunStartAndGetResult: Send AfterTestRunEnd message with isCancelled: False
TpTrace Verbose: 0 : 11648, 10, 2023/01/10, 01:38:46.233, 14991373372424, vstest.console.dll, DataCollectionRequestSender.SendAfterTestRunStartAndGetResult: Received message: (DataCollection.AfterTestRunEndResult) -> {
  "AttachmentSets": [],
  "InvokedDataCollectors": [
    {
      "Uri": "datacollector://Microsoft/TestPlatform/Extensions/Blame/v1",
      "FriendlyName": "Blame",
      "AssemblyQualifiedName": "Microsoft.TestPlatform.Extensions.BlameDataCollector.BlameCollector, Microsoft.TestPlatform.Extensions.BlameDataCollector, Version=15.0.0.0, Culture=neutral, PublicKeyToken=b03f5f7f11d50a3a",
      "FilePath": "C:\\Program Files\\dotnet\\sdk\\6.0.302\\Extensions\\Microsoft.TestPlatform.Extensions.BlameDataCollector.dll",
      "HasAttachmentProcessor": false
    }
  ],
  "Metrics": {}
}
TpTrace Information: 0 : 11648, 10, 2023/01/10, 01:38:46.243, 14991373474592, vstest.console.dll, ProxyDataCollectionManager.InvokeDataCollectionServiceAction: Completed.
TpTrace Warning: 0 : 11648, 7, 2023/01/10, 01:38:46.255, 14991373591046, vstest.console.dll, DataCollectionLauncher.ErrorReceivedCallback datacollector standard error line: 
TpTrace Information: 0 : 11648, 7, 2023/01/10, 01:38:46.275, 14991373789760, vstest.console.dll, DataCollectionLauncher.ExitCallBack: Data collector exited with exitcode: 0 error: ''
TpTrace Verbose: 0 : 11648, 10, 2023/01/10, 01:38:46.315, 14991374189337, vstest.console.dll, TestRunRequest:SendTestRunStatsChange: Starting.
TpTrace Verbose: 0 : 11648, 4, 2023/01/10, 01:38:46.315, 14991374194349, vstest.console.dll, MulticastDelegateUtilities.SafeInvoke: InternalTestLoggerEvents.SendTestResult: Invoking callback 1/1 for Microsoft.VisualStudio.TestPlatform.CommandLine.Internal.ConsoleLogger.TestResultHandler, took 0 ms.
TpTrace Verbose: 0 : 11648, 10, 2023/01/10, 01:38:46.315, 14991374196302, vstest.console.dll, MulticastDelegateUtilities.SafeInvoke: TestRun.RunStatsChanged: Invoking callbacks was skipped because there are no subscribers.
TpTrace Verbose: 0 : 11648, 4, 2023/01/10, 01:38:46.316, 14991374196600, vstest.console.dll, MulticastDelegateUtilities.SafeInvoke: InternalTestLoggerEvents.SendTestResult: Invoking callback 1/1 for Microsoft.VisualStudio.TestPlatform.CommandLine.Internal.ConsoleLogger.TestResultHandler, took 0 ms.
TpTrace Information: 0 : 11648, 10, 2023/01/10, 01:38:46.316, 14991374197204, vstest.console.dll, TestRunRequest:SendTestRunStatsChange: Completed.
TpTrace Verbose: 0 : 11648, 4, 2023/01/10, 01:38:46.316, 14991374198205, vstest.console.dll, MulticastDelegateUtilities.SafeInvoke: InternalTestLoggerEvents.SendTestResult: Invoking callback 1/1 for Microsoft.VisualStudio.TestPlatform.CommandLine.Internal.ConsoleLogger.TestResultHandler, took 0 ms.
TpTrace Verbose: 0 : 11648, 10, 2023/01/10, 01:38:46.316, 14991374203469, vstest.console.dll, ParallelProxyExecutionManager: HandlePartialRunComplete: Total completed clients = 1, Run complete = True, Run canceled: False.
TpTrace Verbose: 0 : 11648, 4, 2023/01/10, 01:38:46.337, 14991374413384, vstest.console.dll, MulticastDelegateUtilities.SafeInvoke: InternalTestLoggerEvents.SendTestRunComplete: Invoking callback 1/2 for Microsoft.TestPlatform.Extensions.BlameDataCollector.BlameLogger.TestRunCompleteHandler, took 0 ms.
TpTrace Verbose: 0 : 11648, 4, 2023/01/10, 01:38:46.348, 14991374522387, vstest.console.dll, MulticastDelegateUtilities.SafeInvoke: InternalTestLoggerEvents.SendTestRunComplete: Invoking callback 2/2 for Microsoft.VisualStudio.TestPlatform.CommandLine.Internal.ConsoleLogger.TestRunCompleteHandler, took 10 ms.
TpTrace Verbose: 0 : 11648, 10, 2023/01/10, 01:38:46.349, 14991374527269, vstest.console.dll, TestRunRequest:TestRunComplete: Starting. IsAborted:False IsCanceled:False.
TpTrace Verbose: 0 : 11648, 10, 2023/01/10, 01:38:46.349, 14991374536292, vstest.console.dll, TestLoggerManager.HandleTestRunComplete: Ignoring as the object is disposed.
TpTrace Verbose: 0 : 11648, 10, 2023/01/10, 01:38:46.350, 14991374539292, vstest.console.dll, MulticastDelegateUtilities.SafeInvoke: TestRun.TestRunComplete: Invoking callback 1/2 for Microsoft.VisualStudio.TestPlatform.CommandLine.TestRunResultAggregator.TestRunCompletionHandler, took 0 ms.
TpTrace Verbose: 0 : 11648, 10, 2023/01/10, 01:38:46.350, 14991374540393, vstest.console.dll, MulticastDelegateUtilities.SafeInvoke: TestRun.TestRunComplete: Invoking callback 2/2 for Microsoft.VisualStudio.TestPlatform.CommandLine.Processors.RunTestsArgumentExecutor+TestRunRequestEventsRegistrar.TestRunRequest_OnRunCompletion, took 0 ms.
TpTrace Information: 0 : 11648, 10, 2023/01/10, 01:38:46.350, 14991374541694, vstest.console.dll, TestRunRequest:TestRunComplete: Completed.
TpTrace Verbose: 0 : 11648, 1, 2023/01/10, 01:38:46.350, 14991374541870, vstest.console.dll, TestRunRequest.Dispose: Starting.
TpTrace Verbose: 0 : 11648, 10, 2023/01/10, 01:38:46.350, 14991374542642, vstest.console.dll, TestRequestSender.SetOperationComplete: Setting operation complete.
TpTrace Information: 0 : 11648, 1, 2023/01/10, 01:38:46.350, 14991374543782, vstest.console.dll, TestRunRequest.Dispose: Completed.
TpTrace Information: 0 : 11648, 10, 2023/01/10, 01:38:46.350, 14991374544209, vstest.console.dll, SocketServer.Stop: Stop server endPoint: 127.0.0.1:64481
TpTrace Information: 0 : 11648, 1, 2023/01/10, 01:38:46.350, 14991374545133, vstest.console.dll, TestRequestManager.RunTests: run tests completed.
TpTrace Information: 0 : 11648, 10, 2023/01/10, 01:38:46.350, 14991374545621, vstest.console.dll, SocketServer.Stop: Cancellation requested. Stopping message loop.
TpTrace Information: 0 : 11648, 1, 2023/01/10, 01:38:46.351, 14991374547118, vstest.console.dll, RunTestsArgumentProcessor:Execute: Test run is completed.
TpTrace Verbose: 0 : 11648, 10, 2023/01/10, 01:38:46.351, 14991374547778, vstest.console.dll, MulticastDelegateUtilities.SafeInvoke: LengthPrefixCommunicationChannel: MessageReceived: Invoking callback 1/1 for Microsoft.VisualStudio.TestPlatform.CommunicationUtilities.TestRequestSender+<>c__DisplayClass30_0.<StartTestRun>b__1, took 204 ms.
TpTrace Information: 0 : 11648, 10, 2023/01/10, 01:38:46.351, 14991374549503, vstest.console.dll, SocketServer.PrivateStop: Stopping server endPoint: 127.0.0.1:64481 error: 
TpTrace Verbose: 0 : 11648, 1, 2023/01/10, 01:38:46.351, 14991374550799, vstest.console.dll, Executor.Execute: Exiting with exit code of 1
TpTrace Verbose: 0 : 11648, 10, 2023/01/10, 01:38:46.353, 14991374567111, vstest.console.dll, LengthPrefixCommunicationChannel.Dispose: Dispose reader and writer.
TpTrace Information: 0 : 11648, 10, 2023/01/10, 01:38:46.353, 14991374569425, vstest.console.dll, SocketServer.Stop: Raise disconnected event endPoint: 127.0.0.1:64481 error: 
TpTrace Verbose: 0 : 11648, 10, 2023/01/10, 01:38:46.353, 14991374570400, vstest.console.dll, TestRequestSender: OnTestRunAbort: Operation is already complete. Skip error message.
TpTrace Verbose: 0 : 11648, 10, 2023/01/10, 01:38:46.353, 14991374571053, vstest.console.dll, MulticastDelegateUtilities.SafeInvoke: SocketServer: ClientDisconnected: Invoking callback 1/1 for Microsoft.VisualStudio.TestPlatform.CommunicationUtilities.TestRequestSender.<InitializeCommunication>b__23_1, took 0 ms.
TpTrace Verbose: 0 : 11648, 10, 2023/01/10, 01:38:46.353, 14991374571607, vstest.console.dll, TcpClientExtensions.MessageLoopAsync: exiting MessageLoopAsync remoteEndPoint: 127.0.0.1:64482 localEndPoint: 127.0.0.1:64481
