TpTrace Verbose: 0 : 16504, 1, 2022/12/27, 20:36:26.611, 3576626184053, vstest.console.dll, Version: 17.2.0-release-20220408-11 Current process architecture: X64
TpTrace Information: 0 : 16504, 1, 2022/12/27, 20:36:26.624, 3576626315578, vstest.console.dll, FilePatternParser: The given file C:\Users\Dell\source\repos\Accounting_of_goods\UnitOfWorkTest\bin\Debug\net6.0\fine-code-coverage\build-output\Tests.dll is a full path.
TpTrace Verbose: 0 : 16504, 1, 2022/12/27, 20:36:26.639, 3576626472862, vstest.console.dll, TestPluginCache.DiscoverTestExtensions: finding test extensions in assemblies ends with: RuntimeProvider.dll TPluginInfo: Microsoft.VisualStudio.TestPlatform.Common.ExtensionFramework.Utilities.TestRuntimePluginInformation TExtension: Microsoft.VisualStudio.TestPlatform.ObjectModel.Host.ITestRuntimeProvider
TpTrace Verbose: 0 : 16504, 1, 2022/12/27, 20:36:26.640, 3576626477475, vstest.console.dll, TestPluginCache.GetExtensionPaths: Filtered extension paths: 
TpTrace Verbose: 0 : 16504, 1, 2022/12/27, 20:36:26.640, 3576626478579, vstest.console.dll, TestPluginCache.GetExtensionPaths: Added default extension paths: C:\Program Files\dotnet\sdk\6.0.302\Extensions\DumpMinitool.exe
C:\Program Files\dotnet\sdk\6.0.302\Extensions\DumpMinitool.x86.exe
C:\Program Files\dotnet\sdk\6.0.302\Extensions\Microsoft.Diagnostics.NETCore.Client.dll
C:\Program Files\dotnet\sdk\6.0.302\Extensions\Microsoft.TestPlatform.Extensions.BlameDataCollector.dll
C:\Program Files\dotnet\sdk\6.0.302\Extensions\Microsoft.TestPlatform.Extensions.EventLogCollector.dll
C:\Program Files\dotnet\sdk\6.0.302\Extensions\Microsoft.TestPlatform.TestHostRuntimeProvider.dll
C:\Program Files\dotnet\sdk\6.0.302\Extensions\Microsoft.VisualStudio.TestPlatform.Extensions.Html.TestLogger.dll
C:\Program Files\dotnet\sdk\6.0.302\Extensions\Microsoft.VisualStudio.TestPlatform.Extensions.Trx.TestLogger.dll
TpTrace Verbose: 0 : 16504, 1, 2022/12/27, 20:36:26.640, 3576626479165, vstest.console.dll, TestPluginCache.GetExtensionPaths: Added unfilterableExtensionPaths: 
TpTrace Information: 0 : 16504, 1, 2022/12/27, 20:36:26.641, 3576626486866, vstest.console.dll, AssemblyResolver.ctor: Creating AssemblyResolver with searchDirectories C:\Program Files\dotnet\sdk\6.0.302\Extensions,C:\Program Files\dotnet\sdk\6.0.302
TpTrace Verbose: 0 : 16504, 1, 2022/12/27, 20:36:26.642, 3576626498182, vstest.console.dll, TestPluginCache.DiscoverTestExtensions: Discovering the extensions using extension path.
TpTrace Verbose: 0 : 16504, 1, 2022/12/27, 20:36:26.642, 3576626500196, vstest.console.dll, TestPluginCache.GetExtensionPaths: Filtered extension paths: 
TpTrace Verbose: 0 : 16504, 1, 2022/12/27, 20:36:26.642, 3576626500877, vstest.console.dll, TestPluginCache.GetExtensionPaths: Added default extension paths: C:\Program Files\dotnet\sdk\6.0.302\Extensions\DumpMinitool.exe
C:\Program Files\dotnet\sdk\6.0.302\Extensions\DumpMinitool.x86.exe
C:\Program Files\dotnet\sdk\6.0.302\Extensions\Microsoft.Diagnostics.NETCore.Client.dll
C:\Program Files\dotnet\sdk\6.0.302\Extensions\Microsoft.TestPlatform.Extensions.BlameDataCollector.dll
C:\Program Files\dotnet\sdk\6.0.302\Extensions\Microsoft.TestPlatform.Extensions.EventLogCollector.dll
C:\Program Files\dotnet\sdk\6.0.302\Extensions\Microsoft.TestPlatform.TestHostRuntimeProvider.dll
C:\Program Files\dotnet\sdk\6.0.302\Extensions\Microsoft.VisualStudio.TestPlatform.Extensions.Html.TestLogger.dll
C:\Program Files\dotnet\sdk\6.0.302\Extensions\Microsoft.VisualStudio.TestPlatform.Extensions.Trx.TestLogger.dll
TpTrace Verbose: 0 : 16504, 1, 2022/12/27, 20:36:26.642, 3576626501366, vstest.console.dll, TestPluginCache.GetExtensionPaths: Added unfilterableExtensionPaths: 
TpTrace Verbose: 0 : 16504, 1, 2022/12/27, 20:36:26.642, 3576626502266, vstest.console.dll, TestPluginCache.DiscoverTestExtensions: Discovering the extensions using allExtensionPaths: C:\Program Files\dotnet\sdk\6.0.302\Extensions\DumpMinitool.exe
C:\Program Files\dotnet\sdk\6.0.302\Extensions\DumpMinitool.x86.exe
C:\Program Files\dotnet\sdk\6.0.302\Extensions\Microsoft.Diagnostics.NETCore.Client.dll
C:\Program Files\dotnet\sdk\6.0.302\Extensions\Microsoft.TestPlatform.Extensions.BlameDataCollector.dll
C:\Program Files\dotnet\sdk\6.0.302\Extensions\Microsoft.TestPlatform.Extensions.EventLogCollector.dll
C:\Program Files\dotnet\sdk\6.0.302\Extensions\Microsoft.TestPlatform.TestHostRuntimeProvider.dll
C:\Program Files\dotnet\sdk\6.0.302\Extensions\Microsoft.VisualStudio.TestPlatform.Extensions.Html.TestLogger.dll
C:\Program Files\dotnet\sdk\6.0.302\Extensions\Microsoft.VisualStudio.TestPlatform.Extensions.Trx.TestLogger.dll
TpTrace Information: 0 : 16504, 1, 2022/12/27, 20:36:26.643, 3576626504334, vstest.console.dll, AssemblyResolver.AddSearchDirectories: Adding more searchDirectories C:\Program Files\dotnet\sdk\6.0.302\Extensions,C:\Program Files\dotnet\sdk\6.0.302
TpTrace Information: 0 : 16504, 1, 2022/12/27, 20:36:26.643, 3576626505139, vstest.console.dll, AssemblyResolver.AddSearchDirectories: Adding more searchDirectories C:\Program Files\dotnet\sdk\6.0.302\Extensions,C:\Program Files\dotnet\sdk\6.0.302
TpTrace Information: 0 : 16504, 1, 2022/12/27, 20:36:26.643, 3576626505580, vstest.console.dll, AssemblyResolver.AddSearchDirectories: Adding more searchDirectories C:\Program Files\dotnet\sdk\6.0.302\Extensions,C:\Program Files\dotnet\sdk\6.0.302
TpTrace Information: 0 : 16504, 1, 2022/12/27, 20:36:26.643, 3576626505982, vstest.console.dll, AssemblyResolver.AddSearchDirectories: Adding more searchDirectories C:\Program Files\dotnet\sdk\6.0.302\Extensions,C:\Program Files\dotnet\sdk\6.0.302
TpTrace Information: 0 : 16504, 1, 2022/12/27, 20:36:26.643, 3576626506441, vstest.console.dll, AssemblyResolver.AddSearchDirectories: Adding more searchDirectories C:\Program Files\dotnet\sdk\6.0.302\Extensions,C:\Program Files\dotnet\sdk\6.0.302
TpTrace Information: 0 : 16504, 1, 2022/12/27, 20:36:26.643, 3576626507129, vstest.console.dll, AssemblyResolver.AddSearchDirectories: Adding more searchDirectories C:\Program Files\dotnet\sdk\6.0.302\Extensions,C:\Program Files\dotnet\sdk\6.0.302
TpTrace Information: 0 : 16504, 1, 2022/12/27, 20:36:26.643, 3576626507530, vstest.console.dll, AssemblyResolver.AddSearchDirectories: Adding more searchDirectories C:\Program Files\dotnet\sdk\6.0.302\Extensions,C:\Program Files\dotnet\sdk\6.0.302
TpTrace Information: 0 : 16504, 1, 2022/12/27, 20:36:26.643, 3576626508015, vstest.console.dll, AssemblyResolver.AddSearchDirectories: Adding more searchDirectories C:\Program Files\dotnet\sdk\6.0.302\Extensions,C:\Program Files\dotnet\sdk\6.0.302
TpTrace Information: 0 : 16504, 1, 2022/12/27, 20:36:26.643, 3576626512105, vstest.console.dll, AssemblyResolver.OnResolve: DumpMinitool: Resolving assembly.
TpTrace Information: 0 : 16504, 1, 2022/12/27, 20:36:26.643, 3576626512910, vstest.console.dll, AssemblyResolver.OnResolve: DumpMinitool: Searching in: 'C:\Program Files\dotnet\sdk\6.0.302\Extensions'.
TpTrace Information: 0 : 16504, 1, 2022/12/27, 20:36:26.644, 3576626514621, vstest.console.dll, AssemblyResolver.OnResolve: DumpMinitool: Assembly path does not exist: 'C:\Program Files\dotnet\sdk\6.0.302\Extensions\DumpMinitool.dll', returning.
TpTrace Information: 0 : 16504, 1, 2022/12/27, 20:36:26.645, 3576626525564, vstest.console.dll, AssemblyResolver.OnResolve: DumpMinitool: Loading assembly 'C:\Program Files\dotnet\sdk\6.0.302\Extensions\DumpMinitool.exe'.
TpTrace Information: 0 : 16504, 1, 2022/12/27, 20:36:26.646, 3576626535731, vstest.console.dll, AssemblyResolver.OnResolve: Resolved assembly: DumpMinitool, from path: C:\Program Files\dotnet\sdk\6.0.302\Extensions\DumpMinitool.exe
TpTrace Verbose: 0 : 16504, 1, 2022/12/27, 20:36:26.654, 3576626619017, vstest.console.dll, MetadataReaderExtensionsHelper: Discovering extensions inside assembly 'DumpMinitool, Version=15.0.0.0, Culture=neutral, PublicKeyToken=b03f5f7f11d50a3a' file path 'C:\Program Files\dotnet\sdk\6.0.302\Extensions\DumpMinitool.exe'
TpTrace Information: 0 : 16504, 1, 2022/12/27, 20:36:26.669, 3576626772138, vstest.console.dll, AssemblyResolver.OnResolve: DumpMinitool.x86: Resolving assembly.
TpTrace Information: 0 : 16504, 1, 2022/12/27, 20:36:26.669, 3576626773807, vstest.console.dll, AssemblyResolver.OnResolve: DumpMinitool.x86: Searching in: 'C:\Program Files\dotnet\sdk\6.0.302\Extensions'.
TpTrace Information: 0 : 16504, 1, 2022/12/27, 20:36:26.670, 3576626775074, vstest.console.dll, AssemblyResolver.OnResolve: DumpMinitool.x86: Assembly path does not exist: 'C:\Program Files\dotnet\sdk\6.0.302\Extensions\DumpMinitool.x86.dll', returning.
TpTrace Information: 0 : 16504, 1, 2022/12/27, 20:36:26.671, 3576626786295, vstest.console.dll, AssemblyResolver.OnResolve: DumpMinitool.x86: Loading assembly 'C:\Program Files\dotnet\sdk\6.0.302\Extensions\DumpMinitool.x86.exe'.
TpTrace Information: 0 : 16504, 1, 2022/12/27, 20:36:26.672, 3576626794582, vstest.console.dll, AssemblyResolver.OnResolve: Resolved assembly: DumpMinitool.x86, from path: C:\Program Files\dotnet\sdk\6.0.302\Extensions\DumpMinitool.x86.exe
TpTrace Verbose: 0 : 16504, 1, 2022/12/27, 20:36:26.672, 3576626795662, vstest.console.dll, MetadataReaderExtensionsHelper: Discovering extensions inside assembly 'DumpMinitool.x86, Version=15.0.0.0, Culture=neutral, PublicKeyToken=b03f5f7f11d50a3a' file path 'C:\Program Files\dotnet\sdk\6.0.302\Extensions\DumpMinitool.x86.exe'
TpTrace Information: 0 : 16504, 1, 2022/12/27, 20:36:26.673, 3576626805784, vstest.console.dll, AssemblyResolver.OnResolve: Microsoft.Diagnostics.NETCore.Client: Resolving assembly.
TpTrace Information: 0 : 16504, 1, 2022/12/27, 20:36:26.673, 3576626806684, vstest.console.dll, AssemblyResolver.OnResolve: Microsoft.Diagnostics.NETCore.Client: Searching in: 'C:\Program Files\dotnet\sdk\6.0.302\Extensions'.
TpTrace Information: 0 : 16504, 1, 2022/12/27, 20:36:26.675, 3576626825237, vstest.console.dll, AssemblyResolver.OnResolve: Microsoft.Diagnostics.NETCore.Client: Loading assembly 'C:\Program Files\dotnet\sdk\6.0.302\Extensions\Microsoft.Diagnostics.NETCore.Client.dll'.
TpTrace Information: 0 : 16504, 1, 2022/12/27, 20:36:26.677, 3576626850289, vstest.console.dll, AssemblyResolver.OnResolve: Resolved assembly: Microsoft.Diagnostics.NETCore.Client, from path: C:\Program Files\dotnet\sdk\6.0.302\Extensions\Microsoft.Diagnostics.NETCore.Client.dll
TpTrace Verbose: 0 : 16504, 1, 2022/12/27, 20:36:26.677, 3576626851492, vstest.console.dll, MetadataReaderExtensionsHelper: Discovering extensions inside assembly 'Microsoft.Diagnostics.NETCore.Client, Version=0.2.5.801, Culture=neutral, PublicKeyToken=31bf3856ad364e35' file path 'C:\Program Files\dotnet\sdk\6.0.302\Extensions\Microsoft.Diagnostics.NETCore.Client.dll'
TpTrace Information: 0 : 16504, 1, 2022/12/27, 20:36:26.687, 3576626944341, vstest.console.dll, AssemblyResolver.OnResolve: Microsoft.Bcl.AsyncInterfaces: Resolving assembly.
TpTrace Information: 0 : 16504, 1, 2022/12/27, 20:36:26.687, 3576626945457, vstest.console.dll, AssemblyResolver.OnResolve: Microsoft.Bcl.AsyncInterfaces: Searching in: 'C:\Program Files\dotnet\sdk\6.0.302\Extensions'.
TpTrace Information: 0 : 16504, 1, 2022/12/27, 20:36:26.687, 3576626946789, vstest.console.dll, AssemblyResolver.OnResolve: Microsoft.Bcl.AsyncInterfaces: Assembly path does not exist: 'C:\Program Files\dotnet\sdk\6.0.302\Extensions\Microsoft.Bcl.AsyncInterfaces.dll', returning.
TpTrace Information: 0 : 16504, 1, 2022/12/27, 20:36:26.687, 3576626947639, vstest.console.dll, AssemblyResolver.OnResolve: Microsoft.Bcl.AsyncInterfaces: Assembly path does not exist: 'C:\Program Files\dotnet\sdk\6.0.302\Extensions\Microsoft.Bcl.AsyncInterfaces.exe', returning.
TpTrace Information: 0 : 16504, 1, 2022/12/27, 20:36:26.687, 3576626948067, vstest.console.dll, AssemblyResolver.OnResolve: Microsoft.Bcl.AsyncInterfaces: Searching in: 'C:\Program Files\dotnet\sdk\6.0.302'.
TpTrace Information: 0 : 16504, 1, 2022/12/27, 20:36:26.687, 3576626948855, vstest.console.dll, AssemblyResolver.OnResolve: Microsoft.Bcl.AsyncInterfaces: Assembly path does not exist: 'C:\Program Files\dotnet\sdk\6.0.302\Microsoft.Bcl.AsyncInterfaces.dll', returning.
TpTrace Information: 0 : 16504, 1, 2022/12/27, 20:36:26.687, 3576626949693, vstest.console.dll, AssemblyResolver.OnResolve: Microsoft.Bcl.AsyncInterfaces: Assembly path does not exist: 'C:\Program Files\dotnet\sdk\6.0.302\Microsoft.Bcl.AsyncInterfaces.exe', returning.
TpTrace Information: 0 : 16504, 1, 2022/12/27, 20:36:26.687, 3576626950157, vstest.console.dll, AssemblyResolver.OnResolve: Microsoft.Bcl.AsyncInterfaces: Failed to load assembly.
TpTrace Verbose: 0 : 16504, 1, 2022/12/27, 20:36:26.687, 3576626950837, vstest.console.dll, CurrentDomainAssemblyResolve: Resolving assembly 'Microsoft.Bcl.AsyncInterfaces'.
TpTrace Information: 0 : 16504, 1, 2022/12/27, 20:36:26.687, 3576626951602, vstest.console.dll, AssemblyResolver.OnResolve: Microsoft.Bcl.AsyncInterfaces: Resolving assembly.
TpTrace Information: 0 : 16504, 1, 2022/12/27, 20:36:26.687, 3576626952104, vstest.console.dll, AssemblyResolver.OnResolve: Microsoft.Bcl.AsyncInterfaces: Resolved from cache.
TpTrace Verbose: 0 : 16504, 1, 2022/12/27, 20:36:26.687, 3576626952592, vstest.console.dll, CurrentDomainAssemblyResolve: Resolving assembly 'Microsoft.Bcl.AsyncInterfaces'.
TpTrace Verbose: 0 : 16504, 1, 2022/12/27, 20:36:26.687, 3576626953139, vstest.console.dll, CurrentDomainAssemblyResolve: Failed to resolve assembly 'Microsoft.Bcl.AsyncInterfaces'.
TpTrace Verbose: 0 : 16504, 1, 2022/12/27, 20:36:26.694, 3576627017086, vstest.console.dll, CurrentDomainAssemblyResolve: Failed to resolve assembly 'Microsoft.Bcl.AsyncInterfaces'.
TpTrace Warning: 0 : 16504, 1, 2022/12/27, 20:36:26.735, 3576627430415, vstest.console.dll, TestPluginDiscoverer: Failed to get types from assembly 'Microsoft.Diagnostics.NETCore.Client, Version=0.2.5.801, Culture=neutral, PublicKeyToken=31bf3856ad364e35'. Error: System.Reflection.ReflectionTypeLoadException: Unable to load one or more of the requested types.
Could not load file or assembly 'Microsoft.Bcl.AsyncInterfaces, Version=1.0.0.0, Culture=neutral, PublicKeyToken=cc7b13ffcd2ddd51'. The system cannot find the file specified.
   at System.Reflection.RuntimeModule.GetTypes(RuntimeModule module)
   at System.Reflection.Assembly.GetTypes()
   at Microsoft.VisualStudio.TestPlatform.Common.ExtensionFramework.TestPluginDiscoverer.GetTestExtensionsFromAssembly[TPluginInfo,TExtension](Assembly assembly, Dictionary`2 pluginInfos, String filePath)
System.IO.FileNotFoundException: Could not load file or assembly 'Microsoft.Bcl.AsyncInterfaces, Version=1.0.0.0, Culture=neutral, PublicKeyToken=cc7b13ffcd2ddd51'. The system cannot find the file specified.
File name: 'Microsoft.Bcl.AsyncInterfaces, Version=1.0.0.0, Culture=neutral, PublicKeyToken=cc7b13ffcd2ddd51'
 ---> System.IO.FileNotFoundException: Could not load file or assembly 'Microsoft.Bcl.AsyncInterfaces, Culture=neutral, PublicKeyToken=null'. The system cannot find the file specified.
File name: 'Microsoft.Bcl.AsyncInterfaces, Culture=neutral, PublicKeyToken=null'
   at System.Reflection.RuntimeAssembly.InternalLoad(ObjectHandleOnStack assemblyName, ObjectHandleOnStack requestingAssembly, StackCrawlMarkHandle stackMark, Boolean throwOnFileNotFound, ObjectHandleOnStack assemblyLoadContext, ObjectHandleOnStack retAssembly)
   at System.Reflection.RuntimeAssembly.InternalLoad(AssemblyName assemblyName, RuntimeAssembly requestingAssembly, StackCrawlMark& stackMark, Boolean throwOnFileNotFound, AssemblyLoadContext assemblyLoadContext)
   at System.Reflection.Assembly.Load(AssemblyName assemblyRef)
   at Microsoft.VisualStudio.TestPlatform.Common.ExtensionFramework.TestPluginCache.CurrentDomainAssemblyResolve(Object sender, AssemblyResolveEventArgs args)
   at Microsoft.VisualStudio.TestPlatform.PlatformAbstractions.PlatformAssemblyResolver.AssemblyResolverEvent(Object sender, Object eventArgs)
   at System.Runtime.Loader.AssemblyLoadContext.GetFirstResolvedAssemblyFromResolvingEvent(AssemblyName assemblyName)
   at System.Runtime.Loader.AssemblyLoadContext.ResolveUsingEvent(AssemblyName assemblyName)
   at System.Runtime.Loader.AssemblyLoadContext.ResolveUsingResolvingEvent(IntPtr gchManagedAssemblyLoadContext, AssemblyName assemblyName)
TpTrace Warning: 0 : 16504, 1, 2022/12/27, 20:36:26.736, 3576627434373, vstest.console.dll, LoaderExceptions: System.IO.FileNotFoundException: Could not load file or assembly 'Microsoft.Bcl.AsyncInterfaces, Version=1.0.0.0, Culture=neutral, PublicKeyToken=cc7b13ffcd2ddd51'. The system cannot find the file specified.
File name: 'Microsoft.Bcl.AsyncInterfaces, Version=1.0.0.0, Culture=neutral, PublicKeyToken=cc7b13ffcd2ddd51'
 ---> System.IO.FileNotFoundException: Could not load file or assembly 'Microsoft.Bcl.AsyncInterfaces, Culture=neutral, PublicKeyToken=null'. The system cannot find the file specified.
File name: 'Microsoft.Bcl.AsyncInterfaces, Culture=neutral, PublicKeyToken=null'
   at System.Reflection.RuntimeAssembly.InternalLoad(ObjectHandleOnStack assemblyName, ObjectHandleOnStack requestingAssembly, StackCrawlMarkHandle stackMark, Boolean throwOnFileNotFound, ObjectHandleOnStack assemblyLoadContext, ObjectHandleOnStack retAssembly)
   at System.Reflection.RuntimeAssembly.InternalLoad(AssemblyName assemblyName, RuntimeAssembly requestingAssembly, StackCrawlMark& stackMark, Boolean throwOnFileNotFound, AssemblyLoadContext assemblyLoadContext)
   at System.Reflection.Assembly.Load(AssemblyName assemblyRef)
   at Microsoft.VisualStudio.TestPlatform.Common.ExtensionFramework.TestPluginCache.CurrentDomainAssemblyResolve(Object sender, AssemblyResolveEventArgs args)
   at Microsoft.VisualStudio.TestPlatform.PlatformAbstractions.PlatformAssemblyResolver.AssemblyResolverEvent(Object sender, Object eventArgs)
   at System.Runtime.Loader.AssemblyLoadContext.GetFirstResolvedAssemblyFromResolvingEvent(AssemblyName assemblyName)
   at System.Runtime.Loader.AssemblyLoadContext.ResolveUsingEvent(AssemblyName assemblyName)
   at System.Runtime.Loader.AssemblyLoadContext.ResolveUsingResolvingEvent(IntPtr gchManagedAssemblyLoadContext, AssemblyName assemblyName)
TpTrace Information: 0 : 16504, 1, 2022/12/27, 20:36:26.736, 3576627436050, vstest.console.dll, AssemblyResolver.OnResolve: Microsoft.TestPlatform.Extensions.BlameDataCollector: Resolving assembly.
TpTrace Information: 0 : 16504, 1, 2022/12/27, 20:36:26.736, 3576627436622, vstest.console.dll, AssemblyResolver.OnResolve: Microsoft.TestPlatform.Extensions.BlameDataCollector: Searching in: 'C:\Program Files\dotnet\sdk\6.0.302\Extensions'.
TpTrace Information: 0 : 16504, 1, 2022/12/27, 20:36:26.737, 3576627452969, vstest.console.dll, AssemblyResolver.OnResolve: Microsoft.TestPlatform.Extensions.BlameDataCollector: Loading assembly 'C:\Program Files\dotnet\sdk\6.0.302\Extensions\Microsoft.TestPlatform.Extensions.BlameDataCollector.dll'.
TpTrace Information: 0 : 16504, 1, 2022/12/27, 20:36:26.739, 3576627470852, vstest.console.dll, AssemblyResolver.OnResolve: Resolved assembly: Microsoft.TestPlatform.Extensions.BlameDataCollector, from path: C:\Program Files\dotnet\sdk\6.0.302\Extensions\Microsoft.TestPlatform.Extensions.BlameDataCollector.dll
TpTrace Verbose: 0 : 16504, 1, 2022/12/27, 20:36:26.739, 3576627472266, vstest.console.dll, MetadataReaderExtensionsHelper: Discovering extensions inside assembly 'Microsoft.TestPlatform.Extensions.BlameDataCollector, Version=15.0.0.0, Culture=neutral, PublicKeyToken=b03f5f7f11d50a3a' file path 'C:\Program Files\dotnet\sdk\6.0.302\Extensions\Microsoft.TestPlatform.Extensions.BlameDataCollector.dll'
TpTrace Information: 0 : 16504, 1, 2022/12/27, 20:36:26.742, 3576627496533, vstest.console.dll, AssemblyResolver.OnResolve: Microsoft.TestPlatform.Extensions.EventLogCollector: Resolving assembly.
TpTrace Information: 0 : 16504, 1, 2022/12/27, 20:36:26.742, 3576627497851, vstest.console.dll, AssemblyResolver.OnResolve: Microsoft.TestPlatform.Extensions.EventLogCollector: Searching in: 'C:\Program Files\dotnet\sdk\6.0.302\Extensions'.
TpTrace Information: 0 : 16504, 1, 2022/12/27, 20:36:26.743, 3576627509949, vstest.console.dll, AssemblyResolver.OnResolve: Microsoft.TestPlatform.Extensions.EventLogCollector: Loading assembly 'C:\Program Files\dotnet\sdk\6.0.302\Extensions\Microsoft.TestPlatform.Extensions.EventLogCollector.dll'.
TpTrace Information: 0 : 16504, 1, 2022/12/27, 20:36:26.744, 3576627517668, vstest.console.dll, AssemblyResolver.OnResolve: Resolved assembly: Microsoft.TestPlatform.Extensions.EventLogCollector, from path: C:\Program Files\dotnet\sdk\6.0.302\Extensions\Microsoft.TestPlatform.Extensions.EventLogCollector.dll
TpTrace Verbose: 0 : 16504, 1, 2022/12/27, 20:36:26.744, 3576627518925, vstest.console.dll, MetadataReaderExtensionsHelper: Discovering extensions inside assembly 'Microsoft.TestPlatform.Extensions.EventLogCollector, Version=15.0.0.0, Culture=neutral, PublicKeyToken=b03f5f7f11d50a3a' file path 'C:\Program Files\dotnet\sdk\6.0.302\Extensions\Microsoft.TestPlatform.Extensions.EventLogCollector.dll'
TpTrace Information: 0 : 16504, 1, 2022/12/27, 20:36:26.747, 3576627545127, vstest.console.dll, AssemblyResolver.OnResolve: Microsoft.TestPlatform.TestHostRuntimeProvider: Resolving assembly.
TpTrace Information: 0 : 16504, 1, 2022/12/27, 20:36:26.747, 3576627546256, vstest.console.dll, AssemblyResolver.OnResolve: Microsoft.TestPlatform.TestHostRuntimeProvider: Searching in: 'C:\Program Files\dotnet\sdk\6.0.302\Extensions'.
TpTrace Information: 0 : 16504, 1, 2022/12/27, 20:36:26.748, 3576627557649, vstest.console.dll, AssemblyResolver.OnResolve: Microsoft.TestPlatform.TestHostRuntimeProvider: Loading assembly 'C:\Program Files\dotnet\sdk\6.0.302\Extensions\Microsoft.TestPlatform.TestHostRuntimeProvider.dll'.
TpTrace Information: 0 : 16504, 1, 2022/12/27, 20:36:26.750, 3576627577780, vstest.console.dll, AssemblyResolver.OnResolve: Resolved assembly: Microsoft.TestPlatform.TestHostRuntimeProvider, from path: C:\Program Files\dotnet\sdk\6.0.302\Extensions\Microsoft.TestPlatform.TestHostRuntimeProvider.dll
TpTrace Verbose: 0 : 16504, 1, 2022/12/27, 20:36:26.750, 3576627579121, vstest.console.dll, MetadataReaderExtensionsHelper: Discovering extensions inside assembly 'Microsoft.TestPlatform.TestHostRuntimeProvider, Version=15.0.0.0, Culture=neutral, PublicKeyToken=b03f5f7f11d50a3a' file path 'C:\Program Files\dotnet\sdk\6.0.302\Extensions\Microsoft.TestPlatform.TestHostRuntimeProvider.dll'
TpTrace Information: 0 : 16504, 1, 2022/12/27, 20:36:26.753, 3576627604037, vstest.console.dll, GetTestExtensionFromType: Register extension with identifier data 'HostProvider://DefaultTestHost' and type 'Microsoft.VisualStudio.TestPlatform.CrossPlatEngine.Hosting.DefaultTestHostManager, Microsoft.TestPlatform.TestHostRuntimeProvider, Version=15.0.0.0, Culture=neutral, PublicKeyToken=b03f5f7f11d50a3a' inside file 'C:\Program Files\dotnet\sdk\6.0.302\Extensions\Microsoft.TestPlatform.TestHostRuntimeProvider.dll'
TpTrace Information: 0 : 16504, 1, 2022/12/27, 20:36:26.753, 3576627605520, vstest.console.dll, GetTestExtensionFromType: Register extension with identifier data 'HostProvider://DotnetTestHost' and type 'Microsoft.VisualStudio.TestPlatform.CrossPlatEngine.Hosting.DotnetTestHostManager, Microsoft.TestPlatform.TestHostRuntimeProvider, Version=15.0.0.0, Culture=neutral, PublicKeyToken=b03f5f7f11d50a3a' inside file 'C:\Program Files\dotnet\sdk\6.0.302\Extensions\Microsoft.TestPlatform.TestHostRuntimeProvider.dll'
TpTrace Information: 0 : 16504, 1, 2022/12/27, 20:36:26.753, 3576627606604, vstest.console.dll, AssemblyResolver.OnResolve: Microsoft.VisualStudio.TestPlatform.Extensions.Html.TestLogger: Resolving assembly.
TpTrace Information: 0 : 16504, 1, 2022/12/27, 20:36:26.753, 3576627607232, vstest.console.dll, AssemblyResolver.OnResolve: Microsoft.VisualStudio.TestPlatform.Extensions.Html.TestLogger: Searching in: 'C:\Program Files\dotnet\sdk\6.0.302\Extensions'.
TpTrace Information: 0 : 16504, 1, 2022/12/27, 20:36:26.754, 3576627619920, vstest.console.dll, AssemblyResolver.OnResolve: Microsoft.VisualStudio.TestPlatform.Extensions.Html.TestLogger: Loading assembly 'C:\Program Files\dotnet\sdk\6.0.302\Extensions\Microsoft.VisualStudio.TestPlatform.Extensions.Html.TestLogger.dll'.
TpTrace Information: 0 : 16504, 1, 2022/12/27, 20:36:26.755, 3576627632333, vstest.console.dll, AssemblyResolver.OnResolve: Resolved assembly: Microsoft.VisualStudio.TestPlatform.Extensions.Html.TestLogger, from path: C:\Program Files\dotnet\sdk\6.0.302\Extensions\Microsoft.VisualStudio.TestPlatform.Extensions.Html.TestLogger.dll
TpTrace Verbose: 0 : 16504, 1, 2022/12/27, 20:36:26.755, 3576627633595, vstest.console.dll, MetadataReaderExtensionsHelper: Discovering extensions inside assembly 'Microsoft.VisualStudio.TestPlatform.Extensions.Html.TestLogger, Version=15.0.0.0, Culture=neutral, PublicKeyToken=b03f5f7f11d50a3a' file path 'C:\Program Files\dotnet\sdk\6.0.302\Extensions\Microsoft.VisualStudio.TestPlatform.Extensions.Html.TestLogger.dll'
TpTrace Information: 0 : 16504, 1, 2022/12/27, 20:36:26.757, 3576627648749, vstest.console.dll, AssemblyResolver.OnResolve: Microsoft.VisualStudio.TestPlatform.Extensions.Trx.TestLogger: Resolving assembly.
TpTrace Information: 0 : 16504, 1, 2022/12/27, 20:36:26.757, 3576627649850, vstest.console.dll, AssemblyResolver.OnResolve: Microsoft.VisualStudio.TestPlatform.Extensions.Trx.TestLogger: Searching in: 'C:\Program Files\dotnet\sdk\6.0.302\Extensions'.
TpTrace Information: 0 : 16504, 1, 2022/12/27, 20:36:26.759, 3576627666948, vstest.console.dll, AssemblyResolver.OnResolve: Microsoft.VisualStudio.TestPlatform.Extensions.Trx.TestLogger: Loading assembly 'C:\Program Files\dotnet\sdk\6.0.302\Extensions\Microsoft.VisualStudio.TestPlatform.Extensions.Trx.TestLogger.dll'.
TpTrace Information: 0 : 16504, 1, 2022/12/27, 20:36:26.761, 3576627688107, vstest.console.dll, AssemblyResolver.OnResolve: Resolved assembly: Microsoft.VisualStudio.TestPlatform.Extensions.Trx.TestLogger, from path: C:\Program Files\dotnet\sdk\6.0.302\Extensions\Microsoft.VisualStudio.TestPlatform.Extensions.Trx.TestLogger.dll
TpTrace Verbose: 0 : 16504, 1, 2022/12/27, 20:36:26.761, 3576627689446, vstest.console.dll, MetadataReaderExtensionsHelper: Discovering extensions inside assembly 'Microsoft.VisualStudio.TestPlatform.Extensions.Trx.TestLogger, Version=15.0.0.0, Culture=neutral, PublicKeyToken=b03f5f7f11d50a3a' file path 'C:\Program Files\dotnet\sdk\6.0.302\Extensions\Microsoft.VisualStudio.TestPlatform.Extensions.Trx.TestLogger.dll'
TpTrace Verbose: 0 : 16504, 1, 2022/12/27, 20:36:26.763, 3576627709586, vstest.console.dll, TestPluginCache: Discovered the extensions using extension path ''.
TpTrace Verbose: 0 : 16504, 1, 2022/12/27, 20:36:26.763, 3576627710676, vstest.console.dll, TestPluginCache: Discoverers are ''.
TpTrace Verbose: 0 : 16504, 1, 2022/12/27, 20:36:26.763, 3576627711113, vstest.console.dll, TestPluginCache: Executors are ''.
TpTrace Verbose: 0 : 16504, 1, 2022/12/27, 20:36:26.763, 3576627711486, vstest.console.dll, TestPluginCache: Executors2 are ''.
TpTrace Verbose: 0 : 16504, 1, 2022/12/27, 20:36:26.763, 3576627711852, vstest.console.dll, TestPluginCache: Setting providers are ''.
TpTrace Verbose: 0 : 16504, 1, 2022/12/27, 20:36:26.763, 3576627712221, vstest.console.dll, TestPluginCache: Loggers are ''.
TpTrace Verbose: 0 : 16504, 1, 2022/12/27, 20:36:26.764, 3576627714159, vstest.console.dll, TestPluginCache: TestHosts are 'HostProvider://DefaultTestHost,HostProvider://DotnetTestHost'.
TpTrace Verbose: 0 : 16504, 1, 2022/12/27, 20:36:26.764, 3576627714676, vstest.console.dll, TestPluginCache: DataCollectors are ''.
TpTrace Information: 0 : 16504, 1, 2022/12/27, 20:36:26.795, 3576628027461, vstest.console.dll, RunTestsArgumentProcessor:Execute: Test run is starting.
TpTrace Verbose: 0 : 16504, 1, 2022/12/27, 20:36:26.795, 3576628028882, vstest.console.dll, RunTestsArgumentProcessor:Execute: Queuing Test run.
TpTrace Information: 0 : 16504, 1, 2022/12/27, 20:36:26.795, 3576628031762, vstest.console.dll, TestRequestManager.RunTests: run tests started.
TpTrace Information: 0 : 16504, 1, 2022/12/27, 20:36:26.799, 3576628068359, vstest.console.dll, AssemblyMetadataProvider.GetFrameWork: Determined framework:'.NETCoreApp,Version=v6.0' for source: 'C:\Users\Dell\source\repos\Accounting_of_goods\UnitOfWorkTest\bin\Debug\net6.0\fine-code-coverage\build-output\Tests.dll'
TpTrace Information: 0 : 16504, 1, 2022/12/27, 20:36:26.799, 3576628070429, vstest.console.dll, Determined framework for all sources: .NETCoreApp,Version=v6.0
TpTrace Verbose: 0 : 16504, 1, 2022/12/27, 20:36:26.800, 3576628075559, vstest.console.dll, TestRequestManager.UpdateRunSettingsIfRequired: Default architecture: X64 IsDefaultTargetArchitecture: True, Current process architecture: X64 OperatingSystem: Windows.
TpTrace Information: 0 : 16504, 1, 2022/12/27, 20:36:26.800, 3576628079565, vstest.console.dll, AssemblyMetadataProvider.GetArchitecture: Determined architecture:AnyCPU info for assembly: C:\Users\Dell\source\repos\Accounting_of_goods\UnitOfWorkTest\bin\Debug\net6.0\fine-code-coverage\build-output\Tests.dll
TpTrace Information: 0 : 16504, 1, 2022/12/27, 20:36:26.800, 3576628080196, vstest.console.dll, Determined platform for source 'C:\Users\Dell\source\repos\Accounting_of_goods\UnitOfWorkTest\bin\Debug\net6.0\fine-code-coverage\build-output\Tests.dll' is 'AnyCPU'
TpTrace Information: 0 : 16504, 1, 2022/12/27, 20:36:26.802, 3576628101943, vstest.console.dll, Determined platform for all sources: X64
TpTrace Information: 0 : 16504, 1, 2022/12/27, 20:36:26.802, 3576628102903, vstest.console.dll, Infered platform 'X64'.
TpTrace Information: 0 : 16504, 1, 2022/12/27, 20:36:26.802, 3576628103553, vstest.console.dll, Platform update to 'X64' required.
TpTrace Information: 0 : 16504, 1, 2022/12/27, 20:36:26.807, 3576628144057, vstest.console.dll, Compatible sources list: 
TpTrace Information: 0 : 16504, 1, 2022/12/27, 20:36:26.807, 3576628145331, vstest.console.dll, C:\Users\Dell\source\repos\Accounting_of_goods\UnitOfWorkTest\bin\Debug\net6.0\fine-code-coverage\build-output\Tests.dll
TpTrace Information: 0 : 16504, 1, 2022/12/27, 20:36:26.812, 3576628201630, vstest.console.dll, InferRunSettingsHelper.IsTestSettingsEnabled: Unable to navigate to RunSettings/MSTest. Current node: RunSettings
TpTrace Information: 0 : 16504, 1, 2022/12/27, 20:36:26.813, 3576628210740, vstest.console.dll, AssemblyResolver.OnResolve: Microsoft.VisualStudio.TestPlatform.Fakes: Resolving assembly.
TpTrace Information: 0 : 16504, 1, 2022/12/27, 20:36:26.813, 3576628211651, vstest.console.dll, AssemblyResolver.OnResolve: Microsoft.VisualStudio.TestPlatform.Fakes: Searching in: 'C:\Program Files\dotnet\sdk\6.0.302\Extensions'.
TpTrace Information: 0 : 16504, 1, 2022/12/27, 20:36:26.813, 3576628213031, vstest.console.dll, AssemblyResolver.OnResolve: Microsoft.VisualStudio.TestPlatform.Fakes: Assembly path does not exist: 'C:\Program Files\dotnet\sdk\6.0.302\Extensions\Microsoft.VisualStudio.TestPlatform.Fakes.dll', returning.
TpTrace Information: 0 : 16504, 1, 2022/12/27, 20:36:26.814, 3576628214302, vstest.console.dll, AssemblyResolver.OnResolve: Microsoft.VisualStudio.TestPlatform.Fakes: Assembly path does not exist: 'C:\Program Files\dotnet\sdk\6.0.302\Extensions\Microsoft.VisualStudio.TestPlatform.Fakes.exe', returning.
TpTrace Information: 0 : 16504, 1, 2022/12/27, 20:36:26.814, 3576628214877, vstest.console.dll, AssemblyResolver.OnResolve: Microsoft.VisualStudio.TestPlatform.Fakes: Searching in: 'C:\Program Files\dotnet\sdk\6.0.302'.
TpTrace Information: 0 : 16504, 1, 2022/12/27, 20:36:26.814, 3576628215777, vstest.console.dll, AssemblyResolver.OnResolve: Microsoft.VisualStudio.TestPlatform.Fakes: Assembly path does not exist: 'C:\Program Files\dotnet\sdk\6.0.302\Microsoft.VisualStudio.TestPlatform.Fakes.dll', returning.
TpTrace Information: 0 : 16504, 1, 2022/12/27, 20:36:26.814, 3576628216647, vstest.console.dll, AssemblyResolver.OnResolve: Microsoft.VisualStudio.TestPlatform.Fakes: Assembly path does not exist: 'C:\Program Files\dotnet\sdk\6.0.302\Microsoft.VisualStudio.TestPlatform.Fakes.exe', returning.
TpTrace Information: 0 : 16504, 1, 2022/12/27, 20:36:26.814, 3576628217099, vstest.console.dll, AssemblyResolver.OnResolve: Microsoft.VisualStudio.TestPlatform.Fakes: Failed to load assembly.
TpTrace Information: 0 : 16504, 1, 2022/12/27, 20:36:26.814, 3576628220259, vstest.console.dll, Failed to load assembly Microsoft.VisualStudio.TestPlatform.Fakes, Version=17.0.0.0, Culture=neutral. Reason:System.IO.FileNotFoundException: Could not load file or assembly 'Microsoft.VisualStudio.TestPlatform.Fakes, Version=17.0.0.0, Culture=neutral, PublicKeyToken=null'. The system cannot find the file specified.
File name: 'Microsoft.VisualStudio.TestPlatform.Fakes, Version=17.0.0.0, Culture=neutral, PublicKeyToken=null'
   at System.Reflection.RuntimeAssembly.InternalLoad(ObjectHandleOnStack assemblyName, ObjectHandleOnStack requestingAssembly, StackCrawlMarkHandle stackMark, Boolean throwOnFileNotFound, ObjectHandleOnStack assemblyLoadContext, ObjectHandleOnStack retAssembly)
   at System.Reflection.RuntimeAssembly.InternalLoad(AssemblyName assemblyName, RuntimeAssembly requestingAssembly, StackCrawlMark& stackMark, Boolean throwOnFileNotFound, AssemblyLoadContext assemblyLoadContext)
   at System.Reflection.Assembly.Load(AssemblyName assemblyRef)
   at Microsoft.VisualStudio.TestPlatform.Common.Utilities.FakesUtilities.LoadTestPlatformAssembly()
TpTrace Verbose: 0 : 16504, 1, 2022/12/27, 20:36:26.820, 3576628279154, vstest.console.dll, TestPluginCache.DiscoverTestExtensions: finding test extensions in assemblies ends with: TestLogger.dll TPluginInfo: Microsoft.VisualStudio.TestPlatform.Common.ExtensionFramework.Utilities.TestLoggerPluginInformation TExtension: Microsoft.VisualStudio.TestPlatform.ObjectModel.Client.ITestLogger
TpTrace Verbose: 0 : 16504, 1, 2022/12/27, 20:36:26.820, 3576628280931, vstest.console.dll, TestPluginCache.GetExtensionPaths: Filtered extension paths: 
TpTrace Verbose: 0 : 16504, 1, 2022/12/27, 20:36:26.820, 3576628281692, vstest.console.dll, TestPluginCache.GetExtensionPaths: Added default extension paths: C:\Program Files\dotnet\sdk\6.0.302\Extensions\DumpMinitool.exe
C:\Program Files\dotnet\sdk\6.0.302\Extensions\DumpMinitool.x86.exe
C:\Program Files\dotnet\sdk\6.0.302\Extensions\Microsoft.Diagnostics.NETCore.Client.dll
C:\Program Files\dotnet\sdk\6.0.302\Extensions\Microsoft.TestPlatform.Extensions.BlameDataCollector.dll
C:\Program Files\dotnet\sdk\6.0.302\Extensions\Microsoft.TestPlatform.Extensions.EventLogCollector.dll
C:\Program Files\dotnet\sdk\6.0.302\Extensions\Microsoft.TestPlatform.TestHostRuntimeProvider.dll
C:\Program Files\dotnet\sdk\6.0.302\Extensions\Microsoft.VisualStudio.TestPlatform.Extensions.Html.TestLogger.dll
C:\Program Files\dotnet\sdk\6.0.302\Extensions\Microsoft.VisualStudio.TestPlatform.Extensions.Trx.TestLogger.dll
TpTrace Verbose: 0 : 16504, 1, 2022/12/27, 20:36:26.820, 3576628282499, vstest.console.dll, TestPluginCache.GetExtensionPaths: Added unfilterableExtensionPaths: 
TpTrace Information: 0 : 16504, 1, 2022/12/27, 20:36:26.821, 3576628285028, vstest.console.dll, AssemblyResolver.AddSearchDirectories: Adding more searchDirectories C:\Program Files\dotnet\sdk\6.0.302\Extensions,C:\Program Files\dotnet\sdk\6.0.302
TpTrace Verbose: 0 : 16504, 1, 2022/12/27, 20:36:26.821, 3576628285847, vstest.console.dll, TestPluginCache.DiscoverTestExtensions: Discovering the extensions using extension path.
TpTrace Verbose: 0 : 16504, 1, 2022/12/27, 20:36:26.821, 3576628286442, vstest.console.dll, TestPluginCache.GetExtensionPaths: Filtered extension paths: 
TpTrace Verbose: 0 : 16504, 1, 2022/12/27, 20:36:26.821, 3576628286871, vstest.console.dll, TestPluginCache.GetExtensionPaths: Added default extension paths: C:\Program Files\dotnet\sdk\6.0.302\Extensions\DumpMinitool.exe
C:\Program Files\dotnet\sdk\6.0.302\Extensions\DumpMinitool.x86.exe
C:\Program Files\dotnet\sdk\6.0.302\Extensions\Microsoft.Diagnostics.NETCore.Client.dll
C:\Program Files\dotnet\sdk\6.0.302\Extensions\Microsoft.TestPlatform.Extensions.BlameDataCollector.dll
C:\Program Files\dotnet\sdk\6.0.302\Extensions\Microsoft.TestPlatform.Extensions.EventLogCollector.dll
C:\Program Files\dotnet\sdk\6.0.302\Extensions\Microsoft.TestPlatform.TestHostRuntimeProvider.dll
C:\Program Files\dotnet\sdk\6.0.302\Extensions\Microsoft.VisualStudio.TestPlatform.Extensions.Html.TestLogger.dll
C:\Program Files\dotnet\sdk\6.0.302\Extensions\Microsoft.VisualStudio.TestPlatform.Extensions.Trx.TestLogger.dll
TpTrace Verbose: 0 : 16504, 1, 2022/12/27, 20:36:26.821, 3576628287434, vstest.console.dll, TestPluginCache.GetExtensionPaths: Added unfilterableExtensionPaths: 
TpTrace Verbose: 0 : 16504, 1, 2022/12/27, 20:36:26.821, 3576628287900, vstest.console.dll, TestPluginCache.DiscoverTestExtensions: Discovering the extensions using allExtensionPaths: C:\Program Files\dotnet\sdk\6.0.302\Extensions\DumpMinitool.exe
C:\Program Files\dotnet\sdk\6.0.302\Extensions\DumpMinitool.x86.exe
C:\Program Files\dotnet\sdk\6.0.302\Extensions\Microsoft.Diagnostics.NETCore.Client.dll
C:\Program Files\dotnet\sdk\6.0.302\Extensions\Microsoft.TestPlatform.Extensions.BlameDataCollector.dll
C:\Program Files\dotnet\sdk\6.0.302\Extensions\Microsoft.TestPlatform.Extensions.EventLogCollector.dll
C:\Program Files\dotnet\sdk\6.0.302\Extensions\Microsoft.TestPlatform.TestHostRuntimeProvider.dll
C:\Program Files\dotnet\sdk\6.0.302\Extensions\Microsoft.VisualStudio.TestPlatform.Extensions.Html.TestLogger.dll
C:\Program Files\dotnet\sdk\6.0.302\Extensions\Microsoft.VisualStudio.TestPlatform.Extensions.Trx.TestLogger.dll
TpTrace Information: 0 : 16504, 1, 2022/12/27, 20:36:26.821, 3576628288598, vstest.console.dll, AssemblyResolver.AddSearchDirectories: Adding more searchDirectories C:\Program Files\dotnet\sdk\6.0.302\Extensions,C:\Program Files\dotnet\sdk\6.0.302
TpTrace Information: 0 : 16504, 1, 2022/12/27, 20:36:26.821, 3576628289068, vstest.console.dll, AssemblyResolver.AddSearchDirectories: Adding more searchDirectories C:\Program Files\dotnet\sdk\6.0.302\Extensions,C:\Program Files\dotnet\sdk\6.0.302
TpTrace Information: 0 : 16504, 1, 2022/12/27, 20:36:26.821, 3576628289498, vstest.console.dll, AssemblyResolver.AddSearchDirectories: Adding more searchDirectories C:\Program Files\dotnet\sdk\6.0.302\Extensions,C:\Program Files\dotnet\sdk\6.0.302
TpTrace Information: 0 : 16504, 1, 2022/12/27, 20:36:26.821, 3576628290000, vstest.console.dll, AssemblyResolver.AddSearchDirectories: Adding more searchDirectories C:\Program Files\dotnet\sdk\6.0.302\Extensions,C:\Program Files\dotnet\sdk\6.0.302
TpTrace Information: 0 : 16504, 1, 2022/12/27, 20:36:26.821, 3576628290421, vstest.console.dll, AssemblyResolver.AddSearchDirectories: Adding more searchDirectories C:\Program Files\dotnet\sdk\6.0.302\Extensions,C:\Program Files\dotnet\sdk\6.0.302
TpTrace Information: 0 : 16504, 1, 2022/12/27, 20:36:26.821, 3576628290870, vstest.console.dll, AssemblyResolver.AddSearchDirectories: Adding more searchDirectories C:\Program Files\dotnet\sdk\6.0.302\Extensions,C:\Program Files\dotnet\sdk\6.0.302
TpTrace Information: 0 : 16504, 1, 2022/12/27, 20:36:26.821, 3576628291362, vstest.console.dll, AssemblyResolver.AddSearchDirectories: Adding more searchDirectories C:\Program Files\dotnet\sdk\6.0.302\Extensions,C:\Program Files\dotnet\sdk\6.0.302
TpTrace Information: 0 : 16504, 1, 2022/12/27, 20:36:26.821, 3576628291793, vstest.console.dll, AssemblyResolver.AddSearchDirectories: Adding more searchDirectories C:\Program Files\dotnet\sdk\6.0.302\Extensions,C:\Program Files\dotnet\sdk\6.0.302
TpTrace Verbose: 0 : 16504, 1, 2022/12/27, 20:36:26.821, 3576628293570, vstest.console.dll, MetadataReaderExtensionsHelper: Discovering extensions inside assembly 'DumpMinitool, Version=15.0.0.0, Culture=neutral, PublicKeyToken=b03f5f7f11d50a3a' file path 'C:\Program Files\dotnet\sdk\6.0.302\Extensions\DumpMinitool.exe'
TpTrace Verbose: 0 : 16504, 1, 2022/12/27, 20:36:26.822, 3576628301229, vstest.console.dll, MetadataReaderExtensionsHelper: Discovering extensions inside assembly 'DumpMinitool.x86, Version=15.0.0.0, Culture=neutral, PublicKeyToken=b03f5f7f11d50a3a' file path 'C:\Program Files\dotnet\sdk\6.0.302\Extensions\DumpMinitool.x86.exe'
TpTrace Verbose: 0 : 16504, 1, 2022/12/27, 20:36:26.823, 3576628307576, vstest.console.dll, MetadataReaderExtensionsHelper: Discovering extensions inside assembly 'Microsoft.Diagnostics.NETCore.Client, Version=0.2.5.801, Culture=neutral, PublicKeyToken=31bf3856ad364e35' file path 'C:\Program Files\dotnet\sdk\6.0.302\Extensions\Microsoft.Diagnostics.NETCore.Client.dll'
TpTrace Information: 0 : 16504, 1, 2022/12/27, 20:36:26.824, 3576628315357, vstest.console.dll, AssemblyResolver.OnResolve: Microsoft.Bcl.AsyncInterfaces: Resolving assembly.
TpTrace Information: 0 : 16504, 1, 2022/12/27, 20:36:26.824, 3576628316134, vstest.console.dll, AssemblyResolver.OnResolve: Microsoft.Bcl.AsyncInterfaces: Resolved from cache.
TpTrace Verbose: 0 : 16504, 1, 2022/12/27, 20:36:26.824, 3576628316713, vstest.console.dll, CurrentDomainAssemblyResolve: Resolving assembly 'Microsoft.Bcl.AsyncInterfaces'.
TpTrace Information: 0 : 16504, 1, 2022/12/27, 20:36:26.824, 3576628317351, vstest.console.dll, AssemblyResolver.OnResolve: Microsoft.Bcl.AsyncInterfaces: Resolving assembly.
TpTrace Information: 0 : 16504, 1, 2022/12/27, 20:36:26.824, 3576628317778, vstest.console.dll, AssemblyResolver.OnResolve: Microsoft.Bcl.AsyncInterfaces: Resolved from cache.
TpTrace Verbose: 0 : 16504, 1, 2022/12/27, 20:36:26.824, 3576628318205, vstest.console.dll, CurrentDomainAssemblyResolve: Resolving assembly 'Microsoft.Bcl.AsyncInterfaces'.
TpTrace Verbose: 0 : 16504, 1, 2022/12/27, 20:36:26.824, 3576628318609, vstest.console.dll, CurrentDomainAssemblyResolve: Failed to resolve assembly 'Microsoft.Bcl.AsyncInterfaces'.
TpTrace Verbose: 0 : 16504, 1, 2022/12/27, 20:36:26.824, 3576628320582, vstest.console.dll, CurrentDomainAssemblyResolve: Failed to resolve assembly 'Microsoft.Bcl.AsyncInterfaces'.
TpTrace Warning: 0 : 16504, 1, 2022/12/27, 20:36:26.825, 3576628325821, vstest.console.dll, TestPluginDiscoverer: Failed to get types from assembly 'Microsoft.Diagnostics.NETCore.Client, Version=0.2.5.801, Culture=neutral, PublicKeyToken=31bf3856ad364e35'. Error: System.Reflection.ReflectionTypeLoadException: Unable to load one or more of the requested types.
Could not load file or assembly 'Microsoft.Bcl.AsyncInterfaces, Version=1.0.0.0, Culture=neutral, PublicKeyToken=cc7b13ffcd2ddd51'. The system cannot find the file specified.
   at System.Reflection.RuntimeModule.GetTypes(RuntimeModule module)
   at System.Reflection.Assembly.GetTypes()
   at Microsoft.VisualStudio.TestPlatform.Common.ExtensionFramework.TestPluginDiscoverer.GetTestExtensionsFromAssembly[TPluginInfo,TExtension](Assembly assembly, Dictionary`2 pluginInfos, String filePath)
System.IO.FileNotFoundException: Could not load file or assembly 'Microsoft.Bcl.AsyncInterfaces, Version=1.0.0.0, Culture=neutral, PublicKeyToken=cc7b13ffcd2ddd51'. The system cannot find the file specified.
File name: 'Microsoft.Bcl.AsyncInterfaces, Version=1.0.0.0, Culture=neutral, PublicKeyToken=cc7b13ffcd2ddd51'
 ---> System.IO.FileNotFoundException: Could not load file or assembly 'Microsoft.Bcl.AsyncInterfaces, Culture=neutral, PublicKeyToken=null'. The system cannot find the file specified.
File name: 'Microsoft.Bcl.AsyncInterfaces, Culture=neutral, PublicKeyToken=null'
   at System.Reflection.RuntimeAssembly.InternalLoad(ObjectHandleOnStack assemblyName, ObjectHandleOnStack requestingAssembly, StackCrawlMarkHandle stackMark, Boolean throwOnFileNotFound, ObjectHandleOnStack assemblyLoadContext, ObjectHandleOnStack retAssembly)
   at System.Reflection.RuntimeAssembly.InternalLoad(AssemblyName assemblyName, RuntimeAssembly requestingAssembly, StackCrawlMark& stackMark, Boolean throwOnFileNotFound, AssemblyLoadContext assemblyLoadContext)
   at System.Reflection.Assembly.Load(AssemblyName assemblyRef)
   at Microsoft.VisualStudio.TestPlatform.Common.ExtensionFramework.TestPluginCache.CurrentDomainAssemblyResolve(Object sender, AssemblyResolveEventArgs args)
   at Microsoft.VisualStudio.TestPlatform.PlatformAbstractions.PlatformAssemblyResolver.AssemblyResolverEvent(Object sender, Object eventArgs)
   at System.Runtime.Loader.AssemblyLoadContext.GetFirstResolvedAssemblyFromResolvingEvent(AssemblyName assemblyName)
   at System.Runtime.Loader.AssemblyLoadContext.ResolveUsingEvent(AssemblyName assemblyName)
   at System.Runtime.Loader.AssemblyLoadContext.ResolveUsingResolvingEvent(IntPtr gchManagedAssemblyLoadContext, AssemblyName assemblyName)
TpTrace Warning: 0 : 16504, 1, 2022/12/27, 20:36:26.825, 3576628328599, vstest.console.dll, LoaderExceptions: System.IO.FileNotFoundException: Could not load file or assembly 'Microsoft.Bcl.AsyncInterfaces, Version=1.0.0.0, Culture=neutral, PublicKeyToken=cc7b13ffcd2ddd51'. The system cannot find the file specified.
File name: 'Microsoft.Bcl.AsyncInterfaces, Version=1.0.0.0, Culture=neutral, PublicKeyToken=cc7b13ffcd2ddd51'
 ---> System.IO.FileNotFoundException: Could not load file or assembly 'Microsoft.Bcl.AsyncInterfaces, Culture=neutral, PublicKeyToken=null'. The system cannot find the file specified.
File name: 'Microsoft.Bcl.AsyncInterfaces, Culture=neutral, PublicKeyToken=null'
   at System.Reflection.RuntimeAssembly.InternalLoad(ObjectHandleOnStack assemblyName, ObjectHandleOnStack requestingAssembly, StackCrawlMarkHandle stackMark, Boolean throwOnFileNotFound, ObjectHandleOnStack assemblyLoadContext, ObjectHandleOnStack retAssembly)
   at System.Reflection.RuntimeAssembly.InternalLoad(AssemblyName assemblyName, RuntimeAssembly requestingAssembly, StackCrawlMark& stackMark, Boolean throwOnFileNotFound, AssemblyLoadContext assemblyLoadContext)
   at System.Reflection.Assembly.Load(AssemblyName assemblyRef)
   at Microsoft.VisualStudio.TestPlatform.Common.ExtensionFramework.TestPluginCache.CurrentDomainAssemblyResolve(Object sender, AssemblyResolveEventArgs args)
   at Microsoft.VisualStudio.TestPlatform.PlatformAbstractions.PlatformAssemblyResolver.AssemblyResolverEvent(Object sender, Object eventArgs)
   at System.Runtime.Loader.AssemblyLoadContext.GetFirstResolvedAssemblyFromResolvingEvent(AssemblyName assemblyName)
   at System.Runtime.Loader.AssemblyLoadContext.ResolveUsingEvent(AssemblyName assemblyName)
   at System.Runtime.Loader.AssemblyLoadContext.ResolveUsingResolvingEvent(IntPtr gchManagedAssemblyLoadContext, AssemblyName assemblyName)
TpTrace Verbose: 0 : 16504, 1, 2022/12/27, 20:36:26.825, 3576628330167, vstest.console.dll, MetadataReaderExtensionsHelper: Discovering extensions inside assembly 'Microsoft.TestPlatform.Extensions.BlameDataCollector, Version=15.0.0.0, Culture=neutral, PublicKeyToken=b03f5f7f11d50a3a' file path 'C:\Program Files\dotnet\sdk\6.0.302\Extensions\Microsoft.TestPlatform.Extensions.BlameDataCollector.dll'
TpTrace Information: 0 : 16504, 1, 2022/12/27, 20:36:26.826, 3576628339148, vstest.console.dll, GetTestExtensionFromType: Register extension with identifier data 'logger://Microsoft/TestPlatform/Extensions/Blame/v1' and type 'Microsoft.TestPlatform.Extensions.BlameDataCollector.BlameLogger, Microsoft.TestPlatform.Extensions.BlameDataCollector, Version=15.0.0.0, Culture=neutral, PublicKeyToken=b03f5f7f11d50a3a' inside file 'C:\Program Files\dotnet\sdk\6.0.302\Extensions\Microsoft.TestPlatform.Extensions.BlameDataCollector.dll'
TpTrace Verbose: 0 : 16504, 1, 2022/12/27, 20:36:26.826, 3576628340205, vstest.console.dll, MetadataReaderExtensionsHelper: Discovering extensions inside assembly 'Microsoft.TestPlatform.Extensions.EventLogCollector, Version=15.0.0.0, Culture=neutral, PublicKeyToken=b03f5f7f11d50a3a' file path 'C:\Program Files\dotnet\sdk\6.0.302\Extensions\Microsoft.TestPlatform.Extensions.EventLogCollector.dll'
TpTrace Verbose: 0 : 16504, 1, 2022/12/27, 20:36:26.827, 3576628347511, vstest.console.dll, MetadataReaderExtensionsHelper: Discovering extensions inside assembly 'Microsoft.TestPlatform.TestHostRuntimeProvider, Version=15.0.0.0, Culture=neutral, PublicKeyToken=b03f5f7f11d50a3a' file path 'C:\Program Files\dotnet\sdk\6.0.302\Extensions\Microsoft.TestPlatform.TestHostRuntimeProvider.dll'
TpTrace Verbose: 0 : 16504, 1, 2022/12/27, 20:36:26.828, 3576628354155, vstest.console.dll, MetadataReaderExtensionsHelper: Discovering extensions inside assembly 'Microsoft.VisualStudio.TestPlatform.Extensions.Html.TestLogger, Version=15.0.0.0, Culture=neutral, PublicKeyToken=b03f5f7f11d50a3a' file path 'C:\Program Files\dotnet\sdk\6.0.302\Extensions\Microsoft.VisualStudio.TestPlatform.Extensions.Html.TestLogger.dll'
TpTrace Information: 0 : 16504, 1, 2022/12/27, 20:36:26.828, 3576628359948, vstest.console.dll, GetTestExtensionFromType: Register extension with identifier data 'logger://Microsoft/TestPlatform/HtmlLogger/v1' and type 'Microsoft.VisualStudio.TestPlatform.Extensions.HtmlLogger.HtmlLogger, Microsoft.VisualStudio.TestPlatform.Extensions.Html.TestLogger, Version=15.0.0.0, Culture=neutral, PublicKeyToken=b03f5f7f11d50a3a' inside file 'C:\Program Files\dotnet\sdk\6.0.302\Extensions\Microsoft.VisualStudio.TestPlatform.Extensions.Html.TestLogger.dll'
TpTrace Verbose: 0 : 16504, 1, 2022/12/27, 20:36:26.828, 3576628360968, vstest.console.dll, MetadataReaderExtensionsHelper: Discovering extensions inside assembly 'Microsoft.VisualStudio.TestPlatform.Extensions.Trx.TestLogger, Version=15.0.0.0, Culture=neutral, PublicKeyToken=b03f5f7f11d50a3a' file path 'C:\Program Files\dotnet\sdk\6.0.302\Extensions\Microsoft.VisualStudio.TestPlatform.Extensions.Trx.TestLogger.dll'
TpTrace Information: 0 : 16504, 1, 2022/12/27, 20:36:26.829, 3576628368314, vstest.console.dll, GetTestExtensionFromType: Register extension with identifier data 'logger://Microsoft/TestPlatform/TrxLogger/v1' and type 'Microsoft.VisualStudio.TestPlatform.Extensions.TrxLogger.TrxLogger, Microsoft.VisualStudio.TestPlatform.Extensions.Trx.TestLogger, Version=15.0.0.0, Culture=neutral, PublicKeyToken=b03f5f7f11d50a3a' inside file 'C:\Program Files\dotnet\sdk\6.0.302\Extensions\Microsoft.VisualStudio.TestPlatform.Extensions.Trx.TestLogger.dll'
TpTrace Verbose: 0 : 16504, 1, 2022/12/27, 20:36:26.829, 3576628369416, vstest.console.dll, TestPluginCache: Discovered the extensions using extension path ''.
TpTrace Verbose: 0 : 16504, 1, 2022/12/27, 20:36:26.829, 3576628369869, vstest.console.dll, TestPluginCache: Discoverers are ''.
TpTrace Verbose: 0 : 16504, 1, 2022/12/27, 20:36:26.829, 3576628370255, vstest.console.dll, TestPluginCache: Executors are ''.
TpTrace Verbose: 0 : 16504, 1, 2022/12/27, 20:36:26.829, 3576628370628, vstest.console.dll, TestPluginCache: Executors2 are ''.
TpTrace Verbose: 0 : 16504, 1, 2022/12/27, 20:36:26.829, 3576628370996, vstest.console.dll, TestPluginCache: Setting providers are ''.
TpTrace Verbose: 0 : 16504, 1, 2022/12/27, 20:36:26.829, 3576628372011, vstest.console.dll, TestPluginCache: Loggers are 'logger://Microsoft/TestPlatform/Extensions/Blame/v1,logger://Microsoft/TestPlatform/HtmlLogger/v1,logger://Microsoft/TestPlatform/TrxLogger/v1'.
TpTrace Verbose: 0 : 16504, 1, 2022/12/27, 20:36:26.829, 3576628372636, vstest.console.dll, TestPluginCache: TestHosts are 'HostProvider://DefaultTestHost,HostProvider://DotnetTestHost'.
TpTrace Verbose: 0 : 16504, 1, 2022/12/27, 20:36:26.829, 3576628373048, vstest.console.dll, TestPluginCache: DataCollectors are ''.
TpTrace Information: 0 : 16504, 1, 2022/12/27, 20:36:26.830, 3576628381564, vstest.console.dll, TestPluginManager.CreateTestExtension: Attempting to load test extension: Microsoft.TestPlatform.Extensions.BlameDataCollector.BlameLogger
TpTrace Information: 0 : 16504, 1, 2022/12/27, 20:36:26.840, 3576628478334, vstest.console.dll, TestPluginManager.CreateTestExtension: Attempting to load test extension: Microsoft.VisualStudio.TestPlatform.CrossPlatEngine.Hosting.DefaultTestHostManager
TpTrace Information: 0 : 16504, 1, 2022/12/27, 20:36:26.841, 3576628489834, vstest.console.dll, TestPluginManager.CreateTestExtension: Attempting to load test extension: Microsoft.VisualStudio.TestPlatform.CrossPlatEngine.Hosting.DotnetTestHostManager
TpTrace Verbose: 0 : 16504, 1, 2022/12/27, 20:36:26.842, 3576628500704, vstest.console.dll, TestEngine: Initializing Parallel Execution as MaxCpuCount is set to: 1
TpTrace Information: 0 : 16504, 1, 2022/12/27, 20:36:26.843, 3576628507551, vstest.console.dll, InferRunSettingsHelper.IsTestSettingsEnabled: Unable to navigate to RunSettings/MSTest. Current node: RunSettings
TpTrace Verbose: 0 : 16504, 1, 2022/12/27, 20:36:26.844, 3576628522249, vstest.console.dll, TestRequestSender is acting as server.
TpTrace Verbose: 0 : 16504, 1, 2022/12/27, 20:36:26.846, 3576628537271, vstest.console.dll, TestEngine.GetExecutionManager: Chosen execution manager 'Microsoft.VisualStudio.TestPlatform.CrossPlatEngine.Client.Parallel.ParallelProxyExecutionManager, Microsoft.TestPlatform.CrossPlatEngine, Version=15.0.0.0, Culture=neutral, PublicKeyToken=b03f5f7f11d50a3a' ParallelLevel '1' Shared host 'False'
TpTrace Verbose: 0 : 16504, 5, 2022/12/27, 20:36:26.850, 3576628576523, vstest.console.dll, DataCollectionRequestSender.InitializeCommunication : Initialize communication. 
TpTrace Information: 0 : 16504, 5, 2022/12/27, 20:36:26.858, 3576628659660, vstest.console.dll, Listening on Endpoint : 127.0.0.1:61513
TpTrace Verbose: 0 : 16504, 5, 2022/12/27, 20:36:26.870, 3576628778930, vstest.console.dll, DotnetDataCollectionLauncher: Full path of dotnet.exe is C:\Program Files\dotnet\dotnet.exe
TpTrace Verbose: 0 : 16504, 5, 2022/12/27, 20:36:26.871, 3576628785244, vstest.console.dll, DotnetDataCollectionLauncher: Adding  --runtimeconfig "C:\Program Files\dotnet\sdk\6.0.302\datacollector.runtimeconfig.json" in args
TpTrace Verbose: 0 : 16504, 5, 2022/12/27, 20:36:26.871, 3576628790054, vstest.console.dll, DotnetDataCollectionLauncher: Adding  --depsfile "C:\Program Files\dotnet\sdk\6.0.302\datacollector.deps.json" in args
TpTrace Information: 0 : 16504, 5, 2022/12/27, 20:36:26.889, 3576628969022, vstest.console.dll, ProxyDataCollectionManager.Initialize: Launched datacollector processId: 22256 port: 61513
TpTrace Information: 0 : 16504, 5, 2022/12/27, 20:36:26.889, 3576628970986, vstest.console.dll, ProxyDataCollectionManager.Initialize: waiting for connection with timeout: 90 seconds
TpTrace Verbose: 0 : 16504, 5, 2022/12/27, 20:36:26.889, 3576628971918, vstest.console.dll, DataCollectionRequestSender.WaitForRequestHandlerConnection : Waiting for connection with timeout: 90000
TpTrace Information: 0 : 16504, 8, 2022/12/27, 20:36:27.093, 3576631008578, vstest.console.dll, Using the buffer size of 16384 bytes
TpTrace Verbose: 0 : 16504, 5, 2022/12/27, 20:36:27.093, 3576631008702, vstest.console.dll, SocketCommunicationManager.WaitForClientConnection took: 203 ms, with 90000 ms timeout, and finished with True.
TpTrace Information: 0 : 16504, 8, 2022/12/27, 20:36:27.093, 3576631010132, vstest.console.dll, Accepted Client request and set the flag
TpTrace Verbose: 0 : 16504, 5, 2022/12/27, 20:36:27.093, 3576631011980, vstest.console.dll, ProxyDataCollectionManager.InvokeDataCollectionServiceAction: Starting.
TpTrace Information: 0 : 16504, 5, 2022/12/27, 20:36:27.093, 3576631013572, vstest.console.dll, ProxyDataCollectionManager.BeforeTestRunStart: Get environment variable and port for datacollector processId: 22256 port: 61513
TpTrace Verbose: 0 : 16504, 5, 2022/12/27, 20:36:27.094, 3576631015371, vstest.console.dll, DataCollectionRequestSender.SendBeforeTestRunStartAndGetResult: Send BeforeTestRunStart message with settingsXml <RunSettings><RunConfiguration><ResultsDirectory>C:\Users\Dell\source\repos\Accounting_of_goods\UnitOfWorkTest\bin\Debug\net6.0\fine-code-coverage\coverage-tool-output</ResultsDirectory><TargetPlatform>X64</TargetPlatform><TargetFrameworkVersion>.NETCoreApp,Version=v6.0</TargetFrameworkVersion><DesignMode>False</DesignMode><CollectSourceInformation>False</CollectSourceInformation><TestAdaptersPaths>C:\Program Files\dotnet\sdk\6.0.302\Extensions</TestAdaptersPaths></RunConfiguration><LoggerRunSettings><Loggers><Logger friendlyName="blame" enabled="True" /><Logger friendlyName="Console" uri="logger://microsoft/TestPlatform/ConsoleLogger/v1" assemblyQualifiedName="Microsoft.VisualStudio.TestPlatform.CommandLine.Internal.ConsoleLogger, vstest.console, Version=15.0.0.0, Culture=neutral, PublicKeyToken=b03f5f7f11d50a3a" codeBase="C:\Program Files\dotnet\sdk\6.0.302\vstest.console.dll" enabled="True" /></Loggers></LoggerRunSettings><DataCollectionRunSettings><DataCollectors><DataCollector friendlyName="blame" enabled="True"><Configuration><ResultsDirectory>C:\Users\Dell\source\repos\Accounting_of_goods\UnitOfWorkTest\bin\Debug\net6.0\fine-code-coverage\coverage-tool-output</ResultsDirectory></Configuration></DataCollector></DataCollectors></DataCollectionRunSettings></RunSettings> and sources System.Linq.Enumerable+Concat2Iterator`1[System.String]: 
TpTrace Verbose: 0 : 16504, 5, 2022/12/27, 20:36:27.216, 3576632239598, vstest.console.dll, DataCollectionRequestSender.SendBeforeTestRunStartAndGetResult: Received message: (DataCollection.SendMessage) -> {
  "FriendlyName": null,
  "Uri": null,
  "TestCaseId": "00000000-0000-0000-0000-000000000000",
  "Message": "Logging DataCollector Diagnostics in file: C:\\Users\\Dell\\source\\repos\\Accounting_of_goods\\UnitOfWorkTest\\bin\\Debug\\net6.0\\fine-code-coverage\\coverage-tool-output\\diagnostics.datacollector.22-12-27_20-36-26_86999_5.log",
  "Level": 0
}
TpTrace Verbose: 0 : 16504, 5, 2022/12/27, 20:36:27.356, 3576633637994, vstest.console.dll, DataCollectionRequestSender.SendBeforeTestRunStartAndGetResult: Received message: (DataCollection.BeforeTestRunStartResult) -> {
  "EnvironmentVariables": {},
  "DataCollectionEventsPort": 61516
}
TpTrace Information: 0 : 16504, 5, 2022/12/27, 20:36:27.369, 3576633770253, vstest.console.dll, ProxyDataCollectionManager.BeforeTestRunStart: SendBeforeTestRunStartAndGetResult successful, env variable from datacollector:   and testhost port: 61516
TpTrace Information: 0 : 16504, 5, 2022/12/27, 20:36:27.369, 3576633772096, vstest.console.dll, ProxyDataCollectionManager.InvokeDataCollectionServiceAction: Completed.
TpTrace Verbose: 0 : 16504, 1, 2022/12/27, 20:36:27.370, 3576633774734, vstest.console.dll, TestRunRequest.ExecuteAsync: Creating test run request.
TpTrace Verbose: 0 : 16504, 1, 2022/12/27, 20:36:27.370, 3576633780813, vstest.console.dll, TestRunRequest.ExecuteAsync: Starting.
TpTrace Information: 0 : 16504, 1, 2022/12/27, 20:36:27.371, 3576633788596, vstest.console.dll, TestRunRequest.ExecuteAsync: Starting run with settings:TestRunCriteria:
   KeepAlive=False,FrequencyOfRunStatsChangeEvent=10,RunStatsChangeEventTimeout=00:00:01.5000000,TestCaseFilter=,TestExecutorLauncher=
   Settingsxml=<RunSettings>
  <RunConfiguration>
    <ResultsDirectory>C:\Users\Dell\source\repos\Accounting_of_goods\UnitOfWorkTest\bin\Debug\net6.0\fine-code-coverage\coverage-tool-output</ResultsDirectory>
    <TargetPlatform>X64</TargetPlatform>
    <TargetFrameworkVersion>.NETCoreApp,Version=v6.0</TargetFrameworkVersion>
    <DesignMode>False</DesignMode>
    <CollectSourceInformation>False</CollectSourceInformation>
  </RunConfiguration>
  <LoggerRunSettings>
    <Loggers>
      <Logger friendlyName="blame" enabled="True" />
      <Logger friendlyName="Console" uri="logger://microsoft/TestPlatform/ConsoleLogger/v1" assemblyQualifiedName="Microsoft.VisualStudio.TestPlatform.CommandLine.Internal.ConsoleLogger, vstest.console, Version=15.0.0.0, Culture=neutral, PublicKeyToken=b03f5f7f11d50a3a" codeBase="C:\Program Files\dotnet\sdk\6.0.302\vstest.console.dll" enabled="True" />
    </Loggers>
  </LoggerRunSettings>
  <DataCollectionRunSettings>
    <DataCollectors>
      <DataCollector friendlyName="blame" enabled="True">
        <Configuration>
          <ResultsDirectory>C:\Users\Dell\source\repos\Accounting_of_goods\UnitOfWorkTest\bin\Debug\net6.0\fine-code-coverage\coverage-tool-output</ResultsDirectory>
        </Configuration>
      </DataCollector>
    </DataCollectors>
  </DataCollectionRunSettings>
</RunSettings>

TpTrace Verbose: 0 : 16504, 1, 2022/12/27, 20:36:27.371, 3576633790234, vstest.console.dll, TestRunRequest.ExecuteAsync: Wait for the first run request is over.
TpTrace Verbose: 0 : 16504, 1, 2022/12/27, 20:36:27.372, 3576633797101, vstest.console.dll, MulticastDelegateUtilities.SafeInvoke: TestRun.TestRunStart: Invoking callbacks was skipped because there are no subscribers.
TpTrace Verbose: 0 : 16504, 4, 2022/12/27, 20:36:27.372, 3576633800579, vstest.console.dll, MulticastDelegateUtilities.SafeInvoke: InternalTestLoggerEvents.SendTestRunStart: Invoking callback 1/1 for Microsoft.VisualStudio.TestPlatform.CommandLine.Internal.ConsoleLogger.TestRunStartHandler, took 0 ms.
TpTrace Verbose: 0 : 16504, 1, 2022/12/27, 20:36:27.372, 3576633800912, vstest.console.dll, ParallelProxyExecutionManager: Start execution. Total sources: 1
TpTrace Information: 0 : 16504, 1, 2022/12/27, 20:36:27.374, 3576633814125, vstest.console.dll, ProxyParallelExecutionManager: Triggering test run for next source: C:\Users\Dell\source\repos\Accounting_of_goods\UnitOfWorkTest\bin\Debug\net6.0\fine-code-coverage\build-output\Tests.dll
TpTrace Verbose: 0 : 16504, 5, 2022/12/27, 20:36:27.374, 3576633817710, vstest.console.dll, ParallelProxyExecutionManager: Execution started. Started clients: 1
TpTrace Verbose: 0 : 16504, 1, 2022/12/27, 20:36:27.374, 3576633817930, vstest.console.dll, ProxyParallelExecutionManager: No sources available for execution.
TpTrace Information: 0 : 16504, 1, 2022/12/27, 20:36:27.374, 3576633819838, vstest.console.dll, TestRunRequest.ExecuteAsync: Started.
TpTrace Verbose: 0 : 16504, 1, 2022/12/27, 20:36:27.375, 3576633825017, vstest.console.dll, TestRunRequest.WaitForCompletion: Waiting with timeout -1.
TpTrace Verbose: 0 : 16504, 5, 2022/12/27, 20:36:27.375, 3576633829936, vstest.console.dll, TestRunRequest:SendTestRunMessage: Starting.
TpTrace Verbose: 0 : 16504, 4, 2022/12/27, 20:36:27.375, 3576633833582, vstest.console.dll, MulticastDelegateUtilities.SafeInvoke: InternalTestLoggerEvents.SendTestRunMessage: Invoking callback 1/1 for Microsoft.VisualStudio.TestPlatform.CommandLine.Internal.ConsoleLogger.TestMessageHandler, took 0 ms.
TpTrace Verbose: 0 : 16504, 5, 2022/12/27, 20:36:27.376, 3576633835330, vstest.console.dll, MulticastDelegateUtilities.SafeInvoke: TestRun.LogMessages: Invoking callback 1/1 for Microsoft.VisualStudio.TestPlatform.CommandLine.TestRunResultAggregator.TestRunMessageHandler, took 0 ms.
TpTrace Information: 0 : 16504, 5, 2022/12/27, 20:36:27.376, 3576633836170, vstest.console.dll, TestRunRequest:SendTestRunMessage: Completed.
TpTrace Verbose: 0 : 16504, 5, 2022/12/27, 20:36:27.376, 3576633841896, vstest.console.dll, ProxyExecutionManager: Test host is always Lazy initialize.
TpTrace Verbose: 0 : 16504, 5, 2022/12/27, 20:36:27.377, 3576633846116, vstest.console.dll, TestRequestSender.InitializeCommunication: initialize communication. 
TpTrace Information: 0 : 16504, 5, 2022/12/27, 20:36:27.378, 3576633855956, vstest.console.dll, SocketServer.Start: Listening on endpoint : 127.0.0.1:61517
TpTrace Verbose: 0 : 16504, 5, 2022/12/27, 20:36:27.379, 3576633867822, vstest.console.dll, DotnetTestHostmanager.GetTestHostProcessStartInfo: Platform environment 'X64' target architecture 'X64' framework '.NETCoreApp,Version=v6.0' OS 'Windows'
TpTrace Verbose: 0 : 16504, 5, 2022/12/27, 20:36:27.380, 3576633877522, vstest.console.dll, DotnetTestHostmanager: Adding  --runtimeconfig "C:\Users\Dell\source\repos\Accounting_of_goods\UnitOfWorkTest\bin\Debug\net6.0\fine-code-coverage\build-output\Tests.runtimeconfig.json" in args
TpTrace Verbose: 0 : 16504, 5, 2022/12/27, 20:36:27.380, 3576633881008, vstest.console.dll, DotnetTestHostmanager: Adding  --depsfile "C:\Users\Dell\source\repos\Accounting_of_goods\UnitOfWorkTest\bin\Debug\net6.0\fine-code-coverage\build-output\Tests.deps.json" in args
TpTrace Verbose: 0 : 16504, 5, 2022/12/27, 20:36:27.381, 3576633884639, vstest.console.dll, DotnetTestHostmanager.IsWinOnArm: Current PROCESSOR_ARCHITECTURE from environment variable 'AMD64'
TpTrace Verbose: 0 : 16504, 5, 2022/12/27, 20:36:27.381, 3576633886123, vstest.console.dll, DotnetTestHostmanager.IsWinOnArm: Is Windows on ARM 'False'
TpTrace Verbose: 0 : 16504, 5, 2022/12/27, 20:36:27.381, 3576633888670, vstest.console.dll, DotnetTestHostManager: testhost.exe found at path: C:\Users\Dell\source\repos\Accounting_of_goods\UnitOfWorkTest\bin\Debug\net6.0\fine-code-coverage\build-output\testhost.exe
TpTrace Verbose: 0 : 16504, 5, 2022/12/27, 20:36:27.381, 3576633889797, vstest.console.dll, DotnetTestHostmanager: Full path of host exe is C:\Users\Dell\source\repos\Accounting_of_goods\UnitOfWorkTest\bin\Debug\net6.0\fine-code-coverage\build-output\testhost.exe
TpTrace Verbose: 0 : 16504, 5, 2022/12/27, 20:36:27.381, 3576633893656, vstest.console.dll, DotnetTestHostmanager.LaunchTestHostAsync: Found 'VSTEST_WINAPPHOST_DOTNET_ROOT' in env variables, value 'C:\Program Files\dotnet', forwarding to 'DOTNET_ROOT'
TpTrace Verbose: 0 : 16504, 7, 2022/12/27, 20:36:27.386, 3576633934941, vstest.console.dll, DotnetTestHostManager: Starting process 'C:\Users\Dell\source\repos\Accounting_of_goods\UnitOfWorkTest\bin\Debug\net6.0\fine-code-coverage\build-output\testhost.exe' with command line ' --runtimeconfig "C:\Users\Dell\source\repos\Accounting_of_goods\UnitOfWorkTest\bin\Debug\net6.0\fine-code-coverage\build-output\Tests.runtimeconfig.json" --depsfile "C:\Users\Dell\source\repos\Accounting_of_goods\UnitOfWorkTest\bin\Debug\net6.0\fine-code-coverage\build-output\Tests.deps.json" --port 61517 --endpoint 127.0.0.1:061517 --role client --parentprocessid 16504 --diag "C:\Users\Dell\source\repos\Accounting_of_goods\UnitOfWorkTest\bin\Debug\net6.0\fine-code-coverage\coverage-tool-output\diagnostics.host.22-12-27_20-36-27_37885_5.log" --tracelevel 4 --datacollectionport 61516 --telemetryoptedin false'
TpTrace Verbose: 0 : 16504, 7, 2022/12/27, 20:36:27.410, 3576634182958, vstest.console.dll, MulticastDelegateUtilities.SafeInvoke: HostProviderEvents.OnHostLaunched: Invoking callback 1/2 for Microsoft.VisualStudio.TestPlatform.CrossPlatEngine.Client.ProxyExecutionManagerWithDataCollection.TestHostLaunchedHandler, took 1 ms.
TpTrace Verbose: 0 : 16504, 7, 2022/12/27, 20:36:27.411, 3576634185047, vstest.console.dll, Test Runtime launched
TpTrace Verbose: 0 : 16504, 7, 2022/12/27, 20:36:27.411, 3576634186069, vstest.console.dll, MulticastDelegateUtilities.SafeInvoke: HostProviderEvents.OnHostLaunched: Invoking callback 2/2 for Microsoft.VisualStudio.TestPlatform.CrossPlatEngine.Client.ProxyOperationManager.TestHostManagerHostLaunched, took 0 ms.
TpTrace Verbose: 0 : 16504, 5, 2022/12/27, 20:36:27.417, 3576634253539, vstest.console.dll, TestRequestSender.WaitForRequestHandlerConnection: waiting for connection with timeout: 90000.
TpTrace Verbose: 0 : 16504, 5, 2022/12/27, 20:36:27.732, 3576637395447, vstest.console.dll, TestRequestSender.WaitForRequestHandlerConnection: waiting took 314 ms, with timeout 90000 ms, and result 0, which is success.
TpTrace Verbose: 0 : 16504, 11, 2022/12/27, 20:36:27.732, 3576637395446, vstest.console.dll, MulticastDelegateUtilities.SafeInvoke: SocketServer: ClientConnected: Invoking callback 1/1 for Microsoft.VisualStudio.TestPlatform.CommunicationUtilities.TestRequestSender.<InitializeCommunication>b__23_0, took 0 ms.
TpTrace Verbose: 0 : 16504, 11, 2022/12/27, 20:36:27.732, 3576637397852, vstest.console.dll, SocketServer.OnClientConnected: Client connected for endPoint: 127.0.0.1:61517, starting MessageLoopAsync:
TpTrace Verbose: 0 : 16504, 11, 2022/12/27, 20:36:27.732, 3576637400121, vstest.console.dll, TcpClientExtensions.MessageLoopAsync: Polling on remoteEndPoint: 127.0.0.1:61519 localEndPoint: 127.0.0.1:61517
TpTrace Verbose: 0 : 16504, 5, 2022/12/27, 20:36:27.733, 3576637411454, vstest.console.dll, TestRequestSender.CheckVersionWithTestHost: Sending check version message: {"MessageType":"ProtocolVersion","Payload":6}
TpTrace Verbose: 0 : 16504, 11, 2022/12/27, 20:36:27.924, 3576639319693, vstest.console.dll, TcpClientExtensions.MessageLoopAsync: NotifyDataAvailable remoteEndPoint: 127.0.0.1:61519 localEndPoint: 127.0.0.1:61517
TpTrace Verbose: 0 : 16504, 11, 2022/12/27, 20:36:27.924, 3576639322556, vstest.console.dll, TestRequestSender.CheckVersionWithTestHost: onMessageReceived received message: (ProtocolVersion) -> 5
TpTrace Verbose: 0 : 16504, 11, 2022/12/27, 20:36:27.925, 3576639326512, vstest.console.dll, MulticastDelegateUtilities.SafeInvoke: LengthPrefixCommunicationChannel: MessageReceived: Invoking callback 1/1 for Microsoft.VisualStudio.TestPlatform.CommunicationUtilities.TestRequestSender+<>c__DisplayClass25_0.<CheckVersionWithTestHost>b__0, took 0 ms.
TpTrace Verbose: 0 : 16504, 5, 2022/12/27, 20:36:27.925, 3576639327722, vstest.console.dll, TestPluginCache.GetExtensionPaths: Filtered extension paths: 
TpTrace Verbose: 0 : 16504, 11, 2022/12/27, 20:36:27.925, 3576639328099, vstest.console.dll, TcpClientExtensions.MessageLoopAsync: Polling on remoteEndPoint: 127.0.0.1:61519 localEndPoint: 127.0.0.1:61517
TpTrace Verbose: 0 : 16504, 5, 2022/12/27, 20:36:27.925, 3576639329275, vstest.console.dll, TestPluginCache.GetExtensionPaths: Added default extension paths: C:\Program Files\dotnet\sdk\6.0.302\Extensions\DumpMinitool.exe
C:\Program Files\dotnet\sdk\6.0.302\Extensions\DumpMinitool.x86.exe
C:\Program Files\dotnet\sdk\6.0.302\Extensions\Microsoft.Diagnostics.NETCore.Client.dll
C:\Program Files\dotnet\sdk\6.0.302\Extensions\Microsoft.TestPlatform.Extensions.BlameDataCollector.dll
C:\Program Files\dotnet\sdk\6.0.302\Extensions\Microsoft.TestPlatform.Extensions.EventLogCollector.dll
C:\Program Files\dotnet\sdk\6.0.302\Extensions\Microsoft.TestPlatform.TestHostRuntimeProvider.dll
C:\Program Files\dotnet\sdk\6.0.302\Extensions\Microsoft.VisualStudio.TestPlatform.Extensions.Html.TestLogger.dll
C:\Program Files\dotnet\sdk\6.0.302\Extensions\Microsoft.VisualStudio.TestPlatform.Extensions.Trx.TestLogger.dll
TpTrace Verbose: 0 : 16504, 5, 2022/12/27, 20:36:27.925, 3576639329949, vstest.console.dll, TestPluginCache.GetExtensionPaths: Added unfilterableExtensionPaths: 
TpTrace Verbose: 0 : 16504, 5, 2022/12/27, 20:36:27.935, 3576639427666, vstest.console.dll, TestRequestSender.InitializeExecution: Sending initialize execution with message: {"Version":5,"MessageType":"TestExecution.Initialize","Payload":["C:\\Users\\Dell\\source\\repos\\Accounting_of_goods\\UnitOfWorkTest\\bin\\Debug\\net6.0\\fine-code-coverage\\build-output\\NUnit3.TestAdapter.dll"]}
TpTrace Warning: 0 : 16504, 5, 2022/12/27, 20:36:27.935, 3576639433639, vstest.console.dll, InferRunSettingsHelper.MakeRunsettingsCompatible: Removing the following settings: TargetPlatform from RunSettings file. To use those settings please move to latest version of Microsoft.NET.Test.Sdk
TpTrace Verbose: 0 : 16504, 11, 2022/12/27, 20:36:27.939, 3576639467447, vstest.console.dll, TcpClientExtensions.MessageLoopAsync: NotifyDataAvailable remoteEndPoint: 127.0.0.1:61519 localEndPoint: 127.0.0.1:61517
TpTrace Verbose: 0 : 16504, 11, 2022/12/27, 20:36:27.939, 3576639469468, vstest.console.dll, TestRequestSender.OnExecutionMessageReceived: Received message: {"Version":5,"MessageType":"TestSession.Message","Payload":{"MessageLevel":0,"Message":"Logging TestHost Diagnostics in file: C:\\Users\\Dell\\source\\repos\\Accounting_of_goods\\UnitOfWorkTest\\bin\\Debug\\net6.0\\fine-code-coverage\\coverage-tool-output\\diagnostics.host.22-12-27_20-36-27_37885_5.log"}}
TpTrace Verbose: 0 : 16504, 11, 2022/12/27, 20:36:27.941, 3576639491793, vstest.console.dll, TestRunRequest:SendTestRunMessage: Starting.
TpTrace Verbose: 0 : 16504, 11, 2022/12/27, 20:36:27.941, 3576639493718, vstest.console.dll, MulticastDelegateUtilities.SafeInvoke: TestRun.LogMessages: Invoking callback 1/1 for Microsoft.VisualStudio.TestPlatform.CommandLine.TestRunResultAggregator.TestRunMessageHandler, took 0 ms.
TpTrace Verbose: 0 : 16504, 4, 2022/12/27, 20:36:27.942, 3576639494239, vstest.console.dll, MulticastDelegateUtilities.SafeInvoke: InternalTestLoggerEvents.SendTestRunMessage: Invoking callback 1/1 for Microsoft.VisualStudio.TestPlatform.CommandLine.Internal.ConsoleLogger.TestMessageHandler, took 0 ms.
TpTrace Information: 0 : 16504, 11, 2022/12/27, 20:36:27.942, 3576639494790, vstest.console.dll, TestRunRequest:SendTestRunMessage: Completed.
TpTrace Verbose: 0 : 16504, 11, 2022/12/27, 20:36:27.942, 3576639496574, vstest.console.dll, MulticastDelegateUtilities.SafeInvoke: LengthPrefixCommunicationChannel: MessageReceived: Invoking callback 1/1 for Microsoft.VisualStudio.TestPlatform.CommunicationUtilities.TestRequestSender+<>c__DisplayClass30_0.<StartTestRun>b__1, took 2 ms.
TpTrace Verbose: 0 : 16504, 11, 2022/12/27, 20:36:27.942, 3576639497222, vstest.console.dll, TcpClientExtensions.MessageLoopAsync: Polling on remoteEndPoint: 127.0.0.1:61519 localEndPoint: 127.0.0.1:61517
TpTrace Verbose: 0 : 16504, 5, 2022/12/27, 20:36:27.949, 3576639566471, vstest.console.dll, TestRequestSender.StartTestRun: Sending test run with message: {"Version":5,"MessageType":"TestExecution.StartWithSources","Payload":{"AdapterSourceMap":{"_none_":["C:\\Users\\Dell\\source\\repos\\Accounting_of_goods\\UnitOfWorkTest\\bin\\Debug\\net6.0\\fine-code-coverage\\build-output\\Tests.dll"]},"RunSettings":"<RunSettings>\r\n  <RunConfiguration>\r\n    <ResultsDirectory>C:\\Users\\Dell\\source\\repos\\Accounting_of_goods\\UnitOfWorkTest\\bin\\Debug\\net6.0\\fine-code-coverage\\coverage-tool-output</ResultsDirectory>\r\n    <TargetFrameworkVersion>.NETCoreApp,Version=v6.0</TargetFrameworkVersion>\r\n    <DesignMode>False</DesignMode>\r\n    <CollectSourceInformation>False</CollectSourceInformation>\r\n  </RunConfiguration>\r\n  <LoggerRunSettings>\r\n    <Loggers>\r\n      <Logger friendlyName=\"blame\" enabled=\"True\" />\r\n      <Logger friendlyName=\"Console\" uri=\"logger://microsoft/TestPlatform/ConsoleLogger/v1\" assemblyQualifiedName=\"Microsoft.VisualStudio.TestPlatform.CommandLine.Internal.ConsoleLogger, vstest.console, Version=15.0.0.0, Culture=neutral, PublicKeyToken=b03f5f7f11d50a3a\" codeBase=\"C:\\Program Files\\dotnet\\sdk\\6.0.302\\vstest.console.dll\" enabled=\"True\" />\r\n    </Loggers>\r\n  </LoggerRunSettings>\r\n  <DataCollectionRunSettings>\r\n    <DataCollectors>\r\n      <DataCollector friendlyName=\"blame\" enabled=\"True\">\r\n        <Configuration>\r\n          <ResultsDirectory>C:\\Users\\Dell\\source\\repos\\Accounting_of_goods\\UnitOfWorkTest\\bin\\Debug\\net6.0\\fine-code-coverage\\coverage-tool-output</ResultsDirectory>\r\n        </Configuration>\r\n      </DataCollector>\r\n    </DataCollectors>\r\n  </DataCollectionRunSettings>\r\n</RunSettings>","TestExecutionContext":{"FrequencyOfRunStatsChangeEvent":10,"RunStatsChangeEventTimeout":"00:00:01.5000000","InIsolation":false,"KeepAlive":false,"AreTestCaseLevelEventsRequired":false,"IsDebug":false,"TestCaseFilter":null,"FilterOptions":null},"Package":null}}
TpTrace Verbose: 0 : 16504, 11, 2022/12/27, 20:36:28.226, 3576642334851, vstest.console.dll, TcpClientExtensions.MessageLoopAsync: NotifyDataAvailable remoteEndPoint: 127.0.0.1:61519 localEndPoint: 127.0.0.1:61517
TpTrace Verbose: 0 : 16504, 11, 2022/12/27, 20:36:28.226, 3576642337178, vstest.console.dll, TestRequestSender.OnExecutionMessageReceived: Received message: {"Version":5,"MessageType":"TestSession.Message","Payload":{"MessageLevel":0,"Message":"NUnit Adapter 4.2.0.0: Test execution started"}}
TpTrace Verbose: 0 : 16504, 11, 2022/12/27, 20:36:28.226, 3576642341289, vstest.console.dll, TestRunRequest:SendTestRunMessage: Starting.
TpTrace Verbose: 0 : 16504, 11, 2022/12/27, 20:36:28.226, 3576642342520, vstest.console.dll, MulticastDelegateUtilities.SafeInvoke: TestRun.LogMessages: Invoking callback 1/1 for Microsoft.VisualStudio.TestPlatform.CommandLine.TestRunResultAggregator.TestRunMessageHandler, took 0 ms.
TpTrace Verbose: 0 : 16504, 4, 2022/12/27, 20:36:28.226, 3576642342774, vstest.console.dll, MulticastDelegateUtilities.SafeInvoke: InternalTestLoggerEvents.SendTestRunMessage: Invoking callback 1/1 for Microsoft.VisualStudio.TestPlatform.CommandLine.Internal.ConsoleLogger.TestMessageHandler, took 0 ms.
TpTrace Information: 0 : 16504, 11, 2022/12/27, 20:36:28.226, 3576642343326, vstest.console.dll, TestRunRequest:SendTestRunMessage: Completed.
TpTrace Verbose: 0 : 16504, 11, 2022/12/27, 20:36:28.227, 3576642345093, vstest.console.dll, MulticastDelegateUtilities.SafeInvoke: LengthPrefixCommunicationChannel: MessageReceived: Invoking callback 1/1 for Microsoft.VisualStudio.TestPlatform.CommunicationUtilities.TestRequestSender+<>c__DisplayClass30_0.<StartTestRun>b__1, took 0 ms.
TpTrace Verbose: 0 : 16504, 11, 2022/12/27, 20:36:28.227, 3576642345731, vstest.console.dll, TcpClientExtensions.MessageLoopAsync: Polling on remoteEndPoint: 127.0.0.1:61519 localEndPoint: 127.0.0.1:61517
TpTrace Verbose: 0 : 16504, 11, 2022/12/27, 20:36:28.271, 3576642791820, vstest.console.dll, TcpClientExtensions.MessageLoopAsync: NotifyDataAvailable remoteEndPoint: 127.0.0.1:61519 localEndPoint: 127.0.0.1:61517
TpTrace Verbose: 0 : 16504, 11, 2022/12/27, 20:36:28.271, 3576642793185, vstest.console.dll, TestRequestSender.OnExecutionMessageReceived: Received message: {"Version":5,"MessageType":"TestSession.Message","Payload":{"MessageLevel":0,"Message":"Running all tests in C:\\Users\\Dell\\source\\repos\\Accounting_of_goods\\UnitOfWorkTest\\bin\\Debug\\net6.0\\fine-code-coverage\\build-output\\Tests.dll"}}
TpTrace Verbose: 0 : 16504, 11, 2022/12/27, 20:36:28.272, 3576642795820, vstest.console.dll, TestRunRequest:SendTestRunMessage: Starting.
TpTrace Verbose: 0 : 16504, 11, 2022/12/27, 20:36:28.272, 3576642797109, vstest.console.dll, MulticastDelegateUtilities.SafeInvoke: TestRun.LogMessages: Invoking callback 1/1 for Microsoft.VisualStudio.TestPlatform.CommandLine.TestRunResultAggregator.TestRunMessageHandler, took 0 ms.
TpTrace Information: 0 : 16504, 11, 2022/12/27, 20:36:28.272, 3576642797909, vstest.console.dll, TestRunRequest:SendTestRunMessage: Completed.
TpTrace Verbose: 0 : 16504, 4, 2022/12/27, 20:36:28.272, 3576642797196, vstest.console.dll, MulticastDelegateUtilities.SafeInvoke: InternalTestLoggerEvents.SendTestRunMessage: Invoking callback 1/1 for Microsoft.VisualStudio.TestPlatform.CommandLine.Internal.ConsoleLogger.TestMessageHandler, took 0 ms.
TpTrace Verbose: 0 : 16504, 11, 2022/12/27, 20:36:28.272, 3576642799958, vstest.console.dll, MulticastDelegateUtilities.SafeInvoke: LengthPrefixCommunicationChannel: MessageReceived: Invoking callback 1/1 for Microsoft.VisualStudio.TestPlatform.CommunicationUtilities.TestRequestSender+<>c__DisplayClass30_0.<StartTestRun>b__1, took 0 ms.
TpTrace Verbose: 0 : 16504, 11, 2022/12/27, 20:36:28.272, 3576642800716, vstest.console.dll, TcpClientExtensions.MessageLoopAsync: Polling on remoteEndPoint: 127.0.0.1:61519 localEndPoint: 127.0.0.1:61517
TpTrace Verbose: 0 : 16504, 11, 2022/12/27, 20:36:28.448, 3576644556697, vstest.console.dll, TcpClientExtensions.MessageLoopAsync: NotifyDataAvailable remoteEndPoint: 127.0.0.1:61519 localEndPoint: 127.0.0.1:61517
TpTrace Verbose: 0 : 16504, 11, 2022/12/27, 20:36:28.448, 3576644557948, vstest.console.dll, TestRequestSender.OnExecutionMessageReceived: Received message: {"Version":5,"MessageType":"TestSession.Message","Payload":{"MessageLevel":0,"Message":"   NUnit3TestExecutor discovered 66 of 66 NUnit test cases using Current Discovery mode, Non-Explicit run"}}
TpTrace Verbose: 0 : 16504, 11, 2022/12/27, 20:36:28.448, 3576644559711, vstest.console.dll, TestRunRequest:SendTestRunMessage: Starting.
TpTrace Verbose: 0 : 16504, 11, 2022/12/27, 20:36:28.448, 3576644560430, vstest.console.dll, MulticastDelegateUtilities.SafeInvoke: TestRun.LogMessages: Invoking callback 1/1 for Microsoft.VisualStudio.TestPlatform.CommandLine.TestRunResultAggregator.TestRunMessageHandler, took 0 ms.
TpTrace Verbose: 0 : 16504, 4, 2022/12/27, 20:36:28.448, 3576644560712, vstest.console.dll, MulticastDelegateUtilities.SafeInvoke: InternalTestLoggerEvents.SendTestRunMessage: Invoking callback 1/1 for Microsoft.VisualStudio.TestPlatform.CommandLine.Internal.ConsoleLogger.TestMessageHandler, took 0 ms.
TpTrace Information: 0 : 16504, 11, 2022/12/27, 20:36:28.448, 3576644561781, vstest.console.dll, TestRunRequest:SendTestRunMessage: Completed.
TpTrace Verbose: 0 : 16504, 11, 2022/12/27, 20:36:28.448, 3576644562322, vstest.console.dll, MulticastDelegateUtilities.SafeInvoke: LengthPrefixCommunicationChannel: MessageReceived: Invoking callback 1/1 for Microsoft.VisualStudio.TestPlatform.CommunicationUtilities.TestRequestSender+<>c__DisplayClass30_0.<StartTestRun>b__1, took 0 ms.
TpTrace Verbose: 0 : 16504, 11, 2022/12/27, 20:36:28.448, 3576644562688, vstest.console.dll, TcpClientExtensions.MessageLoopAsync: Polling on remoteEndPoint: 127.0.0.1:61519 localEndPoint: 127.0.0.1:61517
TpTrace Verbose: 0 : 16504, 11, 2022/12/27, 20:36:29.449, 3576654572881, vstest.console.dll, TcpClientExtensions.MessageLoopAsync: Polling on remoteEndPoint: 127.0.0.1:61519 localEndPoint: 127.0.0.1:61517
TpTrace Verbose: 0 : 16504, 11, 2022/12/27, 20:36:29.555, 3576655630959, vstest.console.dll, TcpClientExtensions.MessageLoopAsync: NotifyDataAvailable remoteEndPoint: 127.0.0.1:61519 localEndPoint: 127.0.0.1:61517
TpTrace Verbose: 0 : 16504, 11, 2022/12/27, 20:36:29.556, 3576655635047, vstest.console.dll, TestRequestSender.OnExecutionMessageReceived: Received message: {"Version":5,"MessageType":"TestExecution.StatsChange","Payload":{"NewTestResults":[{"TestCase":{"Id":"16d9b669-da0d-8fc6-43ed-3aa81172788b","FullyQualifiedName":"Tests.CustomerServiseTest.CreatAccount_TryCreatNewAccount_MethodAddFromMockOfUserCalledOnce","DisplayName":"CreatAccount_TryCreatNewAccount_MethodAddFromMockOfUserCalledOnce","ExecutorUri":"executor://NUnit3TestExecutor","Source":"C:\\Users\\Dell\\source\\repos\\Accounting_of_goods\\UnitOfWorkTest\\bin\\Debug\\net6.0\\fine-code-coverage\\build-output\\Tests.dll","CodeFilePath":null,"LineNumber":0,"Properties":[{"Key":{"Id":"NUnit.Seed","Label":"Seed","Category":"","Description":"","Attributes":0,"ValueType":"System.String"},"Value":"1698856325"}]},"Attachments":[],"Outcome":1,"ErrorMessage":null,"ErrorStackTrace":null,"DisplayName":"CreatAccount_TryCreatNewAccount_MethodAddFromMockOfUserCalledOnce","Messages":[],"ComputerName":"DESKTOP-035NLAM","Duration":"00:00:00.7196360","StartTime":"2022-12-27T18:36:28.4890369+00:00","EndTime":"2022-12-27T18:36:29.2085707+00:00","Properties":[{"Key":{"Id":"NUnit.Seed","Label":"Seed","Category":"","Description":"","Attributes":0,"ValueType":"System.String"},"Value":"1698856325"}]},{"TestCase":{"Id":"c1fa336b-d444-548f-fd1f-c0a0e2ec68b4","FullyQualifiedName":"Tests.CustomerServiseTest.CreatOrder_TryCreatNewOrder_MethodAddFromMockOfOrderCalledOnce","DisplayName":"CreatOrder_TryCreatNewOrder_MethodAddFromMockOfOrderCalledOnce","ExecutorUri":"executor://NUnit3TestExecutor","Source":"C:\\Users\\Dell\\source\\repos\\Accounting_of_goods\\UnitOfWorkTest\\bin\\Debug\\net6.0\\fine-code-coverage\\build-output\\Tests.dll","CodeFilePath":null,"LineNumber":0,"Properties":[{"Key":{"Id":"NUnit.Seed","Label":"Seed","Category":"","Description":"","Attributes":0,"ValueType":"System.String"},"Value":"688179131"}]},"Attachments":[],"Outcome":1,"ErrorMessage":null,"ErrorStackTrace":null,"DisplayName":"CreatOrder_TryCreatNewOrder_MethodAddFromMockOfOrderCalledOnce","Messages":[],"ComputerName":"DESKTOP-035NLAM","Duration":"00:00:00.0516220","StartTime":"2022-12-27T18:36:29.2110778+00:00","EndTime":"2022-12-27T18:36:29.2626993+00:00","Properties":[{"Key":{"Id":"NUnit.Seed","Label":"Seed","Category":"","Description":"","Attributes":0,"ValueType":"System.String"},"Value":"688179131"}]},{"TestCase":{"Id":"c6a8ff66-c8ac-c036-ed72-b81bf51c9f55","FullyQualifiedName":"Tests.CustomerServiseTest.CreatOrder_TryCreatNewOrderWithGoodsMissingGoods_AddGoodsToQueueForPurchase","DisplayName":"CreatOrder_TryCreatNewOrderWithGoodsMissingGoods_AddGoodsToQueueForPurchase","ExecutorUri":"executor://NUnit3TestExecutor","Source":"C:\\Users\\Dell\\source\\repos\\Accounting_of_goods\\UnitOfWorkTest\\bin\\Debug\\net6.0\\fine-code-coverage\\build-output\\Tests.dll","CodeFilePath":null,"LineNumber":0,"Properties":[{"Key":{"Id":"NUnit.Seed","Label":"Seed","Category":"","Description":"","Attributes":0,"ValueType":"System.String"},"Value":"745525613"}]},"Attachments":[],"Outcome":1,"ErrorMessage":null,"ErrorStackTrace":null,"DisplayName":"CreatOrder_TryCreatNewOrderWithGoodsMissingGoods_AddGoodsToQueueForPurchase","Messages":[],"ComputerName":"DESKTOP-035NLAM","Duration":"00:00:00.0525860","StartTime":"2022-12-27T18:36:29.2627606+00:00","EndTime":"2022-12-27T18:36:29.315346+00:00","Properties":[{"Key":{"Id":"NUnit.Seed","Label":"Seed","Category":"","Description":"","Attributes":0,"ValueType":"System.String"},"Value":"745525613"}]},{"TestCase":{"Id":"ab5eca6c-7ae7-01eb-1309-e525435d5e1c","FullyQualifiedName":"Tests.CustomerServiseTest.CreatOrder_TryCreatNewOrderWithNullClient_InvokedClientNullEvent","DisplayName":"CreatOrder_TryCreatNewOrderWithNullClient_InvokedClientNullEvent","ExecutorUri":"executor://NUnit3TestExecutor","Source":"C:\\Users\\Dell\\source\\repos\\Accounting_of_goods\\UnitOfWorkTest\\bin\\Debug\\net6.0\\fine-code-coverage\\build-output\\Tests.dll","CodeFilePath":null,"LineNumber":0,"Properties":[{"Key":{"Id":"NUnit.Seed","Label":"Seed","Category":"","Description":"","Attributes":0,"ValueType":"System.String"},"Value":"57102269"}]},"Attachments":[],"Outcome":1,"ErrorMessage":null,"ErrorStackTrace":null,"DisplayName":"CreatOrder_TryCreatNewOrderWithNullClient_InvokedClientNullEvent","Messages":[],"ComputerName":"DESKTOP-035NLAM","Duration":"00:00:00.0346980","StartTime":"2022-12-27T18:36:29.3153777+00:00","EndTime":"2022-12-27T18:36:29.3500758+00:00","Properties":[{"Key":{"Id":"NUnit.Seed","Label":"Seed","Category":"","Description":"","Attributes":0,"ValueType":"System.String"},"Value":"57102269"}]},{"TestCase":{"Id":"97acc13b-811c-759b-6b5f-3bfd4ba89970","FullyQualifiedName":"Tests.CustomerServiseTest.CreatOrder_TryCreatNewOrderWithNullGoods_InvokedGoodsNullEvent","DisplayName":"CreatOrder_TryCreatNewOrderWithNullGoods_InvokedGoodsNullEvent","ExecutorUri":"executor://NUnit3TestExecutor","Source":"C:\\Users\\Dell\\source\\repos\\Accounting_of_goods\\UnitOfWorkTest\\bin\\Debug\\net6.0\\fine-code-coverage\\build-output\\Tests.dll","CodeFilePath":null,"LineNumber":0,"Properties":[{"Key":{"Id":"NUnit.Seed","Label":"Seed","Category":"","Description":"","Attributes":0,"ValueType":"System.String"},"Value":"945967772"}]},"Attachments":[],"Outcome":1,"ErrorMessage":null,"ErrorStackTrace":null,"DisplayName":"CreatOrder_TryCreatNewOrderWithNullGoods_InvokedGoodsNullEvent","Messages":[],"ComputerName":"DESKTOP-035NLAM","Duration":"00:00:00.0102770","StartTime":"2022-12-27T18:36:29.3501085+00:00","EndTime":"2022-12-27T18:36:29.3603853+00:00","Properties":[{"Key":{"Id":"NUnit.Seed","Label":"Seed","Category":"","Description":"","Attributes":0,"ValueType":"System.String"},"Value":"945967772"}]},{"TestCase":{"Id":"e69a4ed7-d541-8321-c43c-ecc5ca4578dc","FullyQualifiedName":"Tests.CustomerServiseTest.GetAccount_TryGetAccount_MethodAddFromMockOfUserCalledOnce","DisplayName":"GetAccount_TryGetAccount_MethodAddFromMockOfUserCalledOnce","ExecutorUri":"executor://NUnit3TestExecutor","Source":"C:\\Users\\Dell\\source\\repos\\Accounting_of_goods\\UnitOfWorkTest\\bin\\Debug\\net6.0\\fine-code-coverage\\build-output\\Tests.dll","CodeFilePath":null,"LineNumber":0,"Properties":[{"Key":{"Id":"NUnit.Seed","Label":"Seed","Category":"","Description":"","Attributes":0,"ValueType":"System.String"},"Value":"1214022822"}]},"Attachments":[],"Outcome":1,"ErrorMessage":null,"ErrorStackTrace":null,"DisplayName":"GetAccount_TryGetAccount_MethodAddFromMockOfUserCalledOnce","Messages":[],"ComputerName":"DESKTOP-035NLAM","Duration":"00:00:00.0057170","StartTime":"2022-12-27T18:36:29.3604199+00:00","EndTime":"2022-12-27T18:36:29.3661363+00:00","Properties":[{"Key":{"Id":"NUnit.Seed","Label":"Seed","Category":"","Description":"","Attributes":0,"ValueType":"System.String"},"Value":"1214022822"}]},{"TestCase":{"Id":"c32e82e0-a18f-5235-a053-1e8b4fd85815","FullyQualifiedName":"Tests.CustomerServiseTest.GetAllGoods_TryGetAllGoods","DisplayName":"GetAllGoods_TryGetAllGoods","ExecutorUri":"executor://NUnit3TestExecutor","Source":"C:\\Users\\Dell\\source\\repos\\Accounting_of_goods\\UnitOfWorkTest\\bin\\Debug\\net6.0\\fine-code-coverage\\build-output\\Tests.dll","CodeFilePath":null,"LineNumber":0,"Properties":[{"Key":{"Id":"NUnit.Seed","Label":"Seed","Category":"","Description":"","Attributes":0,"ValueType":"System.String"},"Value":"886302450"}]},"Attachments":[],"Outcome":1,"ErrorMessage":null,"ErrorStackTrace":null,"DisplayName":"GetAllGoods_TryGetAllGoods","Messages":[],"ComputerName":"DESKTOP-035NLAM","Duration":"00:00:00.1208850","StartTime":"2022-12-27T18:36:29.3661671+00:00","EndTime":"2022-12-27T18:36:29.487051+00:00","Properties":[{"Key":{"Id":"NUnit.Seed","Label":"Seed","Category":"","Description":"","Attributes":0,"ValueType":"System.String"},"Value":"886302450"}]},{"TestCase":{"Id":"c4cdf5ae-e673-0897-cfd4-cdc3dd110830","FullyQualifiedName":"Tests.CustomerServiseTest.GetCurrentGoods_TryGetGoodsById_GotGoodsWithSetId","DisplayName":"GetCurrentGoods_TryGetGoodsById_GotGoodsWithSetId","ExecutorUri":"executor://NUnit3TestExecutor","Source":"C:\\Users\\Dell\\source\\repos\\Accounting_of_goods\\UnitOfWorkTest\\bin\\Debug\\net6.0\\fine-code-coverage\\build-output\\Tests.dll","CodeFilePath":null,"LineNumber":0,"Properties":[{"Key":{"Id":"NUnit.Seed","Label":"Seed","Category":"","Description":"","Attributes":0,"ValueType":"System.String"},"Value":"974582785"}]},"Attachments":[],"Outcome":1,"ErrorMessage":null,"ErrorStackTrace":null,"DisplayName":"GetCurrentGoods_TryGetGoodsById_GotGoodsWithSetId","Messages":[],"ComputerName":"DESKTOP-035NLAM","Duration":"00:00:00.0119750","StartTime":"2022-12-27T18:36:29.4872527+00:00","EndTime":"2022-12-27T18:36:29.4992279+00:00","Properties":[{"Key":{"Id":"NUnit.Seed","Label":"Seed","Category":"","Description":"","Attributes":0,"ValueType":"System.String"},"Value":"974582785"}]},{"TestCase":{"Id":"15f06db6-84c9-eacf-4386-9ea79c6ad85c","FullyQualifiedName":"Tests.CustomerServiseTest.GetCurrentGoods_TryGetMissingGoods_InvokedGoodsNullEvent","DisplayName":"GetCurrentGoods_TryGetMissingGoods_InvokedGoodsNullEvent","ExecutorUri":"executor://NUnit3TestExecutor","Source":"C:\\Users\\Dell\\source\\repos\\Accounting_of_goods\\UnitOfWorkTest\\bin\\Debug\\net6.0\\fine-code-coverage\\build-output\\Tests.dll","CodeFilePath":null,"LineNumber":0,"Properties":[{"Key":{"Id":"NUnit.Seed","Label":"Seed","Category":"","Description":"","Attributes":0,"ValueType":"System.String"},"Value":"1481155519"}]},"Attachments":[],"Outcome":1,"ErrorMessage":null,"ErrorStackTrace":null,"DisplayName":"GetCurrentGoods_TryGetMissingGoods_InvokedGoodsNullEvent","Messages":[],"ComputerName":"DESKTOP-035NLAM","Duration":"00:00:00.0077670","StartTime":"2022-12-27T18:36:29.4998135+00:00","EndTime":"2022-12-27T18:36:29.50758+00:00","Properties":[{"Key":{"Id":"NUnit.Seed","Label":"Seed","Category":"","Description":"","Attributes":0,"ValueType":"System.String"},"Value":"1481155519"}]}],"TestRunStatistics":{"ExecutedTests":9,"Stats":{"Passed":9}},"ActiveTests":[{"Id":"f808d1cf-ed36-e2dd-d336-a0256674fe9b","FullyQualifiedName":"Tests.CustomerServiseTest.GetGoodsInStock_TryGetGoodsInStock","DisplayName":"GetGoodsInStock_TryGetGoodsInStock","ExecutorUri":"executor://NUnit3TestExecutor","Source":"C:\\Users\\Dell\\source\\repos\\Accounting_of_goods\\UnitOfWorkTest\\bin\\Debug\\net6.0\\fine-code-coverage\\build-output\\Tests.dll","CodeFilePath":null,"LineNumber":0,"Properties":[{"Key":{"Id":"NUnit.Seed","Label":"Seed","Category":"","Description":"","Attributes":0,"ValueType":"System.String"},"Value":"1454310337"}]}]}}
TpTrace Verbose: 0 : 16504, 11, 2022/12/27, 20:36:29.604, 3576656120518, vstest.console.dll, TestRunRequest:SendTestRunStatsChange: Starting.
TpTrace Verbose: 0 : 16504, 11, 2022/12/27, 20:36:29.604, 3576656122802, vstest.console.dll, InProgress is GetGoodsInStock_TryGetGoodsInStock
TpTrace Verbose: 0 : 16504, 11, 2022/12/27, 20:36:29.605, 3576656126715, vstest.console.dll, MulticastDelegateUtilities.SafeInvoke: TestRun.RunStatsChanged: Invoking callbacks was skipped because there are no subscribers.
TpTrace Information: 0 : 16504, 11, 2022/12/27, 20:36:29.605, 3576656127464, vstest.console.dll, TestRunRequest:SendTestRunStatsChange: Completed.
TpTrace Verbose: 0 : 16504, 11, 2022/12/27, 20:36:29.605, 3576656128101, vstest.console.dll, MulticastDelegateUtilities.SafeInvoke: LengthPrefixCommunicationChannel: MessageReceived: Invoking callback 1/1 for Microsoft.VisualStudio.TestPlatform.CommunicationUtilities.TestRequestSender+<>c__DisplayClass30_0.<StartTestRun>b__1, took 49 ms.
TpTrace Verbose: 0 : 16504, 11, 2022/12/27, 20:36:29.605, 3576656128661, vstest.console.dll, TcpClientExtensions.MessageLoopAsync: Polling on remoteEndPoint: 127.0.0.1:61519 localEndPoint: 127.0.0.1:61517
TpTrace Verbose: 0 : 16504, 4, 2022/12/27, 20:36:29.611, 3576656187068, vstest.console.dll, MulticastDelegateUtilities.SafeInvoke: InternalTestLoggerEvents.SendTestResult: Invoking callback 1/1 for Microsoft.VisualStudio.TestPlatform.CommandLine.Internal.ConsoleLogger.TestResultHandler, took 6 ms.
TpTrace Verbose: 0 : 16504, 4, 2022/12/27, 20:36:29.611, 3576656188664, vstest.console.dll, MulticastDelegateUtilities.SafeInvoke: InternalTestLoggerEvents.SendTestResult: Invoking callback 1/1 for Microsoft.VisualStudio.TestPlatform.CommandLine.Internal.ConsoleLogger.TestResultHandler, took 0 ms.
TpTrace Verbose: 0 : 16504, 4, 2022/12/27, 20:36:29.611, 3576656189299, vstest.console.dll, MulticastDelegateUtilities.SafeInvoke: InternalTestLoggerEvents.SendTestResult: Invoking callback 1/1 for Microsoft.VisualStudio.TestPlatform.CommandLine.Internal.ConsoleLogger.TestResultHandler, took 0 ms.
TpTrace Verbose: 0 : 16504, 4, 2022/12/27, 20:36:29.611, 3576656189819, vstest.console.dll, MulticastDelegateUtilities.SafeInvoke: InternalTestLoggerEvents.SendTestResult: Invoking callback 1/1 for Microsoft.VisualStudio.TestPlatform.CommandLine.Internal.ConsoleLogger.TestResultHandler, took 0 ms.
TpTrace Verbose: 0 : 16504, 4, 2022/12/27, 20:36:29.611, 3576656190295, vstest.console.dll, MulticastDelegateUtilities.SafeInvoke: InternalTestLoggerEvents.SendTestResult: Invoking callback 1/1 for Microsoft.VisualStudio.TestPlatform.CommandLine.Internal.ConsoleLogger.TestResultHandler, took 0 ms.
TpTrace Verbose: 0 : 16504, 4, 2022/12/27, 20:36:29.611, 3576656190770, vstest.console.dll, MulticastDelegateUtilities.SafeInvoke: InternalTestLoggerEvents.SendTestResult: Invoking callback 1/1 for Microsoft.VisualStudio.TestPlatform.CommandLine.Internal.ConsoleLogger.TestResultHandler, took 0 ms.
TpTrace Verbose: 0 : 16504, 4, 2022/12/27, 20:36:29.611, 3576656191331, vstest.console.dll, MulticastDelegateUtilities.SafeInvoke: InternalTestLoggerEvents.SendTestResult: Invoking callback 1/1 for Microsoft.VisualStudio.TestPlatform.CommandLine.Internal.ConsoleLogger.TestResultHandler, took 0 ms.
TpTrace Verbose: 0 : 16504, 4, 2022/12/27, 20:36:29.611, 3576656191927, vstest.console.dll, MulticastDelegateUtilities.SafeInvoke: InternalTestLoggerEvents.SendTestResult: Invoking callback 1/1 for Microsoft.VisualStudio.TestPlatform.CommandLine.Internal.ConsoleLogger.TestResultHandler, took 0 ms.
TpTrace Verbose: 0 : 16504, 4, 2022/12/27, 20:36:29.611, 3576656192436, vstest.console.dll, MulticastDelegateUtilities.SafeInvoke: InternalTestLoggerEvents.SendTestResult: Invoking callback 1/1 for Microsoft.VisualStudio.TestPlatform.CommandLine.Internal.ConsoleLogger.TestResultHandler, took 0 ms.
TpTrace Verbose: 0 : 16504, 11, 2022/12/27, 20:36:29.686, 3576656942384, vstest.console.dll, TcpClientExtensions.MessageLoopAsync: NotifyDataAvailable remoteEndPoint: 127.0.0.1:61519 localEndPoint: 127.0.0.1:61517
TpTrace Verbose: 0 : 16504, 11, 2022/12/27, 20:36:29.687, 3576656947095, vstest.console.dll, TestRequestSender.OnExecutionMessageReceived: Received message: {"Version":5,"MessageType":"TestExecution.StatsChange","Payload":{"NewTestResults":[{"TestCase":{"Id":"f808d1cf-ed36-e2dd-d336-a0256674fe9b","FullyQualifiedName":"Tests.CustomerServiseTest.GetGoodsInStock_TryGetGoodsInStock","DisplayName":"GetGoodsInStock_TryGetGoodsInStock","ExecutorUri":"executor://NUnit3TestExecutor","Source":"C:\\Users\\Dell\\source\\repos\\Accounting_of_goods\\UnitOfWorkTest\\bin\\Debug\\net6.0\\fine-code-coverage\\build-output\\Tests.dll","CodeFilePath":null,"LineNumber":0,"Properties":[{"Key":{"Id":"NUnit.Seed","Label":"Seed","Category":"","Description":"","Attributes":0,"ValueType":"System.String"},"Value":"1454310337"}]},"Attachments":[],"Outcome":1,"ErrorMessage":null,"ErrorStackTrace":null,"DisplayName":"GetGoodsInStock_TryGetGoodsInStock","Messages":[],"ComputerName":"DESKTOP-035NLAM","Duration":"00:00:00.0359400","StartTime":"2022-12-27T18:36:29.507677+00:00","EndTime":"2022-12-27T18:36:29.5436166+00:00","Properties":[{"Key":{"Id":"NUnit.Seed","Label":"Seed","Category":"","Description":"","Attributes":0,"ValueType":"System.String"},"Value":"1454310337"}]},{"TestCase":{"Id":"6757730b-f029-2acf-597b-2c35ff5a19b5","FullyQualifiedName":"Tests.SellerServiceTest.AddGoods_TryAddGoodsToExistingGoods","DisplayName":"AddGoods_TryAddGoodsToExistingGoods","ExecutorUri":"executor://NUnit3TestExecutor","Source":"C:\\Users\\Dell\\source\\repos\\Accounting_of_goods\\UnitOfWorkTest\\bin\\Debug\\net6.0\\fine-code-coverage\\build-output\\Tests.dll","CodeFilePath":null,"LineNumber":0,"Properties":[{"Key":{"Id":"NUnit.Seed","Label":"Seed","Category":"","Description":"","Attributes":0,"ValueType":"System.String"},"Value":"964118190"}]},"Attachments":[],"Outcome":1,"ErrorMessage":null,"ErrorStackTrace":null,"DisplayName":"AddGoods_TryAddGoodsToExistingGoods","Messages":[],"ComputerName":"DESKTOP-035NLAM","Duration":"00:00:00.0151970","StartTime":"2022-12-27T18:36:29.5479453+00:00","EndTime":"2022-12-27T18:36:29.5631422+00:00","Properties":[{"Key":{"Id":"NUnit.Seed","Label":"Seed","Category":"","Description":"","Attributes":0,"ValueType":"System.String"},"Value":"964118190"}]},{"TestCase":{"Id":"7df189b4-5da4-3a59-817d-4a432e3256db","FullyQualifiedName":"Tests.SellerServiceTest.AddGoods_TryAddGoodsToNotAvailableGoods","DisplayName":"AddGoods_TryAddGoodsToNotAvailableGoods","ExecutorUri":"executor://NUnit3TestExecutor","Source":"C:\\Users\\Dell\\source\\repos\\Accounting_of_goods\\UnitOfWorkTest\\bin\\Debug\\net6.0\\fine-code-coverage\\build-output\\Tests.dll","CodeFilePath":null,"LineNumber":0,"Properties":[{"Key":{"Id":"NUnit.Seed","Label":"Seed","Category":"","Description":"","Attributes":0,"ValueType":"System.String"},"Value":"1962527095"}]},"Attachments":[],"Outcome":1,"ErrorMessage":null,"ErrorStackTrace":null,"DisplayName":"AddGoods_TryAddGoodsToNotAvailableGoods","Messages":[],"ComputerName":"DESKTOP-035NLAM","Duration":"00:00:00.0282870","StartTime":"2022-12-27T18:36:29.5631717+00:00","EndTime":"2022-12-27T18:36:29.591458+00:00","Properties":[{"Key":{"Id":"NUnit.Seed","Label":"Seed","Category":"","Description":"","Attributes":0,"ValueType":"System.String"},"Value":"1962527095"}]},{"TestCase":{"Id":"0597cef6-12f2-624e-81e6-4739fb327751","FullyQualifiedName":"Tests.SellerServiceTest.AddGoods_TryAddNotreatedGoods","DisplayName":"AddGoods_TryAddNotreatedGoods","ExecutorUri":"executor://NUnit3TestExecutor","Source":"C:\\Users\\Dell\\source\\repos\\Accounting_of_goods\\UnitOfWorkTest\\bin\\Debug\\net6.0\\fine-code-coverage\\build-output\\Tests.dll","CodeFilePath":null,"LineNumber":0,"Properties":[{"Key":{"Id":"NUnit.Seed","Label":"Seed","Category":"","Description":"","Attributes":0,"ValueType":"System.String"},"Value":"1474480654"}]},"Attachments":[],"Outcome":1,"ErrorMessage":null,"ErrorStackTrace":null,"DisplayName":"AddGoods_TryAddNotreatedGoods","Messages":[],"ComputerName":"DESKTOP-035NLAM","Duration":"00:00:00.0124220","StartTime":"2022-12-27T18:36:29.5914968+00:00","EndTime":"2022-12-27T18:36:29.6039189+00:00","Properties":[{"Key":{"Id":"NUnit.Seed","Label":"Seed","Category":"","Description":"","Attributes":0,"ValueType":"System.String"},"Value":"1474480654"}]},{"TestCase":{"Id":"e1f3803d-a3ca-0139-a990-b48acf42421b","FullyQualifiedName":"Tests.SellerServiceTest.AddGoods_TryAddNullGoods","DisplayName":"AddGoods_TryAddNullGoods","ExecutorUri":"executor://NUnit3TestExecutor","Source":"C:\\Users\\Dell\\source\\repos\\Accounting_of_goods\\UnitOfWorkTest\\bin\\Debug\\net6.0\\fine-code-coverage\\build-output\\Tests.dll","CodeFilePath":null,"LineNumber":0,"Properties":[{"Key":{"Id":"NUnit.Seed","Label":"Seed","Category":"","Description":"","Attributes":0,"ValueType":"System.String"},"Value":"1813003319"}]},"Attachments":[],"Outcome":1,"ErrorMessage":null,"ErrorStackTrace":null,"DisplayName":"AddGoods_TryAddNullGoods","Messages":[],"ComputerName":"DESKTOP-035NLAM","Duration":"00:00:00.0025180","StartTime":"2022-12-27T18:36:29.6039576+00:00","EndTime":"2022-12-27T18:36:29.6064758+00:00","Properties":[{"Key":{"Id":"NUnit.Seed","Label":"Seed","Category":"","Description":"","Attributes":0,"ValueType":"System.String"},"Value":"1813003319"}]},{"TestCase":{"Id":"7b4759e3-c6ac-5178-e57a-d21aa05b1532","FullyQualifiedName":"Tests.SellerServiceTest.AddGoods_TryAddZeroGoods","DisplayName":"AddGoods_TryAddZeroGoods","ExecutorUri":"executor://NUnit3TestExecutor","Source":"C:\\Users\\Dell\\source\\repos\\Accounting_of_goods\\UnitOfWorkTest\\bin\\Debug\\net6.0\\fine-code-coverage\\build-output\\Tests.dll","CodeFilePath":null,"LineNumber":0,"Properties":[{"Key":{"Id":"NUnit.Seed","Label":"Seed","Category":"","Description":"","Attributes":0,"ValueType":"System.String"},"Value":"1386799505"}]},"Attachments":[],"Outcome":1,"ErrorMessage":null,"ErrorStackTrace":null,"DisplayName":"AddGoods_TryAddZeroGoods","Messages":[],"ComputerName":"DESKTOP-035NLAM","Duration":"00:00:00.0219830","StartTime":"2022-12-27T18:36:29.6065017+00:00","EndTime":"2022-12-27T18:36:29.6284842+00:00","Properties":[{"Key":{"Id":"NUnit.Seed","Label":"Seed","Category":"","Description":"","Attributes":0,"ValueType":"System.String"},"Value":"1386799505"}]},{"TestCase":{"Id":"31796576-e7ff-ded9-89d9-3f2b4e19852f","FullyQualifiedName":"Tests.SellerServiceTest.BringGoodsFromQueueForPurchase_","DisplayName":"BringGoodsFromQueueForPurchase_","ExecutorUri":"executor://NUnit3TestExecutor","Source":"C:\\Users\\Dell\\source\\repos\\Accounting_of_goods\\UnitOfWorkTest\\bin\\Debug\\net6.0\\fine-code-coverage\\build-output\\Tests.dll","CodeFilePath":null,"LineNumber":0,"Properties":[{"Key":{"Id":"NUnit.Seed","Label":"Seed","Category":"","Description":"","Attributes":0,"ValueType":"System.String"},"Value":"1236744891"}]},"Attachments":[],"Outcome":1,"ErrorMessage":null,"ErrorStackTrace":null,"DisplayName":"BringGoodsFromQueueForPurchase_","Messages":[],"ComputerName":"DESKTOP-035NLAM","Duration":"00:00:00.0365000","StartTime":"2022-12-27T18:36:29.6285194+00:00","EndTime":"2022-12-27T18:36:29.665019+00:00","Properties":[{"Key":{"Id":"NUnit.Seed","Label":"Seed","Category":"","Description":"","Attributes":0,"ValueType":"System.String"},"Value":"1236744891"}]},{"TestCase":{"Id":"373221dc-89d0-bf06-6c1b-51c872717218","FullyQualifiedName":"Tests.SellerServiceTest.CreatAccount_TryCreatNewAccount_MethodAddFromMockOfUserCalledOnce","DisplayName":"CreatAccount_TryCreatNewAccount_MethodAddFromMockOfUserCalledOnce","ExecutorUri":"executor://NUnit3TestExecutor","Source":"C:\\Users\\Dell\\source\\repos\\Accounting_of_goods\\UnitOfWorkTest\\bin\\Debug\\net6.0\\fine-code-coverage\\build-output\\Tests.dll","CodeFilePath":null,"LineNumber":0,"Properties":[{"Key":{"Id":"NUnit.Seed","Label":"Seed","Category":"","Description":"","Attributes":0,"ValueType":"System.String"},"Value":"1583241379"}]},"Attachments":[],"Outcome":1,"ErrorMessage":null,"ErrorStackTrace":null,"DisplayName":"CreatAccount_TryCreatNewAccount_MethodAddFromMockOfUserCalledOnce","Messages":[],"ComputerName":"DESKTOP-035NLAM","Duration":"00:00:00.0114900","StartTime":"2022-12-27T18:36:29.6650639+00:00","EndTime":"2022-12-27T18:36:29.6765539+00:00","Properties":[{"Key":{"Id":"NUnit.Seed","Label":"Seed","Category":"","Description":"","Attributes":0,"ValueType":"System.String"},"Value":"1583241379"}]},{"TestCase":{"Id":"97c39656-a2dc-a7b9-7ffd-411f2b4749d2","FullyQualifiedName":"Tests.SellerServiceTest.CreateGoods_TryCreatNewGoods_MethodAddFromMockOfApplicationContextForGoodsCalledOnce","DisplayName":"CreateGoods_TryCreatNewGoods_MethodAddFromMockOfApplicationContextForGoodsCalledOnce","ExecutorUri":"executor://NUnit3TestExecutor","Source":"C:\\Users\\Dell\\source\\repos\\Accounting_of_goods\\UnitOfWorkTest\\bin\\Debug\\net6.0\\fine-code-coverage\\build-output\\Tests.dll","CodeFilePath":null,"LineNumber":0,"Properties":[{"Key":{"Id":"NUnit.Seed","Label":"Seed","Category":"","Description":"","Attributes":0,"ValueType":"System.String"},"Value":"2128682174"}]},"Attachments":[],"Outcome":1,"ErrorMessage":null,"ErrorStackTrace":null,"DisplayName":"CreateGoods_TryCreatNewGoods_MethodAddFromMockOfApplicationContextForGoodsCalledOnce","Messages":[],"ComputerName":"DESKTOP-035NLAM","Duration":"00:00:00.0067200","StartTime":"2022-12-27T18:36:29.6765877+00:00","EndTime":"2022-12-27T18:36:29.683307+00:00","Properties":[{"Key":{"Id":"NUnit.Seed","Label":"Seed","Category":"","Description":"","Attributes":0,"ValueType":"System.String"},"Value":"2128682174"}]}],"TestRunStatistics":{"ExecutedTests":18,"Stats":{"Passed":18}},"ActiveTests":[{"Id":"4459bae5-9cee-40f0-7498-176048b116c0","FullyQualifiedName":"Tests.SellerServiceTest.GetAccount_TryGetAccount_MethodAddFromMockOfUserCalledOnce","DisplayName":"GetAccount_TryGetAccount_MethodAddFromMockOfUserCalledOnce","ExecutorUri":"executor://NUnit3TestExecutor","Source":"C:\\Users\\Dell\\source\\repos\\Accounting_of_goods\\UnitOfWorkTest\\bin\\Debug\\net6.0\\fine-code-coverage\\build-output\\Tests.dll","CodeFilePath":null,"LineNumber":0,"Properties":[{"Key":{"Id":"NUnit.Seed","Label":"Seed","Category":"","Description":"","Attributes":0,"ValueType":"System.String"},"Value":"120154544"}]}]}}
TpTrace Verbose: 0 : 16504, 11, 2022/12/27, 20:36:29.691, 3576656986975, vstest.console.dll, TestRunRequest:SendTestRunStatsChange: Starting.
TpTrace Verbose: 0 : 16504, 11, 2022/12/27, 20:36:29.691, 3576656988191, vstest.console.dll, InProgress is GetAccount_TryGetAccount_MethodAddFromMockOfUserCalledOnce
TpTrace Verbose: 0 : 16504, 11, 2022/12/27, 20:36:29.691, 3576656989609, vstest.console.dll, MulticastDelegateUtilities.SafeInvoke: TestRun.RunStatsChanged: Invoking callbacks was skipped because there are no subscribers.
TpTrace Verbose: 0 : 16504, 4, 2022/12/27, 20:36:29.691, 3576656990148, vstest.console.dll, MulticastDelegateUtilities.SafeInvoke: InternalTestLoggerEvents.SendTestResult: Invoking callback 1/1 for Microsoft.VisualStudio.TestPlatform.CommandLine.Internal.ConsoleLogger.TestResultHandler, took 0 ms.
TpTrace Information: 0 : 16504, 11, 2022/12/27, 20:36:29.691, 3576656990235, vstest.console.dll, TestRunRequest:SendTestRunStatsChange: Completed.
TpTrace Verbose: 0 : 16504, 4, 2022/12/27, 20:36:29.691, 3576656991535, vstest.console.dll, MulticastDelegateUtilities.SafeInvoke: InternalTestLoggerEvents.SendTestResult: Invoking callback 1/1 for Microsoft.VisualStudio.TestPlatform.CommandLine.Internal.ConsoleLogger.TestResultHandler, took 0 ms.
TpTrace Verbose: 0 : 16504, 11, 2022/12/27, 20:36:29.691, 3576656992149, vstest.console.dll, MulticastDelegateUtilities.SafeInvoke: LengthPrefixCommunicationChannel: MessageReceived: Invoking callback 1/1 for Microsoft.VisualStudio.TestPlatform.CommunicationUtilities.TestRequestSender+<>c__DisplayClass30_0.<StartTestRun>b__1, took 4 ms.
TpTrace Verbose: 0 : 16504, 4, 2022/12/27, 20:36:29.691, 3576656993324, vstest.console.dll, MulticastDelegateUtilities.SafeInvoke: InternalTestLoggerEvents.SendTestResult: Invoking callback 1/1 for Microsoft.VisualStudio.TestPlatform.CommandLine.Internal.ConsoleLogger.TestResultHandler, took 0 ms.
TpTrace Verbose: 0 : 16504, 11, 2022/12/27, 20:36:29.691, 3576656993775, vstest.console.dll, TcpClientExtensions.MessageLoopAsync: Polling on remoteEndPoint: 127.0.0.1:61519 localEndPoint: 127.0.0.1:61517
TpTrace Verbose: 0 : 16504, 4, 2022/12/27, 20:36:29.692, 3576656994750, vstest.console.dll, MulticastDelegateUtilities.SafeInvoke: InternalTestLoggerEvents.SendTestResult: Invoking callback 1/1 for Microsoft.VisualStudio.TestPlatform.CommandLine.Internal.ConsoleLogger.TestResultHandler, took 0 ms.
TpTrace Verbose: 0 : 16504, 4, 2022/12/27, 20:36:29.692, 3576656996229, vstest.console.dll, MulticastDelegateUtilities.SafeInvoke: InternalTestLoggerEvents.SendTestResult: Invoking callback 1/1 for Microsoft.VisualStudio.TestPlatform.CommandLine.Internal.ConsoleLogger.TestResultHandler, took 0 ms.
TpTrace Verbose: 0 : 16504, 4, 2022/12/27, 20:36:29.692, 3576656997262, vstest.console.dll, MulticastDelegateUtilities.SafeInvoke: InternalTestLoggerEvents.SendTestResult: Invoking callback 1/1 for Microsoft.VisualStudio.TestPlatform.CommandLine.Internal.ConsoleLogger.TestResultHandler, took 0 ms.
TpTrace Verbose: 0 : 16504, 4, 2022/12/27, 20:36:29.692, 3576656998149, vstest.console.dll, MulticastDelegateUtilities.SafeInvoke: InternalTestLoggerEvents.SendTestResult: Invoking callback 1/1 for Microsoft.VisualStudio.TestPlatform.CommandLine.Internal.ConsoleLogger.TestResultHandler, took 0 ms.
TpTrace Verbose: 0 : 16504, 4, 2022/12/27, 20:36:29.692, 3576656999041, vstest.console.dll, MulticastDelegateUtilities.SafeInvoke: InternalTestLoggerEvents.SendTestResult: Invoking callback 1/1 for Microsoft.VisualStudio.TestPlatform.CommandLine.Internal.ConsoleLogger.TestResultHandler, took 0 ms.
TpTrace Verbose: 0 : 16504, 4, 2022/12/27, 20:36:29.692, 3576656999916, vstest.console.dll, MulticastDelegateUtilities.SafeInvoke: InternalTestLoggerEvents.SendTestResult: Invoking callback 1/1 for Microsoft.VisualStudio.TestPlatform.CommandLine.Internal.ConsoleLogger.TestResultHandler, took 0 ms.
TpTrace Verbose: 0 : 16504, 11, 2022/12/27, 20:36:29.834, 3576658419066, vstest.console.dll, TcpClientExtensions.MessageLoopAsync: NotifyDataAvailable remoteEndPoint: 127.0.0.1:61519 localEndPoint: 127.0.0.1:61517
TpTrace Verbose: 0 : 16504, 11, 2022/12/27, 20:36:29.834, 3576658423846, vstest.console.dll, TestRequestSender.OnExecutionMessageReceived: Received message: {"Version":5,"MessageType":"TestExecution.StatsChange","Payload":{"NewTestResults":[{"TestCase":{"Id":"4459bae5-9cee-40f0-7498-176048b116c0","FullyQualifiedName":"Tests.SellerServiceTest.GetAccount_TryGetAccount_MethodAddFromMockOfUserCalledOnce","DisplayName":"GetAccount_TryGetAccount_MethodAddFromMockOfUserCalledOnce","ExecutorUri":"executor://NUnit3TestExecutor","Source":"C:\\Users\\Dell\\source\\repos\\Accounting_of_goods\\UnitOfWorkTest\\bin\\Debug\\net6.0\\fine-code-coverage\\build-output\\Tests.dll","CodeFilePath":null,"LineNumber":0,"Properties":[{"Key":{"Id":"NUnit.Seed","Label":"Seed","Category":"","Description":"","Attributes":0,"ValueType":"System.String"},"Value":"120154544"}]},"Attachments":[],"Outcome":1,"ErrorMessage":null,"ErrorStackTrace":null,"DisplayName":"GetAccount_TryGetAccount_MethodAddFromMockOfUserCalledOnce","Messages":[],"ComputerName":"DESKTOP-035NLAM","Duration":"00:00:00.0067620","StartTime":"2022-12-27T18:36:29.6833397+00:00","EndTime":"2022-12-27T18:36:29.6901015+00:00","Properties":[{"Key":{"Id":"NUnit.Seed","Label":"Seed","Category":"","Description":"","Attributes":0,"ValueType":"System.String"},"Value":"120154544"}]},{"TestCase":{"Id":"d07052d8-789c-bd97-2b4d-9534aed45004","FullyQualifiedName":"Tests.SellerServiceTest.GetAllGoods_TryGetAllGoods","DisplayName":"GetAllGoods_TryGetAllGoods","ExecutorUri":"executor://NUnit3TestExecutor","Source":"C:\\Users\\Dell\\source\\repos\\Accounting_of_goods\\UnitOfWorkTest\\bin\\Debug\\net6.0\\fine-code-coverage\\build-output\\Tests.dll","CodeFilePath":null,"LineNumber":0,"Properties":[{"Key":{"Id":"NUnit.Seed","Label":"Seed","Category":"","Description":"","Attributes":0,"ValueType":"System.String"},"Value":"138458492"}]},"Attachments":[],"Outcome":1,"ErrorMessage":null,"ErrorStackTrace":null,"DisplayName":"GetAllGoods_TryGetAllGoods","Messages":[],"ComputerName":"DESKTOP-035NLAM","Duration":"00:00:00.0092540","StartTime":"2022-12-27T18:36:29.6901409+00:00","EndTime":"2022-12-27T18:36:29.6993946+00:00","Properties":[{"Key":{"Id":"NUnit.Seed","Label":"Seed","Category":"","Description":"","Attributes":0,"ValueType":"System.String"},"Value":"138458492"}]},{"TestCase":{"Id":"eac0fe57-5c4f-a6e6-3db4-cf4784487e24","FullyQualifiedName":"Tests.SellerServiceTest.GetCurrentGoods_TryGetGoodsById_GotGoodsWithSetId","DisplayName":"GetCurrentGoods_TryGetGoodsById_GotGoodsWithSetId","ExecutorUri":"executor://NUnit3TestExecutor","Source":"C:\\Users\\Dell\\source\\repos\\Accounting_of_goods\\UnitOfWorkTest\\bin\\Debug\\net6.0\\fine-code-coverage\\build-output\\Tests.dll","CodeFilePath":null,"LineNumber":0,"Properties":[{"Key":{"Id":"NUnit.Seed","Label":"Seed","Category":"","Description":"","Attributes":0,"ValueType":"System.String"},"Value":"377785375"}]},"Attachments":[],"Outcome":1,"ErrorMessage":null,"ErrorStackTrace":null,"DisplayName":"GetCurrentGoods_TryGetGoodsById_GotGoodsWithSetId","Messages":[],"ComputerName":"DESKTOP-035NLAM","Duration":"00:00:00.0070400","StartTime":"2022-12-27T18:36:29.6994269+00:00","EndTime":"2022-12-27T18:36:29.7064661+00:00","Properties":[{"Key":{"Id":"NUnit.Seed","Label":"Seed","Category":"","Description":"","Attributes":0,"ValueType":"System.String"},"Value":"377785375"}]},{"TestCase":{"Id":"8239220d-e439-9ed9-7136-d0066b813cab","FullyQualifiedName":"Tests.SellerServiceTest.GetCurrentGoods_TryGetMissingGoods_InvokedGoodsNullEvent","DisplayName":"GetCurrentGoods_TryGetMissingGoods_InvokedGoodsNullEvent","ExecutorUri":"executor://NUnit3TestExecutor","Source":"C:\\Users\\Dell\\source\\repos\\Accounting_of_goods\\UnitOfWorkTest\\bin\\Debug\\net6.0\\fine-code-coverage\\build-output\\Tests.dll","CodeFilePath":null,"LineNumber":0,"Properties":[{"Key":{"Id":"NUnit.Seed","Label":"Seed","Category":"","Description":"","Attributes":0,"ValueType":"System.String"},"Value":"936478338"}]},"Attachments":[],"Outcome":1,"ErrorMessage":null,"ErrorStackTrace":null,"DisplayName":"GetCurrentGoods_TryGetMissingGoods_InvokedGoodsNullEvent","Messages":[],"ComputerName":"DESKTOP-035NLAM","Duration":"00:00:00.0051950","StartTime":"2022-12-27T18:36:29.7064961+00:00","EndTime":"2022-12-27T18:36:29.7116904+00:00","Properties":[{"Key":{"Id":"NUnit.Seed","Label":"Seed","Category":"","Description":"","Attributes":0,"ValueType":"System.String"},"Value":"936478338"}]},{"TestCase":{"Id":"774d7ee0-80b5-20f3-4a74-3fb4f7fdadfa","FullyQualifiedName":"Tests.SellerServiceTest.GetCurrentOrderList_TryGetMissingOrderList_InvokedOrderListNullEvent","DisplayName":"GetCurrentOrderList_TryGetMissingOrderList_InvokedOrderListNullEvent","ExecutorUri":"executor://NUnit3TestExecutor","Source":"C:\\Users\\Dell\\source\\repos\\Accounting_of_goods\\UnitOfWorkTest\\bin\\Debug\\net6.0\\fine-code-coverage\\build-output\\Tests.dll","CodeFilePath":null,"LineNumber":0,"Properties":[{"Key":{"Id":"NUnit.Seed","Label":"Seed","Category":"","Description":"","Attributes":0,"ValueType":"System.String"},"Value":"782299262"}]},"Attachments":[],"Outcome":1,"ErrorMessage":null,"ErrorStackTrace":null,"DisplayName":"GetCurrentOrderList_TryGetMissingOrderList_InvokedOrderListNullEvent","Messages":[],"ComputerName":"DESKTOP-035NLAM","Duration":"00:00:00.0197440","StartTime":"2022-12-27T18:36:29.7117341+00:00","EndTime":"2022-12-27T18:36:29.7314777+00:00","Properties":[{"Key":{"Id":"NUnit.Seed","Label":"Seed","Category":"","Description":"","Attributes":0,"ValueType":"System.String"},"Value":"782299262"}]},{"TestCase":{"Id":"1f8986db-0bc6-b17a-bef9-f49804dc1362","FullyQualifiedName":"Tests.SellerServiceTest.GetCurrentOrderList_TryGetOrderListById_GotOrderListWithSetId","DisplayName":"GetCurrentOrderList_TryGetOrderListById_GotOrderListWithSetId","ExecutorUri":"executor://NUnit3TestExecutor","Source":"C:\\Users\\Dell\\source\\repos\\Accounting_of_goods\\UnitOfWorkTest\\bin\\Debug\\net6.0\\fine-code-coverage\\build-output\\Tests.dll","CodeFilePath":null,"LineNumber":0,"Properties":[{"Key":{"Id":"NUnit.Seed","Label":"Seed","Category":"","Description":"","Attributes":0,"ValueType":"System.String"},"Value":"1175839615"}]},"Attachments":[],"Outcome":1,"ErrorMessage":null,"ErrorStackTrace":null,"DisplayName":"GetCurrentOrderList_TryGetOrderListById_GotOrderListWithSetId","Messages":[],"ComputerName":"DESKTOP-035NLAM","Duration":"00:00:00.0255260","StartTime":"2022-12-27T18:36:29.7315089+00:00","EndTime":"2022-12-27T18:36:29.7570344+00:00","Properties":[{"Key":{"Id":"NUnit.Seed","Label":"Seed","Category":"","Description":"","Attributes":0,"ValueType":"System.String"},"Value":"1175839615"}]},{"TestCase":{"Id":"f76d0b0f-0bfe-4d25-2362-ace9144b4daf","FullyQualifiedName":"Tests.SellerServiceTest.GetGoodsInStock_TryGetGoodsInStock","DisplayName":"GetGoodsInStock_TryGetGoodsInStock","ExecutorUri":"executor://NUnit3TestExecutor","Source":"C:\\Users\\Dell\\source\\repos\\Accounting_of_goods\\UnitOfWorkTest\\bin\\Debug\\net6.0\\fine-code-coverage\\build-output\\Tests.dll","CodeFilePath":null,"LineNumber":0,"Properties":[{"Key":{"Id":"NUnit.Seed","Label":"Seed","Category":"","Description":"","Attributes":0,"ValueType":"System.String"},"Value":"188619295"}]},"Attachments":[],"Outcome":1,"ErrorMessage":null,"ErrorStackTrace":null,"DisplayName":"GetGoodsInStock_TryGetGoodsInStock","Messages":[],"ComputerName":"DESKTOP-035NLAM","Duration":"00:00:00.0165110","StartTime":"2022-12-27T18:36:29.757842+00:00","EndTime":"2022-12-27T18:36:29.7743524+00:00","Properties":[{"Key":{"Id":"NUnit.Seed","Label":"Seed","Category":"","Description":"","Attributes":0,"ValueType":"System.String"},"Value":"188619295"}]},{"TestCase":{"Id":"7abe7614-918d-ff94-f9f3-d603bd976b47","FullyQualifiedName":"Tests.SellerServiceTest.GetOrderLists_TryGetOrderLists","DisplayName":"GetOrderLists_TryGetOrderLists","ExecutorUri":"executor://NUnit3TestExecutor","Source":"C:\\Users\\Dell\\source\\repos\\Accounting_of_goods\\UnitOfWorkTest\\bin\\Debug\\net6.0\\fine-code-coverage\\build-output\\Tests.dll","CodeFilePath":null,"LineNumber":0,"Properties":[{"Key":{"Id":"NUnit.Seed","Label":"Seed","Category":"","Description":"","Attributes":0,"ValueType":"System.String"},"Value":"1885835476"}]},"Attachments":[],"Outcome":1,"ErrorMessage":null,"ErrorStackTrace":null,"DisplayName":"GetOrderLists_TryGetOrderLists","Messages":[],"ComputerName":"DESKTOP-035NLAM","Duration":"00:00:00.0145800","StartTime":"2022-12-27T18:36:29.7745707+00:00","EndTime":"2022-12-27T18:36:29.7891505+00:00","Properties":[{"Key":{"Id":"NUnit.Seed","Label":"Seed","Category":"","Description":"","Attributes":0,"ValueType":"System.String"},"Value":"1885835476"}]},{"TestCase":{"Id":"b80b4e22-1a0e-cde2-c0c4-5a9283583f8a","FullyQualifiedName":"Tests.SellerServiceTest.GetOrders_TryModelGetingAllElementFromDbWithUsingList_GetListWithThirdElement","DisplayName":"GetOrders_TryModelGetingAllElementFromDbWithUsingList_GetListWithThirdElement","ExecutorUri":"executor://NUnit3TestExecutor","Source":"C:\\Users\\Dell\\source\\repos\\Accounting_of_goods\\UnitOfWorkTest\\bin\\Debug\\net6.0\\fine-code-coverage\\build-output\\Tests.dll","CodeFilePath":null,"LineNumber":0,"Properties":[{"Key":{"Id":"NUnit.Seed","Label":"Seed","Category":"","Description":"","Attributes":0,"ValueType":"System.String"},"Value":"675035783"}]},"Attachments":[],"Outcome":1,"ErrorMessage":null,"ErrorStackTrace":null,"DisplayName":"GetOrders_TryModelGetingAllElementFromDbWithUsingList_GetListWithThirdElement","Messages":[],"ComputerName":"DESKTOP-035NLAM","Duration":"00:00:00.0356480","StartTime":"2022-12-27T18:36:29.7946611+00:00","EndTime":"2022-12-27T18:36:29.8303091+00:00","Properties":[{"Key":{"Id":"NUnit.Seed","Label":"Seed","Category":"","Description":"","Attributes":0,"ValueType":"System.String"},"Value":"675035783"}]}],"TestRunStatistics":{"ExecutedTests":27,"Stats":{"Passed":27}},"ActiveTests":[{"Id":"100ac1d9-466b-ccd5-d227-c6ef9bbd6831","FullyQualifiedName":"Tests.SellerServiceTest.GetQueueForPurchase_TryGetAllQueueForPurchase","DisplayName":"GetQueueForPurchase_TryGetAllQueueForPurchase","ExecutorUri":"executor://NUnit3TestExecutor","Source":"C:\\Users\\Dell\\source\\repos\\Accounting_of_goods\\UnitOfWorkTest\\bin\\Debug\\net6.0\\fine-code-coverage\\build-output\\Tests.dll","CodeFilePath":null,"LineNumber":0,"Properties":[{"Key":{"Id":"NUnit.Seed","Label":"Seed","Category":"","Description":"","Attributes":0,"ValueType":"System.String"},"Value":"1158160108"}]}]}}
TpTrace Verbose: 0 : 16504, 11, 2022/12/27, 20:36:29.842, 3576658497684, vstest.console.dll, TestRunRequest:SendTestRunStatsChange: Starting.
TpTrace Verbose: 0 : 16504, 11, 2022/12/27, 20:36:29.842, 3576658498834, vstest.console.dll, InProgress is GetQueueForPurchase_TryGetAllQueueForPurchase
TpTrace Verbose: 0 : 16504, 11, 2022/12/27, 20:36:29.842, 3576658500057, vstest.console.dll, MulticastDelegateUtilities.SafeInvoke: TestRun.RunStatsChanged: Invoking callbacks was skipped because there are no subscribers.
TpTrace Verbose: 0 : 16504, 4, 2022/12/27, 20:36:29.842, 3576658500467, vstest.console.dll, MulticastDelegateUtilities.SafeInvoke: InternalTestLoggerEvents.SendTestResult: Invoking callback 1/1 for Microsoft.VisualStudio.TestPlatform.CommandLine.Internal.ConsoleLogger.TestResultHandler, took 0 ms.
TpTrace Information: 0 : 16504, 11, 2022/12/27, 20:36:29.842, 3576658500629, vstest.console.dll, TestRunRequest:SendTestRunStatsChange: Completed.
TpTrace Verbose: 0 : 16504, 4, 2022/12/27, 20:36:29.842, 3576658501894, vstest.console.dll, MulticastDelegateUtilities.SafeInvoke: InternalTestLoggerEvents.SendTestResult: Invoking callback 1/1 for Microsoft.VisualStudio.TestPlatform.CommandLine.Internal.ConsoleLogger.TestResultHandler, took 0 ms.
TpTrace Verbose: 0 : 16504, 11, 2022/12/27, 20:36:29.842, 3576658502692, vstest.console.dll, MulticastDelegateUtilities.SafeInvoke: LengthPrefixCommunicationChannel: MessageReceived: Invoking callback 1/1 for Microsoft.VisualStudio.TestPlatform.CommunicationUtilities.TestRequestSender+<>c__DisplayClass30_0.<StartTestRun>b__1, took 7 ms.
TpTrace Verbose: 0 : 16504, 4, 2022/12/27, 20:36:29.842, 3576658503616, vstest.console.dll, MulticastDelegateUtilities.SafeInvoke: InternalTestLoggerEvents.SendTestResult: Invoking callback 1/1 for Microsoft.VisualStudio.TestPlatform.CommandLine.Internal.ConsoleLogger.TestResultHandler, took 0 ms.
TpTrace Verbose: 0 : 16504, 11, 2022/12/27, 20:36:29.843, 3576658504185, vstest.console.dll, TcpClientExtensions.MessageLoopAsync: Polling on remoteEndPoint: 127.0.0.1:61519 localEndPoint: 127.0.0.1:61517
TpTrace Verbose: 0 : 16504, 4, 2022/12/27, 20:36:29.843, 3576658505138, vstest.console.dll, MulticastDelegateUtilities.SafeInvoke: InternalTestLoggerEvents.SendTestResult: Invoking callback 1/1 for Microsoft.VisualStudio.TestPlatform.CommandLine.Internal.ConsoleLogger.TestResultHandler, took 0 ms.
TpTrace Verbose: 0 : 16504, 4, 2022/12/27, 20:36:29.847, 3576658546239, vstest.console.dll, MulticastDelegateUtilities.SafeInvoke: InternalTestLoggerEvents.SendTestResult: Invoking callback 1/1 for Microsoft.VisualStudio.TestPlatform.CommandLine.Internal.ConsoleLogger.TestResultHandler, took 3 ms.
TpTrace Verbose: 0 : 16504, 4, 2022/12/27, 20:36:29.847, 3576658548418, vstest.console.dll, MulticastDelegateUtilities.SafeInvoke: InternalTestLoggerEvents.SendTestResult: Invoking callback 1/1 for Microsoft.VisualStudio.TestPlatform.CommandLine.Internal.ConsoleLogger.TestResultHandler, took 0 ms.
TpTrace Verbose: 0 : 16504, 4, 2022/12/27, 20:36:29.847, 3576658549497, vstest.console.dll, MulticastDelegateUtilities.SafeInvoke: InternalTestLoggerEvents.SendTestResult: Invoking callback 1/1 for Microsoft.VisualStudio.TestPlatform.CommandLine.Internal.ConsoleLogger.TestResultHandler, took 0 ms.
TpTrace Verbose: 0 : 16504, 4, 2022/12/27, 20:36:29.847, 3576658550257, vstest.console.dll, MulticastDelegateUtilities.SafeInvoke: InternalTestLoggerEvents.SendTestResult: Invoking callback 1/1 for Microsoft.VisualStudio.TestPlatform.CommandLine.Internal.ConsoleLogger.TestResultHandler, took 0 ms.
TpTrace Verbose: 0 : 16504, 4, 2022/12/27, 20:36:29.847, 3576658551118, vstest.console.dll, MulticastDelegateUtilities.SafeInvoke: InternalTestLoggerEvents.SendTestResult: Invoking callback 1/1 for Microsoft.VisualStudio.TestPlatform.CommandLine.Internal.ConsoleLogger.TestResultHandler, took 0 ms.
TpTrace Verbose: 0 : 16504, 11, 2022/12/27, 20:36:29.944, 3576659519873, vstest.console.dll, TcpClientExtensions.MessageLoopAsync: NotifyDataAvailable remoteEndPoint: 127.0.0.1:61519 localEndPoint: 127.0.0.1:61517
TpTrace Verbose: 0 : 16504, 11, 2022/12/27, 20:36:29.945, 3576659524263, vstest.console.dll, TestRequestSender.OnExecutionMessageReceived: Received message: {"Version":5,"MessageType":"TestExecution.StatsChange","Payload":{"NewTestResults":[{"TestCase":{"Id":"100ac1d9-466b-ccd5-d227-c6ef9bbd6831","FullyQualifiedName":"Tests.SellerServiceTest.GetQueueForPurchase_TryGetAllQueueForPurchase","DisplayName":"GetQueueForPurchase_TryGetAllQueueForPurchase","ExecutorUri":"executor://NUnit3TestExecutor","Source":"C:\\Users\\Dell\\source\\repos\\Accounting_of_goods\\UnitOfWorkTest\\bin\\Debug\\net6.0\\fine-code-coverage\\build-output\\Tests.dll","CodeFilePath":null,"LineNumber":0,"Properties":[{"Key":{"Id":"NUnit.Seed","Label":"Seed","Category":"","Description":"","Attributes":0,"ValueType":"System.String"},"Value":"1158160108"}]},"Attachments":[],"Outcome":1,"ErrorMessage":null,"ErrorStackTrace":null,"DisplayName":"GetQueueForPurchase_TryGetAllQueueForPurchase","Messages":[],"ComputerName":"DESKTOP-035NLAM","Duration":"00:00:00.0715020","StartTime":"2022-12-27T18:36:29.8303491+00:00","EndTime":"2022-12-27T18:36:29.9018509+00:00","Properties":[{"Key":{"Id":"NUnit.Seed","Label":"Seed","Category":"","Description":"","Attributes":0,"ValueType":"System.String"},"Value":"1158160108"}]},{"TestCase":{"Id":"94281439-33f8-3cf2-a300-7c7d1b6814d2","FullyQualifiedName":"Tests.SellerServiceTest.UpdateGoods_TryUpdateOneGoodsSetNewGoods_MethodUpdateFromMockOfApplicationContextCalledOnce","DisplayName":"UpdateGoods_TryUpdateOneGoodsSetNewGoods_MethodUpdateFromMockOfApplicationContextCalledOnce","ExecutorUri":"executor://NUnit3TestExecutor","Source":"C:\\Users\\Dell\\source\\repos\\Accounting_of_goods\\UnitOfWorkTest\\bin\\Debug\\net6.0\\fine-code-coverage\\build-output\\Tests.dll","CodeFilePath":null,"LineNumber":0,"Properties":[{"Key":{"Id":"NUnit.Seed","Label":"Seed","Category":"","Description":"","Attributes":0,"ValueType":"System.String"},"Value":"1666464891"}]},"Attachments":[],"Outcome":1,"ErrorMessage":null,"ErrorStackTrace":null,"DisplayName":"UpdateGoods_TryUpdateOneGoodsSetNewGoods_MethodUpdateFromMockOfApplicationContextCalledOnce","Messages":[],"ComputerName":"DESKTOP-035NLAM","Duration":"00:00:00.0080270","StartTime":"2022-12-27T18:36:29.9018893+00:00","EndTime":"2022-12-27T18:36:29.9099163+00:00","Properties":[{"Key":{"Id":"NUnit.Seed","Label":"Seed","Category":"","Description":"","Attributes":0,"ValueType":"System.String"},"Value":"1666464891"}]},{"TestCase":{"Id":"fe6c7ea1-917e-b62c-c7b6-1e34dd8cb309","FullyQualifiedName":"Tests.SellerServiceTest.UpdateGoods_TryUpdateOneGoodsSetNewGoodsInStock_MethodUpdateFromMockOfApplicationContextCalledOnce","DisplayName":"UpdateGoods_TryUpdateOneGoodsSetNewGoodsInStock_MethodUpdateFromMockOfApplicationContextCalledOnce","ExecutorUri":"executor://NUnit3TestExecutor","Source":"C:\\Users\\Dell\\source\\repos\\Accounting_of_goods\\UnitOfWorkTest\\bin\\Debug\\net6.0\\fine-code-coverage\\build-output\\Tests.dll","CodeFilePath":null,"LineNumber":0,"Properties":[{"Key":{"Id":"NUnit.Seed","Label":"Seed","Category":"","Description":"","Attributes":0,"ValueType":"System.String"},"Value":"1818980713"}]},"Attachments":[],"Outcome":1,"ErrorMessage":null,"ErrorStackTrace":null,"DisplayName":"UpdateGoods_TryUpdateOneGoodsSetNewGoodsInStock_MethodUpdateFromMockOfApplicationContextCalledOnce","Messages":[],"ComputerName":"DESKTOP-035NLAM","Duration":"00:00:00.0070290","StartTime":"2022-12-27T18:36:29.9099489+00:00","EndTime":"2022-12-27T18:36:29.9169778+00:00","Properties":[{"Key":{"Id":"NUnit.Seed","Label":"Seed","Category":"","Description":"","Attributes":0,"ValueType":"System.String"},"Value":"1818980713"}]},{"TestCase":{"Id":"333667f9-6cf4-3926-83f3-5dafa482fce0","FullyQualifiedName":"Tests.UnitOfWorkTest.GoodsCreat_TryCreatNewGoods_MethodAddFromMockOfApplicationContextForGoodsCalledOnce","DisplayName":"GoodsCreat_TryCreatNewGoods_MethodAddFromMockOfApplicationContextForGoodsCalledOnce","ExecutorUri":"executor://NUnit3TestExecutor","Source":"C:\\Users\\Dell\\source\\repos\\Accounting_of_goods\\UnitOfWorkTest\\bin\\Debug\\net6.0\\fine-code-coverage\\build-output\\Tests.dll","CodeFilePath":null,"LineNumber":0,"Properties":[{"Key":{"Id":"NUnit.Seed","Label":"Seed","Category":"","Description":"","Attributes":0,"ValueType":"System.String"},"Value":"1995606014"}]},"Attachments":[],"Outcome":1,"ErrorMessage":null,"ErrorStackTrace":null,"DisplayName":"GoodsCreat_TryCreatNewGoods_MethodAddFromMockOfApplicationContextForGoodsCalledOnce","Messages":[],"ComputerName":"DESKTOP-035NLAM","Duration":"00:00:00.0028040","StartTime":"2022-12-27T18:36:29.91724+00:00","EndTime":"2022-12-27T18:36:29.920044+00:00","Properties":[{"Key":{"Id":"NUnit.Seed","Label":"Seed","Category":"","Description":"","Attributes":0,"ValueType":"System.String"},"Value":"1995606014"}]},{"TestCase":{"Id":"6eafc77c-915e-e675-80ae-f1e339bff289","FullyQualifiedName":"Tests.UnitOfWorkTest.GoodsDelete_TryDeleteOneGoodsById_MethodDeleteFromMockOfApplicationContextCalledOnce","DisplayName":"GoodsDelete_TryDeleteOneGoodsById_MethodDeleteFromMockOfApplicationContextCalledOnce","ExecutorUri":"executor://NUnit3TestExecutor","Source":"C:\\Users\\Dell\\source\\repos\\Accounting_of_goods\\UnitOfWorkTest\\bin\\Debug\\net6.0\\fine-code-coverage\\build-output\\Tests.dll","CodeFilePath":null,"LineNumber":0,"Properties":[{"Key":{"Id":"NUnit.Seed","Label":"Seed","Category":"","Description":"","Attributes":0,"ValueType":"System.String"},"Value":"1593087178"}]},"Attachments":[],"Outcome":1,"ErrorMessage":null,"ErrorStackTrace":null,"DisplayName":"GoodsDelete_TryDeleteOneGoodsById_MethodDeleteFromMockOfApplicationContextCalledOnce","Messages":[],"ComputerName":"DESKTOP-035NLAM","Duration":"00:00:00.0028270","StartTime":"2022-12-27T18:36:29.9202377+00:00","EndTime":"2022-12-27T18:36:29.9230646+00:00","Properties":[{"Key":{"Id":"NUnit.Seed","Label":"Seed","Category":"","Description":"","Attributes":0,"ValueType":"System.String"},"Value":"1593087178"}]},{"TestCase":{"Id":"447935ee-6b2d-a6d8-6f0f-fe8765582b10","FullyQualifiedName":"Tests.UnitOfWorkTest.GoodsFind_TryModelGetingSomeElementByPredicateFromDbWithUsingList_GetListWithThirdElement","DisplayName":"GoodsFind_TryModelGetingSomeElementByPredicateFromDbWithUsingList_GetListWithThirdElement","ExecutorUri":"executor://NUnit3TestExecutor","Source":"C:\\Users\\Dell\\source\\repos\\Accounting_of_goods\\UnitOfWorkTest\\bin\\Debug\\net6.0\\fine-code-coverage\\build-output\\Tests.dll","CodeFilePath":null,"LineNumber":0,"Properties":[{"Key":{"Id":"NUnit.Seed","Label":"Seed","Category":"","Description":"","Attributes":0,"ValueType":"System.String"},"Value":"67415410"}]},"Attachments":[],"Outcome":1,"ErrorMessage":null,"ErrorStackTrace":null,"DisplayName":"GoodsFind_TryModelGetingSomeElementByPredicateFromDbWithUsingList_GetListWithThirdElement","Messages":[],"ComputerName":"DESKTOP-035NLAM","Duration":"00:00:00.0041850","StartTime":"2022-12-27T18:36:29.9230945+00:00","EndTime":"2022-12-27T18:36:29.9272792+00:00","Properties":[{"Key":{"Id":"NUnit.Seed","Label":"Seed","Category":"","Description":"","Attributes":0,"ValueType":"System.String"},"Value":"67415410"}]},{"TestCase":{"Id":"c301ad3a-ccbb-4c12-64dc-dc03604efaaf","FullyQualifiedName":"Tests.UnitOfWorkTest.GoodsGet_TryGetOneGoodsById_MethodFindFromMockOfApplicationContextCalledOnce","DisplayName":"GoodsGet_TryGetOneGoodsById_MethodFindFromMockOfApplicationContextCalledOnce","ExecutorUri":"executor://NUnit3TestExecutor","Source":"C:\\Users\\Dell\\source\\repos\\Accounting_of_goods\\UnitOfWorkTest\\bin\\Debug\\net6.0\\fine-code-coverage\\build-output\\Tests.dll","CodeFilePath":null,"LineNumber":0,"Properties":[{"Key":{"Id":"NUnit.Seed","Label":"Seed","Category":"","Description":"","Attributes":0,"ValueType":"System.String"},"Value":"1614644120"}]},"Attachments":[],"Outcome":1,"ErrorMessage":null,"ErrorStackTrace":null,"DisplayName":"GoodsGet_TryGetOneGoodsById_MethodFindFromMockOfApplicationContextCalledOnce","Messages":[],"ComputerName":"DESKTOP-035NLAM","Duration":"00:00:00.0048350","StartTime":"2022-12-27T18:36:29.9273848+00:00","EndTime":"2022-12-27T18:36:29.9322198+00:00","Properties":[{"Key":{"Id":"NUnit.Seed","Label":"Seed","Category":"","Description":"","Attributes":0,"ValueType":"System.String"},"Value":"1614644120"}]},{"TestCase":{"Id":"fb36eda5-4922-098b-ce73-bf4fc908c8ca","FullyQualifiedName":"Tests.UnitOfWorkTest.GoodsGetAll_TryModelGetingAllElementFromDbWithUsingList_GetListWithThirdElement","DisplayName":"GoodsGetAll_TryModelGetingAllElementFromDbWithUsingList_GetListWithThirdElement","ExecutorUri":"executor://NUnit3TestExecutor","Source":"C:\\Users\\Dell\\source\\repos\\Accounting_of_goods\\UnitOfWorkTest\\bin\\Debug\\net6.0\\fine-code-coverage\\build-output\\Tests.dll","CodeFilePath":null,"LineNumber":0,"Properties":[{"Key":{"Id":"NUnit.Seed","Label":"Seed","Category":"","Description":"","Attributes":0,"ValueType":"System.String"},"Value":"1842210318"}]},"Attachments":[],"Outcome":1,"ErrorMessage":null,"ErrorStackTrace":null,"DisplayName":"GoodsGetAll_TryModelGetingAllElementFromDbWithUsingList_GetListWithThirdElement","Messages":[],"ComputerName":"DESKTOP-035NLAM","Duration":"00:00:00.0019900","StartTime":"2022-12-27T18:36:29.9322565+00:00","EndTime":"2022-12-27T18:36:29.9342463+00:00","Properties":[{"Key":{"Id":"NUnit.Seed","Label":"Seed","Category":"","Description":"","Attributes":0,"ValueType":"System.String"},"Value":"1842210318"}]},{"TestCase":{"Id":"8e9c7bad-a8cf-ad51-9731-6f6e21bde433","FullyQualifiedName":"Tests.UnitOfWorkTest.GoodsInStockCreat_TryCreatNewGoodsInStock_MethodAddFromMockOfApplicationContextForGoodsInStockCalledOnce","DisplayName":"GoodsInStockCreat_TryCreatNewGoodsInStock_MethodAddFromMockOfApplicationContextForGoodsInStockCalledOnce","ExecutorUri":"executor://NUnit3TestExecutor","Source":"C:\\Users\\Dell\\source\\repos\\Accounting_of_goods\\UnitOfWorkTest\\bin\\Debug\\net6.0\\fine-code-coverage\\build-output\\Tests.dll","CodeFilePath":null,"LineNumber":0,"Properties":[{"Key":{"Id":"NUnit.Seed","Label":"Seed","Category":"","Description":"","Attributes":0,"ValueType":"System.String"},"Value":"376350505"}]},"Attachments":[],"Outcome":1,"ErrorMessage":null,"ErrorStackTrace":null,"DisplayName":"GoodsInStockCreat_TryCreatNewGoodsInStock_MethodAddFromMockOfApplicationContextForGoodsInStockCalledOnce","Messages":[],"ComputerName":"DESKTOP-035NLAM","Duration":"00:00:00.0053830","StartTime":"2022-12-27T18:36:29.9342719+00:00","EndTime":"2022-12-27T18:36:29.9396546+00:00","Properties":[{"Key":{"Id":"NUnit.Seed","Label":"Seed","Category":"","Description":"","Attributes":0,"ValueType":"System.String"},"Value":"376350505"}]}],"TestRunStatistics":{"ExecutedTests":36,"Stats":{"Passed":36}},"ActiveTests":[{"Id":"be29c065-6669-a112-1beb-b7bfbf753182","FullyQualifiedName":"Tests.UnitOfWorkTest.GoodsInStockDelete_TryDeleteOneGoodsInStockById_MethodDeleteFromMockOfApplicationContextCalledOnce","DisplayName":"GoodsInStockDelete_TryDeleteOneGoodsInStockById_MethodDeleteFromMockOfApplicationContextCalledOnce","ExecutorUri":"executor://NUnit3TestExecutor","Source":"C:\\Users\\Dell\\source\\repos\\Accounting_of_goods\\UnitOfWorkTest\\bin\\Debug\\net6.0\\fine-code-coverage\\build-output\\Tests.dll","CodeFilePath":null,"LineNumber":0,"Properties":[{"Key":{"Id":"NUnit.Seed","Label":"Seed","Category":"","Description":"","Attributes":0,"ValueType":"System.String"},"Value":"1069969569"}]}]}}
TpTrace Verbose: 0 : 16504, 11, 2022/12/27, 20:36:29.949, 3576659567000, vstest.console.dll, TestRunRequest:SendTestRunStatsChange: Starting.
TpTrace Verbose: 0 : 16504, 11, 2022/12/27, 20:36:29.949, 3576659567860, vstest.console.dll, InProgress is GoodsInStockDelete_TryDeleteOneGoodsInStockById_MethodDeleteFromMockOfApplicationContextCalledOnce
TpTrace Verbose: 0 : 16504, 11, 2022/12/27, 20:36:29.949, 3576659568502, vstest.console.dll, MulticastDelegateUtilities.SafeInvoke: TestRun.RunStatsChanged: Invoking callbacks was skipped because there are no subscribers.
TpTrace Information: 0 : 16504, 11, 2022/12/27, 20:36:29.949, 3576659568851, vstest.console.dll, TestRunRequest:SendTestRunStatsChange: Completed.
TpTrace Verbose: 0 : 16504, 11, 2022/12/27, 20:36:29.949, 3576659569262, vstest.console.dll, MulticastDelegateUtilities.SafeInvoke: LengthPrefixCommunicationChannel: MessageReceived: Invoking callback 1/1 for Microsoft.VisualStudio.TestPlatform.CommunicationUtilities.TestRequestSender+<>c__DisplayClass30_0.<StartTestRun>b__1, took 4 ms.
TpTrace Verbose: 0 : 16504, 4, 2022/12/27, 20:36:29.949, 3576659569246, vstest.console.dll, MulticastDelegateUtilities.SafeInvoke: InternalTestLoggerEvents.SendTestResult: Invoking callback 1/1 for Microsoft.VisualStudio.TestPlatform.CommandLine.Internal.ConsoleLogger.TestResultHandler, took 0 ms.
TpTrace Verbose: 0 : 16504, 11, 2022/12/27, 20:36:29.949, 3576659569865, vstest.console.dll, TcpClientExtensions.MessageLoopAsync: Polling on remoteEndPoint: 127.0.0.1:61519 localEndPoint: 127.0.0.1:61517
TpTrace Verbose: 0 : 16504, 4, 2022/12/27, 20:36:29.949, 3576659571265, vstest.console.dll, MulticastDelegateUtilities.SafeInvoke: InternalTestLoggerEvents.SendTestResult: Invoking callback 1/1 for Microsoft.VisualStudio.TestPlatform.CommandLine.Internal.ConsoleLogger.TestResultHandler, took 0 ms.
TpTrace Verbose: 0 : 16504, 4, 2022/12/27, 20:36:29.949, 3576659572385, vstest.console.dll, MulticastDelegateUtilities.SafeInvoke: InternalTestLoggerEvents.SendTestResult: Invoking callback 1/1 for Microsoft.VisualStudio.TestPlatform.CommandLine.Internal.ConsoleLogger.TestResultHandler, took 0 ms.
TpTrace Verbose: 0 : 16504, 4, 2022/12/27, 20:36:29.949, 3576659573209, vstest.console.dll, MulticastDelegateUtilities.SafeInvoke: InternalTestLoggerEvents.SendTestResult: Invoking callback 1/1 for Microsoft.VisualStudio.TestPlatform.CommandLine.Internal.ConsoleLogger.TestResultHandler, took 0 ms.
TpTrace Verbose: 0 : 16504, 4, 2022/12/27, 20:36:29.950, 3576659573981, vstest.console.dll, MulticastDelegateUtilities.SafeInvoke: InternalTestLoggerEvents.SendTestResult: Invoking callback 1/1 for Microsoft.VisualStudio.TestPlatform.CommandLine.Internal.ConsoleLogger.TestResultHandler, took 0 ms.
TpTrace Verbose: 0 : 16504, 4, 2022/12/27, 20:36:29.950, 3576659574741, vstest.console.dll, MulticastDelegateUtilities.SafeInvoke: InternalTestLoggerEvents.SendTestResult: Invoking callback 1/1 for Microsoft.VisualStudio.TestPlatform.CommandLine.Internal.ConsoleLogger.TestResultHandler, took 0 ms.
TpTrace Verbose: 0 : 16504, 4, 2022/12/27, 20:36:29.950, 3576659575463, vstest.console.dll, MulticastDelegateUtilities.SafeInvoke: InternalTestLoggerEvents.SendTestResult: Invoking callback 1/1 for Microsoft.VisualStudio.TestPlatform.CommandLine.Internal.ConsoleLogger.TestResultHandler, took 0 ms.
TpTrace Verbose: 0 : 16504, 4, 2022/12/27, 20:36:29.950, 3576659576208, vstest.console.dll, MulticastDelegateUtilities.SafeInvoke: InternalTestLoggerEvents.SendTestResult: Invoking callback 1/1 for Microsoft.VisualStudio.TestPlatform.CommandLine.Internal.ConsoleLogger.TestResultHandler, took 0 ms.
TpTrace Verbose: 0 : 16504, 4, 2022/12/27, 20:36:29.950, 3576659576984, vstest.console.dll, MulticastDelegateUtilities.SafeInvoke: InternalTestLoggerEvents.SendTestResult: Invoking callback 1/1 for Microsoft.VisualStudio.TestPlatform.CommandLine.Internal.ConsoleLogger.TestResultHandler, took 0 ms.
TpTrace Verbose: 0 : 16504, 11, 2022/12/27, 20:36:29.985, 3576659926599, vstest.console.dll, TcpClientExtensions.MessageLoopAsync: NotifyDataAvailable remoteEndPoint: 127.0.0.1:61519 localEndPoint: 127.0.0.1:61517
TpTrace Verbose: 0 : 16504, 11, 2022/12/27, 20:36:29.985, 3576659929834, vstest.console.dll, TestRequestSender.OnExecutionMessageReceived: Received message: {"Version":5,"MessageType":"TestExecution.StatsChange","Payload":{"NewTestResults":[{"TestCase":{"Id":"be29c065-6669-a112-1beb-b7bfbf753182","FullyQualifiedName":"Tests.UnitOfWorkTest.GoodsInStockDelete_TryDeleteOneGoodsInStockById_MethodDeleteFromMockOfApplicationContextCalledOnce","DisplayName":"GoodsInStockDelete_TryDeleteOneGoodsInStockById_MethodDeleteFromMockOfApplicationContextCalledOnce","ExecutorUri":"executor://NUnit3TestExecutor","Source":"C:\\Users\\Dell\\source\\repos\\Accounting_of_goods\\UnitOfWorkTest\\bin\\Debug\\net6.0\\fine-code-coverage\\build-output\\Tests.dll","CodeFilePath":null,"LineNumber":0,"Properties":[{"Key":{"Id":"NUnit.Seed","Label":"Seed","Category":"","Description":"","Attributes":0,"ValueType":"System.String"},"Value":"1069969569"}]},"Attachments":[],"Outcome":1,"ErrorMessage":null,"ErrorStackTrace":null,"DisplayName":"GoodsInStockDelete_TryDeleteOneGoodsInStockById_MethodDeleteFromMockOfApplicationContextCalledOnce","Messages":[],"ComputerName":"DESKTOP-035NLAM","Duration":"00:00:00.0140940","StartTime":"2022-12-27T18:36:29.9412585+00:00","EndTime":"2022-12-27T18:36:29.9553523+00:00","Properties":[{"Key":{"Id":"NUnit.Seed","Label":"Seed","Category":"","Description":"","Attributes":0,"ValueType":"System.String"},"Value":"1069969569"}]},{"TestCase":{"Id":"91712e40-aa0f-ac79-00ce-71caee98e769","FullyQualifiedName":"Tests.UnitOfWorkTest.GoodsInStockFind_TryModelGetingSomeElementByPredicateFromDbWithUsingList_GetListWithThirdElement","DisplayName":"GoodsInStockFind_TryModelGetingSomeElementByPredicateFromDbWithUsingList_GetListWithThirdElement","ExecutorUri":"executor://NUnit3TestExecutor","Source":"C:\\Users\\Dell\\source\\repos\\Accounting_of_goods\\UnitOfWorkTest\\bin\\Debug\\net6.0\\fine-code-coverage\\build-output\\Tests.dll","CodeFilePath":null,"LineNumber":0,"Properties":[{"Key":{"Id":"NUnit.Seed","Label":"Seed","Category":"","Description":"","Attributes":0,"ValueType":"System.String"},"Value":"1451072338"}]},"Attachments":[],"Outcome":1,"ErrorMessage":null,"ErrorStackTrace":null,"DisplayName":"GoodsInStockFind_TryModelGetingSomeElementByPredicateFromDbWithUsingList_GetListWithThirdElement","Messages":[],"ComputerName":"DESKTOP-035NLAM","Duration":"00:00:00.0028140","StartTime":"2022-12-27T18:36:29.9553838+00:00","EndTime":"2022-12-27T18:36:29.9581973+00:00","Properties":[{"Key":{"Id":"NUnit.Seed","Label":"Seed","Category":"","Description":"","Attributes":0,"ValueType":"System.String"},"Value":"1451072338"}]},{"TestCase":{"Id":"6ff7b3de-c0cb-b3e2-2c81-e3cef9084866","FullyQualifiedName":"Tests.UnitOfWorkTest.GoodsInStockGet_TryGetOneGoodsInStockById_MethodFindFromMockOfApplicationContextCalledOnce","DisplayName":"GoodsInStockGet_TryGetOneGoodsInStockById_MethodFindFromMockOfApplicationContextCalledOnce","ExecutorUri":"executor://NUnit3TestExecutor","Source":"C:\\Users\\Dell\\source\\repos\\Accounting_of_goods\\UnitOfWorkTest\\bin\\Debug\\net6.0\\fine-code-coverage\\build-output\\Tests.dll","CodeFilePath":null,"LineNumber":0,"Properties":[{"Key":{"Id":"NUnit.Seed","Label":"Seed","Category":"","Description":"","Attributes":0,"ValueType":"System.String"},"Value":"450672235"}]},"Attachments":[],"Outcome":1,"ErrorMessage":null,"ErrorStackTrace":null,"DisplayName":"GoodsInStockGet_TryGetOneGoodsInStockById_MethodFindFromMockOfApplicationContextCalledOnce","Messages":[],"ComputerName":"DESKTOP-035NLAM","Duration":"00:00:00.0045909","StartTime":"2022-12-27T18:36:29.9582308+00:00","EndTime":"2022-12-27T18:36:29.962822+00:00","Properties":[{"Key":{"Id":"NUnit.Seed","Label":"Seed","Category":"","Description":"","Attributes":0,"ValueType":"System.String"},"Value":"450672235"}]},{"TestCase":{"Id":"890a87b0-23a6-7990-2523-1ea2fe88f72a","FullyQualifiedName":"Tests.UnitOfWorkTest.GoodsInStockGetAll_TryModelGetingAllElementFromDbWithUsingList_GetListWithThirdElement","DisplayName":"GoodsInStockGetAll_TryModelGetingAllElementFromDbWithUsingList_GetListWithThirdElement","ExecutorUri":"executor://NUnit3TestExecutor","Source":"C:\\Users\\Dell\\source\\repos\\Accounting_of_goods\\UnitOfWorkTest\\bin\\Debug\\net6.0\\fine-code-coverage\\build-output\\Tests.dll","CodeFilePath":null,"LineNumber":0,"Properties":[{"Key":{"Id":"NUnit.Seed","Label":"Seed","Category":"","Description":"","Attributes":0,"ValueType":"System.String"},"Value":"1715039539"}]},"Attachments":[],"Outcome":1,"ErrorMessage":null,"ErrorStackTrace":null,"DisplayName":"GoodsInStockGetAll_TryModelGetingAllElementFromDbWithUsingList_GetListWithThirdElement","Messages":[],"ComputerName":"DESKTOP-035NLAM","Duration":"00:00:00.0026970","StartTime":"2022-12-27T18:36:29.9628566+00:00","EndTime":"2022-12-27T18:36:29.9655529+00:00","Properties":[{"Key":{"Id":"NUnit.Seed","Label":"Seed","Category":"","Description":"","Attributes":0,"ValueType":"System.String"},"Value":"1715039539"}]},{"TestCase":{"Id":"e5d33f0b-0db4-b520-39db-08be278627da","FullyQualifiedName":"Tests.UnitOfWorkTest.GoodsInStockUpdate_TryUpdateOneGoodsInStockById_MethodUpdateFromMockOfApplicationContextCalledOnce","DisplayName":"GoodsInStockUpdate_TryUpdateOneGoodsInStockById_MethodUpdateFromMockOfApplicationContextCalledOnce","ExecutorUri":"executor://NUnit3TestExecutor","Source":"C:\\Users\\Dell\\source\\repos\\Accounting_of_goods\\UnitOfWorkTest\\bin\\Debug\\net6.0\\fine-code-coverage\\build-output\\Tests.dll","CodeFilePath":null,"LineNumber":0,"Properties":[{"Key":{"Id":"NUnit.Seed","Label":"Seed","Category":"","Description":"","Attributes":0,"ValueType":"System.String"},"Value":"1034367726"}]},"Attachments":[],"Outcome":1,"ErrorMessage":null,"ErrorStackTrace":null,"DisplayName":"GoodsInStockUpdate_TryUpdateOneGoodsInStockById_MethodUpdateFromMockOfApplicationContextCalledOnce","Messages":[],"ComputerName":"DESKTOP-035NLAM","Duration":"00:00:00.0027990","StartTime":"2022-12-27T18:36:29.9655803+00:00","EndTime":"2022-12-27T18:36:29.9683788+00:00","Properties":[{"Key":{"Id":"NUnit.Seed","Label":"Seed","Category":"","Description":"","Attributes":0,"ValueType":"System.String"},"Value":"1034367726"}]},{"TestCase":{"Id":"d46d41e4-eaba-bd1a-ece2-3c0e65f225ec","FullyQualifiedName":"Tests.UnitOfWorkTest.GoodsUpdate_TryUpdateOneGoodsById_MethodUpdateFromMockOfApplicationContextCalledOnce","DisplayName":"GoodsUpdate_TryUpdateOneGoodsById_MethodUpdateFromMockOfApplicationContextCalledOnce","ExecutorUri":"executor://NUnit3TestExecutor","Source":"C:\\Users\\Dell\\source\\repos\\Accounting_of_goods\\UnitOfWorkTest\\bin\\Debug\\net6.0\\fine-code-coverage\\build-output\\Tests.dll","CodeFilePath":null,"LineNumber":0,"Properties":[{"Key":{"Id":"NUnit.Seed","Label":"Seed","Category":"","Description":"","Attributes":0,"ValueType":"System.String"},"Value":"978376473"}]},"Attachments":[],"Outcome":1,"ErrorMessage":null,"ErrorStackTrace":null,"DisplayName":"GoodsUpdate_TryUpdateOneGoodsById_MethodUpdateFromMockOfApplicationContextCalledOnce","Messages":[],"ComputerName":"DESKTOP-035NLAM","Duration":"00:00:00.0021730","StartTime":"2022-12-27T18:36:29.9684789+00:00","EndTime":"2022-12-27T18:36:29.9706517+00:00","Properties":[{"Key":{"Id":"NUnit.Seed","Label":"Seed","Category":"","Description":"","Attributes":0,"ValueType":"System.String"},"Value":"978376473"}]},{"TestCase":{"Id":"698278e0-fc48-8db7-94c4-69e39b082d4b","FullyQualifiedName":"Tests.UnitOfWorkTest.OrderCreat_TryCreatNewOrder_MethodAddFromMockOfApplicationContextForOrderCalledOnce","DisplayName":"OrderCreat_TryCreatNewOrder_MethodAddFromMockOfApplicationContextForOrderCalledOnce","ExecutorUri":"executor://NUnit3TestExecutor","Source":"C:\\Users\\Dell\\source\\repos\\Accounting_of_goods\\UnitOfWorkTest\\bin\\Debug\\net6.0\\fine-code-coverage\\build-output\\Tests.dll","CodeFilePath":null,"LineNumber":0,"Properties":[{"Key":{"Id":"NUnit.Seed","Label":"Seed","Category":"","Description":"","Attributes":0,"ValueType":"System.String"},"Value":"977024136"}]},"Attachments":[],"Outcome":1,"ErrorMessage":null,"ErrorStackTrace":null,"DisplayName":"OrderCreat_TryCreatNewOrder_MethodAddFromMockOfApplicationContextForOrderCalledOnce","Messages":[],"ComputerName":"DESKTOP-035NLAM","Duration":"00:00:00.0031170","StartTime":"2022-12-27T18:36:29.9709308+00:00","EndTime":"2022-12-27T18:36:29.9740477+00:00","Properties":[{"Key":{"Id":"NUnit.Seed","Label":"Seed","Category":"","Description":"","Attributes":0,"ValueType":"System.String"},"Value":"977024136"}]},{"TestCase":{"Id":"f4a4195a-1949-a79c-66fb-fcc64d3d244c","FullyQualifiedName":"Tests.UnitOfWorkTest.OrderDelete_TryDeleteOneOrderById_MethodDeleteFromMockOfApplicationContextCalledOnce","DisplayName":"OrderDelete_TryDeleteOneOrderById_MethodDeleteFromMockOfApplicationContextCalledOnce","ExecutorUri":"executor://NUnit3TestExecutor","Source":"C:\\Users\\Dell\\source\\repos\\Accounting_of_goods\\UnitOfWorkTest\\bin\\Debug\\net6.0\\fine-code-coverage\\build-output\\Tests.dll","CodeFilePath":null,"LineNumber":0,"Properties":[{"Key":{"Id":"NUnit.Seed","Label":"Seed","Category":"","Description":"","Attributes":0,"ValueType":"System.String"},"Value":"602974252"}]},"Attachments":[],"Outcome":1,"ErrorMessage":null,"ErrorStackTrace":null,"DisplayName":"OrderDelete_TryDeleteOneOrderById_MethodDeleteFromMockOfApplicationContextCalledOnce","Messages":[],"ComputerName":"DESKTOP-035NLAM","Duration":"00:00:00.0045170","StartTime":"2022-12-27T18:36:29.974137+00:00","EndTime":"2022-12-27T18:36:29.9786538+00:00","Properties":[{"Key":{"Id":"NUnit.Seed","Label":"Seed","Category":"","Description":"","Attributes":0,"ValueType":"System.String"},"Value":"602974252"}]},{"TestCase":{"Id":"4724405b-a869-8d31-4e12-d321efb597be","FullyQualifiedName":"Tests.UnitOfWorkTest.OrderFind_TryModelGetingSomeElementByPredicateFromDbWithUsingList_GetListWithThirdElement","DisplayName":"OrderFind_TryModelGetingSomeElementByPredicateFromDbWithUsingList_GetListWithThirdElement","ExecutorUri":"executor://NUnit3TestExecutor","Source":"C:\\Users\\Dell\\source\\repos\\Accounting_of_goods\\UnitOfWorkTest\\bin\\Debug\\net6.0\\fine-code-coverage\\build-output\\Tests.dll","CodeFilePath":null,"LineNumber":0,"Properties":[{"Key":{"Id":"NUnit.Seed","Label":"Seed","Category":"","Description":"","Attributes":0,"ValueType":"System.String"},"Value":"997929576"}]},"Attachments":[],"Outcome":1,"ErrorMessage":null,"ErrorStackTrace":null,"DisplayName":"OrderFind_TryModelGetingSomeElementByPredicateFromDbWithUsingList_GetListWithThirdElement","Messages":[],"ComputerName":"DESKTOP-035NLAM","Duration":"00:00:00.0028250","StartTime":"2022-12-27T18:36:29.9787097+00:00","EndTime":"2022-12-27T18:36:29.9815343+00:00","Properties":[{"Key":{"Id":"NUnit.Seed","Label":"Seed","Category":"","Description":"","Attributes":0,"ValueType":"System.String"},"Value":"997929576"}]}],"TestRunStatistics":{"ExecutedTests":45,"Stats":{"Passed":45}},"ActiveTests":[{"Id":"6202d03e-5e71-3527-bc42-94d3f2b2a777","FullyQualifiedName":"Tests.UnitOfWorkTest.OrderGet_TryGetOneOrderById_MethodFindFromMockOfApplicationContextCalledOnce","DisplayName":"OrderGet_TryGetOneOrderById_MethodFindFromMockOfApplicationContextCalledOnce","ExecutorUri":"executor://NUnit3TestExecutor","Source":"C:\\Users\\Dell\\source\\repos\\Accounting_of_goods\\UnitOfWorkTest\\bin\\Debug\\net6.0\\fine-code-coverage\\build-output\\Tests.dll","CodeFilePath":null,"LineNumber":0,"Properties":[{"Key":{"Id":"NUnit.Seed","Label":"Seed","Category":"","Description":"","Attributes":0,"ValueType":"System.String"},"Value":"198882265"}]}]}}
TpTrace Verbose: 0 : 16504, 11, 2022/12/27, 20:36:29.992, 3576659994923, vstest.console.dll, TestRunRequest:SendTestRunStatsChange: Starting.
TpTrace Verbose: 0 : 16504, 11, 2022/12/27, 20:36:29.992, 3576659995826, vstest.console.dll, InProgress is OrderGet_TryGetOneOrderById_MethodFindFromMockOfApplicationContextCalledOnce
TpTrace Verbose: 0 : 16504, 11, 2022/12/27, 20:36:29.992, 3576659996821, vstest.console.dll, MulticastDelegateUtilities.SafeInvoke: TestRun.RunStatsChanged: Invoking callbacks was skipped because there are no subscribers.
TpTrace Information: 0 : 16504, 11, 2022/12/27, 20:36:29.992, 3576659997444, vstest.console.dll, TestRunRequest:SendTestRunStatsChange: Completed.
TpTrace Verbose: 0 : 16504, 4, 2022/12/27, 20:36:29.992, 3576659997676, vstest.console.dll, MulticastDelegateUtilities.SafeInvoke: InternalTestLoggerEvents.SendTestResult: Invoking callback 1/1 for Microsoft.VisualStudio.TestPlatform.CommandLine.Internal.ConsoleLogger.TestResultHandler, took 0 ms.
TpTrace Verbose: 0 : 16504, 11, 2022/12/27, 20:36:29.992, 3576659998201, vstest.console.dll, MulticastDelegateUtilities.SafeInvoke: LengthPrefixCommunicationChannel: MessageReceived: Invoking callback 1/1 for Microsoft.VisualStudio.TestPlatform.CommunicationUtilities.TestRequestSender+<>c__DisplayClass30_0.<StartTestRun>b__1, took 6 ms.
TpTrace Verbose: 0 : 16504, 4, 2022/12/27, 20:36:29.992, 3576659999369, vstest.console.dll, MulticastDelegateUtilities.SafeInvoke: InternalTestLoggerEvents.SendTestResult: Invoking callback 1/1 for Microsoft.VisualStudio.TestPlatform.CommandLine.Internal.ConsoleLogger.TestResultHandler, took 0 ms.
TpTrace Verbose: 0 : 16504, 11, 2022/12/27, 20:36:29.992, 3576659999805, vstest.console.dll, TcpClientExtensions.MessageLoopAsync: Polling on remoteEndPoint: 127.0.0.1:61519 localEndPoint: 127.0.0.1:61517
TpTrace Verbose: 0 : 16504, 4, 2022/12/27, 20:36:29.992, 3576660000842, vstest.console.dll, MulticastDelegateUtilities.SafeInvoke: InternalTestLoggerEvents.SendTestResult: Invoking callback 1/1 for Microsoft.VisualStudio.TestPlatform.CommandLine.Internal.ConsoleLogger.TestResultHandler, took 0 ms.
TpTrace Verbose: 0 : 16504, 4, 2022/12/27, 20:36:29.992, 3576660002034, vstest.console.dll, MulticastDelegateUtilities.SafeInvoke: InternalTestLoggerEvents.SendTestResult: Invoking callback 1/1 for Microsoft.VisualStudio.TestPlatform.CommandLine.Internal.ConsoleLogger.TestResultHandler, took 0 ms.
TpTrace Verbose: 0 : 16504, 4, 2022/12/27, 20:36:29.992, 3576660002799, vstest.console.dll, MulticastDelegateUtilities.SafeInvoke: InternalTestLoggerEvents.SendTestResult: Invoking callback 1/1 for Microsoft.VisualStudio.TestPlatform.CommandLine.Internal.ConsoleLogger.TestResultHandler, took 0 ms.
TpTrace Verbose: 0 : 16504, 4, 2022/12/27, 20:36:29.992, 3576660003698, vstest.console.dll, MulticastDelegateUtilities.SafeInvoke: InternalTestLoggerEvents.SendTestResult: Invoking callback 1/1 for Microsoft.VisualStudio.TestPlatform.CommandLine.Internal.ConsoleLogger.TestResultHandler, took 0 ms.
TpTrace Verbose: 0 : 16504, 4, 2022/12/27, 20:36:29.993, 3576660004448, vstest.console.dll, MulticastDelegateUtilities.SafeInvoke: InternalTestLoggerEvents.SendTestResult: Invoking callback 1/1 for Microsoft.VisualStudio.TestPlatform.CommandLine.Internal.ConsoleLogger.TestResultHandler, took 0 ms.
TpTrace Verbose: 0 : 16504, 4, 2022/12/27, 20:36:29.993, 3576660005202, vstest.console.dll, MulticastDelegateUtilities.SafeInvoke: InternalTestLoggerEvents.SendTestResult: Invoking callback 1/1 for Microsoft.VisualStudio.TestPlatform.CommandLine.Internal.ConsoleLogger.TestResultHandler, took 0 ms.
TpTrace Verbose: 0 : 16504, 4, 2022/12/27, 20:36:29.993, 3576660005948, vstest.console.dll, MulticastDelegateUtilities.SafeInvoke: InternalTestLoggerEvents.SendTestResult: Invoking callback 1/1 for Microsoft.VisualStudio.TestPlatform.CommandLine.Internal.ConsoleLogger.TestResultHandler, took 0 ms.
TpTrace Verbose: 0 : 16504, 11, 2022/12/27, 20:36:30.017, 3576660253476, vstest.console.dll, TcpClientExtensions.MessageLoopAsync: NotifyDataAvailable remoteEndPoint: 127.0.0.1:61519 localEndPoint: 127.0.0.1:61517
TpTrace Verbose: 0 : 16504, 11, 2022/12/27, 20:36:30.018, 3576660257499, vstest.console.dll, TestRequestSender.OnExecutionMessageReceived: Received message: {"Version":5,"MessageType":"TestExecution.StatsChange","Payload":{"NewTestResults":[{"TestCase":{"Id":"6202d03e-5e71-3527-bc42-94d3f2b2a777","FullyQualifiedName":"Tests.UnitOfWorkTest.OrderGet_TryGetOneOrderById_MethodFindFromMockOfApplicationContextCalledOnce","DisplayName":"OrderGet_TryGetOneOrderById_MethodFindFromMockOfApplicationContextCalledOnce","ExecutorUri":"executor://NUnit3TestExecutor","Source":"C:\\Users\\Dell\\source\\repos\\Accounting_of_goods\\UnitOfWorkTest\\bin\\Debug\\net6.0\\fine-code-coverage\\build-output\\Tests.dll","CodeFilePath":null,"LineNumber":0,"Properties":[{"Key":{"Id":"NUnit.Seed","Label":"Seed","Category":"","Description":"","Attributes":0,"ValueType":"System.String"},"Value":"198882265"}]},"Attachments":[],"Outcome":1,"ErrorMessage":null,"ErrorStackTrace":null,"DisplayName":"OrderGet_TryGetOneOrderById_MethodFindFromMockOfApplicationContextCalledOnce","Messages":[],"ComputerName":"DESKTOP-035NLAM","Duration":"00:00:00.0037040","StartTime":"2022-12-27T18:36:29.9815645+00:00","EndTime":"2022-12-27T18:36:29.9852682+00:00","Properties":[{"Key":{"Id":"NUnit.Seed","Label":"Seed","Category":"","Description":"","Attributes":0,"ValueType":"System.String"},"Value":"198882265"}]},{"TestCase":{"Id":"6c3c5b65-d921-b15a-04a8-307293c61d72","FullyQualifiedName":"Tests.UnitOfWorkTest.OrderGetAll_TryModelGetingAllElementFromDbWithUsingList_GetListWithThirdElement","DisplayName":"OrderGetAll_TryModelGetingAllElementFromDbWithUsingList_GetListWithThirdElement","ExecutorUri":"executor://NUnit3TestExecutor","Source":"C:\\Users\\Dell\\source\\repos\\Accounting_of_goods\\UnitOfWorkTest\\bin\\Debug\\net6.0\\fine-code-coverage\\build-output\\Tests.dll","CodeFilePath":null,"LineNumber":0,"Properties":[{"Key":{"Id":"NUnit.Seed","Label":"Seed","Category":"","Description":"","Attributes":0,"ValueType":"System.String"},"Value":"1452501723"}]},"Attachments":[],"Outcome":1,"ErrorMessage":null,"ErrorStackTrace":null,"DisplayName":"OrderGetAll_TryModelGetingAllElementFromDbWithUsingList_GetListWithThirdElement","Messages":[],"ComputerName":"DESKTOP-035NLAM","Duration":"00:00:00.0021990","StartTime":"2022-12-27T18:36:29.9852969+00:00","EndTime":"2022-12-27T18:36:29.9874956+00:00","Properties":[{"Key":{"Id":"NUnit.Seed","Label":"Seed","Category":"","Description":"","Attributes":0,"ValueType":"System.String"},"Value":"1452501723"}]},{"TestCase":{"Id":"e4e3729b-edab-0ed9-4025-4e2fda0de38a","FullyQualifiedName":"Tests.UnitOfWorkTest.OrderListCreat_TryCreatNewOrderList_MethodAddFromMockOfApplicationContextForOrderListCalledOnce","DisplayName":"OrderListCreat_TryCreatNewOrderList_MethodAddFromMockOfApplicationContextForOrderListCalledOnce","ExecutorUri":"executor://NUnit3TestExecutor","Source":"C:\\Users\\Dell\\source\\repos\\Accounting_of_goods\\UnitOfWorkTest\\bin\\Debug\\net6.0\\fine-code-coverage\\build-output\\Tests.dll","CodeFilePath":null,"LineNumber":0,"Properties":[{"Key":{"Id":"NUnit.Seed","Label":"Seed","Category":"","Description":"","Attributes":0,"ValueType":"System.String"},"Value":"776018934"}]},"Attachments":[],"Outcome":1,"ErrorMessage":null,"ErrorStackTrace":null,"DisplayName":"OrderListCreat_TryCreatNewOrderList_MethodAddFromMockOfApplicationContextForOrderListCalledOnce","Messages":[],"ComputerName":"DESKTOP-035NLAM","Duration":"00:00:00.0031189","StartTime":"2022-12-27T18:36:29.9875174+00:00","EndTime":"2022-12-27T18:36:29.9906362+00:00","Properties":[{"Key":{"Id":"NUnit.Seed","Label":"Seed","Category":"","Description":"","Attributes":0,"ValueType":"System.String"},"Value":"776018934"}]},{"TestCase":{"Id":"94d0946c-89ae-1b72-13e1-6c5230ea0715","FullyQualifiedName":"Tests.UnitOfWorkTest.OrderListDelete_TryDeleteOneOrderListById_MethodDeleteFromMockOfApplicationContextCalledOnce","DisplayName":"OrderListDelete_TryDeleteOneOrderListById_MethodDeleteFromMockOfApplicationContextCalledOnce","ExecutorUri":"executor://NUnit3TestExecutor","Source":"C:\\Users\\Dell\\source\\repos\\Accounting_of_goods\\UnitOfWorkTest\\bin\\Debug\\net6.0\\fine-code-coverage\\build-output\\Tests.dll","CodeFilePath":null,"LineNumber":0,"Properties":[{"Key":{"Id":"NUnit.Seed","Label":"Seed","Category":"","Description":"","Attributes":0,"ValueType":"System.String"},"Value":"1049780418"}]},"Attachments":[],"Outcome":1,"ErrorMessage":null,"ErrorStackTrace":null,"DisplayName":"OrderListDelete_TryDeleteOneOrderListById_MethodDeleteFromMockOfApplicationContextCalledOnce","Messages":[],"ComputerName":"DESKTOP-035NLAM","Duration":"00:00:00.0036970","StartTime":"2022-12-27T18:36:29.9906626+00:00","EndTime":"2022-12-27T18:36:29.9943596+00:00","Properties":[{"Key":{"Id":"NUnit.Seed","Label":"Seed","Category":"","Description":"","Attributes":0,"ValueType":"System.String"},"Value":"1049780418"}]},{"TestCase":{"Id":"037d3426-e227-9496-3fd1-710d50c57c90","FullyQualifiedName":"Tests.UnitOfWorkTest.OrderListFind_TryModelGetingSomeElementByPredicateFromDbWithUsingList_GetListWithThirdElement","DisplayName":"OrderListFind_TryModelGetingSomeElementByPredicateFromDbWithUsingList_GetListWithThirdElement","ExecutorUri":"executor://NUnit3TestExecutor","Source":"C:\\Users\\Dell\\source\\repos\\Accounting_of_goods\\UnitOfWorkTest\\bin\\Debug\\net6.0\\fine-code-coverage\\build-output\\Tests.dll","CodeFilePath":null,"LineNumber":0,"Properties":[{"Key":{"Id":"NUnit.Seed","Label":"Seed","Category":"","Description":"","Attributes":0,"ValueType":"System.String"},"Value":"1171126504"}]},"Attachments":[],"Outcome":1,"ErrorMessage":null,"ErrorStackTrace":null,"DisplayName":"OrderListFind_TryModelGetingSomeElementByPredicateFromDbWithUsingList_GetListWithThirdElement","Messages":[],"ComputerName":"DESKTOP-035NLAM","Duration":"00:00:00.0028160","StartTime":"2022-12-27T18:36:29.994385+00:00","EndTime":"2022-12-27T18:36:29.9972008+00:00","Properties":[{"Key":{"Id":"NUnit.Seed","Label":"Seed","Category":"","Description":"","Attributes":0,"ValueType":"System.String"},"Value":"1171126504"}]},{"TestCase":{"Id":"66956dbd-81e4-b7da-a806-c4daeab2ae65","FullyQualifiedName":"Tests.UnitOfWorkTest.OrderListGet_TryGetOneOrderListById_MethodFindFromMockOfApplicationContextCalledOnce","DisplayName":"OrderListGet_TryGetOneOrderListById_MethodFindFromMockOfApplicationContextCalledOnce","ExecutorUri":"executor://NUnit3TestExecutor","Source":"C:\\Users\\Dell\\source\\repos\\Accounting_of_goods\\UnitOfWorkTest\\bin\\Debug\\net6.0\\fine-code-coverage\\build-output\\Tests.dll","CodeFilePath":null,"LineNumber":0,"Properties":[{"Key":{"Id":"NUnit.Seed","Label":"Seed","Category":"","Description":"","Attributes":0,"ValueType":"System.String"},"Value":"860881425"}]},"Attachments":[],"Outcome":1,"ErrorMessage":null,"ErrorStackTrace":null,"DisplayName":"OrderListGet_TryGetOneOrderListById_MethodFindFromMockOfApplicationContextCalledOnce","Messages":[],"ComputerName":"DESKTOP-035NLAM","Duration":"00:00:00.0050880","StartTime":"2022-12-27T18:36:29.9972231+00:00","EndTime":"2022-12-27T18:36:30.0023109+00:00","Properties":[{"Key":{"Id":"NUnit.Seed","Label":"Seed","Category":"","Description":"","Attributes":0,"ValueType":"System.String"},"Value":"860881425"}]},{"TestCase":{"Id":"bea5eba3-8b2c-0e49-3e7b-7d4ebb5c5d6e","FullyQualifiedName":"Tests.UnitOfWorkTest.OrderListGetAll_TryModelGetingAllElementFromDbWithUsingList_GetListWithThirdElement","DisplayName":"OrderListGetAll_TryModelGetingAllElementFromDbWithUsingList_GetListWithThirdElement","ExecutorUri":"executor://NUnit3TestExecutor","Source":"C:\\Users\\Dell\\source\\repos\\Accounting_of_goods\\UnitOfWorkTest\\bin\\Debug\\net6.0\\fine-code-coverage\\build-output\\Tests.dll","CodeFilePath":null,"LineNumber":0,"Properties":[{"Key":{"Id":"NUnit.Seed","Label":"Seed","Category":"","Description":"","Attributes":0,"ValueType":"System.String"},"Value":"1368485733"}]},"Attachments":[],"Outcome":1,"ErrorMessage":null,"ErrorStackTrace":null,"DisplayName":"OrderListGetAll_TryModelGetingAllElementFromDbWithUsingList_GetListWithThirdElement","Messages":[],"ComputerName":"DESKTOP-035NLAM","Duration":"00:00:00.0029680","StartTime":"2022-12-27T18:36:30.003735+00:00","EndTime":"2022-12-27T18:36:30.0067039+00:00","Properties":[{"Key":{"Id":"NUnit.Seed","Label":"Seed","Category":"","Description":"","Attributes":0,"ValueType":"System.String"},"Value":"1368485733"}]},{"TestCase":{"Id":"0a7f3e04-5a6a-b665-3731-7236f78f50a1","FullyQualifiedName":"Tests.UnitOfWorkTest.OrderListUpdate_TryUpdateOneOrderListById_MethodUpdateFromMockOfApplicationContextCalledOnce","DisplayName":"OrderListUpdate_TryUpdateOneOrderListById_MethodUpdateFromMockOfApplicationContextCalledOnce","ExecutorUri":"executor://NUnit3TestExecutor","Source":"C:\\Users\\Dell\\source\\repos\\Accounting_of_goods\\UnitOfWorkTest\\bin\\Debug\\net6.0\\fine-code-coverage\\build-output\\Tests.dll","CodeFilePath":null,"LineNumber":0,"Properties":[{"Key":{"Id":"NUnit.Seed","Label":"Seed","Category":"","Description":"","Attributes":0,"ValueType":"System.String"},"Value":"1063365173"}]},"Attachments":[],"Outcome":1,"ErrorMessage":null,"ErrorStackTrace":null,"DisplayName":"OrderListUpdate_TryUpdateOneOrderListById_MethodUpdateFromMockOfApplicationContextCalledOnce","Messages":[],"ComputerName":"DESKTOP-035NLAM","Duration":"00:00:00.0024840","StartTime":"2022-12-27T18:36:30.0077948+00:00","EndTime":"2022-12-27T18:36:30.0102787+00:00","Properties":[{"Key":{"Id":"NUnit.Seed","Label":"Seed","Category":"","Description":"","Attributes":0,"ValueType":"System.String"},"Value":"1063365173"}]},{"TestCase":{"Id":"870d8965-d855-79b3-8a69-8495bd41b580","FullyQualifiedName":"Tests.UnitOfWorkTest.OrderUpdate_TryUpdateOneOrderById_MethodUpdateFromMockOfApplicationContextCalledOnce","DisplayName":"OrderUpdate_TryUpdateOneOrderById_MethodUpdateFromMockOfApplicationContextCalledOnce","ExecutorUri":"executor://NUnit3TestExecutor","Source":"C:\\Users\\Dell\\source\\repos\\Accounting_of_goods\\UnitOfWorkTest\\bin\\Debug\\net6.0\\fine-code-coverage\\build-output\\Tests.dll","CodeFilePath":null,"LineNumber":0,"Properties":[{"Key":{"Id":"NUnit.Seed","Label":"Seed","Category":"","Description":"","Attributes":0,"ValueType":"System.String"},"Value":"2006692520"}]},"Attachments":[],"Outcome":1,"ErrorMessage":null,"ErrorStackTrace":null,"DisplayName":"OrderUpdate_TryUpdateOneOrderById_MethodUpdateFromMockOfApplicationContextCalledOnce","Messages":[],"ComputerName":"DESKTOP-035NLAM","Duration":"00:00:00.0024970","StartTime":"2022-12-27T18:36:30.0112699+00:00","EndTime":"2022-12-27T18:36:30.0137672+00:00","Properties":[{"Key":{"Id":"NUnit.Seed","Label":"Seed","Category":"","Description":"","Attributes":0,"ValueType":"System.String"},"Value":"2006692520"}]}],"TestRunStatistics":{"ExecutedTests":54,"Stats":{"Passed":54}},"ActiveTests":[{"Id":"33e69b91-2e6d-5ff8-b8cd-084b2799b72b","FullyQualifiedName":"Tests.UnitOfWorkTest.QueueForPurchaseCreat_TryCreatNewQueueForPurchase_MethodAddFromMockOfApplicationContextForQueueForPurchaseCalledOnce","DisplayName":"QueueForPurchaseCreat_TryCreatNewQueueForPurchase_MethodAddFromMockOfApplicationContextForQueueForPurchaseCalledOnce","ExecutorUri":"executor://NUnit3TestExecutor","Source":"C:\\Users\\Dell\\source\\repos\\Accounting_of_goods\\UnitOfWorkTest\\bin\\Debug\\net6.0\\fine-code-coverage\\build-output\\Tests.dll","CodeFilePath":null,"LineNumber":0,"Properties":[{"Key":{"Id":"NUnit.Seed","Label":"Seed","Category":"","Description":"","Attributes":0,"ValueType":"System.String"},"Value":"462502277"}]}]}}
TpTrace Verbose: 0 : 16504, 11, 2022/12/27, 20:36:30.022, 3576660300088, vstest.console.dll, TestRunRequest:SendTestRunStatsChange: Starting.
TpTrace Verbose: 0 : 16504, 11, 2022/12/27, 20:36:30.022, 3576660301686, vstest.console.dll, InProgress is QueueForPurchaseCreat_TryCreatNewQueueForPurchase_MethodAddFromMockOfApplicationContextForQueueForPurchaseCalledOnce
TpTrace Verbose: 0 : 16504, 11, 2022/12/27, 20:36:30.022, 3576660303342, vstest.console.dll, MulticastDelegateUtilities.SafeInvoke: TestRun.RunStatsChanged: Invoking callbacks was skipped because there are no subscribers.
TpTrace Verbose: 0 : 16504, 4, 2022/12/27, 20:36:30.022, 3576660303708, vstest.console.dll, MulticastDelegateUtilities.SafeInvoke: InternalTestLoggerEvents.SendTestResult: Invoking callback 1/1 for Microsoft.VisualStudio.TestPlatform.CommandLine.Internal.ConsoleLogger.TestResultHandler, took 0 ms.
TpTrace Information: 0 : 16504, 11, 2022/12/27, 20:36:30.023, 3576660304074, vstest.console.dll, TestRunRequest:SendTestRunStatsChange: Completed.
TpTrace Verbose: 0 : 16504, 4, 2022/12/27, 20:36:30.023, 3576660305365, vstest.console.dll, MulticastDelegateUtilities.SafeInvoke: InternalTestLoggerEvents.SendTestResult: Invoking callback 1/1 for Microsoft.VisualStudio.TestPlatform.CommandLine.Internal.ConsoleLogger.TestResultHandler, took 0 ms.
TpTrace Verbose: 0 : 16504, 11, 2022/12/27, 20:36:30.023, 3576660305721, vstest.console.dll, MulticastDelegateUtilities.SafeInvoke: LengthPrefixCommunicationChannel: MessageReceived: Invoking callback 1/1 for Microsoft.VisualStudio.TestPlatform.CommunicationUtilities.TestRequestSender+<>c__DisplayClass30_0.<StartTestRun>b__1, took 4 ms.
TpTrace Verbose: 0 : 16504, 4, 2022/12/27, 20:36:30.023, 3576660306693, vstest.console.dll, MulticastDelegateUtilities.SafeInvoke: InternalTestLoggerEvents.SendTestResult: Invoking callback 1/1 for Microsoft.VisualStudio.TestPlatform.CommandLine.Internal.ConsoleLogger.TestResultHandler, took 0 ms.
TpTrace Verbose: 0 : 16504, 11, 2022/12/27, 20:36:30.023, 3576660307471, vstest.console.dll, TcpClientExtensions.MessageLoopAsync: Polling on remoteEndPoint: 127.0.0.1:61519 localEndPoint: 127.0.0.1:61517
TpTrace Verbose: 0 : 16504, 4, 2022/12/27, 20:36:30.023, 3576660307597, vstest.console.dll, MulticastDelegateUtilities.SafeInvoke: InternalTestLoggerEvents.SendTestResult: Invoking callback 1/1 for Microsoft.VisualStudio.TestPlatform.CommandLine.Internal.ConsoleLogger.TestResultHandler, took 0 ms.
TpTrace Verbose: 0 : 16504, 4, 2022/12/27, 20:36:30.023, 3576660309970, vstest.console.dll, MulticastDelegateUtilities.SafeInvoke: InternalTestLoggerEvents.SendTestResult: Invoking callback 1/1 for Microsoft.VisualStudio.TestPlatform.CommandLine.Internal.ConsoleLogger.TestResultHandler, took 0 ms.
TpTrace Verbose: 0 : 16504, 4, 2022/12/27, 20:36:30.023, 3576660311017, vstest.console.dll, MulticastDelegateUtilities.SafeInvoke: InternalTestLoggerEvents.SendTestResult: Invoking callback 1/1 for Microsoft.VisualStudio.TestPlatform.CommandLine.Internal.ConsoleLogger.TestResultHandler, took 0 ms.
TpTrace Verbose: 0 : 16504, 4, 2022/12/27, 20:36:30.023, 3576660312276, vstest.console.dll, MulticastDelegateUtilities.SafeInvoke: InternalTestLoggerEvents.SendTestResult: Invoking callback 1/1 for Microsoft.VisualStudio.TestPlatform.CommandLine.Internal.ConsoleLogger.TestResultHandler, took 0 ms.
TpTrace Verbose: 0 : 16504, 4, 2022/12/27, 20:36:30.023, 3576660313094, vstest.console.dll, MulticastDelegateUtilities.SafeInvoke: InternalTestLoggerEvents.SendTestResult: Invoking callback 1/1 for Microsoft.VisualStudio.TestPlatform.CommandLine.Internal.ConsoleLogger.TestResultHandler, took 0 ms.
TpTrace Verbose: 0 : 16504, 4, 2022/12/27, 20:36:30.024, 3576660313902, vstest.console.dll, MulticastDelegateUtilities.SafeInvoke: InternalTestLoggerEvents.SendTestResult: Invoking callback 1/1 for Microsoft.VisualStudio.TestPlatform.CommandLine.Internal.ConsoleLogger.TestResultHandler, took 0 ms.
TpTrace Verbose: 0 : 16504, 11, 2022/12/27, 20:36:30.065, 3576660729105, vstest.console.dll, TcpClientExtensions.MessageLoopAsync: NotifyDataAvailable remoteEndPoint: 127.0.0.1:61519 localEndPoint: 127.0.0.1:61517
TpTrace Verbose: 0 : 16504, 11, 2022/12/27, 20:36:30.065, 3576660733446, vstest.console.dll, TestRequestSender.OnExecutionMessageReceived: Received message: {"Version":5,"MessageType":"TestExecution.StatsChange","Payload":{"NewTestResults":[{"TestCase":{"Id":"33e69b91-2e6d-5ff8-b8cd-084b2799b72b","FullyQualifiedName":"Tests.UnitOfWorkTest.QueueForPurchaseCreat_TryCreatNewQueueForPurchase_MethodAddFromMockOfApplicationContextForQueueForPurchaseCalledOnce","DisplayName":"QueueForPurchaseCreat_TryCreatNewQueueForPurchase_MethodAddFromMockOfApplicationContextForQueueForPurchaseCalledOnce","ExecutorUri":"executor://NUnit3TestExecutor","Source":"C:\\Users\\Dell\\source\\repos\\Accounting_of_goods\\UnitOfWorkTest\\bin\\Debug\\net6.0\\fine-code-coverage\\build-output\\Tests.dll","CodeFilePath":null,"LineNumber":0,"Properties":[{"Key":{"Id":"NUnit.Seed","Label":"Seed","Category":"","Description":"","Attributes":0,"ValueType":"System.String"},"Value":"462502277"}]},"Attachments":[],"Outcome":1,"ErrorMessage":null,"ErrorStackTrace":null,"DisplayName":"QueueForPurchaseCreat_TryCreatNewQueueForPurchase_MethodAddFromMockOfApplicationContextForQueueForPurchaseCalledOnce","Messages":[],"ComputerName":"DESKTOP-035NLAM","Duration":"00:00:00.0025500","StartTime":"2022-12-27T18:36:30.0138886+00:00","EndTime":"2022-12-27T18:36:30.0164381+00:00","Properties":[{"Key":{"Id":"NUnit.Seed","Label":"Seed","Category":"","Description":"","Attributes":0,"ValueType":"System.String"},"Value":"462502277"}]},{"TestCase":{"Id":"39ae5296-19cf-af55-8543-ce6d8ab74fb4","FullyQualifiedName":"Tests.UnitOfWorkTest.QueueForPurchaseDelete_TryDeleteOneQueueForPurchaseById_MethodDeleteFromMockOfApplicationContextCalledOnce","DisplayName":"QueueForPurchaseDelete_TryDeleteOneQueueForPurchaseById_MethodDeleteFromMockOfApplicationContextCalledOnce","ExecutorUri":"executor://NUnit3TestExecutor","Source":"C:\\Users\\Dell\\source\\repos\\Accounting_of_goods\\UnitOfWorkTest\\bin\\Debug\\net6.0\\fine-code-coverage\\build-output\\Tests.dll","CodeFilePath":null,"LineNumber":0,"Properties":[{"Key":{"Id":"NUnit.Seed","Label":"Seed","Category":"","Description":"","Attributes":0,"ValueType":"System.String"},"Value":"753176233"}]},"Attachments":[],"Outcome":1,"ErrorMessage":null,"ErrorStackTrace":null,"DisplayName":"QueueForPurchaseDelete_TryDeleteOneQueueForPurchaseById_MethodDeleteFromMockOfApplicationContextCalledOnce","Messages":[],"ComputerName":"DESKTOP-035NLAM","Duration":"00:00:00.0029930","StartTime":"2022-12-27T18:36:30.0164687+00:00","EndTime":"2022-12-27T18:36:30.0194619+00:00","Properties":[{"Key":{"Id":"NUnit.Seed","Label":"Seed","Category":"","Description":"","Attributes":0,"ValueType":"System.String"},"Value":"753176233"}]},{"TestCase":{"Id":"db2ca225-6f0e-fc33-511e-b03cde2bec59","FullyQualifiedName":"Tests.UnitOfWorkTest.QueueForPurchaseFind_TryModelGetingSomeElementByPredicateFromDbWithUsingList_GetListWithThirdElement","DisplayName":"QueueForPurchaseFind_TryModelGetingSomeElementByPredicateFromDbWithUsingList_GetListWithThirdElement","ExecutorUri":"executor://NUnit3TestExecutor","Source":"C:\\Users\\Dell\\source\\repos\\Accounting_of_goods\\UnitOfWorkTest\\bin\\Debug\\net6.0\\fine-code-coverage\\build-output\\Tests.dll","CodeFilePath":null,"LineNumber":0,"Properties":[{"Key":{"Id":"NUnit.Seed","Label":"Seed","Category":"","Description":"","Attributes":0,"ValueType":"System.String"},"Value":"1772583664"}]},"Attachments":[],"Outcome":1,"ErrorMessage":null,"ErrorStackTrace":null,"DisplayName":"QueueForPurchaseFind_TryModelGetingSomeElementByPredicateFromDbWithUsingList_GetListWithThirdElement","Messages":[],"ComputerName":"DESKTOP-035NLAM","Duration":"00:00:00.0032050","StartTime":"2022-12-27T18:36:30.0194921+00:00","EndTime":"2022-12-27T18:36:30.0226963+00:00","Properties":[{"Key":{"Id":"NUnit.Seed","Label":"Seed","Category":"","Description":"","Attributes":0,"ValueType":"System.String"},"Value":"1772583664"}]},{"TestCase":{"Id":"f62186bc-774b-0814-7227-22f4a0469af3","FullyQualifiedName":"Tests.UnitOfWorkTest.QueueForPurchaseGet_TryGetOneQueueForPurchaseById_MethodFindFromMockOfApplicationContextCalledOnce","DisplayName":"QueueForPurchaseGet_TryGetOneQueueForPurchaseById_MethodFindFromMockOfApplicationContextCalledOnce","ExecutorUri":"executor://NUnit3TestExecutor","Source":"C:\\Users\\Dell\\source\\repos\\Accounting_of_goods\\UnitOfWorkTest\\bin\\Debug\\net6.0\\fine-code-coverage\\build-output\\Tests.dll","CodeFilePath":null,"LineNumber":0,"Properties":[{"Key":{"Id":"NUnit.Seed","Label":"Seed","Category":"","Description":"","Attributes":0,"ValueType":"System.String"},"Value":"482998771"}]},"Attachments":[],"Outcome":1,"ErrorMessage":null,"ErrorStackTrace":null,"DisplayName":"QueueForPurchaseGet_TryGetOneQueueForPurchaseById_MethodFindFromMockOfApplicationContextCalledOnce","Messages":[],"ComputerName":"DESKTOP-035NLAM","Duration":"00:00:00.0041269","StartTime":"2022-12-27T18:36:30.0227321+00:00","EndTime":"2022-12-27T18:36:30.0268584+00:00","Properties":[{"Key":{"Id":"NUnit.Seed","Label":"Seed","Category":"","Description":"","Attributes":0,"ValueType":"System.String"},"Value":"482998771"}]},{"TestCase":{"Id":"96a33a15-f58a-8c14-c937-861e4db4b11d","FullyQualifiedName":"Tests.UnitOfWorkTest.QueueForPurchaseGetAll_TryModelGetingAllElementFromDbWithUsingList_GetListWithThirdElement","DisplayName":"QueueForPurchaseGetAll_TryModelGetingAllElementFromDbWithUsingList_GetListWithThirdElement","ExecutorUri":"executor://NUnit3TestExecutor","Source":"C:\\Users\\Dell\\source\\repos\\Accounting_of_goods\\UnitOfWorkTest\\bin\\Debug\\net6.0\\fine-code-coverage\\build-output\\Tests.dll","CodeFilePath":null,"LineNumber":0,"Properties":[{"Key":{"Id":"NUnit.Seed","Label":"Seed","Category":"","Description":"","Attributes":0,"ValueType":"System.String"},"Value":"1640302588"}]},"Attachments":[],"Outcome":1,"ErrorMessage":null,"ErrorStackTrace":null,"DisplayName":"QueueForPurchaseGetAll_TryModelGetingAllElementFromDbWithUsingList_GetListWithThirdElement","Messages":[],"ComputerName":"DESKTOP-035NLAM","Duration":"00:00:00.0023650","StartTime":"2022-12-27T18:36:30.0268859+00:00","EndTime":"2022-12-27T18:36:30.0292508+00:00","Properties":[{"Key":{"Id":"NUnit.Seed","Label":"Seed","Category":"","Description":"","Attributes":0,"ValueType":"System.String"},"Value":"1640302588"}]},{"TestCase":{"Id":"f3dd8ffa-4e84-4670-3b6a-2b43016f2196","FullyQualifiedName":"Tests.UnitOfWorkTest.QueueForPurchaseUpdate_TryUpdateOneQueueForPurchaseById_MethodUpdateFromMockOfApplicationContextCalledOnce","DisplayName":"QueueForPurchaseUpdate_TryUpdateOneQueueForPurchaseById_MethodUpdateFromMockOfApplicationContextCalledOnce","ExecutorUri":"executor://NUnit3TestExecutor","Source":"C:\\Users\\Dell\\source\\repos\\Accounting_of_goods\\UnitOfWorkTest\\bin\\Debug\\net6.0\\fine-code-coverage\\build-output\\Tests.dll","CodeFilePath":null,"LineNumber":0,"Properties":[{"Key":{"Id":"NUnit.Seed","Label":"Seed","Category":"","Description":"","Attributes":0,"ValueType":"System.String"},"Value":"1889911788"}]},"Attachments":[],"Outcome":1,"ErrorMessage":null,"ErrorStackTrace":null,"DisplayName":"QueueForPurchaseUpdate_TryUpdateOneQueueForPurchaseById_MethodUpdateFromMockOfApplicationContextCalledOnce","Messages":[],"ComputerName":"DESKTOP-035NLAM","Duration":"00:00:00.0031230","StartTime":"2022-12-27T18:36:30.0292786+00:00","EndTime":"2022-12-27T18:36:30.0324009+00:00","Properties":[{"Key":{"Id":"NUnit.Seed","Label":"Seed","Category":"","Description":"","Attributes":0,"ValueType":"System.String"},"Value":"1889911788"}]},{"TestCase":{"Id":"bad82a53-1fd8-7eb8-0f72-8a0059f0bb07","FullyQualifiedName":"Tests.UnitOfWorkTest.Save_InvodeMethodSaveChanges_MethodSaveChangesInvokedOnce","DisplayName":"Save_InvodeMethodSaveChanges_MethodSaveChangesInvokedOnce","ExecutorUri":"executor://NUnit3TestExecutor","Source":"C:\\Users\\Dell\\source\\repos\\Accounting_of_goods\\UnitOfWorkTest\\bin\\Debug\\net6.0\\fine-code-coverage\\build-output\\Tests.dll","CodeFilePath":null,"LineNumber":0,"Properties":[{"Key":{"Id":"NUnit.Seed","Label":"Seed","Category":"","Description":"","Attributes":0,"ValueType":"System.String"},"Value":"556952479"}]},"Attachments":[],"Outcome":1,"ErrorMessage":null,"ErrorStackTrace":null,"DisplayName":"Save_InvodeMethodSaveChanges_MethodSaveChangesInvokedOnce","Messages":[],"ComputerName":"DESKTOP-035NLAM","Duration":"00:00:00.0009010","StartTime":"2022-12-27T18:36:30.0324284+00:00","EndTime":"2022-12-27T18:36:30.0333293+00:00","Properties":[{"Key":{"Id":"NUnit.Seed","Label":"Seed","Category":"","Description":"","Attributes":0,"ValueType":"System.String"},"Value":"556952479"}]},{"TestCase":{"Id":"a1282cf5-8a0f-775c-a684-141420de775d","FullyQualifiedName":"Tests.UnitOfWorkTest.UserCreat_TryCreatNewUser_MethodAddFromMockOfApplicationContextForUserCalledOnce","DisplayName":"UserCreat_TryCreatNewUser_MethodAddFromMockOfApplicationContextForUserCalledOnce","ExecutorUri":"executor://NUnit3TestExecutor","Source":"C:\\Users\\Dell\\source\\repos\\Accounting_of_goods\\UnitOfWorkTest\\bin\\Debug\\net6.0\\fine-code-coverage\\build-output\\Tests.dll","CodeFilePath":null,"LineNumber":0,"Properties":[{"Key":{"Id":"NUnit.Seed","Label":"Seed","Category":"","Description":"","Attributes":0,"ValueType":"System.String"},"Value":"312105176"}]},"Attachments":[],"Outcome":1,"ErrorMessage":null,"ErrorStackTrace":null,"DisplayName":"UserCreat_TryCreatNewUser_MethodAddFromMockOfApplicationContextForUserCalledOnce","Messages":[],"ComputerName":"DESKTOP-035NLAM","Duration":"00:00:00.0253509","StartTime":"2022-12-27T18:36:30.0333584+00:00","EndTime":"2022-12-27T18:36:30.0587094+00:00","Properties":[{"Key":{"Id":"NUnit.Seed","Label":"Seed","Category":"","Description":"","Attributes":0,"ValueType":"System.String"},"Value":"312105176"}]},{"TestCase":{"Id":"71a36aea-a3c2-aced-1713-c4b486dc5c19","FullyQualifiedName":"Tests.UnitOfWorkTest.UserDelete_TryDeleteOneUserById_MethodDeleteFromMockOfApplicationContextCalledOnce","DisplayName":"UserDelete_TryDeleteOneUserById_MethodDeleteFromMockOfApplicationContextCalledOnce","ExecutorUri":"executor://NUnit3TestExecutor","Source":"C:\\Users\\Dell\\source\\repos\\Accounting_of_goods\\UnitOfWorkTest\\bin\\Debug\\net6.0\\fine-code-coverage\\build-output\\Tests.dll","CodeFilePath":null,"LineNumber":0,"Properties":[{"Key":{"Id":"NUnit.Seed","Label":"Seed","Category":"","Description":"","Attributes":0,"ValueType":"System.String"},"Value":"1682287440"}]},"Attachments":[],"Outcome":1,"ErrorMessage":null,"ErrorStackTrace":null,"DisplayName":"UserDelete_TryDeleteOneUserById_MethodDeleteFromMockOfApplicationContextCalledOnce","Messages":[],"ComputerName":"DESKTOP-035NLAM","Duration":"00:00:00.0040780","StartTime":"2022-12-27T18:36:30.0587503+00:00","EndTime":"2022-12-27T18:36:30.0628277+00:00","Properties":[{"Key":{"Id":"NUnit.Seed","Label":"Seed","Category":"","Description":"","Attributes":0,"ValueType":"System.String"},"Value":"1682287440"}]}],"TestRunStatistics":{"ExecutedTests":63,"Stats":{"Passed":63}},"ActiveTests":[{"Id":"68e7c22b-af5f-22d1-430e-1305164b6481","FullyQualifiedName":"Tests.UnitOfWorkTest.UserFind_TryModelGetingSomeElementByPredicateFromDbWithUsingList_GetListWithThirdElement","DisplayName":"UserFind_TryModelGetingSomeElementByPredicateFromDbWithUsingList_GetListWithThirdElement","ExecutorUri":"executor://NUnit3TestExecutor","Source":"C:\\Users\\Dell\\source\\repos\\Accounting_of_goods\\UnitOfWorkTest\\bin\\Debug\\net6.0\\fine-code-coverage\\build-output\\Tests.dll","CodeFilePath":null,"LineNumber":0,"Properties":[{"Key":{"Id":"NUnit.Seed","Label":"Seed","Category":"","Description":"","Attributes":0,"ValueType":"System.String"},"Value":"1913719627"}]}]}}
TpTrace Verbose: 0 : 16504, 11, 2022/12/27, 20:36:30.069, 3576660770500, vstest.console.dll, TestRunRequest:SendTestRunStatsChange: Starting.
TpTrace Verbose: 0 : 16504, 11, 2022/12/27, 20:36:30.069, 3576660771480, vstest.console.dll, InProgress is UserFind_TryModelGetingSomeElementByPredicateFromDbWithUsingList_GetListWithThirdElement
TpTrace Verbose: 0 : 16504, 11, 2022/12/27, 20:36:30.069, 3576660772441, vstest.console.dll, MulticastDelegateUtilities.SafeInvoke: TestRun.RunStatsChanged: Invoking callbacks was skipped because there are no subscribers.
TpTrace Verbose: 0 : 16504, 4, 2022/12/27, 20:36:30.069, 3576660772996, vstest.console.dll, MulticastDelegateUtilities.SafeInvoke: InternalTestLoggerEvents.SendTestResult: Invoking callback 1/1 for Microsoft.VisualStudio.TestPlatform.CommandLine.Internal.ConsoleLogger.TestResultHandler, took 0 ms.
TpTrace Information: 0 : 16504, 11, 2022/12/27, 20:36:30.069, 3576660773036, vstest.console.dll, TestRunRequest:SendTestRunStatsChange: Completed.
TpTrace Verbose: 0 : 16504, 4, 2022/12/27, 20:36:30.070, 3576660774249, vstest.console.dll, MulticastDelegateUtilities.SafeInvoke: InternalTestLoggerEvents.SendTestResult: Invoking callback 1/1 for Microsoft.VisualStudio.TestPlatform.CommandLine.Internal.ConsoleLogger.TestResultHandler, took 0 ms.
TpTrace Verbose: 0 : 16504, 11, 2022/12/27, 20:36:30.070, 3576660774703, vstest.console.dll, MulticastDelegateUtilities.SafeInvoke: LengthPrefixCommunicationChannel: MessageReceived: Invoking callback 1/1 for Microsoft.VisualStudio.TestPlatform.CommunicationUtilities.TestRequestSender+<>c__DisplayClass30_0.<StartTestRun>b__1, took 4 ms.
TpTrace Verbose: 0 : 16504, 4, 2022/12/27, 20:36:30.070, 3576660775749, vstest.console.dll, MulticastDelegateUtilities.SafeInvoke: InternalTestLoggerEvents.SendTestResult: Invoking callback 1/1 for Microsoft.VisualStudio.TestPlatform.CommandLine.Internal.ConsoleLogger.TestResultHandler, took 0 ms.
TpTrace Verbose: 0 : 16504, 11, 2022/12/27, 20:36:30.070, 3576660776503, vstest.console.dll, TcpClientExtensions.MessageLoopAsync: Polling on remoteEndPoint: 127.0.0.1:61519 localEndPoint: 127.0.0.1:61517
TpTrace Verbose: 0 : 16504, 4, 2022/12/27, 20:36:30.070, 3576660776597, vstest.console.dll, MulticastDelegateUtilities.SafeInvoke: InternalTestLoggerEvents.SendTestResult: Invoking callback 1/1 for Microsoft.VisualStudio.TestPlatform.CommandLine.Internal.ConsoleLogger.TestResultHandler, took 0 ms.
TpTrace Verbose: 0 : 16504, 4, 2022/12/27, 20:36:30.070, 3576660778175, vstest.console.dll, MulticastDelegateUtilities.SafeInvoke: InternalTestLoggerEvents.SendTestResult: Invoking callback 1/1 for Microsoft.VisualStudio.TestPlatform.CommandLine.Internal.ConsoleLogger.TestResultHandler, took 0 ms.
TpTrace Verbose: 0 : 16504, 4, 2022/12/27, 20:36:30.070, 3576660779006, vstest.console.dll, MulticastDelegateUtilities.SafeInvoke: InternalTestLoggerEvents.SendTestResult: Invoking callback 1/1 for Microsoft.VisualStudio.TestPlatform.CommandLine.Internal.ConsoleLogger.TestResultHandler, took 0 ms.
TpTrace Verbose: 0 : 16504, 4, 2022/12/27, 20:36:30.070, 3576660779814, vstest.console.dll, MulticastDelegateUtilities.SafeInvoke: InternalTestLoggerEvents.SendTestResult: Invoking callback 1/1 for Microsoft.VisualStudio.TestPlatform.CommandLine.Internal.ConsoleLogger.TestResultHandler, took 0 ms.
TpTrace Verbose: 0 : 16504, 4, 2022/12/27, 20:36:30.070, 3576660780774, vstest.console.dll, MulticastDelegateUtilities.SafeInvoke: InternalTestLoggerEvents.SendTestResult: Invoking callback 1/1 for Microsoft.VisualStudio.TestPlatform.CommandLine.Internal.ConsoleLogger.TestResultHandler, took 0 ms.
TpTrace Verbose: 0 : 16504, 4, 2022/12/27, 20:36:30.070, 3576660781789, vstest.console.dll, MulticastDelegateUtilities.SafeInvoke: InternalTestLoggerEvents.SendTestResult: Invoking callback 1/1 for Microsoft.VisualStudio.TestPlatform.CommandLine.Internal.ConsoleLogger.TestResultHandler, took 0 ms.
TpTrace Verbose: 0 : 16504, 11, 2022/12/27, 20:36:30.083, 3576660907163, vstest.console.dll, TcpClientExtensions.MessageLoopAsync: NotifyDataAvailable remoteEndPoint: 127.0.0.1:61519 localEndPoint: 127.0.0.1:61517
TpTrace Verbose: 0 : 16504, 11, 2022/12/27, 20:36:30.083, 3576660908388, vstest.console.dll, TestRequestSender.OnExecutionMessageReceived: Received message: {"Version":5,"MessageType":"TestSession.Message","Payload":{"MessageLevel":0,"Message":"NUnit Adapter 4.2.0.0: Test execution complete"}}
TpTrace Verbose: 0 : 16504, 11, 2022/12/27, 20:36:30.083, 3576660909745, vstest.console.dll, TestRunRequest:SendTestRunMessage: Starting.
TpTrace Verbose: 0 : 16504, 11, 2022/12/27, 20:36:30.083, 3576660910507, vstest.console.dll, MulticastDelegateUtilities.SafeInvoke: TestRun.LogMessages: Invoking callback 1/1 for Microsoft.VisualStudio.TestPlatform.CommandLine.TestRunResultAggregator.TestRunMessageHandler, took 0 ms.
TpTrace Verbose: 0 : 16504, 4, 2022/12/27, 20:36:30.083, 3576660910837, vstest.console.dll, MulticastDelegateUtilities.SafeInvoke: InternalTestLoggerEvents.SendTestRunMessage: Invoking callback 1/1 for Microsoft.VisualStudio.TestPlatform.CommandLine.Internal.ConsoleLogger.TestMessageHandler, took 0 ms.
TpTrace Information: 0 : 16504, 11, 2022/12/27, 20:36:30.083, 3576660910962, vstest.console.dll, TestRunRequest:SendTestRunMessage: Completed.
TpTrace Verbose: 0 : 16504, 11, 2022/12/27, 20:36:30.083, 3576660912432, vstest.console.dll, MulticastDelegateUtilities.SafeInvoke: LengthPrefixCommunicationChannel: MessageReceived: Invoking callback 1/1 for Microsoft.VisualStudio.TestPlatform.CommunicationUtilities.TestRequestSender+<>c__DisplayClass30_0.<StartTestRun>b__1, took 0 ms.
TpTrace Verbose: 0 : 16504, 11, 2022/12/27, 20:36:30.083, 3576660912835, vstest.console.dll, TcpClientExtensions.MessageLoopAsync: Polling on remoteEndPoint: 127.0.0.1:61519 localEndPoint: 127.0.0.1:61517
TpTrace Verbose: 0 : 16504, 11, 2022/12/27, 20:36:30.101, 3576661088172, vstest.console.dll, TcpClientExtensions.MessageLoopAsync: NotifyDataAvailable remoteEndPoint: 127.0.0.1:61519 localEndPoint: 127.0.0.1:61517
TpTrace Verbose: 0 : 16504, 11, 2022/12/27, 20:36:30.101, 3576661090245, vstest.console.dll, TestRequestSender.OnExecutionMessageReceived: Received message: {"Version":5,"MessageType":"TestExecution.Completed","Payload":{"TestRunCompleteArgs":{"TestRunStatistics":{"ExecutedTests":66,"Stats":{"Passed":66}},"IsCanceled":false,"IsAborted":false,"Error":null,"AttachmentSets":[],"ElapsedTimeInRunningTests":"00:00:01.9045819","Metrics":{}},"LastRunTests":{"NewTestResults":[{"TestCase":{"Id":"68e7c22b-af5f-22d1-430e-1305164b6481","FullyQualifiedName":"Tests.UnitOfWorkTest.UserFind_TryModelGetingSomeElementByPredicateFromDbWithUsingList_GetListWithThirdElement","DisplayName":"UserFind_TryModelGetingSomeElementByPredicateFromDbWithUsingList_GetListWithThirdElement","ExecutorUri":"executor://NUnit3TestExecutor","Source":"C:\\Users\\Dell\\source\\repos\\Accounting_of_goods\\UnitOfWorkTest\\bin\\Debug\\net6.0\\fine-code-coverage\\build-output\\Tests.dll","CodeFilePath":null,"LineNumber":0,"Properties":[{"Key":{"Id":"NUnit.Seed","Label":"Seed","Category":"","Description":"","Attributes":0,"ValueType":"System.String"},"Value":"1913719627"}]},"Attachments":[],"Outcome":1,"ErrorMessage":null,"ErrorStackTrace":null,"DisplayName":"UserFind_TryModelGetingSomeElementByPredicateFromDbWithUsingList_GetListWithThirdElement","Messages":[],"ComputerName":"DESKTOP-035NLAM","Duration":"00:00:00.0034200","StartTime":"2022-12-27T18:36:30.0628766+00:00","EndTime":"2022-12-27T18:36:30.0662964+00:00","Properties":[{"Key":{"Id":"NUnit.Seed","Label":"Seed","Category":"","Description":"","Attributes":0,"ValueType":"System.String"},"Value":"1913719627"}]},{"TestCase":{"Id":"411a45ec-0ff8-07de-7d90-7513fc4070a7","FullyQualifiedName":"Tests.UnitOfWorkTest.UsersGetAll_TryModelGetingAllElementFromDbWithUsingList_GetListWithThirdElement","DisplayName":"UsersGetAll_TryModelGetingAllElementFromDbWithUsingList_GetListWithThirdElement","ExecutorUri":"executor://NUnit3TestExecutor","Source":"C:\\Users\\Dell\\source\\repos\\Accounting_of_goods\\UnitOfWorkTest\\bin\\Debug\\net6.0\\fine-code-coverage\\build-output\\Tests.dll","CodeFilePath":null,"LineNumber":0,"Properties":[{"Key":{"Id":"NUnit.Seed","Label":"Seed","Category":"","Description":"","Attributes":0,"ValueType":"System.String"},"Value":"788867020"}]},"Attachments":[],"Outcome":1,"ErrorMessage":null,"ErrorStackTrace":null,"DisplayName":"UsersGetAll_TryModelGetingAllElementFromDbWithUsingList_GetListWithThirdElement","Messages":[],"ComputerName":"DESKTOP-035NLAM","Duration":"00:00:00.0023490","StartTime":"2022-12-27T18:36:30.0663261+00:00","EndTime":"2022-12-27T18:36:30.0686747+00:00","Properties":[{"Key":{"Id":"NUnit.Seed","Label":"Seed","Category":"","Description":"","Attributes":0,"ValueType":"System.String"},"Value":"788867020"}]},{"TestCase":{"Id":"01ffac90-38ac-0d0a-af9c-16460e12f1da","FullyQualifiedName":"Tests.UnitOfWorkTest.UserUpdate_TryUpdateOneUserById_MethodUpdateFromMockOfApplicationContextCalledOnce","DisplayName":"UserUpdate_TryUpdateOneUserById_MethodUpdateFromMockOfApplicationContextCalledOnce","ExecutorUri":"executor://NUnit3TestExecutor","Source":"C:\\Users\\Dell\\source\\repos\\Accounting_of_goods\\UnitOfWorkTest\\bin\\Debug\\net6.0\\fine-code-coverage\\build-output\\Tests.dll","CodeFilePath":null,"LineNumber":0,"Properties":[{"Key":{"Id":"NUnit.Seed","Label":"Seed","Category":"","Description":"","Attributes":0,"ValueType":"System.String"},"Value":"923223471"}]},"Attachments":[],"Outcome":1,"ErrorMessage":null,"ErrorStackTrace":null,"DisplayName":"UserUpdate_TryUpdateOneUserById_MethodUpdateFromMockOfApplicationContextCalledOnce","Messages":[],"ComputerName":"DESKTOP-035NLAM","Duration":"00:00:00.0035980","StartTime":"2022-12-27T18:36:30.068696+00:00","EndTime":"2022-12-27T18:36:30.0722934+00:00","Properties":[{"Key":{"Id":"NUnit.Seed","Label":"Seed","Category":"","Description":"","Attributes":0,"ValueType":"System.String"},"Value":"923223471"}]}],"TestRunStatistics":{"ExecutedTests":66,"Stats":{"Passed":66}},"ActiveTests":[]},"RunAttachments":[],"ExecutorUris":["executor://nunit3testexecutor/"]}}
TpTrace Verbose: 0 : 16504, 11, 2022/12/27, 20:36:30.101, 3576661093106, vstest.console.dll, TestRequestSender.EndSession: Sending end session.
TpTrace Verbose: 0 : 16504, 11, 2022/12/27, 20:36:30.102, 3576661094865, vstest.console.dll, ProxyOperationManager.Close: waiting for test host to exit for 100 ms
TpTrace Warning: 0 : 16504, 7, 2022/12/27, 20:36:30.160, 3576661683798, vstest.console.dll, TestHostManagerCallbacks.ErrorReceivedCallback Test host standard error line: 
TpTrace Verbose: 0 : 16504, 7, 2022/12/27, 20:36:30.172, 3576661798854, vstest.console.dll, TestHostProvider.ExitCallBack: Host exited starting callback.
TpTrace Information: 0 : 16504, 7, 2022/12/27, 20:36:30.173, 3576661804187, vstest.console.dll, TestHostManagerCallbacks.ExitCallBack: Testhost processId: 24212 exited with exitcode: 0 error: ''
TpTrace Verbose: 0 : 16504, 7, 2022/12/27, 20:36:30.173, 3576661804818, vstest.console.dll, DotnetTestHostManager.OnHostExited: invoking OnHostExited callback
TpTrace Verbose: 0 : 16504, 7, 2022/12/27, 20:36:30.173, 3576661805441, vstest.console.dll, CrossPlatEngine.TestHostManagerHostExited: calling on client process exit callback.
TpTrace Information: 0 : 16504, 7, 2022/12/27, 20:36:30.173, 3576661806111, vstest.console.dll, TestRequestSender.OnClientProcessExit: Test host process exited. Standard error: 
TpTrace Information: 0 : 16504, 11, 2022/12/27, 20:36:30.173, 3576661806466, vstest.console.dll, SocketServer.Stop: Stop server endPoint: 127.0.0.1:61517
TpTrace Information: 0 : 16504, 11, 2022/12/27, 20:36:30.173, 3576661808356, vstest.console.dll, SocketServer.Stop: Cancellation requested. Stopping message loop.
TpTrace Information: 0 : 16504, 7, 2022/12/27, 20:36:30.173, 3576661806612, vstest.console.dll, SocketServer.Stop: Stop server endPoint: 127.0.0.1:61517
TpTrace Information: 0 : 16504, 7, 2022/12/27, 20:36:30.173, 3576661810069, vstest.console.dll, SocketServer.Stop: Cancellation requested. Stopping message loop.
TpTrace Verbose: 0 : 16504, 7, 2022/12/27, 20:36:30.173, 3576661810889, vstest.console.dll, MulticastDelegateUtilities.SafeInvoke: HostProviderEvents.OnHostExited: Invoking callback 1/1 for Microsoft.VisualStudio.TestPlatform.CrossPlatEngine.Client.ProxyOperationManager.TestHostManagerHostExited, took 0 ms.
TpTrace Information: 0 : 16504, 11, 2022/12/27, 20:36:30.173, 3576661811337, vstest.console.dll, Closing the connection
TpTrace Verbose: 0 : 16504, 11, 2022/12/27, 20:36:30.174, 3576661817959, vstest.console.dll, ProxyDataCollectionManager.InvokeDataCollectionServiceAction: Starting.
TpTrace Information: 0 : 16504, 11, 2022/12/27, 20:36:30.174, 3576661818822, vstest.console.dll, ProxyDataCollectionManager.AfterTestRunEnd: Get attachment set and invoked data collectors processId: 22256 port: 61513
TpTrace Verbose: 0 : 16504, 11, 2022/12/27, 20:36:30.174, 3576661819405, vstest.console.dll, DataCollectionRequestSender.SendAfterTestRunStartAndGetResult: Send AfterTestRunEnd message with isCancelled: False
TpTrace Verbose: 0 : 16504, 11, 2022/12/27, 20:36:30.181, 3576661890960, vstest.console.dll, DataCollectionRequestSender.SendAfterTestRunStartAndGetResult: Received message: (DataCollection.AfterTestRunEndResult) -> {
  "AttachmentSets": [],
  "InvokedDataCollectors": [
    {
      "Uri": "datacollector://Microsoft/TestPlatform/Extensions/Blame/v1",
      "FriendlyName": "Blame",
      "AssemblyQualifiedName": "Microsoft.TestPlatform.Extensions.BlameDataCollector.BlameCollector, Microsoft.TestPlatform.Extensions.BlameDataCollector, Version=15.0.0.0, Culture=neutral, PublicKeyToken=b03f5f7f11d50a3a",
      "FilePath": "C:\\Program Files\\dotnet\\sdk\\6.0.302\\Extensions\\Microsoft.TestPlatform.Extensions.BlameDataCollector.dll",
      "HasAttachmentProcessor": false
    }
  ],
  "Metrics": {}
}
TpTrace Warning: 0 : 16504, 10, 2022/12/27, 20:36:30.189, 3576661964295, vstest.console.dll, DataCollectionLauncher.ErrorReceivedCallback datacollector standard error line: 
TpTrace Information: 0 : 16504, 11, 2022/12/27, 20:36:30.189, 3576661967344, vstest.console.dll, ProxyDataCollectionManager.InvokeDataCollectionServiceAction: Completed.
TpTrace Information: 0 : 16504, 10, 2022/12/27, 20:36:30.197, 3576662052848, vstest.console.dll, DataCollectionLauncher.ExitCallBack: Data collector exited with exitcode: 0 error: ''
TpTrace Verbose: 0 : 16504, 11, 2022/12/27, 20:36:30.225, 3576662329963, vstest.console.dll, TestRunRequest:SendTestRunStatsChange: Starting.
TpTrace Verbose: 0 : 16504, 11, 2022/12/27, 20:36:30.225, 3576662331242, vstest.console.dll, MulticastDelegateUtilities.SafeInvoke: TestRun.RunStatsChanged: Invoking callbacks was skipped because there are no subscribers.
TpTrace Information: 0 : 16504, 11, 2022/12/27, 20:36:30.225, 3576662331661, vstest.console.dll, TestRunRequest:SendTestRunStatsChange: Completed.
TpTrace Verbose: 0 : 16504, 4, 2022/12/27, 20:36:30.225, 3576662332299, vstest.console.dll, MulticastDelegateUtilities.SafeInvoke: InternalTestLoggerEvents.SendTestResult: Invoking callback 1/1 for Microsoft.VisualStudio.TestPlatform.CommandLine.Internal.ConsoleLogger.TestResultHandler, took 0 ms.
TpTrace Verbose: 0 : 16504, 4, 2022/12/27, 20:36:30.225, 3576662333098, vstest.console.dll, MulticastDelegateUtilities.SafeInvoke: InternalTestLoggerEvents.SendTestResult: Invoking callback 1/1 for Microsoft.VisualStudio.TestPlatform.CommandLine.Internal.ConsoleLogger.TestResultHandler, took 0 ms.
TpTrace Verbose: 0 : 16504, 4, 2022/12/27, 20:36:30.225, 3576662333628, vstest.console.dll, MulticastDelegateUtilities.SafeInvoke: InternalTestLoggerEvents.SendTestResult: Invoking callback 1/1 for Microsoft.VisualStudio.TestPlatform.CommandLine.Internal.ConsoleLogger.TestResultHandler, took 0 ms.
TpTrace Verbose: 0 : 16504, 11, 2022/12/27, 20:36:30.226, 3576662334153, vstest.console.dll, ParallelProxyExecutionManager: HandlePartialRunComplete: Total completed clients = 1, Run complete = True, Run canceled: False.
TpTrace Verbose: 0 : 16504, 4, 2022/12/27, 20:36:30.237, 3576662445978, vstest.console.dll, MulticastDelegateUtilities.SafeInvoke: InternalTestLoggerEvents.SendTestRunComplete: Invoking callback 1/2 for Microsoft.TestPlatform.Extensions.BlameDataCollector.BlameLogger.TestRunCompleteHandler, took 0 ms.
TpTrace Verbose: 0 : 16504, 4, 2022/12/27, 20:36:30.244, 3576662517273, vstest.console.dll, MulticastDelegateUtilities.SafeInvoke: InternalTestLoggerEvents.SendTestRunComplete: Invoking callback 2/2 for Microsoft.VisualStudio.TestPlatform.CommandLine.Internal.ConsoleLogger.TestRunCompleteHandler, took 7 ms.
TpTrace Verbose: 0 : 16504, 11, 2022/12/27, 20:36:30.244, 3576662521312, vstest.console.dll, TestRunRequest:TestRunComplete: Starting. IsAborted:False IsCanceled:False.
TpTrace Verbose: 0 : 16504, 11, 2022/12/27, 20:36:30.245, 3576662530328, vstest.console.dll, TestLoggerManager.HandleTestRunComplete: Ignoring as the object is disposed.
TpTrace Verbose: 0 : 16504, 11, 2022/12/27, 20:36:30.245, 3576662533216, vstest.console.dll, MulticastDelegateUtilities.SafeInvoke: TestRun.TestRunComplete: Invoking callback 1/2 for Microsoft.VisualStudio.TestPlatform.CommandLine.TestRunResultAggregator.TestRunCompletionHandler, took 0 ms.
TpTrace Verbose: 0 : 16504, 11, 2022/12/27, 20:36:30.246, 3576662534122, vstest.console.dll, MulticastDelegateUtilities.SafeInvoke: TestRun.TestRunComplete: Invoking callback 2/2 for Microsoft.VisualStudio.TestPlatform.CommandLine.Processors.RunTestsArgumentExecutor+TestRunRequestEventsRegistrar.TestRunRequest_OnRunCompletion, took 0 ms.
TpTrace Information: 0 : 16504, 11, 2022/12/27, 20:36:30.246, 3576662535186, vstest.console.dll, TestRunRequest:TestRunComplete: Completed.
TpTrace Verbose: 0 : 16504, 1, 2022/12/27, 20:36:30.246, 3576662535622, vstest.console.dll, TestRunRequest.Dispose: Starting.
TpTrace Information: 0 : 16504, 1, 2022/12/27, 20:36:30.246, 3576662536618, vstest.console.dll, TestRunRequest.Dispose: Completed.
TpTrace Verbose: 0 : 16504, 11, 2022/12/27, 20:36:30.246, 3576662535705, vstest.console.dll, TestRequestSender.SetOperationComplete: Setting operation complete.
TpTrace Information: 0 : 16504, 1, 2022/12/27, 20:36:30.246, 3576662537232, vstest.console.dll, TestRequestManager.RunTests: run tests completed.
TpTrace Information: 0 : 16504, 11, 2022/12/27, 20:36:30.246, 3576662537908, vstest.console.dll, SocketServer.Stop: Stop server endPoint: 127.0.0.1:61517
TpTrace Information: 0 : 16504, 1, 2022/12/27, 20:36:30.246, 3576662538977, vstest.console.dll, RunTestsArgumentProcessor:Execute: Test run is completed.
TpTrace Information: 0 : 16504, 11, 2022/12/27, 20:36:30.246, 3576662539477, vstest.console.dll, SocketServer.Stop: Cancellation requested. Stopping message loop.
TpTrace Verbose: 0 : 16504, 11, 2022/12/27, 20:36:30.246, 3576662541107, vstest.console.dll, MulticastDelegateUtilities.SafeInvoke: LengthPrefixCommunicationChannel: MessageReceived: Invoking callback 1/1 for Microsoft.VisualStudio.TestPlatform.CommunicationUtilities.TestRequestSender+<>c__DisplayClass30_0.<StartTestRun>b__1, took 145 ms.
TpTrace Information: 0 : 16504, 11, 2022/12/27, 20:36:30.246, 3576662541758, vstest.console.dll, SocketServer.PrivateStop: Stopping server endPoint: 127.0.0.1:61517 error: 
TpTrace Verbose: 0 : 16504, 1, 2022/12/27, 20:36:30.246, 3576662541727, vstest.console.dll, Executor.Execute: Exiting with exit code of 0
TpTrace Verbose: 0 : 16504, 11, 2022/12/27, 20:36:30.247, 3576662548706, vstest.console.dll, LengthPrefixCommunicationChannel.Dispose: Dispose reader and writer.
